4018  08:21:40 select(4, [3], NULL, NULL, NULL) = 1 (in [3])
4018  08:21:40 read(3, "U\307\37O\3\254\362\251`\355'\34\246Ma\216\24\336\205\231b#o\262D\241\4(\364\254\325\356"..., 8192) = 44
4018  08:21:40 write(3, "Vte\24743\"q\361\363I!\203\211\342[W\32_\215\320x\213\235\374\205\273p\374\17r="..., 68) = 68
4018  08:21:40 select(4, [3], NULL, NULL, NULL) = 1 (in [3])
4018  08:21:40 read(3, " \204k\346q\322\335\20\274V\3145;\343\1\223P\242GZ\333\r!\311o\210\2747\206\334H\365"..., 8192) = 84
4018  08:21:40 stat("/home/audit/.ssh/id_rsa", 0x7ffdc9b971f0) = -1 ENOENT (No such file or directory)
4018  08:21:40 stat("/home/audit/.ssh/id_dsa", 0x7ffdc9b971f0) = -1 ENOENT (No such file or directory)
4018  08:21:40 stat("/home/audit/.ssh/id_ecdsa", 0x7ffdc9b971f0) = -1 ENOENT (No such file or directory)
4018  08:21:40 stat("/home/audit/.ssh/id_ed25519", 0x7ffdc9b971f0) = -1 ENOENT (No such file or directory)
4018  08:21:40 open("/dev/tty", O_RDWR) = 4
4018  08:21:40 close(4)                 = 0
4018  08:21:40 open("/dev/tty", O_RDWR) = 4
4018  08:21:40 ioctl(4, SNDCTL_TMR_TIMEBASE or SNDRV_TIMER_IOCTL_NEXT_DEVICE or TCGETS, {B38400 opost isig icanon echo ...}) = 0
4018  08:21:40 ioctl(4, SNDCTL_TMR_CONTINUE or SNDRV_TIMER_IOCTL_GPARAMS or TCSETSF, {B38400 opost isig icanon -echo ...}) = 0
4018  08:21:40 rt_sigaction(SIGALRM, {0x7fe51a64e0d0, [], SA_RESTORER, 0x7fe5191dd250}, {SIG_DFL, [], 0}, 8) = 0
4018  08:21:40 rt_sigaction(SIGHUP, {0x7fe51a64e0d0, [], SA_RESTORER, 0x7fe5191dd250}, {SIG_DFL, [], 0}, 8) = 0
4018  08:21:40 rt_sigaction(SIGINT, {0x7fe51a64e0d0, [], SA_RESTORER, 0x7fe5191dd250}, {SIG_DFL, [], 0}, 8) = 0
4018  08:21:40 rt_sigaction(SIGPIPE, {0x7fe51a64e0d0, [], SA_RESTORER, 0x7fe5191dd250}, {SIG_IGN, [], SA_RESTORER, 0x7fe5191dd250}, 8) = 0
4018  08:21:40 rt_sigaction(SIGQUIT, {0x7fe51a64e0d0, [], SA_RESTORER, 0x7fe5191dd250}, {SIG_DFL, [], 0}, 8) = 0
4018  08:21:40 rt_sigaction(SIGTERM, {0x7fe51a64e0d0, [], SA_RESTORER, 0x7fe5191dd250}, {SIG_DFL, [], 0}, 8) = 0
4018  08:21:40 rt_sigaction(SIGTSTP, {0x7fe51a64e0d0, [], SA_RESTORER, 0x7fe5191dd250}, {SIG_DFL, [], 0}, 8) = 0
4018  08:21:40 rt_sigaction(SIGTTIN, {0x7fe51a64e0d0, [], SA_RESTORER, 0x7fe5191dd250}, {SIG_DFL, [], 0}, 8) = 0
4018  08:21:40 rt_sigaction(SIGTTOU, {0x7fe51a64e0d0, [], SA_RESTORER, 0x7fe5191dd250}, {SIG_DFL, [], 0}, 8) = 0
4018  08:21:40 write(4, "jackboy@192.168.47.133's passwor"..., 35) = 35
4018  08:21:40 read(4, "1", 1)          = 1
4018  08:21:40 read(4, "2", 1)          = 1
4018  08:21:40 read(4, "3", 1)          = 1
4018  08:21:40 read(4, "4", 1)          = 1
4018  08:21:40 read(4, "5", 1)          = 1
4018  08:21:40 read(4, "6", 1)          = 1
4018  08:21:40 read(4, "\n", 1)         = 1
4018  08:21:40 write(4, "\n", 1)        = 1
4018  08:21:40 ioctl(4, SNDCTL_TMR_CONTINUE or SNDRV_TIMER_IOCTL_GPARAMS or TCSETSF, {B38400 opost isig icanon echo ...}) = 0
4018  08:21:40 rt_sigaction(SIGALRM, {SIG_DFL, [], SA_RESTORER, 0x7fe5191dd250}, NULL, 8) = 0
4018  08:21:40 rt_sigaction(SIGHUP, {SIG_DFL, [], SA_RESTORER, 0x7fe5191dd250}, NULL, 8) = 0
4018  08:21:40 rt_sigaction(SIGINT, {SIG_DFL, [], SA_RESTORER, 0x7fe5191dd250}, NULL, 8) = 0
4018  08:21:40 rt_sigaction(SIGQUIT, {SIG_DFL, [], SA_RESTORER, 0x7fe5191dd250}, NULL, 8) = 0
4018  08:21:40 rt_sigaction(SIGPIPE, {SIG_IGN, [], SA_RESTORER, 0x7fe5191dd250}, NULL, 8) = 0
4018  08:21:40 rt_sigaction(SIGTERM, {SIG_DFL, [], SA_RESTORER, 0x7fe5191dd250}, NULL, 8) = 0
4018  08:21:40 rt_sigaction(SIGTSTP, {SIG_DFL, [], SA_RESTORER, 0x7fe5191dd250}, NULL, 8) = 0
4018  08:21:40 rt_sigaction(SIGTTIN, {SIG_DFL, [], SA_RESTORER, 0x7fe5191dd250}, NULL, 8) = 0
4018  08:21:40 rt_sigaction(SIGTTOU, {SIG_DFL, [], SA_RESTORER, 0x7fe5191dd250}, NULL, 8) = 0
4018  08:21:40 close(4)                 = 0
4018  08:21:40 write(3, "^_\206\310\266!\6A.Q0T\244Y\336\351\223M\357\16\306!s\353\23\323jZ\20\306\227:"..., 148) = 148
4018  08:21:40 select(4, [3], NULL, NULL, NULL) = 1 (in [3])
4018  08:21:40 read(3, "\n\36\264\2\6J\211\311\250\\\r\212_\1Lb%\30\241\203\255\22\325=\3760A\323", 8192) = 28
4018  08:21:40 dup(0)                   = 4
4018  08:21:40 dup(1)                   = 5
4018  08:21:40 dup(2)                   = 6
4018  08:21:40 ioctl(4, SNDCTL_TMR_TIMEBASE or SNDRV_TIMER_IOCTL_NEXT_DEVICE or TCGETS, {B38400 opost isig icanon echo ...}) = 0
4018  08:21:40 ioctl(5, SNDCTL_TMR_TIMEBASE or SNDRV_TIMER_IOCTL_NEXT_DEVICE or TCGETS, {B38400 opost isig icanon echo ...}) = 0
4018  08:21:40 ioctl(6, SNDCTL_TMR_TIMEBASE or SNDRV_TIMER_IOCTL_NEXT_DEVICE or TCGETS, {B38400 opost isig icanon echo ...}) = 0
4018  08:21:40 fcntl(4, F_SETFD, FD_CLOEXEC) = 0
4018  08:21:40 fcntl(5, F_SETFD, FD_CLOEXEC) = 0
4018  08:21:40 fcntl(6, F_SETFD, FD_CLOEXEC) = 0
4018  08:21:40 rt_sigaction(SIGHUP, NULL, {SIG_DFL, [], SA_RESTORER, 0x7fe5191dd250}, 8) = 0
4018  08:21:40 rt_sigaction(SIGHUP, {SIG_IGN, [], SA_RESTORER, 0x7fe5191dd250}, NULL, 8) = 0
4018  08:21:40 rt_sigaction(SIGHUP, NULL, {SIG_IGN, [], SA_RESTORER, 0x7fe5191dd250}, 8) = 0
4018  08:21:40 rt_sigaction(SIGHUP, {0x7fe51a5f69f0, [], SA_RESTORER, 0x7fe5191dd250}, NULL, 8) = 0
4018  08:21:40 rt_sigaction(SIGINT, NULL, {SIG_DFL, [], SA_RESTORER, 0x7fe5191dd250}, 8) = 0
4018  08:21:40 rt_sigaction(SIGINT, {SIG_IGN, [], SA_RESTORER, 0x7fe5191dd250}, NULL, 8) = 0
4018  08:21:40 rt_sigaction(SIGINT, NULL, {SIG_IGN, [], SA_RESTORER, 0x7fe5191dd250}, 8) = 0
4018  08:21:40 rt_sigaction(SIGINT, {0x7fe51a5f69f0, [], SA_RESTORER, 0x7fe5191dd250}, NULL, 8) = 0
4018  08:21:40 rt_sigaction(SIGQUIT, NULL, {SIG_DFL, [], SA_RESTORER, 0x7fe5191dd250}, 8) = 0
4018  08:21:40 rt_sigaction(SIGQUIT, {SIG_IGN, [], SA_RESTORER, 0x7fe5191dd250}, NULL, 8) = 0
4018  08:21:40 rt_sigaction(SIGQUIT, NULL, {SIG_IGN, [], SA_RESTORER, 0x7fe5191dd250}, 8) = 0
4018  08:21:40 rt_sigaction(SIGQUIT, {0x7fe51a5f69f0, [], SA_RESTORER, 0x7fe5191dd250}, NULL, 8) = 0
4018  08:21:40 rt_sigaction(SIGTERM, NULL, {SIG_DFL, [], SA_RESTORER, 0x7fe5191dd250}, 8) = 0
4018  08:21:40 rt_sigaction(SIGTERM, {SIG_IGN, [], SA_RESTORER, 0x7fe5191dd250}, NULL, 8) = 0
4018  08:21:40 rt_sigaction(SIGTERM, NULL, {SIG_IGN, [], SA_RESTORER, 0x7fe5191dd250}, 8) = 0
4018  08:21:40 rt_sigaction(SIGTERM, {0x7fe51a5f69f0, [], SA_RESTORER, 0x7fe5191dd250}, NULL, 8) = 0
4018  08:21:40 rt_sigaction(SIGWINCH, NULL, {SIG_DFL, [], 0}, 8) = 0
4018  08:21:40 rt_sigaction(SIGWINCH, {0x7fe51a5f6c80, [], SA_RESTORER, 0x7fe5191dd250}, NULL, 8) = 0
4018  08:21:40 ioctl(0, SNDCTL_TMR_TIMEBASE or SNDRV_TIMER_IOCTL_NEXT_DEVICE or TCGETS, {B38400 opost isig icanon echo ...}) = 0
4018  08:21:40 ioctl(0, SNDCTL_TMR_STOP or SNDRV_TIMER_IOCTL_GINFO or TCSETSW, {B38400 -opost -isig -icanon -echo ...}) = 0
4018  08:21:40 clock_gettime(0x7 /* CLOCK_??? */, {4466, 756308912}) = 0
4018  08:21:40 clock_gettime(0x7 /* CLOCK_??? */, {4466, 756330119}) = 0
4018  08:21:40 select(7, [3], [3], NULL, NULL) = 1 (out [3])
4018  08:21:40 clock_gettime(0x7 /* CLOCK_??? */, {4466, 756371697}) = 0
4018  08:21:40 write(3, "\0 \351+\334t\177\215Y\2132\305tW\211\315\270\253\03457\10^\0013\334\266V\200\305\342B"..., 112) = 112
4018  08:21:40 clock_gettime(0x7 /* CLOCK_??? */, {4466, 756494051}) = 0
4018  08:21:40 clock_gettime(0x7 /* CLOCK_??? */, {4466, 756512266}) = 0
4018  08:21:40 select(7, [3], [], NULL, NULL) = 1 (in [3])
4018  08:21:40 clock_gettime(0x7 /* CLOCK_??? */, {4466, 780957875}) = 0
4018  08:21:40 read(3, "8\22A\243\231q\342\246\302\261G\257\36\300\324_9\365\207\3\336\f\356L\337Fb\330\373P\226\354"..., 8192) = 44
4018  08:21:40 getsockopt(3, SOL_TCP, TCP_NODELAY, [0], [4]) = 0
4018  08:21:40 setsockopt(3, SOL_TCP, TCP_NODELAY, [1], 4) = 0
4018  08:21:40 getsockname(3, {sa_family=AF_INET, sin_port=htons(49996), sin_addr=inet_addr("192.168.47.139")}, [16]) = 0
4018  08:21:40 setsockopt(3, SOL_IP, IP_TOS, [16], 4) = 0
4018  08:21:40 ioctl(0, TIOCGWINSZ, {ws_row=39, ws_col=170, ws_xpixel=0, ws_ypixel=0}) = 0
4018  08:21:40 clock_gettime(0x7 /* CLOCK_??? */, {4466, 781124830}) = 0
4018  08:21:40 clock_gettime(0x7 /* CLOCK_??? */, {4466, 781136780}) = 0
4018  08:21:40 select(7, [3], [3], NULL, NULL) = 1 (out [3])
4018  08:21:40 clock_gettime(0x7 /* CLOCK_??? */, {4466, 781164212}) = 0
4018  08:21:40 write(3, "_\262c\220\354\4\3\341\373\236f\303\306q\217\32\315S\17\304\361\25YV\332e\200H\276\32x0"..., 376) = 376
4018  08:21:40 clock_gettime(0x7 /* CLOCK_??? */, {4466, 781249779}) = 0
4018  08:21:40 clock_gettime(0x7 /* CLOCK_??? */, {4466, 781262135}) = 0
4018  08:21:40 select(7, [3], [], NULL, NULL) = 1 (in [3])
4018  08:21:40 clock_gettime(0x7 /* CLOCK_??? */, {4466, 796282208}) = 0
4018  08:21:40 read(3, "\1\206\224H9\266\33\362]WqXR\376N!\354zK\366\240\27\365k5h\276\223&\263\204\337"..., 8192) = 208
4018  08:21:40 clock_gettime(0x7 /* CLOCK_??? */, {4466, 796396499}) = 0
4018  08:21:40 clock_gettime(0x7 /* CLOCK_??? */, {4466, 796409810}) = 0
4018  08:21:40 select(7, [3 4], [5], NULL, NULL) = 1 (out [5])
4018  08:21:40 clock_gettime(0x7 /* CLOCK_??? */, {4466, 796447379}) = 0
4018  08:21:40 write(5, "Last login: Fri Aug 11 15:42:23 "..., 59) = 59
4018  08:21:40 clock_gettime(0x7 /* CLOCK_??? */, {4466, 796692887}) = 0
4018  08:21:40 clock_gettime(0x7 /* CLOCK_??? */, {4466, 796706541}) = 0
4018  08:21:40 select(7, [3 4], [], NULL, NULL) = 1 (in [3])
4018  08:21:40 clock_gettime(0x7 /* CLOCK_??? */, {4466, 895444934}) = 0
4018  08:21:40 read(3, "\22!\207W\271\32~\354\340!\320b\177N\2103Pm\317\245I\26\22Y4K\373\2703Gk\305"..., 8192) = 84
4018  08:21:40 clock_gettime(0x7 /* CLOCK_??? */, {4466, 895484586}) = 0
4018  08:21:40 clock_gettime(0x7 /* CLOCK_??? */, {4466, 895496340}) = 0
4018  08:21:40 select(7, [3 4], [5], NULL, NULL) = 1 (out [5])
4018  08:21:40 clock_gettime(0x7 /* CLOCK_??? */, {4466, 895524715}) = 0
4018  08:21:40 write(5, "\33]0;jackboy@Jack:~\7\33[?1034h[jack"..., 45) = 45
4018  08:21:40 clock_gettime(0x7 /* CLOCK_??? */, {4466, 895675774}) = 0
4018  08:21:40 clock_gettime(0x7 /* CLOCK_??? */, {4466, 895688650}) = 0
4018  08:21:40 select(7, [3 4], [], NULL, NULL) = 1 (in [4])
4018  08:21:48 clock_gettime(0x7 /* CLOCK_??? */, {4474, 550459766}) = 0
4018  08:21:48 read(4, "l", 16384)      = 1
4018  08:21:48 clock_gettime(0x7 /* CLOCK_??? */, {4474, 550597433}) = 0
4018  08:21:48 clock_gettime(0x7 /* CLOCK_??? */, {4474, 550637063}) = 0
4018  08:21:48 select(7, [3 4], [3], NULL, NULL) = 1 (out [3])
4018  08:21:48 clock_gettime(0x7 /* CLOCK_??? */, {4474, 550764868}) = 0
4018  08:21:48 write(3, "u\234(7\333.\370C\306\2446\221v(\362(FF\204\365\272E6O3\3368\214\275\v\302E"..., 36) = 36
4018  08:21:48 clock_gettime(0x7 /* CLOCK_??? */, {4474, 551011156}) = 0
4018  08:21:48 clock_gettime(0x7 /* CLOCK_??? */, {4474, 551052381}) = 0
4018  08:21:48 select(7, [3 4], [], NULL, NULL) = 1 (in [3])
4018  08:21:48 clock_gettime(0x7 /* CLOCK_??? */, {4474, 551730112}) = 0
4018  08:21:48 read(3, ".\277\244\373\330v\276\224\0074~\23\315\326\344\335\v\32Yb\324\223\330S-6\361N\224\355\255\376"..., 8192) = 36
4018  08:21:48 clock_gettime(0x7 /* CLOCK_??? */, {4474, 551886220}) = 0
4018  08:21:48 clock_gettime(0x7 /* CLOCK_??? */, {4474, 551925617}) = 0
4018  08:21:48 select(7, [3 4], [5], NULL, NULL) = 1 (out [5])
4018  08:21:48 clock_gettime(0x7 /* CLOCK_??? */, {4474, 552022319}) = 0
4018  08:21:48 write(5, "l", 1)         = 1
4018  08:21:48 clock_gettime(0x7 /* CLOCK_??? */, {4474, 552110143}) = 0
4018  08:21:48 clock_gettime(0x7 /* CLOCK_??? */, {4474, 552148248}) = 0
4018  08:21:48 select(7, [3 4], [], NULL, NULL) = 1 (in [4])
4018  08:21:48 clock_gettime(0x7 /* CLOCK_??? */, {4474, 672889981}) = 0
4018  08:21:48 read(4, "s", 16384)      = 1
4018  08:21:48 clock_gettime(0x7 /* CLOCK_??? */, {4474, 673003320}) = 0
4018  08:21:48 clock_gettime(0x7 /* CLOCK_??? */, {4474, 673042773}) = 0
4018  08:21:48 select(7, [3 4], [3], NULL, NULL) = 1 (out [3])
4018  08:21:48 clock_gettime(0x7 /* CLOCK_??? */, {4474, 673135340}) = 0
4018  08:21:48 write(3, "\361\320Q\t(\327dG\264El\320\322\216\37\236\244\207\22\253\257\365\35\35\240\373\332\201V\4\264!"..., 36) = 36
4018  08:21:48 clock_gettime(0x7 /* CLOCK_??? */, {4474, 673405805}) = 0
4018  08:21:48 clock_gettime(0x7 /* CLOCK_??? */, {4474, 673488289}) = 0
4018  08:21:48 select(7, [3 4], [], NULL, NULL) = 1 (in [3])
4018  08:21:48 clock_gettime(0x7 /* CLOCK_??? */, {4474, 674053248}) = 0
4018  08:21:48 read(3, "\211B\251\357l5HAH\325z # \321\311\216\22IE\f\360\335\332a\2139\20\261`V\335"..., 8192) = 36
4018  08:21:48 clock_gettime(0x7 /* CLOCK_??? */, {4474, 674187268}) = 0
4018  08:21:48 clock_gettime(0x7 /* CLOCK_??? */, {4474, 674226682}) = 0
4018  08:21:48 select(7, [3 4], [5], NULL, NULL) = 1 (out [5])
4018  08:21:48 clock_gettime(0x7 /* CLOCK_??? */, {4474, 674320052}) = 0
4018  08:21:48 write(5, "s", 1)         = 1
4018  08:21:48 clock_gettime(0x7 /* CLOCK_??? */, {4474, 674407597}) = 0
4018  08:21:48 clock_gettime(0x7 /* CLOCK_??? */, {4474, 674445526}) = 0
4018  08:21:48 select(7, [3 4], [], NULL, NULL) = 1 (in [4])
4018  08:21:48 clock_gettime(0x7 /* CLOCK_??? */, {4474, 836322654}) = 0
4018  08:21:48 read(4, "\r", 16384)     = 1
4018  08:21:48 clock_gettime(0x7 /* CLOCK_??? */, {4474, 836363932}) = 0
4018  08:21:48 clock_gettime(0x7 /* CLOCK_??? */, {4474, 836377040}) = 0
4018  08:21:48 select(7, [3 4], [3], NULL, NULL) = 1 (out [3])
4018  08:21:48 clock_gettime(0x7 /* CLOCK_??? */, {4474, 836408091}) = 0
4018  08:21:48 write(3, "\267dw\t\372\r\216\330\371\0351\213\2y\21\17|\2653.\207\224\214f\3537\344j\375\217\213\35"..., 36) = 36
4018  08:21:48 clock_gettime(0x7 /* CLOCK_??? */, {4474, 836493136}) = 0
4018  08:21:48 clock_gettime(0x7 /* CLOCK_??? */, {4474, 836506893}) = 0
4018  08:21:48 select(7, [3 4], [], NULL, NULL) = 1 (in [3])
4018  08:21:48 clock_gettime(0x7 /* CLOCK_??? */, {4474, 837055665}) = 0
4018  08:21:48 read(3, "\270\30%<\265\204f\31\304L\341\370\245x\271\214B\277\357`\30!Hn\33\303)\357pl\365\r"..., 8192) = 36
4018  08:21:48 clock_gettime(0x7 /* CLOCK_??? */, {4474, 837092900}) = 0
4018  08:21:48 clock_gettime(0x7 /* CLOCK_??? */, {4474, 837106056}) = 0
4018  08:21:48 select(7, [3 4], [5], NULL, NULL) = 1 (out [5])
4018  08:21:48 clock_gettime(0x7 /* CLOCK_??? */, {4474, 837137517}) = 0
4018  08:21:48 write(5, "\r\n", 2)      = 2
4018  08:21:48 clock_gettime(0x7 /* CLOCK_??? */, {4474, 837167193}) = 0
4018  08:21:48 clock_gettime(0x7 /* CLOCK_??? */, {4474, 837179913}) = 0
4018  08:21:48 select(7, [3 4], [], NULL, NULL) = 1 (in [3])
4018  08:21:48 clock_gettime(0x7 /* CLOCK_??? */, {4474, 838604160}) = 0
4018  08:21:48 read(3, "8X\r\237\264\20A\f\255\231\213j\345\347g\204H\205|\243(0\275\200\236\242\6\353WM\35\346"..., 8192) = 236
4018  08:21:48 clock_gettime(0x7 /* CLOCK_??? */, {4474, 838654149}) = 0
4018  08:21:48 clock_gettime(0x7 /* CLOCK_??? */, {4474, 838668670}) = 0
4018  08:21:48 select(7, [3 4], [5], NULL, NULL) = 1 (out [5])
4018  08:21:48 clock_gettime(0x7 /* CLOCK_??? */, {4474, 838703176}) = 0
4018  08:21:48 write(5, "\33[0m\33[01;34m\345\205\254\345\205\261\33[0m  \33[01;34m"..., 201) = 201
4018  08:21:48 clock_gettime(0x7 /* CLOCK_??? */, {4474, 838735067}) = 0
4018  08:21:48 clock_gettime(0x7 /* CLOCK_??? */, {4474, 838748095}) = 0
4018  08:21:48 select(7, [3 4], [], NULL, NULL) = 1 (in [4])
4018  08:21:49 clock_gettime(0x7 /* CLOCK_??? */, {4475, 937537745}) = 0
4018  08:21:49 read(4, "p", 16384)      = 1
4018  08:21:49 clock_gettime(0x7 /* CLOCK_??? */, {4475, 937651336}) = 0
4018  08:21:49 clock_gettime(0x7 /* CLOCK_??? */, {4475, 937690332}) = 0
4018  08:21:49 select(7, [3 4], [3], NULL, NULL) = 1 (out [3])
4018  08:21:49 clock_gettime(0x7 /* CLOCK_??? */, {4475, 937824467}) = 0
4018  08:21:49 write(3, "\234#\364\212#\237A\v\343\277'xP'\255_'\257\267#a\365w\23j\253Cl\325\362(\305"..., 36) = 36
4018  08:21:49 clock_gettime(0x7 /* CLOCK_??? */, {4475, 938064621}) = 0
4018  08:21:49 clock_gettime(0x7 /* CLOCK_??? */, {4475, 938106303}) = 0
4018  08:21:49 select(7, [3 4], [], NULL, NULL) = 1 (in [3])
4018  08:21:49 clock_gettime(0x7 /* CLOCK_??? */, {4475, 938759705}) = 0
4018  08:21:49 read(3, "\263\215-/\357+\311\345t\3231\335WKRU\322\304(\36\21\361\235YX\26O\v]\222P\267"..., 8192) = 36
4018  08:21:49 clock_gettime(0x7 /* CLOCK_??? */, {4475, 938912184}) = 0
4018  08:21:49 clock_gettime(0x7 /* CLOCK_??? */, {4475, 938952062}) = 0
4018  08:21:49 select(7, [3 4], [5], NULL, NULL) = 1 (out [5])
4018  08:21:49 clock_gettime(0x7 /* CLOCK_??? */, {4475, 939069441}) = 0
4018  08:21:49 write(5, "p", 1)         = 1
4018  08:21:49 clock_gettime(0x7 /* CLOCK_??? */, {4475, 939471603}) = 0
4018  08:21:49 clock_gettime(0x7 /* CLOCK_??? */, {4475, 939515785}) = 0
4018  08:21:49 select(7, [3 4], [], NULL, NULL) = 1 (in [4])
4018  08:21:49 clock_gettime(0x7 /* CLOCK_??? */, {4476, 47756777}) = 0
4018  08:21:49 read(4, "w", 16384)      = 1
4018  08:21:49 clock_gettime(0x7 /* CLOCK_??? */, {4476, 47868876}) = 0
4018  08:21:49 clock_gettime(0x7 /* CLOCK_??? */, {4476, 47908539}) = 0
4018  08:21:49 select(7, [3 4], [3], NULL, NULL) = 1 (out [3])
4018  08:21:49 clock_gettime(0x7 /* CLOCK_??? */, {4476, 48081445}) = 0
4018  08:21:49 write(3, "pO\277\216\24\3%\212\320\374@M\34\267r\2767\31\342:\3xh|w\10iQ};l\220"..., 36) = 36
4018  08:21:49 clock_gettime(0x7 /* CLOCK_??? */, {4476, 48319185}) = 0
4018  08:21:49 clock_gettime(0x7 /* CLOCK_??? */, {4476, 48360640}) = 0
4018  08:21:49 select(7, [3 4], [], NULL, NULL) = 1 (in [3])
4018  08:21:49 clock_gettime(0x7 /* CLOCK_??? */, {4476, 48966504}) = 0
4018  08:21:49 read(3, "s,q1\337\221IZ\241\3057\332>|\23\356NR\312\341\357\240\362\362V\377VK\265\211*\314"..., 8192) = 36
4018  08:21:49 clock_gettime(0x7 /* CLOCK_??? */, {4476, 49122534}) = 0
4018  08:21:49 clock_gettime(0x7 /* CLOCK_??? */, {4476, 49161678}) = 0
4018  08:21:49 select(7, [3 4], [5], NULL, NULL) = 1 (out [5])
4018  08:21:49 clock_gettime(0x7 /* CLOCK_??? */, {4476, 49257564}) = 0
4018  08:21:49 write(5, "w", 1)         = 1
4018  08:21:49 clock_gettime(0x7 /* CLOCK_??? */, {4476, 49640537}) = 0
4018  08:21:49 clock_gettime(0x7 /* CLOCK_??? */, {4476, 49684545}) = 0
4018  08:21:49 select(7, [3 4], [], NULL, NULL) = 1 (in [4])
4018  08:21:49 clock_gettime(0x7 /* CLOCK_??? */, {4476, 359032638}) = 0
4018  08:21:49 read(4, "d", 16384)      = 1
4018  08:21:49 clock_gettime(0x7 /* CLOCK_??? */, {4476, 359138255}) = 0
4018  08:21:49 clock_gettime(0x7 /* CLOCK_??? */, {4476, 359174120}) = 0
4018  08:21:49 select(7, [3 4], [3], NULL, NULL) = 1 (out [3])
4018  08:21:49 clock_gettime(0x7 /* CLOCK_??? */, {4476, 359258398}) = 0
4018  08:21:49 write(3, "=\303\276\261\270\331\204v\5\207:\364\370\227\236\211C*\303\257\2340\351\205\346\264\323^\255V\7:"..., 36) = 36
4018  08:21:49 clock_gettime(0x7 /* CLOCK_??? */, {4476, 359552155}) = 0
4018  08:21:49 clock_gettime(0x7 /* CLOCK_??? */, {4476, 359591656}) = 0
4018  08:21:49 select(7, [3 4], [], NULL, NULL) = 1 (in [3])
4018  08:21:49 clock_gettime(0x7 /* CLOCK_??? */, {4476, 360223135}) = 0
4018  08:21:49 read(3, "Z4iz\304Gz2P;\6T\377\32\37\327\2737\232\r\212[-1\311\\j{\250\330\240\245"..., 8192) = 36
4018  08:21:49 clock_gettime(0x7 /* CLOCK_??? */, {4476, 360372870}) = 0
4018  08:21:49 clock_gettime(0x7 /* CLOCK_??? */, {4476, 360413786}) = 0
4018  08:21:49 select(7, [3 4], [5], NULL, NULL) = 1 (out [5])
4018  08:21:49 clock_gettime(0x7 /* CLOCK_??? */, {4476, 360504354}) = 0
4018  08:21:49 write(5, "d", 1)         = 1
4018  08:21:49 clock_gettime(0x7 /* CLOCK_??? */, {4476, 360846048}) = 0
4018  08:21:49 clock_gettime(0x7 /* CLOCK_??? */, {4476, 360886943}) = 0
4018  08:21:49 select(7, [3 4], [], NULL, NULL) = 1 (in [4])
4018  08:21:50 clock_gettime(0x7 /* CLOCK_??? */, {4476, 740117938}) = 0
4018  08:21:50 read(4, "\r", 16384)     = 1
4018  08:21:50 clock_gettime(0x7 /* CLOCK_??? */, {4476, 740159823}) = 0
4018  08:21:50 clock_gettime(0x7 /* CLOCK_??? */, {4476, 740172876}) = 0
4018  08:21:50 select(7, [3 4], [3], NULL, NULL) = 1 (out [3])
4018  08:21:50 clock_gettime(0x7 /* CLOCK_??? */, {4476, 740203949}) = 0
4018  08:21:50 write(3, "\371zM\275\362'\2018|V\232\204;\4\3019\32\320xw\211\247\345\21}w\2704fP\321\316"..., 36) = 36
4018  08:21:50 clock_gettime(0x7 /* CLOCK_??? */, {4476, 740299081}) = 0
4018  08:21:50 clock_gettime(0x7 /* CLOCK_??? */, {4476, 740313564}) = 0
4018  08:21:50 select(7, [3 4], [], NULL, NULL) = 1 (in [3])
4018  08:21:50 clock_gettime(0x7 /* CLOCK_??? */, {4476, 740798891}) = 0
4018  08:21:50 read(3, "\207\275\25Bg{\31\205\327\270\315\0170\222\200\357\254\36B\220h\225IG&9q\274\334Y\34\314"..., 8192) = 92
4018  08:21:50 clock_gettime(0x7 /* CLOCK_??? */, {4476, 740847381}) = 0
4018  08:21:50 clock_gettime(0x7 /* CLOCK_??? */, {4476, 740860420}) = 0
4018  08:21:50 select(7, [3 4], [5], NULL, NULL) = 1 (out [5])
4018  08:21:50 clock_gettime(0x7 /* CLOCK_??? */, {4476, 740890557}) = 0
4018  08:21:50 write(5, "\r\n/home/jackboy\r\n\33]0;jackboy@Jac"..., 54) = 54
4018  08:21:50 clock_gettime(0x7 /* CLOCK_??? */, {4476, 741076998}) = 0
4018  08:21:50 clock_gettime(0x7 /* CLOCK_??? */, {4476, 741091595}) = 0
4018  08:21:50 select(7, [3 4], [], NULL, NULL) = 1 (in [4])
4018  08:21:52 clock_gettime(0x7 /* CLOCK_??? */, {4479, 257462821}) = 0
4018  08:21:52 read(4, "v", 16384)      = 1
4018  08:21:52 clock_gettime(0x7 /* CLOCK_??? */, {4479, 257658212}) = 0
4018  08:21:52 clock_gettime(0x7 /* CLOCK_??? */, {4479, 257697759}) = 0
4018  08:21:52 select(7, [3 4], [3], NULL, NULL) = 1 (out [3])
4018  08:21:52 clock_gettime(0x7 /* CLOCK_??? */, {4479, 257792275}) = 0
4018  08:21:52 write(3, "2\211\r8\353\243\203\376\302\255\366J\233\30\237\264\202\307\252\25\226\n\226\327\213\2746\217\353D\326\370"..., 36) = 36
4018  08:21:52 clock_gettime(0x7 /* CLOCK_??? */, {4479, 258024204}) = 0
4018  08:21:52 clock_gettime(0x7 /* CLOCK_??? */, {4479, 258066995}) = 0
4018  08:21:52 select(7, [3 4], [], NULL, NULL) = 1 (in [3])
4018  08:21:52 clock_gettime(0x7 /* CLOCK_??? */, {4479, 258762658}) = 0
4018  08:21:52 read(3, "{Y\17!`z6\247$#p\217\377\27\335J\370\205\274\351j\30\363b\3@\305<\262\322\211\305"..., 8192) = 36
4018  08:21:52 clock_gettime(0x7 /* CLOCK_??? */, {4479, 258871709}) = 0
4018  08:21:52 clock_gettime(0x7 /* CLOCK_??? */, {4479, 258911299}) = 0
4018  08:21:52 select(7, [3 4], [5], NULL, NULL) = 1 (out [5])
4018  08:21:52 clock_gettime(0x7 /* CLOCK_??? */, {4479, 259005509}) = 0
4018  08:21:52 write(5, "v", 1)         = 1
4018  08:21:52 clock_gettime(0x7 /* CLOCK_??? */, {4479, 259395774}) = 0
4018  08:21:52 clock_gettime(0x7 /* CLOCK_??? */, {4479, 259440417}) = 0
4018  08:21:52 select(7, [3 4], [], NULL, NULL) = 1 (in [4])
4018  08:21:53 clock_gettime(0x7 /* CLOCK_??? */, {4479, 458742259}) = 0
4018  08:21:53 read(4, "i", 16384)      = 1
4018  08:21:53 clock_gettime(0x7 /* CLOCK_??? */, {4479, 458858578}) = 0
4018  08:21:53 clock_gettime(0x7 /* CLOCK_??? */, {4479, 458897944}) = 0
4018  08:21:53 select(7, [3 4], [3], NULL, NULL) = 1 (out [3])
4018  08:21:53 clock_gettime(0x7 /* CLOCK_??? */, {4479, 458991269}) = 0
4018  08:21:53 write(3, "\326R\201\332KH\204\221\307Of\r\341v\357DO\1q\17~\216\305\232\3f\242\3w\22^P"..., 36) = 36
4018  08:21:53 clock_gettime(0x7 /* CLOCK_??? */, {4479, 459309695}) = 0
4018  08:21:53 clock_gettime(0x7 /* CLOCK_??? */, {4479, 459352141}) = 0
4018  08:21:53 select(7, [3 4], [], NULL, NULL) = 1 (in [3])
4018  08:21:53 clock_gettime(0x7 /* CLOCK_??? */, {4479, 460006087}) = 0
4018  08:21:53 read(3, "\234V\216!\273\7e\253\277\266\36\240\331\277\310;\324\177\264h\237\0\225A\205\352?\241\362 )b"..., 8192) = 36
4018  08:21:53 clock_gettime(0x7 /* CLOCK_??? */, {4479, 460118345}) = 0
4018  08:21:53 clock_gettime(0x7 /* CLOCK_??? */, {4479, 460157667}) = 0
4018  08:21:53 select(7, [3 4], [5], NULL, NULL) = 1 (out [5])
4018  08:21:53 clock_gettime(0x7 /* CLOCK_??? */, {4479, 460250704}) = 0
4018  08:21:53 write(5, "i", 1)         = 1
4018  08:21:53 clock_gettime(0x7 /* CLOCK_??? */, {4479, 460670997}) = 0
4018  08:21:53 clock_gettime(0x7 /* CLOCK_??? */, {4479, 460715080}) = 0
4018  08:21:53 select(7, [3 4], [], NULL, NULL) = 1 (in [4])
4018  08:21:53 clock_gettime(0x7 /* CLOCK_??? */, {4479, 649899361}) = 0
4018  08:21:53 read(4, "m", 16384)      = 1
4018  08:21:53 clock_gettime(0x7 /* CLOCK_??? */, {4479, 650012601}) = 0
4018  08:21:53 clock_gettime(0x7 /* CLOCK_??? */, {4479, 650051696}) = 0
4018  08:21:53 select(7, [3 4], [3], NULL, NULL) = 1 (out [3])
4018  08:21:53 clock_gettime(0x7 /* CLOCK_??? */, {4479, 650144305}) = 0
4018  08:21:53 write(3, "\221\6\314M{#\206\5\271\36\242%?\t\365L.c\366\374\35\253\331\251:\"\304\324S\20\22\217"..., 36) = 36
4018  08:21:53 clock_gettime(0x7 /* CLOCK_??? */, {4479, 650412012}) = 0
4018  08:21:53 clock_gettime(0x7 /* CLOCK_??? */, {4479, 650479023}) = 0
4018  08:21:53 select(7, [3 4], [], NULL, NULL) = 1 (in [3])
4018  08:21:53 clock_gettime(0x7 /* CLOCK_??? */, {4479, 651031940}) = 0
4018  08:21:53 read(3, "jKs\235\24$\270\223\244\232\323\253k\1\225;\274\301\362\n'a\366\237\331\331\326b \r\325\261"..., 8192) = 36
4018  08:21:53 clock_gettime(0x7 /* CLOCK_??? */, {4479, 651144061}) = 0
4018  08:21:53 clock_gettime(0x7 /* CLOCK_??? */, {4479, 651184446}) = 0
4018  08:21:53 select(7, [3 4], [5], NULL, NULL) = 1 (out [5])
4018  08:21:53 clock_gettime(0x7 /* CLOCK_??? */, {4479, 651279837}) = 0
4018  08:21:53 write(5, "m", 1)         = 1
4018  08:21:53 clock_gettime(0x7 /* CLOCK_??? */, {4479, 651670111}) = 0
4018  08:21:53 clock_gettime(0x7 /* CLOCK_??? */, {4479, 651767382}) = 0
4018  08:21:53 select(7, [3 4], [], NULL, NULL) = 1 (in [4])
4018  08:21:54 clock_gettime(0x7 /* CLOCK_??? */, {4480, 452837759}) = 0
4018  08:21:54 read(4, "\r", 16384)     = 1
4018  08:21:54 clock_gettime(0x7 /* CLOCK_??? */, {4480, 452880301}) = 0
4018  08:21:54 clock_gettime(0x7 /* CLOCK_??? */, {4480, 452893519}) = 0
4018  08:21:54 select(7, [3 4], [3], NULL, NULL) = 1 (out [3])
4018  08:21:54 clock_gettime(0x7 /* CLOCK_??? */, {4480, 452925173}) = 0
4018  08:21:54 write(3, "!&\35\5\332\221\5\217\254\246g\17\216\364\2267\343\360z\274\352\332x\225>B\346i\361\312!\205"..., 36) = 36
4018  08:21:54 clock_gettime(0x7 /* CLOCK_??? */, {4480, 453011945}) = 0
4018  08:21:54 clock_gettime(0x7 /* CLOCK_??? */, {4480, 453026103}) = 0
4018  08:21:54 select(7, [3 4], [], NULL, NULL) = 1 (in [3])
4018  08:21:54 clock_gettime(0x7 /* CLOCK_??? */, {4480, 453554966}) = 0
4018  08:21:54 read(3, "\200\256\245\t\214J\375g\363\202\325\353\32\317)\304\0217y\26\315Q\364n-\20\264\\\33\265\270!"..., 8192) = 36
4018  08:21:54 clock_gettime(0x7 /* CLOCK_??? */, {4480, 453593859}) = 0
4018  08:21:54 clock_gettime(0x7 /* CLOCK_??? */, {4480, 453606690}) = 0
4018  08:21:54 select(7, [3 4], [5], NULL, NULL) = 1 (out [5])
4018  08:21:54 clock_gettime(0x7 /* CLOCK_??? */, {4480, 453637072}) = 0
4018  08:21:54 write(5, "\r\n", 2)      = 2
4018  08:21:54 clock_gettime(0x7 /* CLOCK_??? */, {4480, 453803558}) = 0
4018  08:21:54 clock_gettime(0x7 /* CLOCK_??? */, {4480, 453818140}) = 0
4018  08:21:54 select(7, [3 4], [], NULL, NULL) = 1 (in [3])
4018  08:21:54 clock_gettime(0x7 /* CLOCK_??? */, {4481, 297975613}) = 0
4018  08:21:54 read(3, "q\225\2k\2];#P\351\374\254\275:\277\177\305\33\34\217\rA\352\364\204H\345\3203\3\273\320"..., 8192) = 7272
4018  08:21:54 clock_gettime(0x7 /* CLOCK_??? */, {4481, 298215499}) = 0
4018  08:21:54 clock_gettime(0x7 /* CLOCK_??? */, {4481, 298256682}) = 0
4018  08:21:54 select(7, [3 4], [5], NULL, NULL) = 1 (out [5])
4018  08:21:54 clock_gettime(0x7 /* CLOCK_??? */, {4481, 298351272}) = 0
4018  08:21:54 write(5, "\33[?1049h\33[?1h\33=\33[2;1H\342\226\275\33[6n\33[1;"..., 7198) = 7198
4018  08:21:54 clock_gettime(0x7 /* CLOCK_??? */, {4481, 299490837}) = 0
4018  08:21:54 clock_gettime(0x7 /* CLOCK_??? */, {4481, 299536855}) = 0
4018  08:21:54 select(7, [3 4], [], NULL, NULL) = 1 (in [4])
4018  08:21:54 clock_gettime(0x7 /* CLOCK_??? */, {4481, 303105884}) = 0
4018  08:21:54 read(4, "\33[2;3R\33[>0;136;0c", 16384) = 17
4018  08:21:54 clock_gettime(0x7 /* CLOCK_??? */, {4481, 303215592}) = 0
4018  08:21:54 clock_gettime(0x7 /* CLOCK_??? */, {4481, 303255231}) = 0
4018  08:21:54 select(7, [3 4], [3], NULL, NULL) = 1 (out [3])
4018  08:21:54 clock_gettime(0x7 /* CLOCK_??? */, {4481, 303347232}) = 0
4018  08:21:54 write(3, "\23'd\300^#\36\0051y\6\205\21\32P\253?\202sA\353\276\254\245\211\346\5\315\22\367x\317"..., 52) = 52
4018  08:21:54 clock_gettime(0x7 /* CLOCK_??? */, {4481, 303580702}) = 0
4018  08:21:54 clock_gettime(0x7 /* CLOCK_??? */, {4481, 303622842}) = 0
4018  08:21:54 select(7, [3 4], [], NULL, NULL) = 1 (in [3])
4018  08:21:54 clock_gettime(0x7 /* CLOCK_??? */, {4481, 305090317}) = 0
4018  08:21:54 read(3, "g\232\16\272\233\17Ok\357\320'\216Ik;`Ac\275!\217Ze1X\324C\376\233\222\372\271"..., 8192) = 7200
4018  08:21:54 clock_gettime(0x7 /* CLOCK_??? */, {4481, 305333997}) = 0
4018  08:21:54 clock_gettime(0x7 /* CLOCK_??? */, {4481, 305377708}) = 0
4018  08:21:54 select(7, [3 4], [5], NULL, NULL) = 1 (out [5])
4018  08:21:54 clock_gettime(0x7 /* CLOCK_??? */, {4481, 305472773}) = 0
4018  08:21:54 write(5, "\33[27m\33[m\33[H\33[2J\33[?25l\33[2;1H\33[1m\33"..., 7124) = 7124
4018  08:21:54 clock_gettime(0x7 /* CLOCK_??? */, {4481, 306553818}) = 0
4018  08:21:54 clock_gettime(0x7 /* CLOCK_??? */, {4481, 306598446}) = 0
4018  08:21:54 select(7, [3 4], [], NULL, NULL) = 1 (in [4])
4018  08:22:23 clock_gettime(0x7 /* CLOCK_??? */, {4509, 757041192}) = 0
4018  08:22:23 read(4, "h", 16384)      = 1
4018  08:22:23 clock_gettime(0x7 /* CLOCK_??? */, {4509, 757146720}) = 0
4018  08:22:23 clock_gettime(0x7 /* CLOCK_??? */, {4509, 757183406}) = 0
4018  08:22:23 select(7, [3 4], [3], NULL, NULL) = 1 (out [3])
4018  08:22:23 clock_gettime(0x7 /* CLOCK_??? */, {4509, 757268003}) = 0
4018  08:22:23 write(3, "\3311\213\266\201\277z\302#\24\253:\376\221\345\205J+\17WzZ\241\265\226\212X\361\243\220\17\f"..., 36) = 36
4018  08:22:23 clock_gettime(0x7 /* CLOCK_??? */, {4509, 757525723}) = 0
4018  08:22:23 clock_gettime(0x7 /* CLOCK_??? */, {4509, 757586597}) = 0
4018  08:22:23 select(7, [3 4], [], NULL, NULL) = 1 (in [3])
4018  08:22:23 clock_gettime(0x7 /* CLOCK_??? */, {4509, 758160557}) = 0
4018  08:22:23 read(3, "\307t\376)\270\305-\30\357&-%\311x5\255\366\177b^\212\35\267\6\2576^\177D\31\4\341"..., 8192) = 36
4018  08:22:23 clock_gettime(0x7 /* CLOCK_??? */, {4509, 758273285}) = 0
4018  08:22:23 clock_gettime(0x7 /* CLOCK_??? */, {4509, 758312523}) = 0
4018  08:22:23 select(7, [3 4], [5], NULL, NULL) = 1 (out [5])
4018  08:22:23 clock_gettime(0x7 /* CLOCK_??? */, {4509, 758455206}) = 0
4018  08:22:23 write(5, "\7", 1)        = 1
4018  08:22:23 clock_gettime(0x7 /* CLOCK_??? */, {4509, 758869174}) = 0
4018  08:22:23 clock_gettime(0x7 /* CLOCK_??? */, {4509, 758913216}) = 0
4018  08:22:23 select(7, [3 4], [], NULL, NULL) = 1 (in [4])
4018  08:22:23 clock_gettime(0x7 /* CLOCK_??? */, {4509, 942985983}) = 0
4018  08:22:23 read(4, "e", 16384)      = 1
4018  08:22:23 clock_gettime(0x7 /* CLOCK_??? */, {4509, 943064602}) = 0
4018  08:22:23 clock_gettime(0x7 /* CLOCK_??? */, {4509, 943091447}) = 0
4018  08:22:23 select(7, [3 4], [3], NULL, NULL) = 1 (out [3])
4018  08:22:23 clock_gettime(0x7 /* CLOCK_??? */, {4509, 943153445}) = 0
4018  08:22:23 write(3, "\242\227\262\203\236=2<\333\345=\337\214\237\276!N5\37\215\342\227\353\356\352\335\5\222\346l\336m"..., 36) = 36
4018  08:22:23 clock_gettime(0x7 /* CLOCK_??? */, {4509, 943333241}) = 0
4018  08:22:23 clock_gettime(0x7 /* CLOCK_??? */, {4509, 943361987}) = 0
4018  08:22:23 select(7, [3 4], [], NULL, NULL) = 1 (in [3])
4018  08:22:23 clock_gettime(0x7 /* CLOCK_??? */, {4509, 943874835}) = 0
4018  08:22:23 read(3, "\220$\34\303}\336\nu\25\301vT\341p\215>\325O\333\330\3729\325\200i0>B\35\256\315\t"..., 8192) = 36
4018  08:22:23 clock_gettime(0x7 /* CLOCK_??? */, {4509, 943949730}) = 0
4018  08:22:23 clock_gettime(0x7 /* CLOCK_??? */, {4509, 943976383}) = 0
4018  08:22:23 select(7, [3 4], [5], NULL, NULL) = 1 (out [5])
4018  08:22:23 clock_gettime(0x7 /* CLOCK_??? */, {4509, 944039300}) = 0
4018  08:22:23 write(5, "\7", 1)        = 1
4018  08:22:23 clock_gettime(0x7 /* CLOCK_??? */, {4509, 944322362}) = 0
4018  08:22:23 clock_gettime(0x7 /* CLOCK_??? */, {4509, 944352254}) = 0
4018  08:22:23 select(7, [3 4], [], NULL, NULL) = 1 (in [4])
4018  08:22:24 clock_gettime(0x7 /* CLOCK_??? */, {4510, 711835217}) = 0
4018  08:22:24 read(4, "i", 16384)      = 1
4018  08:22:24 clock_gettime(0x7 /* CLOCK_??? */, {4510, 711983291}) = 0
4018  08:22:24 clock_gettime(0x7 /* CLOCK_??? */, {4510, 712021895}) = 0
4018  08:22:24 select(7, [3 4], [3], NULL, NULL) = 1 (out [3])
4018  08:22:24 clock_gettime(0x7 /* CLOCK_??? */, {4510, 712110610}) = 0
4018  08:22:24 write(3, "\242-i&\350&\211\265t<\234>\273\2048(\325d\32\373\226Y\207<\215\236\351l(\263\370\31"..., 36) = 36
4018  08:22:24 clock_gettime(0x7 /* CLOCK_??? */, {4510, 712354593}) = 0
4018  08:22:24 clock_gettime(0x7 /* CLOCK_??? */, {4510, 712416099}) = 0
4018  08:22:24 select(7, [3 4], [], NULL, NULL) = 1 (in [3])
4018  08:22:24 clock_gettime(0x7 /* CLOCK_??? */, {4510, 713100355}) = 0
4018  08:22:24 read(3, "|@\357\3fN!\5\217X\222\326)\244]+\310\3\32QfY\236\312\fj\205\220\4\372D\32"..., 8192) = 124
4018  08:22:24 clock_gettime(0x7 /* CLOCK_??? */, {4510, 713203776}) = 0
4018  08:22:24 clock_gettime(0x7 /* CLOCK_??? */, {4510, 713239786}) = 0
4018  08:22:24 select(7, [3 4], [5], NULL, NULL) = 1 (out [5])
4018  08:22:24 clock_gettime(0x7 /* CLOCK_??? */, {4510, 713325046}) = 0
4018  08:22:24 write(5, "\33[?25l\33[39;1H\33[1m-- \346\217\222\345\205\245 --\33[m"..., 85) = 85
4018  08:22:24 clock_gettime(0x7 /* CLOCK_??? */, {4510, 713694603}) = 0
4018  08:22:24 clock_gettime(0x7 /* CLOCK_??? */, {4510, 713738795}) = 0
4018  08:22:24 select(7, [3 4], [], NULL, NULL) = 1 (in [4])
4018  08:22:25 clock_gettime(0x7 /* CLOCK_??? */, {4511, 475483454}) = 0
4018  08:22:25 read(4, "h", 16384)      = 1
4018  08:22:25 clock_gettime(0x7 /* CLOCK_??? */, {4511, 475602622}) = 0
4018  08:22:25 clock_gettime(0x7 /* CLOCK_??? */, {4511, 475642208}) = 0
4018  08:22:25 select(7, [3 4], [3], NULL, NULL) = 1 (out [3])
4018  08:22:25 clock_gettime(0x7 /* CLOCK_??? */, {4511, 475734904}) = 0
4018  08:22:25 write(3, "\335\264\304o\"\337*NY\37\22\376\364\351\34\25%\3474\347D\213\267\240\343\344\3\311i\"\226G"..., 36) = 36
4018  08:22:25 clock_gettime(0x7 /* CLOCK_??? */, {4511, 475950280}) = 0
4018  08:22:25 clock_gettime(0x7 /* CLOCK_??? */, {4511, 475992396}) = 0
4018  08:22:25 select(7, [3 4], [], NULL, NULL) = 1 (in [3])
4018  08:22:25 clock_gettime(0x7 /* CLOCK_??? */, {4511, 478371687}) = 0
4018  08:22:25 read(3, "v\271\204\374<\231\227P\nz\362z\3s\21-\305\372q\35>B\0173%\33.{v\35\364\177"..., 8192) = 484
4018  08:22:25 clock_gettime(0x7 /* CLOCK_??? */, {4511, 478501572}) = 0
4018  08:22:25 clock_gettime(0x7 /* CLOCK_??? */, {4511, 478541057}) = 0
4018  08:22:25 select(7, [3 4], [5], NULL, NULL) = 1 (out [5])
4018  08:22:25 clock_gettime(0x7 /* CLOCK_??? */, {4511, 478638589}) = 0
4018  08:22:25 write(5, "\33[?25lh\33[14;77H\33[1m\33[34m        "..., 449) = 449
4018  08:22:25 clock_gettime(0x7 /* CLOCK_??? */, {4511, 479199998}) = 0
4018  08:22:25 clock_gettime(0x7 /* CLOCK_??? */, {4511, 479255813}) = 0
4018  08:22:25 select(7, [3 4], [], NULL, NULL) = 1 (in [4])
4018  08:22:25 clock_gettime(0x7 /* CLOCK_??? */, {4511, 566082396}) = 0
4018  08:22:25 read(4, "e", 16384)      = 1
4018  08:22:25 clock_gettime(0x7 /* CLOCK_??? */, {4511, 566188393}) = 0
4018  08:22:25 clock_gettime(0x7 /* CLOCK_??? */, {4511, 566224886}) = 0
4018  08:22:25 select(7, [3 4], [3], NULL, NULL) = 1 (out [3])
4018  08:22:25 clock_gettime(0x7 /* CLOCK_??? */, {4511, 566309414}) = 0
4018  08:22:25 write(3, ")\23\230-z\327\235\363\360\314Wx\247p\204F*\301\4\256\367\260Ep,Z\223\307\237\261UM"..., 36) = 36
4018  08:22:25 clock_gettime(0x7 /* CLOCK_??? */, {4511, 566587014}) = 0
4018  08:22:25 clock_gettime(0x7 /* CLOCK_??? */, {4511, 566626598}) = 0
4018  08:22:25 select(7, [3 4], [], NULL, NULL) = 1 (in [3])
4018  08:22:25 clock_gettime(0x7 /* CLOCK_??? */, {4511, 569813545}) = 0
4018  08:22:25 read(3, "[T\217\200\210PB\321\305\4c|\212\10\347\20\273\353\357\365\4\222\36T\204\2&\321\375=\252\n"..., 8192) = 76
4018  08:22:25 clock_gettime(0x7 /* CLOCK_??? */, {4511, 569929107}) = 0
4018  08:22:25 clock_gettime(0x7 /* CLOCK_??? */, {4511, 569968007}) = 0
4018  08:22:25 select(7, [3 4], [5], NULL, NULL) = 1 (out [5])
4018  08:22:25 clock_gettime(0x7 /* CLOCK_??? */, {4511, 570061827}) = 0
4018  08:22:25 write(5, "\33[?25le\33[39;155H3\33[1;3H\33[?12l\33[?"..., 35) = 35
4018  08:22:25 clock_gettime(0x7 /* CLOCK_??? */, {4511, 570466590}) = 0
4018  08:22:25 clock_gettime(0x7 /* CLOCK_??? */, {4511, 570551594}) = 0
4018  08:22:25 select(7, [3 4], [], NULL, NULL) = 1 (in [4])
4018  08:22:25 clock_gettime(0x7 /* CLOCK_??? */, {4511, 706516595}) = 0
4018  08:22:25 read(4, "l", 16384)      = 1
4018  08:22:25 clock_gettime(0x7 /* CLOCK_??? */, {4511, 706643751}) = 0
4018  08:22:25 clock_gettime(0x7 /* CLOCK_??? */, {4511, 706682183}) = 0
4018  08:22:25 select(7, [3 4], [3], NULL, NULL) = 1 (out [3])
4018  08:22:25 clock_gettime(0x7 /* CLOCK_??? */, {4511, 706769108}) = 0
4018  08:22:25 write(3, "4\221\221\221\316\262v:A\7\373y\227\216\250\224a\366\235\\\273\224\215\3122\315R\206:\203\200u"..., 36) = 36
4018  08:22:25 clock_gettime(0x7 /* CLOCK_??? */, {4511, 706983465}) = 0
4018  08:22:25 clock_gettime(0x7 /* CLOCK_??? */, {4511, 707021227}) = 0
4018  08:22:25 select(7, [3 4], [], NULL, NULL) = 1 (in [3])
4018  08:22:25 clock_gettime(0x7 /* CLOCK_??? */, {4511, 708279626}) = 0
4018  08:22:25 read(3, "|\336\212HC\312\2477\2063\177\ty\333\302LGh{{\210\10\207\37054OY\201<\206f"..., 8192) = 76
4018  08:22:25 clock_gettime(0x7 /* CLOCK_??? */, {4511, 708388646}) = 0
4018  08:22:25 clock_gettime(0x7 /* CLOCK_??? */, {4511, 708427183}) = 0
4018  08:22:25 select(7, [3 4], [5], NULL, NULL) = 1 (out [5])
4018  08:22:25 clock_gettime(0x7 /* CLOCK_??? */, {4511, 708579910}) = 0
4018  08:22:25 write(5, "\33[?25ll\33[39;155H4\33[1;4H\33[?12l\33[?"..., 35) = 35
4018  08:22:25 clock_gettime(0x7 /* CLOCK_??? */, {4511, 708933086}) = 0
4018  08:22:25 clock_gettime(0x7 /* CLOCK_??? */, {4511, 708976000}) = 0
4018  08:22:25 select(7, [3 4], [], NULL, NULL) = 1 (in [4])
4018  08:22:26 clock_gettime(0x7 /* CLOCK_??? */, {4512, 585726930}) = 0
4018  08:22:26 read(4, "p", 16384)      = 1
4018  08:22:26 clock_gettime(0x7 /* CLOCK_??? */, {4512, 585832051}) = 0
4018  08:22:26 clock_gettime(0x7 /* CLOCK_??? */, {4512, 585867994}) = 0
4018  08:22:26 select(7, [3 4], [3], NULL, NULL) = 1 (out [3])
4018  08:22:26 clock_gettime(0x7 /* CLOCK_??? */, {4512, 585951873}) = 0
4018  08:22:26 write(3, "\230u\220\332E}\221{\336\350t\226:\366\355\241\342L\325\2270\216|^\36\27OG\26\302\225\225"..., 36) = 36
4018  08:22:26 clock_gettime(0x7 /* CLOCK_??? */, {4512, 586199482}) = 0
4018  08:22:26 clock_gettime(0x7 /* CLOCK_??? */, {4512, 586238277}) = 0
4018  08:22:26 select(7, [3 4], [], NULL, NULL) = 1 (in [3])
4018  08:22:26 clock_gettime(0x7 /* CLOCK_??? */, {4512, 587453640}) = 0
4018  08:22:26 read(3, "\17\6\275\25\265\254,\335\340H\342{2\320]\274\372[\232\367\337\236\204^J\237qa\244\2678\262"..., 8192) = 76
4018  08:22:26 clock_gettime(0x7 /* CLOCK_??? */, {4512, 587635342}) = 0
4018  08:22:26 clock_gettime(0x7 /* CLOCK_??? */, {4512, 587671443}) = 0
4018  08:22:26 select(7, [3 4], [5], NULL, NULL) = 1 (out [5])
4018  08:22:26 clock_gettime(0x7 /* CLOCK_??? */, {4512, 587760937}) = 0
4018  08:22:26 write(5, "\33[?25lp\33[39;155H5\33[1;5H\33[?12l\33[?"..., 35) = 35
4018  08:22:26 clock_gettime(0x7 /* CLOCK_??? */, {4512, 588126779}) = 0
4018  08:22:26 clock_gettime(0x7 /* CLOCK_??? */, {4512, 588167178}) = 0
4018  08:22:26 select(7, [3 4], [], NULL, NULL) = 1 (in [4])
4018  08:22:27 clock_gettime(0x7 /* CLOCK_??? */, {4513, 870365304}) = 0
4018  08:22:27 read(4, "\r", 16384)     = 1
4018  08:22:27 clock_gettime(0x7 /* CLOCK_??? */, {4513, 870408944}) = 0
4018  08:22:27 clock_gettime(0x7 /* CLOCK_??? */, {4513, 870422189}) = 0
4018  08:22:27 select(7, [3 4], [3], NULL, NULL) = 1 (out [3])
4018  08:22:27 clock_gettime(0x7 /* CLOCK_??? */, {4513, 870454095}) = 0
4018  08:22:27 write(3, "\260>\232.\314\2\7!Cy$=\252\361\322-\342\351q\214\v\320\246<'\362G\271\0\301-\177"..., 36) = 36
4018  08:22:27 clock_gettime(0x7 /* CLOCK_??? */, {4513, 870551388}) = 0
4018  08:22:27 clock_gettime(0x7 /* CLOCK_??? */, {4513, 870566095}) = 0
4018  08:22:27 select(7, [3 4], [], NULL, NULL) = 1 (in [3])
4018  08:22:27 clock_gettime(0x7 /* CLOCK_??? */, {4513, 871304587}) = 0
4018  08:22:27 read(3, "\232%\246\350\323\24IWH\n\321H\344n\230\364\264\375\347\17\350vF\271+\224$`M6\3105"..., 8192) = 84
4018  08:22:27 clock_gettime(0x7 /* CLOCK_??? */, {4513, 871351845}) = 0
4018  08:22:27 clock_gettime(0x7 /* CLOCK_??? */, {4513, 871365294}) = 0
4018  08:22:27 select(7, [3 4], [5], NULL, NULL) = 1 (out [5])
4018  08:22:27 clock_gettime(0x7 /* CLOCK_??? */, {4513, 871413542}) = 0
4018  08:22:27 write(5, "\33[?25l\33[2;1H\33[K\33[39;153H2,1\33[2;1"..., 45) = 45
4018  08:22:27 clock_gettime(0x7 /* CLOCK_??? */, {4513, 871612207}) = 0
4018  08:22:27 clock_gettime(0x7 /* CLOCK_??? */, {4513, 871626863}) = 0
4018  08:22:27 select(7, [3 4], [], NULL, NULL) = 1 (in [4])
4018  08:22:28 clock_gettime(0x7 /* CLOCK_??? */, {4514, 694904297}) = 0
4018  08:22:28 read(4, "$", 16384)      = 1
4018  08:22:28 clock_gettime(0x7 /* CLOCK_??? */, {4514, 694988463}) = 0
4018  08:22:28 clock_gettime(0x7 /* CLOCK_??? */, {4514, 695016417}) = 0
4018  08:22:28 select(7, [3 4], [3], NULL, NULL) = 1 (out [3])
4018  08:22:28 clock_gettime(0x7 /* CLOCK_??? */, {4514, 695082560}) = 0
4018  08:22:28 write(3, "\324[\354\357\244\355\374\345I\252\363\254=\231{\235\267\2\312a73m\305:\220'\207[\366I\253"..., 36) = 36
4018  08:22:28 clock_gettime(0x7 /* CLOCK_??? */, {4514, 695281616}) = 0
4018  08:22:28 clock_gettime(0x7 /* CLOCK_??? */, {4514, 695312243}) = 0
4018  08:22:28 select(7, [3 4], [], NULL, NULL) = 1 (in [3])
4018  08:22:28 clock_gettime(0x7 /* CLOCK_??? */, {4514, 696391245}) = 0
4018  08:22:28 read(3, "\222\36i\362\335q\243;f\3775\356\366\3444\373\260\225uP\345\4,eo\214nA!$f("..., 8192) = 76
4018  08:22:28 clock_gettime(0x7 /* CLOCK_??? */, {4514, 696472724}) = 0
4018  08:22:28 clock_gettime(0x7 /* CLOCK_??? */, {4514, 696533805}) = 0
4018  08:22:28 select(7, [3 4], [5], NULL, NULL) = 1 (out [5])
4018  08:22:28 clock_gettime(0x7 /* CLOCK_??? */, {4514, 696604702}) = 0
4018  08:22:28 write(5, "\33[?25l$\33[39;155H2\33[2;2H\33[?12l\33[?"..., 35) = 35
4018  08:22:28 clock_gettime(0x7 /* CLOCK_??? */, {4514, 696887256}) = 0
4018  08:22:28 clock_gettime(0x7 /* CLOCK_??? */, {4514, 696918557}) = 0
4018  08:22:28 select(7, [3 4], [], NULL, NULL) = 1 (in [4])
4018  08:22:29 clock_gettime(0x7 /* CLOCK_??? */, {4515, 539746051}) = 0
4018  08:22:29 read(4, "(", 16384)      = 1
4018  08:22:29 clock_gettime(0x7 /* CLOCK_??? */, {4515, 539858808}) = 0
4018  08:22:29 clock_gettime(0x7 /* CLOCK_??? */, {4515, 539898142}) = 0
4018  08:22:29 select(7, [3 4], [3], NULL, NULL) = 1 (out [3])
4018  08:22:29 clock_gettime(0x7 /* CLOCK_??? */, {4515, 539989964}) = 0
4018  08:22:29 write(3, "\276\357\1\37\20\31\314\2303\333\241\325\202\345\25\215\267\345g\364\353\304\354su(\360\210\363\267\305S"..., 36) = 36
4018  08:22:29 clock_gettime(0x7 /* CLOCK_??? */, {4515, 540256729}) = 0
4018  08:22:29 clock_gettime(0x7 /* CLOCK_??? */, {4515, 540298924}) = 0
4018  08:22:29 select(7, [3 4], [], NULL, NULL) = 1 (in [3])
4018  08:22:29 clock_gettime(0x7 /* CLOCK_??? */, {4515, 542435053}) = 0
4018  08:22:29 read(3, "4\364X\334\267H\363/\36\372:Z\360\225\201\0205\31P\334-\340v\357j\205\373\260>\345\310\303"..., 8192) = 100
4018  08:22:29 clock_gettime(0x7 /* CLOCK_??? */, {4515, 542581112}) = 0
4018  08:22:29 clock_gettime(0x7 /* CLOCK_??? */, {4515, 542617911}) = 0
4018  08:22:29 select(7, [3 4], [5], NULL, NULL) = 1 (out [5])
4018  08:22:29 clock_gettime(0x7 /* CLOCK_??? */, {4515, 542740796}) = 0
4018  08:22:29 write(5, "\33[?25l(\33[39;153H\33[K\33[39;153H2,3\33"..., 60) = 60
4018  08:22:29 clock_gettime(0x7 /* CLOCK_??? */, {4515, 543098255}) = 0
4018  08:22:29 clock_gettime(0x7 /* CLOCK_??? */, {4515, 543138530}) = 0
4018  08:22:29 select(7, [3 4], [], NULL, NULL) = 1 (in [4])
4018  08:22:30 clock_gettime(0x7 /* CLOCK_??? */, {4516, 885789136}) = 0
4018  08:22:30 read(4, ".", 16384)      = 1
4018  08:22:30 clock_gettime(0x7 /* CLOCK_??? */, {4516, 885896499}) = 0
4018  08:22:30 clock_gettime(0x7 /* CLOCK_??? */, {4516, 885932404}) = 0
4018  08:22:30 select(7, [3 4], [3], NULL, NULL) = 1 (out [3])
4018  08:22:30 clock_gettime(0x7 /* CLOCK_??? */, {4516, 886016662}) = 0
4018  08:22:30 write(3, ";s\210\370\213\300\t,c\2728N\240$\36x\240\225\260\2407\335\323\310\333\307\234*\24\32\t\241"..., 36) = 36
4018  08:22:30 clock_gettime(0x7 /* CLOCK_??? */, {4516, 886344995}) = 0
4018  08:22:30 clock_gettime(0x7 /* CLOCK_??? */, {4516, 886384737}) = 0
4018  08:22:30 select(7, [3 4], [], NULL, NULL) = 1 (in [3])
4018  08:22:30 clock_gettime(0x7 /* CLOCK_??? */, {4516, 887323460}) = 0
4018  08:22:30 read(3, "C\265\205q|4d\263?\324\251\362\274\225\253JRKb\311\331$0f\322MHc\277\370\232\246"..., 8192) = 76
4018  08:22:30 clock_gettime(0x7 /* CLOCK_??? */, {4516, 887449719}) = 0
4018  08:22:30 clock_gettime(0x7 /* CLOCK_??? */, {4516, 887485677}) = 0
4018  08:22:30 select(7, [3 4], [5], NULL, NULL) = 1 (out [5])
4018  08:22:30 clock_gettime(0x7 /* CLOCK_??? */, {4516, 887572438}) = 0
4018  08:22:30 write(5, "\33[?25l.\33[39;155H4\33[2;4H\33[?12l\33[?"..., 35) = 35
4018  08:22:30 clock_gettime(0x7 /* CLOCK_??? */, {4516, 887910978}) = 0
4018  08:22:30 clock_gettime(0x7 /* CLOCK_??? */, {4516, 887951261}) = 0
4018  08:22:30 select(7, [3 4], [], NULL, NULL) = 1 (in [4])
4018  08:22:30 clock_gettime(0x7 /* CLOCK_??? */, {4517, 26366687}) = 0
4018  08:22:30 read(4, ".", 16384)      = 1
4018  08:22:30 clock_gettime(0x7 /* CLOCK_??? */, {4517, 26493146}) = 0
4018  08:22:30 clock_gettime(0x7 /* CLOCK_??? */, {4517, 26532253}) = 0
4018  08:22:30 select(7, [3 4], [3], NULL, NULL) = 1 (out [3])
4018  08:22:30 clock_gettime(0x7 /* CLOCK_??? */, {4517, 26625388}) = 0
4018  08:22:30 write(3, "\351\376\357Ok?\223jc\356>\225\236y\4\276\250s\377\33\3467\to\370\260\304\316\303\34\305\4"..., 36) = 36
4018  08:22:30 clock_gettime(0x7 /* CLOCK_??? */, {4517, 26859437}) = 0
4018  08:22:30 clock_gettime(0x7 /* CLOCK_??? */, {4517, 26901396}) = 0
4018  08:22:30 select(7, [3 4], [], NULL, NULL) = 1 (in [3])
4018  08:22:30 clock_gettime(0x7 /* CLOCK_??? */, {4517, 28111165}) = 0
4018  08:22:30 read(3, "ZQ\344\340r\215\33\7\37G\300\23\4\37\274\356o%\211h\3452\27\33\254\355\256$\312\326\344\251"..., 8192) = 76
4018  08:22:30 clock_gettime(0x7 /* CLOCK_??? */, {4517, 28220790}) = 0
4018  08:22:30 clock_gettime(0x7 /* CLOCK_??? */, {4517, 28260133}) = 0
4018  08:22:30 select(7, [3 4], [5], NULL, NULL) = 1 (out [5])
4018  08:22:30 clock_gettime(0x7 /* CLOCK_??? */, {4517, 28354304}) = 0
4018  08:22:30 write(5, "\33[?25l.\33[39;155H5\33[2;5H\33[?12l\33[?"..., 35) = 35
4018  08:22:30 clock_gettime(0x7 /* CLOCK_??? */, {4517, 28798200}) = 0
4018  08:22:30 clock_gettime(0x7 /* CLOCK_??? */, {4517, 28842069}) = 0
4018  08:22:30 select(7, [3 4], [], NULL, NULL) = 1 (in [4])
4018  08:22:30 clock_gettime(0x7 /* CLOCK_??? */, {4517, 186615640}) = 0
4018  08:22:30 read(4, ".", 16384)      = 1
4018  08:22:30 clock_gettime(0x7 /* CLOCK_??? */, {4517, 186720874}) = 0
4018  08:22:30 clock_gettime(0x7 /* CLOCK_??? */, {4517, 186756745}) = 0
4018  08:22:30 select(7, [3 4], [3], NULL, NULL) = 1 (out [3])
4018  08:22:30 clock_gettime(0x7 /* CLOCK_??? */, {4517, 186841780}) = 0
4018  08:22:30 write(3, "\377\311\273\340l xH\350\334\212\305~\241\370\351\243$\3\24\267T-|\233\253\364w\374\207\266\264"..., 36) = 36
4018  08:22:30 clock_gettime(0x7 /* CLOCK_??? */, {4517, 187113048}) = 0
4018  08:22:30 clock_gettime(0x7 /* CLOCK_??? */, {4517, 187151774}) = 0
4018  08:22:30 select(7, [3 4], [], NULL, NULL) = 1 (in [3])
4018  08:22:30 clock_gettime(0x7 /* CLOCK_??? */, {4517, 188276129}) = 0
4018  08:22:30 read(3, "\244\345\310j\366ge\nH!\261\361i1\225\256\21j\251\225\265\34\253>\271\355ew\344\3772\5"..., 8192) = 76
4018  08:22:30 clock_gettime(0x7 /* CLOCK_??? */, {4517, 188386839}) = 0
4018  08:22:30 clock_gettime(0x7 /* CLOCK_??? */, {4517, 188426204}) = 0
4018  08:22:30 select(7, [3 4], [5], NULL, NULL) = 1 (out [5])
4018  08:22:30 clock_gettime(0x7 /* CLOCK_??? */, {4517, 188519051}) = 0
4018  08:22:30 write(5, "\33[?25l.\33[39;155H6\33[2;6H\33[?12l\33[?"..., 35) = 35
4018  08:22:30 clock_gettime(0x7 /* CLOCK_??? */, {4517, 188875172}) = 0
4018  08:22:30 clock_gettime(0x7 /* CLOCK_??? */, {4517, 188918192}) = 0
4018  08:22:30 select(7, [3 4], [], NULL, NULL) = 1 (in [4])
4018  08:22:31 clock_gettime(0x7 /* CLOCK_??? */, {4517, 925262155}) = 0
4018  08:22:31 read(4, ")", 16384)      = 1
4018  08:22:31 clock_gettime(0x7 /* CLOCK_??? */, {4517, 925387956}) = 0
4018  08:22:31 clock_gettime(0x7 /* CLOCK_??? */, {4517, 925431679}) = 0
4018  08:22:31 select(7, [3 4], [3], NULL, NULL) = 1 (out [3])
4018  08:22:31 clock_gettime(0x7 /* CLOCK_??? */, {4517, 925534937}) = 0
4018  08:22:31 write(3, "\n(\"\250B\204>58\207'U\3\325;\360\274\223K\230\305\316\362\324l\234;.\333\217\257\251"..., 36) = 36
4018  08:22:31 clock_gettime(0x7 /* CLOCK_??? */, {4517, 925825820}) = 0
4018  08:22:31 clock_gettime(0x7 /* CLOCK_??? */, {4517, 925873120}) = 0
4018  08:22:31 select(7, [3 4], [], NULL, NULL) = 1 (in [3])
4018  08:22:31 clock_gettime(0x7 /* CLOCK_??? */, {4517, 927743955}) = 0
4018  08:22:31 read(3, "\0030-\234\37Z\326\336\7\10\276~]\356\f\306\10\226\3477\325#\237\235\361:\0355\253\1\302@"..., 8192) = 116
4018  08:22:31 clock_gettime(0x7 /* CLOCK_??? */, {4517, 927806429}) = 0
4018  08:22:31 clock_gettime(0x7 /* CLOCK_??? */, {4517, 927827119}) = 0
4018  08:22:31 select(7, [3 4], [5], NULL, NULL) = 1 (out [5])
4018  08:22:31 clock_gettime(0x7 /* CLOCK_??? */, {4517, 927878055}) = 0
4018  08:22:31 write(5, "\33[?25l\r$\33[46m(\33[m...\33[46m)\33[m\33[3"..., 82) = 82
4018  08:22:31 clock_gettime(0x7 /* CLOCK_??? */, {4517, 928112165}) = 0
4018  08:22:31 clock_gettime(0x7 /* CLOCK_??? */, {4517, 928135476}) = 0
4018  08:22:31 select(7, [3 4], [], NULL, NULL) = 1 (in [4])
4018  08:22:33 clock_gettime(0x7 /* CLOCK_??? */, {4520, 130805233}) = 0
4018  08:22:33 read(4, "\33", 16384)    = 1
4018  08:22:33 clock_gettime(0x7 /* CLOCK_??? */, {4520, 130917916}) = 0
4018  08:22:33 clock_gettime(0x7 /* CLOCK_??? */, {4520, 130953593}) = 0
4018  08:22:33 select(7, [3 4], [3], NULL, NULL) = 1 (out [3])
4018  08:22:33 clock_gettime(0x7 /* CLOCK_??? */, {4520, 131040551}) = 0
4018  08:22:33 write(3, "\327\36MU>\275\260\22\31E\260+\237\303>tY\21\305_\237\374\354\223.\263\31\215~\275T0"..., 36) = 36
4018  08:22:33 clock_gettime(0x7 /* CLOCK_??? */, {4520, 131296600}) = 0
4018  08:22:33 clock_gettime(0x7 /* CLOCK_??? */, {4520, 131336346}) = 0
4018  08:22:33 select(7, [3 4], [], NULL, NULL) = 1 (in [3])
4018  08:22:33 clock_gettime(0x7 /* CLOCK_??? */, {4520, 158040209}) = 0
4018  08:22:33 read(3, "\350g\325\322\224\216(\26D\306>po\247t\221\321$\216\31w\30d,\242\355\v\16aqR\370"..., 8192) = 52
4018  08:22:33 clock_gettime(0x7 /* CLOCK_??? */, {4520, 158157944}) = 0
4018  08:22:33 clock_gettime(0x7 /* CLOCK_??? */, {4520, 158197362}) = 0
4018  08:22:33 select(7, [3 4], [5], NULL, NULL) = 1 (out [5])
4018  08:22:33 clock_gettime(0x7 /* CLOCK_??? */, {4520, 158352455}) = 0
4018  08:22:33 write(5, "\33[39;1H\33[K\33[2;6H", 16) = 16
4018  08:22:33 clock_gettime(0x7 /* CLOCK_??? */, {4520, 158465377}) = 0
4018  08:22:33 clock_gettime(0x7 /* CLOCK_??? */, {4520, 158504035}) = 0
4018  08:22:33 select(7, [3 4], [], NULL, NULL) = 1 (in [3])
4018  08:22:34 clock_gettime(0x7 /* CLOCK_??? */, {4521, 160419310}) = 0
4018  08:22:34 read(3, "\301\245\377P\263\337\210\237\6z\271A)\331\221\370r\t\224\216m(\225\31\303\202P\254\347/\2134"..., 8192) = 84
4018  08:22:34 clock_gettime(0x7 /* CLOCK_??? */, {4521, 160535878}) = 0
4018  08:22:34 clock_gettime(0x7 /* CLOCK_??? */, {4521, 160575527}) = 0
4018  08:22:34 select(7, [3 4], [5], NULL, NULL) = 1 (out [5])
4018  08:22:34 clock_gettime(0x7 /* CLOCK_??? */, {4521, 160671250}) = 0
4018  08:22:34 write(5, "\33[?25l\33[39;153H2,6\33[10C\345\205\250\351\203\250\33[2"..., 47) = 47
4018  08:22:34 clock_gettime(0x7 /* CLOCK_??? */, {4521, 160762200}) = 0
4018  08:22:34 clock_gettime(0x7 /* CLOCK_??? */, {4521, 160843556}) = 0
4018  08:22:34 select(7, [3 4], [], NULL, NULL) = 1 (in [4])
4018  08:22:34 clock_gettime(0x7 /* CLOCK_??? */, {4521, 220489009}) = 0
4018  08:22:34 read(4, ":", 16384)      = 1
4018  08:22:34 clock_gettime(0x7 /* CLOCK_??? */, {4521, 220631882}) = 0
4018  08:22:34 clock_gettime(0x7 /* CLOCK_??? */, {4521, 220675618}) = 0
4018  08:22:34 select(7, [3 4], [3], NULL, NULL) = 1 (out [3])
4018  08:22:34 clock_gettime(0x7 /* CLOCK_??? */, {4521, 220824997}) = 0
4018  08:22:34 write(3, "e4PD\364\340\226|^\340\3\234\203\26\331XA\301B\347\33!\r\323\305y\342p\7\241\257\373"..., 36) = 36
4018  08:22:34 clock_gettime(0x7 /* CLOCK_??? */, {4521, 221083443}) = 0
4018  08:22:34 clock_gettime(0x7 /* CLOCK_??? */, {4521, 221129081}) = 0
4018  08:22:34 select(7, [3 4], [], NULL, NULL) = 1 (in [3])
4018  08:22:34 clock_gettime(0x7 /* CLOCK_??? */, {4521, 221955464}) = 0
4018  08:22:34 read(3, "\v=\242\323\227\320\330\3106\336\277K8tn\364\203\272.+\246\2\324Y\306\275\266\314OY/\356"..., 8192) = 76
4018  08:22:34 clock_gettime(0x7 /* CLOCK_??? */, {4521, 222081046}) = 0
4018  08:22:34 clock_gettime(0x7 /* CLOCK_??? */, {4521, 222124247}) = 0
4018  08:22:34 select(7, [3 4], [5], NULL, NULL) = 1 (out [5])
4018  08:22:34 clock_gettime(0x7 /* CLOCK_??? */, {4521, 222229211}) = 0
4018  08:22:34 write(5, "\33[?25l\33[39;153H\33[K\33[39;1H:\33[?12l"..., 38) = 38
4018  08:22:34 clock_gettime(0x7 /* CLOCK_??? */, {4521, 222329418}) = 0
4018  08:22:34 clock_gettime(0x7 /* CLOCK_??? */, {4521, 222371617}) = 0
4018  08:22:34 select(7, [3 4], [], NULL, NULL) = 1 (in [4])
4018  08:22:37 clock_gettime(0x7 /* CLOCK_??? */, {4523, 994942861}) = 0
4018  08:22:37 read(4, "q", 16384)      = 1
4018  08:22:37 clock_gettime(0x7 /* CLOCK_??? */, {4523, 995047703}) = 0
4018  08:22:37 clock_gettime(0x7 /* CLOCK_??? */, {4523, 995083753}) = 0
4018  08:22:37 select(7, [3 4], [3], NULL, NULL) = 1 (out [3])
4018  08:22:37 clock_gettime(0x7 /* CLOCK_??? */, {4523, 995167704}) = 0
4018  08:22:37 write(3, "\276\244\320\306N\325[f\213\277\330X\262_ZKHV\271\6\321d\360\225\347\302\377[\302\263\6t"..., 36) = 36
4018  08:22:37 clock_gettime(0x7 /* CLOCK_??? */, {4523, 995417555}) = 0
4018  08:22:37 clock_gettime(0x7 /* CLOCK_??? */, {4523, 995455860}) = 0
4018  08:22:37 select(7, [3 4], [], NULL, NULL) = 1 (in [3])
4018  08:22:37 clock_gettime(0x7 /* CLOCK_??? */, {4523, 996130516}) = 0
4018  08:22:37 read(3, "\334\243\332\216\200\177F\250\362\244\217\334\327\245@\\\255\f(\371\375\"\265\377\252\315\277\3668\253\20\n"..., 8192) = 60
4018  08:22:37 clock_gettime(0x7 /* CLOCK_??? */, {4523, 996231453}) = 0
4018  08:22:37 clock_gettime(0x7 /* CLOCK_??? */, {4523, 996267314}) = 0
4018  08:22:37 select(7, [3 4], [5], NULL, NULL) = 1 (out [5])
4018  08:22:37 clock_gettime(0x7 /* CLOCK_??? */, {4523, 996353683}) = 0
4018  08:22:37 write(5, "q\33[?25l\33[?12l\33[?25h", 19) = 19
4018  08:22:37 clock_gettime(0x7 /* CLOCK_??? */, {4523, 996435460}) = 0
4018  08:22:37 clock_gettime(0x7 /* CLOCK_??? */, {4523, 996470509}) = 0
4018  08:22:37 select(7, [3 4], [], NULL, NULL) = 1 (in [4])
4018  08:22:38 clock_gettime(0x7 /* CLOCK_??? */, {4525, 188060161}) = 0
4018  08:22:38 read(4, "!", 16384)      = 1
4018  08:22:38 clock_gettime(0x7 /* CLOCK_??? */, {4525, 188167411}) = 0
4018  08:22:38 clock_gettime(0x7 /* CLOCK_??? */, {4525, 188203728}) = 0
4018  08:22:38 select(7, [3 4], [3], NULL, NULL) = 1 (out [3])
4018  08:22:38 clock_gettime(0x7 /* CLOCK_??? */, {4525, 188287948}) = 0
4018  08:22:38 write(3, "}\333\231m\304c&\36\340NEI>?\215q\213\365\271\330\356\301\245l\276\20\32\302\234r\323\231"..., 36) = 36
4018  08:22:38 clock_gettime(0x7 /* CLOCK_??? */, {4525, 188562126}) = 0
4018  08:22:38 clock_gettime(0x7 /* CLOCK_??? */, {4525, 188601132}) = 0
4018  08:22:38 select(7, [3 4], [], NULL, NULL) = 1 (in [3])
4018  08:22:38 clock_gettime(0x7 /* CLOCK_??? */, {4525, 189137485}) = 0
4018  08:22:38 read(3, "\322\2250]Uc\332\342\232H-(I\236'\340\373{\330\ts\220\314\273\317\324Y:\34Gd;"..., 8192) = 60
4018  08:22:38 clock_gettime(0x7 /* CLOCK_??? */, {4525, 189233073}) = 0
4018  08:22:38 clock_gettime(0x7 /* CLOCK_??? */, {4525, 189267955}) = 0
4018  08:22:38 select(7, [3 4], [5], NULL, NULL) = 1 (out [5])
4018  08:22:38 clock_gettime(0x7 /* CLOCK_??? */, {4525, 189385868}) = 0
4018  08:22:38 write(5, "!\33[?25l\33[?12l\33[?25h", 19) = 19
4018  08:22:38 clock_gettime(0x7 /* CLOCK_??? */, {4525, 189472251}) = 0
4018  08:22:38 clock_gettime(0x7 /* CLOCK_??? */, {4525, 189507185}) = 0
4018  08:22:38 select(7, [3 4], [], NULL, NULL) = 1 (in [4])
4018  08:22:39 clock_gettime(0x7 /* CLOCK_??? */, {4525, 940947361}) = 0
4018  08:22:39 read(4, "\r", 16384)     = 1
4018  08:22:39 clock_gettime(0x7 /* CLOCK_??? */, {4525, 940988902}) = 0
4018  08:22:39 clock_gettime(0x7 /* CLOCK_??? */, {4525, 941002070}) = 0
4018  08:22:39 select(7, [3 4], [3], NULL, NULL) = 1 (out [3])
4018  08:22:39 clock_gettime(0x7 /* CLOCK_??? */, {4525, 941042586}) = 0
4018  08:22:39 write(3, "\273;\326>\4U\244\244\30\10h\204\314\260\331Xz\333\311S\365H\251\344\214\300\301\327\224N\10\346"..., 36) = 36
4018  08:22:39 clock_gettime(0x7 /* CLOCK_??? */, {4525, 941144792}) = 0
4018  08:22:39 clock_gettime(0x7 /* CLOCK_??? */, {4525, 941158983}) = 0
4018  08:22:39 select(7, [3 4], [], NULL, NULL) = 1 (in [3])
4018  08:22:39 clock_gettime(0x7 /* CLOCK_??? */, {4525, 942310894}) = 0
4018  08:22:39 read(3, "\366\16\7\250\350\274u\261~\243.\33\341\3\216I-\254\27\227p\374\373\351yXx/<\327\301\267"..., 8192) = 124
4018  08:22:39 clock_gettime(0x7 /* CLOCK_??? */, {4525, 942351513}) = 0
4018  08:22:39 clock_gettime(0x7 /* CLOCK_??? */, {4525, 942364696}) = 0
4018  08:22:39 select(7, [3 4], [5], NULL, NULL) = 1 (out [5])
4018  08:22:39 clock_gettime(0x7 /* CLOCK_??? */, {4525, 942396624}) = 0
4018  08:22:39 write(5, "\r\33[?25l\33[39;1H\33[K\33[39;1H\33[?1l\33>\33"..., 88) = 88
4018  08:22:39 clock_gettime(0x7 /* CLOCK_??? */, {4525, 942427645}) = 0
4018  08:22:39 clock_gettime(0x7 /* CLOCK_??? */, {4525, 942440326}) = 0
4018  08:22:39 select(7, [3 4], [], NULL, NULL) = 1 (in [4])
4018  08:22:41 clock_gettime(0x7 /* CLOCK_??? */, {4527, 634790673}) = 0
4018  08:22:41 read(4, "e", 16384)      = 1
4018  08:22:41 clock_gettime(0x7 /* CLOCK_??? */, {4527, 634895439}) = 0
4018  08:22:41 clock_gettime(0x7 /* CLOCK_??? */, {4527, 634931049}) = 0
4018  08:22:41 select(7, [3 4], [3], NULL, NULL) = 1 (out [3])
4018  08:22:41 clock_gettime(0x7 /* CLOCK_??? */, {4527, 635015393}) = 0
4018  08:22:41 write(3, "[4K\365\200+D\367-\323%t\365\204\23\332*>\301;\320\206\27\t\213Z+\240\236\266\265\357"..., 36) = 36
4018  08:22:41 clock_gettime(0x7 /* CLOCK_??? */, {4527, 635299185}) = 0
4018  08:22:41 clock_gettime(0x7 /* CLOCK_??? */, {4527, 635337006}) = 0
4018  08:22:41 select(7, [3 4], [], NULL, NULL) = 1 (in [3])
4018  08:22:41 clock_gettime(0x7 /* CLOCK_??? */, {4527, 635901348}) = 0
4018  08:22:41 read(3, "\323\335\264\3u\260zU\241?\266\315+J\2518\212\260\241\20\377h\23o0\371H\320\207G]\345"..., 8192) = 36
4018  08:22:41 clock_gettime(0x7 /* CLOCK_??? */, {4527, 636002723}) = 0
4018  08:22:41 clock_gettime(0x7 /* CLOCK_??? */, {4527, 636038862}) = 0
4018  08:22:41 select(7, [3 4], [5], NULL, NULL) = 1 (out [5])
4018  08:22:41 clock_gettime(0x7 /* CLOCK_??? */, {4527, 636204348}) = 0
4018  08:22:41 write(5, "e", 1)         = 1
4018  08:22:41 clock_gettime(0x7 /* CLOCK_??? */, {4527, 636287087}) = 0
4018  08:22:41 clock_gettime(0x7 /* CLOCK_??? */, {4527, 636322618}) = 0
4018  08:22:41 select(7, [3 4], [], NULL, NULL) = 1 (in [4])
4018  08:22:41 clock_gettime(0x7 /* CLOCK_??? */, {4527, 911182815}) = 0
4018  08:22:41 read(4, "x", 16384)      = 1
4018  08:22:41 clock_gettime(0x7 /* CLOCK_??? */, {4527, 911253038}) = 0
4018  08:22:41 clock_gettime(0x7 /* CLOCK_??? */, {4527, 911276142}) = 0
4018  08:22:41 select(7, [3 4], [3], NULL, NULL) = 1 (out [3])
4018  08:22:41 clock_gettime(0x7 /* CLOCK_??? */, {4527, 911330482}) = 0
4018  08:22:41 write(3, "\215 \326l\257n\256\364\200\314R\221{.T\361)zz\224\31hw\330{\240\311\241\226\331\240\10"..., 36) = 36
4018  08:22:41 clock_gettime(0x7 /* CLOCK_??? */, {4527, 911491957}) = 0
4018  08:22:41 clock_gettime(0x7 /* CLOCK_??? */, {4527, 911516463}) = 0
4018  08:22:41 select(7, [3 4], [], NULL, NULL) = 1 (in [3])
4018  08:22:41 clock_gettime(0x7 /* CLOCK_??? */, {4527, 911946765}) = 0
4018  08:22:41 read(3, "\305\331\202a\3520\230\307\267]\251\253@\250\10 7`\275\327]\351\343\243\250BeR\v\306\377\1"..., 8192) = 36
4018  08:22:41 clock_gettime(0x7 /* CLOCK_??? */, {4527, 912013009}) = 0
4018  08:22:41 clock_gettime(0x7 /* CLOCK_??? */, {4527, 912036165}) = 0
4018  08:22:41 select(7, [3 4], [5], NULL, NULL) = 1 (out [5])
4018  08:22:41 clock_gettime(0x7 /* CLOCK_??? */, {4527, 912092025}) = 0
4018  08:22:41 write(5, "x", 1)         = 1
4018  08:22:41 clock_gettime(0x7 /* CLOCK_??? */, {4527, 912144448}) = 0
4018  08:22:41 clock_gettime(0x7 /* CLOCK_??? */, {4527, 912166785}) = 0
4018  08:22:41 select(7, [3 4], [], NULL, NULL) = 1 (in [4])
4018  08:22:41 clock_gettime(0x7 /* CLOCK_??? */, {4528, 126916942}) = 0
4018  08:22:41 read(4, "i", 16384)      = 1
4018  08:22:41 clock_gettime(0x7 /* CLOCK_??? */, {4528, 127023713}) = 0
4018  08:22:41 clock_gettime(0x7 /* CLOCK_??? */, {4528, 127059507}) = 0
4018  08:22:41 select(7, [3 4], [3], NULL, NULL) = 1 (out [3])
4018  08:22:41 clock_gettime(0x7 /* CLOCK_??? */, {4528, 127296013}) = 0
4018  08:22:41 write(3, "\214.\305\2277\276\"\371^\2266\10+*\2323S\272\307\204\3\2420O\24\237&\243\237\262\35\264"..., 36) = 36
4018  08:22:41 clock_gettime(0x7 /* CLOCK_??? */, {4528, 127532032}) = 0
4018  08:22:41 clock_gettime(0x7 /* CLOCK_??? */, {4528, 127572197}) = 0
4018  08:22:41 select(7, [3 4], [], NULL, NULL) = 1 (in [3])
4018  08:22:41 clock_gettime(0x7 /* CLOCK_??? */, {4528, 128249596}) = 0
4018  08:22:41 read(3, "\242\33\270\205r\356j\343\217\260\257\311\370\357\303\363<\22\234Ee\1L\206\267[\331.a\371\352\256"..., 8192) = 36
4018  08:22:41 clock_gettime(0x7 /* CLOCK_??? */, {4528, 128347137}) = 0
4018  08:22:41 clock_gettime(0x7 /* CLOCK_??? */, {4528, 128382682}) = 0
4018  08:22:41 select(7, [3 4], [5], NULL, NULL) = 1 (out [5])
4018  08:22:41 clock_gettime(0x7 /* CLOCK_??? */, {4528, 128465479}) = 0
4018  08:22:41 write(5, "i", 1)         = 1
4018  08:22:41 clock_gettime(0x7 /* CLOCK_??? */, {4528, 128547287}) = 0
4018  08:22:41 clock_gettime(0x7 /* CLOCK_??? */, {4528, 128581902}) = 0
4018  08:22:41 select(7, [3 4], [], NULL, NULL) = 1 (in [4])
4018  08:22:41 clock_gettime(0x7 /* CLOCK_??? */, {4528, 307353480}) = 0
4018  08:22:41 read(4, "t", 16384)      = 1
4018  08:22:41 clock_gettime(0x7 /* CLOCK_??? */, {4528, 307458528}) = 0
4018  08:22:41 clock_gettime(0x7 /* CLOCK_??? */, {4528, 307494040}) = 0
4018  08:22:41 select(7, [3 4], [3], NULL, NULL) = 1 (out [3])
4018  08:22:41 clock_gettime(0x7 /* CLOCK_??? */, {4528, 307578369}) = 0
4018  08:22:41 write(3, "\233D\35<\323\230\255\307r\224\343\7\326\203\277k(P\6\325\35h1\243a\24\271WY\314\233H"..., 36) = 36
4018  08:22:41 clock_gettime(0x7 /* CLOCK_??? */, {4528, 307795952}) = 0
4018  08:22:41 clock_gettime(0x7 /* CLOCK_??? */, {4528, 307834335}) = 0
4018  08:22:41 select(7, [3 4], [], NULL, NULL) = 1 (in [3])
4018  08:22:41 clock_gettime(0x7 /* CLOCK_??? */, {4528, 308460344}) = 0
4018  08:22:41 read(3, "\33\255\25\257\222\215?\270\4\27\240\314\352\16t\17\233\256\304\366\v\220\323t\314\270\302\376-\324v\245"..., 8192) = 36
4018  08:22:41 clock_gettime(0x7 /* CLOCK_??? */, {4528, 308560274}) = 0
4018  08:22:41 clock_gettime(0x7 /* CLOCK_??? */, {4528, 308596448}) = 0
4018  08:22:41 select(7, [3 4], [5], NULL, NULL) = 1 (out [5])
4018  08:22:41 clock_gettime(0x7 /* CLOCK_??? */, {4528, 308682502}) = 0
4018  08:22:41 write(5, "t", 1)         = 1
4018  08:22:41 clock_gettime(0x7 /* CLOCK_??? */, {4528, 309023899}) = 0
4018  08:22:41 clock_gettime(0x7 /* CLOCK_??? */, {4528, 309063921}) = 0
4018  08:22:41 select(7, [3 4], [], NULL, NULL) = 1 (in [4])
4018  08:22:42 clock_gettime(0x7 /* CLOCK_??? */, {4529, 310984672}) = 0
4018  08:22:42 read(4, "\r", 16384)     = 1
4018  08:22:42 clock_gettime(0x7 /* CLOCK_??? */, {4529, 311026383}) = 0
4018  08:22:42 clock_gettime(0x7 /* CLOCK_??? */, {4529, 311039613}) = 0
4018  08:22:42 select(7, [3 4], [3], NULL, NULL) = 1 (out [3])
4018  08:22:42 clock_gettime(0x7 /* CLOCK_??? */, {4529, 311070639}) = 0
4018  08:22:42 write(3, "\350E\364\353t\365?\3311,\216pe\247X\2HRhv\311;t\360+\241$\f\\\231Ic"..., 36) = 36
4018  08:22:42 clock_gettime(0x7 /* CLOCK_??? */, {4529, 311176308}) = 0
4018  08:22:42 clock_gettime(0x7 /* CLOCK_??? */, {4529, 311190425}) = 0
4018  08:22:42 select(7, [3 4], [], NULL, NULL) = 1 (in [3])
4018  08:22:42 clock_gettime(0x7 /* CLOCK_??? */, {4529, 311918809}) = 0
4018  08:22:42 read(3, "\\B\323\360i+\354T\3\7:N|U\346\35131f\341\24\251\365\n#\246\3148\341\307g|"..., 8192) = 220
4018  08:22:42 close(4)                 = 0
4018  08:22:42 clock_gettime(0x7 /* CLOCK_??? */, {4529, 311979864}) = 0
4018  08:22:42 clock_gettime(0x7 /* CLOCK_??? */, {4529, 311993037}) = 0
4018  08:22:42 select(7, [3], [5], NULL, NULL) = 1 (out [5])
4018  08:22:42 clock_gettime(0x7 /* CLOCK_??? */, {4529, 312038583}) = 0
4018  08:22:42 write(5, "\r\n\347\231\273\345\207\272\r\n", 10) = 10
4018  08:22:42 clock_gettime(0x7 /* CLOCK_??? */, {4529, 312069793}) = 0
4018  08:22:42 clock_gettime(0x7 /* CLOCK_??? */, {4529, 312082664}) = 0
4018  08:22:42 close(5)                 = 0
4018  08:22:42 ioctl(0, SNDCTL_TMR_STOP or SNDRV_TIMER_IOCTL_GINFO or TCSETSW, {B38400 opost isig icanon echo ...}) = 0
4018  08:22:42 close(6)                 = 0
4018  08:22:42 select(7, [3], [3], NULL, NULL) = 1 (out [3])
4018  08:22:42 clock_gettime(0x7 /* CLOCK_??? */, {4529, 312215822}) = 0
4018  08:22:42 write(3, "N\306\352\322l;\330;:+\243R\362\323\326\353\2?<\317\250Wh\204\364\362\36\271\345\370\32\333"..., 36) = 36
4018  08:22:42 rt_sigaction(SIGWINCH, NULL, {0x7fe51a5f6c80, [], SA_RESTORER, 0x7fe5191dd250}, 8) = 0
4018  08:22:42 rt_sigaction(SIGWINCH, {SIG_DFL, [], SA_RESTORER, 0x7fe5191dd250}, NULL, 8) = 0
4018  08:22:42 write(3, "?\\1\245T\32425,\245\264\341\333\312\222\350\337'\213;\346iUB\304G\240{0$\241L"..., 60) = 60
4018  08:22:42 ioctl(0, SNDCTL_TMR_TIMEBASE or SNDRV_TIMER_IOCTL_NEXT_DEVICE or TCGETS, {B38400 opost isig icanon echo ...}) = 0
4018  08:22:42 ioctl(1, SNDCTL_TMR_TIMEBASE or SNDRV_TIMER_IOCTL_NEXT_DEVICE or TCGETS, {B38400 opost isig icanon echo ...}) = 0
4018  08:22:42 ioctl(2, SNDCTL_TMR_TIMEBASE or SNDRV_TIMER_IOCTL_NEXT_DEVICE or TCGETS, {B38400 opost isig icanon echo ...}) = 0
4018  08:22:42 write(2, "Connection to 192.168.47.133 clo"..., 38) = 38
4018  08:22:42 shutdown(3, SHUT_RDWR)   = 0
4018  08:22:42 close(3)                 = 0
4018  08:22:42 write(1, "session_tag f5l20z791u", 22) = 22
4018  08:22:42 exit_group(0)            = ?
4018  08:22:42 +++ exited with 0 +++
