2956  07:22:24 select(4, [3], NULL, NULL, NULL) = 1 (in [3])
2956  07:22:24 read(3, "\0\0\1\4\v\37\0\0\0h\0\0\0\23ecdsa-sha2-nistp25"..., 8192) = 280
2956  07:22:24 open("/root/.ssh/known_hosts", O_RDONLY) = 4
2956  07:22:24 fstat(4, {st_mode=S_IFREG|0644, st_size=583, ...}) = 0
2956  07:22:24 mmap(NULL, 4096, PROT_READ|PROT_WRITE, MAP_PRIVATE|MAP_ANONYMOUS, -1, 0) = 0x7f244ff14000
2956  07:22:24 read(4, "192.168.47.133 ecdsa-sha2-nistp2"..., 4096) = 583
2956  07:22:24 read(4, "", 4096)        = 0
2956  07:22:24 close(4)                 = 0
2956  07:22:24 munmap(0x7f244ff14000, 4096) = 0
2956  07:22:24 open("/root/.ssh/known_hosts2", O_RDONLY) = -1 ENOENT (No such file or directory)
2956  07:22:24 open("/usr/local/openssh/etc/ssh_known_hosts", O_RDONLY) = -1 ENOENT (No such file or directory)
2956  07:22:24 open("/usr/local/openssh/etc/ssh_known_hosts2", O_RDONLY) = -1 ENOENT (No such file or directory)
2956  07:22:24 clock_gettime(0x7 /* CLOCK_??? */, {911, 17392637}) = 0
2956  07:22:24 write(3, "\0\0\0\f\n\25\0\0\0\0\0\0\0\0\0\0", 16) = 16
2956  07:22:24 write(3, "\260\201\210~\241x:\n\7\34\201\6\325q\22\v\206k\250\273\210pqC\25d\21,\235\300x%"..., 44) = 44
2956  07:22:24 select(4, [3], NULL, NULL, NULL) = 1 (in [3])
2956  07:22:24 read(3, "\24\241`+\271\25\331\212\203d\302[\343$0\252\303\372\264H\227\270W\204\264Nz\346\321cn\362"..., 8192) = 44
2956  07:22:24 write(3, "\222\36\312\305\16\342\330\321/.\240\343\205\204\251\vK+\277J\267)\254\317/~\232pO\277\226\""..., 68) = 68
2956  07:22:24 select(4, [3], NULL, NULL, NULL) = 1 (in [3])
2956  07:22:24 read(3, "\273r\302\305\200\206p\33\233L0\304\36M\345\304kakq\246\232C\342~\236\235CE+\376!"..., 8192) = 84
2956  07:22:24 stat("/root/.ssh/id_rsa", 0x7ffc79583170) = -1 ENOENT (No such file or directory)
2956  07:22:24 stat("/root/.ssh/id_dsa", 0x7ffc79583170) = -1 ENOENT (No such file or directory)
2956  07:22:24 stat("/root/.ssh/id_ecdsa", 0x7ffc79583170) = -1 ENOENT (No such file or directory)
2956  07:22:24 stat("/root/.ssh/id_ed25519", 0x7ffc79583170) = -1 ENOENT (No such file or directory)
2956  07:22:24 open("/dev/tty", O_RDWR) = 4
2956  07:22:24 close(4)                 = 0
2956  07:22:24 open("/dev/tty", O_RDWR) = 4
2956  07:22:24 ioctl(4, SNDCTL_TMR_TIMEBASE or SNDRV_TIMER_IOCTL_NEXT_DEVICE or TCGETS, {B38400 opost isig icanon echo ...}) = 0
2956  07:22:24 ioctl(4, SNDCTL_TMR_CONTINUE or SNDRV_TIMER_IOCTL_GPARAMS or TCSETSF, {B38400 opost isig icanon -echo ...}) = 0
2956  07:22:24 rt_sigaction(SIGALRM, {0x7f244ff850d0, [], SA_RESTORER, 0x7f244eb14250}, {SIG_DFL, [], 0}, 8) = 0
2956  07:22:24 rt_sigaction(SIGHUP, {0x7f244ff850d0, [], SA_RESTORER, 0x7f244eb14250}, {SIG_DFL, [], 0}, 8) = 0
2956  07:22:24 rt_sigaction(SIGINT, {0x7f244ff850d0, [], SA_RESTORER, 0x7f244eb14250}, {SIG_DFL, [], 0}, 8) = 0
2956  07:22:24 rt_sigaction(SIGPIPE, {0x7f244ff850d0, [], SA_RESTORER, 0x7f244eb14250}, {SIG_IGN, [], SA_RESTORER, 0x7f244eb14250}, 8) = 0
2956  07:22:24 rt_sigaction(SIGQUIT, {0x7f244ff850d0, [], SA_RESTORER, 0x7f244eb14250}, {SIG_DFL, [], 0}, 8) = 0
2956  07:22:24 rt_sigaction(SIGTERM, {0x7f244ff850d0, [], SA_RESTORER, 0x7f244eb14250}, {SIG_DFL, [], 0}, 8) = 0
2956  07:22:24 rt_sigaction(SIGTSTP, {0x7f244ff850d0, [], SA_RESTORER, 0x7f244eb14250}, {SIG_DFL, [], 0}, 8) = 0
2956  07:22:24 rt_sigaction(SIGTTIN, {0x7f244ff850d0, [], SA_RESTORER, 0x7f244eb14250}, {SIG_DFL, [], 0}, 8) = 0
2956  07:22:24 rt_sigaction(SIGTTOU, {0x7f244ff850d0, [], SA_RESTORER, 0x7f244eb14250}, {SIG_DFL, [], 0}, 8) = 0
2956  07:22:24 write(4, "jackboy@192.168.47.133's passwor"..., 35) = 35
2956  07:22:24 read(4, "1", 1)          = 1
2956  07:22:24 read(4, "2", 1)          = 1
2956  07:22:24 read(4, "3", 1)          = 1
2956  07:22:24 read(4, "4", 1)          = 1
2956  07:22:24 read(4, "5", 1)          = 1
2956  07:22:24 read(4, "6", 1)          = 1
2956  07:22:24 read(4, "\n", 1)         = 1
2956  07:22:24 write(4, "\n", 1)        = 1
2956  07:22:24 ioctl(4, SNDCTL_TMR_CONTINUE or SNDRV_TIMER_IOCTL_GPARAMS or TCSETSF, {B38400 opost isig icanon echo ...}) = 0
2956  07:22:24 rt_sigaction(SIGALRM, {SIG_DFL, [], SA_RESTORER, 0x7f244eb14250}, NULL, 8) = 0
2956  07:22:24 rt_sigaction(SIGHUP, {SIG_DFL, [], SA_RESTORER, 0x7f244eb14250}, NULL, 8) = 0
2956  07:22:24 rt_sigaction(SIGINT, {SIG_DFL, [], SA_RESTORER, 0x7f244eb14250}, NULL, 8) = 0
2956  07:22:24 rt_sigaction(SIGQUIT, {SIG_DFL, [], SA_RESTORER, 0x7f244eb14250}, NULL, 8) = 0
2956  07:22:24 rt_sigaction(SIGPIPE, {SIG_IGN, [], SA_RESTORER, 0x7f244eb14250}, NULL, 8) = 0
2956  07:22:24 rt_sigaction(SIGTERM, {SIG_DFL, [], SA_RESTORER, 0x7f244eb14250}, NULL, 8) = 0
2956  07:22:24 rt_sigaction(SIGTSTP, {SIG_DFL, [], SA_RESTORER, 0x7f244eb14250}, NULL, 8) = 0
2956  07:22:24 rt_sigaction(SIGTTIN, {SIG_DFL, [], SA_RESTORER, 0x7f244eb14250}, NULL, 8) = 0
2956  07:22:24 rt_sigaction(SIGTTOU, {SIG_DFL, [], SA_RESTORER, 0x7f244eb14250}, NULL, 8) = 0
2956  07:22:24 close(4)                 = 0
2956  07:22:24 write(3, "\r(\22l\313\246)\335*\225\357+\"?\372\2461\310\365~\5\235\204>\234\263\266\207S\\\355\230"..., 148) = 148
2956  07:22:24 select(4, [3], NULL, NULL, NULL) = 1 (in [3])
2956  07:22:24 read(3, "\347\235m\241\36*\324\33\370^\275/\235\341\365!X\214\300\376\267\346LD\213\327!0", 8192) = 28
2956  07:22:24 dup(0)                   = 4
2956  07:22:24 dup(1)                   = 5
2956  07:22:24 dup(2)                   = 6
2956  07:22:24 ioctl(4, SNDCTL_TMR_TIMEBASE or SNDRV_TIMER_IOCTL_NEXT_DEVICE or TCGETS, {B38400 opost isig icanon echo ...}) = 0
2956  07:22:24 ioctl(5, SNDCTL_TMR_TIMEBASE or SNDRV_TIMER_IOCTL_NEXT_DEVICE or TCGETS, {B38400 opost isig icanon echo ...}) = 0
2956  07:22:24 ioctl(6, SNDCTL_TMR_TIMEBASE or SNDRV_TIMER_IOCTL_NEXT_DEVICE or TCGETS, {B38400 opost isig icanon echo ...}) = 0
2956  07:22:24 fcntl(4, F_SETFD, FD_CLOEXEC) = 0
2956  07:22:24 fcntl(5, F_SETFD, FD_CLOEXEC) = 0
2956  07:22:24 fcntl(6, F_SETFD, FD_CLOEXEC) = 0
2956  07:22:24 rt_sigaction(SIGHUP, NULL, {SIG_DFL, [], SA_RESTORER, 0x7f244eb14250}, 8) = 0
2956  07:22:24 rt_sigaction(SIGHUP, {SIG_IGN, [], SA_RESTORER, 0x7f244eb14250}, NULL, 8) = 0
2956  07:22:24 rt_sigaction(SIGHUP, NULL, {SIG_IGN, [], SA_RESTORER, 0x7f244eb14250}, 8) = 0
2956  07:22:24 rt_sigaction(SIGHUP, {0x7f244ff2d9f0, [], SA_RESTORER, 0x7f244eb14250}, NULL, 8) = 0
2956  07:22:24 rt_sigaction(SIGINT, NULL, {SIG_DFL, [], SA_RESTORER, 0x7f244eb14250}, 8) = 0
2956  07:22:24 rt_sigaction(SIGINT, {SIG_IGN, [], SA_RESTORER, 0x7f244eb14250}, NULL, 8) = 0
2956  07:22:24 rt_sigaction(SIGINT, NULL, {SIG_IGN, [], SA_RESTORER, 0x7f244eb14250}, 8) = 0
2956  07:22:24 rt_sigaction(SIGINT, {0x7f244ff2d9f0, [], SA_RESTORER, 0x7f244eb14250}, NULL, 8) = 0
2956  07:22:24 rt_sigaction(SIGQUIT, NULL, {SIG_DFL, [], SA_RESTORER, 0x7f244eb14250}, 8) = 0
2956  07:22:24 rt_sigaction(SIGQUIT, {SIG_IGN, [], SA_RESTORER, 0x7f244eb14250}, NULL, 8) = 0
2956  07:22:24 rt_sigaction(SIGQUIT, NULL, {SIG_IGN, [], SA_RESTORER, 0x7f244eb14250}, 8) = 0
2956  07:22:24 rt_sigaction(SIGQUIT, {0x7f244ff2d9f0, [], SA_RESTORER, 0x7f244eb14250}, NULL, 8) = 0
2956  07:22:24 rt_sigaction(SIGTERM, NULL, {SIG_DFL, [], SA_RESTORER, 0x7f244eb14250}, 8) = 0
2956  07:22:24 rt_sigaction(SIGTERM, {SIG_IGN, [], SA_RESTORER, 0x7f244eb14250}, NULL, 8) = 0
2956  07:22:24 rt_sigaction(SIGTERM, NULL, {SIG_IGN, [], SA_RESTORER, 0x7f244eb14250}, 8) = 0
2956  07:22:24 rt_sigaction(SIGTERM, {0x7f244ff2d9f0, [], SA_RESTORER, 0x7f244eb14250}, NULL, 8) = 0
2956  07:22:24 rt_sigaction(SIGWINCH, NULL, {SIG_DFL, [], 0}, 8) = 0
2956  07:22:24 rt_sigaction(SIGWINCH, {0x7f244ff2dc80, [], SA_RESTORER, 0x7f244eb14250}, NULL, 8) = 0
2956  07:22:24 ioctl(0, SNDCTL_TMR_TIMEBASE or SNDRV_TIMER_IOCTL_NEXT_DEVICE or TCGETS, {B38400 opost isig icanon echo ...}) = 0
2956  07:22:24 ioctl(0, SNDCTL_TMR_STOP or SNDRV_TIMER_IOCTL_GINFO or TCSETSW, {B38400 -opost -isig -icanon -echo ...}) = 0
2956  07:22:24 clock_gettime(0x7 /* CLOCK_??? */, {911, 154464566}) = 0
2956  07:22:24 clock_gettime(0x7 /* CLOCK_??? */, {911, 154490296}) = 0
2956  07:22:24 select(7, [3], [3], NULL, NULL) = 1 (out [3])
2956  07:22:24 clock_gettime(0x7 /* CLOCK_??? */, {911, 154543257}) = 0
2956  07:22:24 write(3, "\321C>#\252\205\224\206\300\320@\374\237\2\306\325\252|\f\216P\232=\r#J\375M3\253\276q"..., 112) = 112
2956  07:22:24 clock_gettime(0x7 /* CLOCK_??? */, {911, 154712888}) = 0
2956  07:22:24 clock_gettime(0x7 /* CLOCK_??? */, {911, 154737049}) = 0
2956  07:22:24 select(7, [3], [], NULL, NULL) = 1 (in [3])
2956  07:22:24 clock_gettime(0x7 /* CLOCK_??? */, {911, 197756148}) = 0
2956  07:22:24 read(3, "\225\356@\344\251I\334F\306tl\307[\203\261\346w\367\234\220\331@\233l\323\232\262\341\325-\37N"..., 8192) = 44
2956  07:22:24 getsockopt(3, SOL_TCP, TCP_NODELAY, [0], [4]) = 0
2956  07:22:24 setsockopt(3, SOL_TCP, TCP_NODELAY, [1], 4) = 0
2956  07:22:24 getsockname(3, {sa_family=AF_INET, sin_port=htons(49988), sin_addr=inet_addr("192.168.47.139")}, [16]) = 0
2956  07:22:24 setsockopt(3, SOL_IP, IP_TOS, [16], 4) = 0
2956  07:22:24 ioctl(0, TIOCGWINSZ, {ws_row=39, ws_col=170, ws_xpixel=0, ws_ypixel=0}) = 0
2956  07:22:24 clock_gettime(0x7 /* CLOCK_??? */, {911, 197898716}) = 0
2956  07:22:24 clock_gettime(0x7 /* CLOCK_??? */, {911, 197910912}) = 0
2956  07:22:24 select(7, [3], [3], NULL, NULL) = 1 (out [3])
2956  07:22:24 clock_gettime(0x7 /* CLOCK_??? */, {911, 197938268}) = 0
2956  07:22:24 write(3, "\360\210\272\1Q\360\rZ\220[\265\25\342\252\330\241\374\0\236\274\344\267sl\37X\230%\314Vt,"..., 376) = 376
2956  07:22:24 clock_gettime(0x7 /* CLOCK_??? */, {911, 198089299}) = 0
2956  07:22:24 clock_gettime(0x7 /* CLOCK_??? */, {911, 198102131}) = 0
2956  07:22:24 select(7, [3], [], NULL, NULL) = 1 (in [3])
2956  07:22:24 clock_gettime(0x7 /* CLOCK_??? */, {911, 202414902}) = 0
2956  07:22:24 read(3, "\370\313ps\205I\312]\21I\6\205\244\261Z\305y\35\202B6\vk}_\272=&\307\211\204Z"..., 8192) = 208
2956  07:22:24 clock_gettime(0x7 /* CLOCK_??? */, {911, 202535101}) = 0
2956  07:22:24 clock_gettime(0x7 /* CLOCK_??? */, {911, 202548413}) = 0
2956  07:22:24 select(7, [3 4], [5], NULL, NULL) = 1 (out [5])
2956  07:22:24 clock_gettime(0x7 /* CLOCK_??? */, {911, 202586294}) = 0
2956  07:22:24 write(5, "Last login: Fri Aug 11 15:20:01 "..., 59) = 59
2956  07:22:24 clock_gettime(0x7 /* CLOCK_??? */, {911, 202827245}) = 0
2956  07:22:24 clock_gettime(0x7 /* CLOCK_??? */, {911, 202840807}) = 0
2956  07:22:24 select(7, [3 4], [], NULL, NULL) = 1 (in [3])
2956  07:22:24 clock_gettime(0x7 /* CLOCK_??? */, {911, 301680331}) = 0
2956  07:22:24 read(3, "\201\261d\374\203\374\254\f\f\336{\21OP\260B\225l\223\23z\351\256\33\30\330\254v\257^\\\372"..., 8192) = 84
2956  07:22:24 clock_gettime(0x7 /* CLOCK_??? */, {911, 301720187}) = 0
2956  07:22:24 clock_gettime(0x7 /* CLOCK_??? */, {911, 301731870}) = 0
2956  07:22:24 select(7, [3 4], [5], NULL, NULL) = 1 (out [5])
2956  07:22:24 clock_gettime(0x7 /* CLOCK_??? */, {911, 301760690}) = 0
2956  07:22:24 write(5, "\33]0;jackboy@Jack:~\7\33[?1034h[jack"..., 45) = 45
2956  07:22:24 clock_gettime(0x7 /* CLOCK_??? */, {911, 301920858}) = 0
2956  07:22:24 clock_gettime(0x7 /* CLOCK_??? */, {911, 301934215}) = 0
2956  07:22:24 select(7, [3 4], [], NULL, NULL) = 1 (in [4])
2956  07:22:30 clock_gettime(0x7 /* CLOCK_??? */, {916, 417286817}) = 0
2956  07:22:30 read(4, "l", 16384)      = 1
2956  07:22:30 clock_gettime(0x7 /* CLOCK_??? */, {916, 417429185}) = 0
2956  07:22:30 clock_gettime(0x7 /* CLOCK_??? */, {916, 417521955}) = 0
2956  07:22:30 select(7, [3 4], [3], NULL, NULL) = 1 (out [3])
2956  07:22:30 clock_gettime(0x7 /* CLOCK_??? */, {916, 417634863}) = 0
2956  07:22:30 write(3, "f\327A\322c\33&\210\366Zl\356\223\226\374\331\3551\364\376h\220h\335\16\305\341\350\342\263\7\200"..., 36) = 36
2956  07:22:30 clock_gettime(0x7 /* CLOCK_??? */, {916, 417888186}) = 0
2956  07:22:30 clock_gettime(0x7 /* CLOCK_??? */, {916, 417936182}) = 0
2956  07:22:30 select(7, [3 4], [], NULL, NULL) = 1 (in [3])
2956  07:22:30 clock_gettime(0x7 /* CLOCK_??? */, {916, 418856942}) = 0
2956  07:22:30 read(3, "\5;\206\370\306\200=)\245u\265\305\200E\344d\355\266-\340\231\16\10\267\t\3516\310\377\177f\361"..., 8192) = 36
2956  07:22:30 clock_gettime(0x7 /* CLOCK_??? */, {916, 418984478}) = 0
2956  07:22:30 clock_gettime(0x7 /* CLOCK_??? */, {916, 419029318}) = 0
2956  07:22:30 select(7, [3 4], [5], NULL, NULL) = 1 (out [5])
2956  07:22:30 clock_gettime(0x7 /* CLOCK_??? */, {916, 419164163}) = 0
2956  07:22:30 write(5, "l", 1)         = 1
2956  07:22:30 clock_gettime(0x7 /* CLOCK_??? */, {916, 419266418}) = 0
2956  07:22:30 clock_gettime(0x7 /* CLOCK_??? */, {916, 419311009}) = 0
2956  07:22:30 select(7, [3 4], [], NULL, NULL) = 1 (in [4])
2956  07:22:30 clock_gettime(0x7 /* CLOCK_??? */, {916, 523123262}) = 0
2956  07:22:30 read(4, "s", 16384)      = 1
2956  07:22:30 clock_gettime(0x7 /* CLOCK_??? */, {916, 523269036}) = 0
2956  07:22:30 clock_gettime(0x7 /* CLOCK_??? */, {916, 523314767}) = 0
2956  07:22:30 select(7, [3 4], [3], NULL, NULL) = 1 (out [3])
2956  07:22:30 clock_gettime(0x7 /* CLOCK_??? */, {916, 523503826}) = 0
2956  07:22:30 write(3, "\336H\236d&p\256\260]\221V\226\20'\220\345\n\247\20<;\35\205\207\265\335\344\365>F\342\226"..., 36) = 36
2956  07:22:30 clock_gettime(0x7 /* CLOCK_??? */, {916, 523761779}) = 0
2956  07:22:30 clock_gettime(0x7 /* CLOCK_??? */, {916, 523809455}) = 0
2956  07:22:30 select(7, [3 4], [], NULL, NULL) = 1 (in [3])
2956  07:22:30 clock_gettime(0x7 /* CLOCK_??? */, {916, 524729344}) = 0
2956  07:22:30 read(3, "]\25\304\34G\333\2\34b\370\n\35\334_}\351\260T\357\307\\\270\316\265\34\274wM\3778\342\304"..., 8192) = 36
2956  07:22:30 clock_gettime(0x7 /* CLOCK_??? */, {916, 524854390}) = 0
2956  07:22:30 clock_gettime(0x7 /* CLOCK_??? */, {916, 524898971}) = 0
2956  07:22:30 select(7, [3 4], [5], NULL, NULL) = 1 (out [5])
2956  07:22:30 clock_gettime(0x7 /* CLOCK_??? */, {916, 525007648}) = 0
2956  07:22:30 write(5, "s", 1)         = 1
2956  07:22:30 clock_gettime(0x7 /* CLOCK_??? */, {916, 525108152}) = 0
2956  07:22:30 clock_gettime(0x7 /* CLOCK_??? */, {916, 525151049}) = 0
2956  07:22:30 select(7, [3 4], [], NULL, NULL) = 1 (in [4])
2956  07:22:30 clock_gettime(0x7 /* CLOCK_??? */, {916, 723414262}) = 0
2956  07:22:30 read(4, "\r", 16384)     = 1
2956  07:22:30 clock_gettime(0x7 /* CLOCK_??? */, {916, 723457203}) = 0
2956  07:22:30 clock_gettime(0x7 /* CLOCK_??? */, {916, 723470696}) = 0
2956  07:22:30 select(7, [3 4], [3], NULL, NULL) = 1 (out [3])
2956  07:22:30 clock_gettime(0x7 /* CLOCK_??? */, {916, 723502155}) = 0
2956  07:22:30 write(3, "1\2\6\22\276\365\310h\330E\324!$\375:O\373\302L\34\267\324O\344YR]\236\201\344AF"..., 36) = 36
2956  07:22:30 clock_gettime(0x7 /* CLOCK_??? */, {916, 723583027}) = 0
2956  07:22:30 clock_gettime(0x7 /* CLOCK_??? */, {916, 723597290}) = 0
2956  07:22:30 select(7, [3 4], [], NULL, NULL) = 1 (in [3])
2956  07:22:30 clock_gettime(0x7 /* CLOCK_??? */, {916, 724210222}) = 0
2956  07:22:30 read(3, "V\2450\326/\333i\347H\246\5\30029\245X\350G\7\24\200\354\20t\317\276\226h\371\202V\203"..., 8192) = 36
2956  07:22:30 clock_gettime(0x7 /* CLOCK_??? */, {916, 724248912}) = 0
2956  07:22:30 clock_gettime(0x7 /* CLOCK_??? */, {916, 724262506}) = 0
2956  07:22:30 select(7, [3 4], [5], NULL, NULL) = 1 (out [5])
2956  07:22:30 clock_gettime(0x7 /* CLOCK_??? */, {916, 724294441}) = 0
2956  07:22:30 write(5, "\r\n", 2)      = 2
2956  07:22:30 clock_gettime(0x7 /* CLOCK_??? */, {916, 724325002}) = 0
2956  07:22:30 clock_gettime(0x7 /* CLOCK_??? */, {916, 724338003}) = 0
2956  07:22:30 select(7, [3 4], [], NULL, NULL) = 1 (in [3])
2956  07:22:30 clock_gettime(0x7 /* CLOCK_??? */, {916, 725621655}) = 0
2956  07:22:30 read(3, "\210J\277#\204\240\265\374AYH\262JT\365w\344~\256\1\24\371\225 Q\27\7\271\n\355e\246"..., 8192) = 236
2956  07:22:30 clock_gettime(0x7 /* CLOCK_??? */, {916, 725667585}) = 0
2956  07:22:30 clock_gettime(0x7 /* CLOCK_??? */, {916, 725681286}) = 0
2956  07:22:30 select(7, [3 4], [5], NULL, NULL) = 1 (out [5])
2956  07:22:30 clock_gettime(0x7 /* CLOCK_??? */, {916, 725713737}) = 0
2956  07:22:30 write(5, "\33[0m\33[01;34m\345\205\254\345\205\261\33[0m  \33[01;34m"..., 201) = 201
2956  07:22:30 clock_gettime(0x7 /* CLOCK_??? */, {916, 725745945}) = 0
2956  07:22:30 clock_gettime(0x7 /* CLOCK_??? */, {916, 725759132}) = 0
2956  07:22:30 select(7, [3 4], [], NULL, NULL) = 1 (in [4])
2956  07:22:31 clock_gettime(0x7 /* CLOCK_??? */, {917, 622830252}) = 0
2956  07:22:31 read(4, "e", 16384)      = 1
2956  07:22:31 clock_gettime(0x7 /* CLOCK_??? */, {917, 623018854}) = 0
2956  07:22:31 clock_gettime(0x7 /* CLOCK_??? */, {917, 623067291}) = 0
2956  07:22:31 select(7, [3 4], [3], NULL, NULL) = 1 (out [3])
2956  07:22:31 clock_gettime(0x7 /* CLOCK_??? */, {917, 623176909}) = 0
2956  07:22:31 write(3, "\320\262CFx\331\2-\3769\223^\2708\2071\fN\345? \fQ\354>\376\371\213\234\344\3638"..., 36) = 36
2956  07:22:31 clock_gettime(0x7 /* CLOCK_??? */, {917, 623455932}) = 0
2956  07:22:31 clock_gettime(0x7 /* CLOCK_??? */, {917, 623503369}) = 0
2956  07:22:31 select(7, [3 4], [], NULL, NULL) = 1 (in [3])
2956  07:22:31 clock_gettime(0x7 /* CLOCK_??? */, {917, 624326007}) = 0
2956  07:22:31 read(3, "<Y\247D\0\242\2777\253\204\366\7lBd\211Y\23\2011'\366\247`2\231\211DR\271p\31"..., 8192) = 36
2956  07:22:31 clock_gettime(0x7 /* CLOCK_??? */, {917, 624453261}) = 0
2956  07:22:31 clock_gettime(0x7 /* CLOCK_??? */, {917, 624498149}) = 0
2956  07:22:31 select(7, [3 4], [5], NULL, NULL) = 1 (out [5])
2956  07:22:31 clock_gettime(0x7 /* CLOCK_??? */, {917, 624604126}) = 0
2956  07:22:31 write(5, "e", 1)         = 1
2956  07:22:31 clock_gettime(0x7 /* CLOCK_??? */, {917, 625033971}) = 0
2956  07:22:31 clock_gettime(0x7 /* CLOCK_??? */, {917, 625084725}) = 0
2956  07:22:31 select(7, [3 4], [], NULL, NULL) = 1 (in [4])
2956  07:22:31 clock_gettime(0x7 /* CLOCK_??? */, {917, 938605767}) = 0
2956  07:22:31 read(4, "x", 16384)      = 1
2956  07:22:31 clock_gettime(0x7 /* CLOCK_??? */, {917, 938651156}) = 0
2956  07:22:31 clock_gettime(0x7 /* CLOCK_??? */, {917, 938665613}) = 0
2956  07:22:31 select(7, [3 4], [3], NULL, NULL) = 1 (out [3])
2956  07:22:31 clock_gettime(0x7 /* CLOCK_??? */, {917, 938699306}) = 0
2956  07:22:31 write(3, "B|Ar<\201\1\320\351t#u\21Y:`\250N&\33<\343\224\265\312\274\r\375]yg\240"..., 36) = 36
2956  07:22:31 clock_gettime(0x7 /* CLOCK_??? */, {917, 938785008}) = 0
2956  07:22:31 clock_gettime(0x7 /* CLOCK_??? */, {917, 938800678}) = 0
2956  07:22:31 select(7, [3 4], [], NULL, NULL) = 1 (in [3])
2956  07:22:31 clock_gettime(0x7 /* CLOCK_??? */, {917, 939156334}) = 0
2956  07:22:31 read(3, "\343H\351`6w\37\236\201;\356wm\2031\202&x[\213\23\311\206\3\377\270\271\262\31\252\312\326"..., 8192) = 36
2956  07:22:31 clock_gettime(0x7 /* CLOCK_??? */, {917, 939211138}) = 0
2956  07:22:31 clock_gettime(0x7 /* CLOCK_??? */, {917, 939225508}) = 0
2956  07:22:31 select(7, [3 4], [5], NULL, NULL) = 1 (out [5])
2956  07:22:31 clock_gettime(0x7 /* CLOCK_??? */, {917, 939260341}) = 0
2956  07:22:31 write(5, "x", 1)         = 1
2956  07:22:31 clock_gettime(0x7 /* CLOCK_??? */, {917, 939420862}) = 0
2956  07:22:31 clock_gettime(0x7 /* CLOCK_??? */, {917, 939437074}) = 0
2956  07:22:31 select(7, [3 4], [], NULL, NULL) = 1 (in [4])
2956  07:22:31 clock_gettime(0x7 /* CLOCK_??? */, {918, 124911619}) = 0
2956  07:22:31 read(4, "i", 16384)      = 1
2956  07:22:31 clock_gettime(0x7 /* CLOCK_??? */, {918, 125041635}) = 0
2956  07:22:31 clock_gettime(0x7 /* CLOCK_??? */, {918, 125086662}) = 0
2956  07:22:31 select(7, [3 4], [3], NULL, NULL) = 1 (out [3])
2956  07:22:31 clock_gettime(0x7 /* CLOCK_??? */, {918, 125278010}) = 0
2956  07:22:31 write(3, "\213\355\326\312s4Hj\355i\310\262\2B?dh\3477\355~{Jr\245\20\315\34J\26l:"..., 36) = 36
2956  07:22:31 clock_gettime(0x7 /* CLOCK_??? */, {918, 125530164}) = 0
2956  07:22:31 clock_gettime(0x7 /* CLOCK_??? */, {918, 125577756}) = 0
2956  07:22:31 select(7, [3 4], [], NULL, NULL) = 1 (in [3])
2956  07:22:31 clock_gettime(0x7 /* CLOCK_??? */, {918, 126356137}) = 0
2956  07:22:31 read(3, "\231H\304\376\31\274\2151=]\256\375iO7-\36N\222#\4\335'\363\347x/\344\370\257\367u"..., 8192) = 36
2956  07:22:31 clock_gettime(0x7 /* CLOCK_??? */, {918, 126481120}) = 0
2956  07:22:31 clock_gettime(0x7 /* CLOCK_??? */, {918, 126525394}) = 0
2956  07:22:31 select(7, [3 4], [5], NULL, NULL) = 1 (out [5])
2956  07:22:31 clock_gettime(0x7 /* CLOCK_??? */, {918, 126632286}) = 0
2956  07:22:31 write(5, "i", 1)         = 1
2956  07:22:31 clock_gettime(0x7 /* CLOCK_??? */, {918, 127039157}) = 0
2956  07:22:31 clock_gettime(0x7 /* CLOCK_??? */, {918, 127088307}) = 0
2956  07:22:31 select(7, [3 4], [], NULL, NULL) = 1 (in [4])
2956  07:22:31 clock_gettime(0x7 /* CLOCK_??? */, {918, 301496068}) = 0
2956  07:22:31 read(4, "t", 16384)      = 1
2956  07:22:31 clock_gettime(0x7 /* CLOCK_??? */, {918, 301625598}) = 0
2956  07:22:31 clock_gettime(0x7 /* CLOCK_??? */, {918, 301670270}) = 0
2956  07:22:31 select(7, [3 4], [3], NULL, NULL) = 1 (out [3])
2956  07:22:31 clock_gettime(0x7 /* CLOCK_??? */, {918, 301825371}) = 0
2956  07:22:31 write(3, "\371\221Z\311Y?\356H\225\2,=A~\201q\34\360\305\374\t\276\316z\230\356^\vE\23\2 "..., 36) = 36
2956  07:22:31 clock_gettime(0x7 /* CLOCK_??? */, {918, 302080272}) = 0
2956  07:22:31 clock_gettime(0x7 /* CLOCK_??? */, {918, 302128073}) = 0
2956  07:22:31 select(7, [3 4], [], NULL, NULL) = 1 (in [3])
2956  07:22:31 clock_gettime(0x7 /* CLOCK_??? */, {918, 302863071}) = 0
2956  07:22:31 read(3, "\265\5y=s\216\221|%$\3440\225sk\202\317g\254\261\324-\314[\34q,\"\236\326\2171"..., 8192) = 36
2956  07:22:31 clock_gettime(0x7 /* CLOCK_??? */, {918, 302987769}) = 0
2956  07:22:31 clock_gettime(0x7 /* CLOCK_??? */, {918, 303032362}) = 0
2956  07:22:31 select(7, [3 4], [5], NULL, NULL) = 1 (out [5])
2956  07:22:31 clock_gettime(0x7 /* CLOCK_??? */, {918, 303140261}) = 0
2956  07:22:31 write(5, "t", 1)         = 1
2956  07:22:31 clock_gettime(0x7 /* CLOCK_??? */, {918, 303556507}) = 0
2956  07:22:31 clock_gettime(0x7 /* CLOCK_??? */, {918, 303605824}) = 0
2956  07:22:31 select(7, [3 4], [], NULL, NULL) = 1 (in [4])
2956  07:22:32 clock_gettime(0x7 /* CLOCK_??? */, {918, 948047720}) = 0
2956  07:22:32 read(4, "\r", 16384)     = 1
2956  07:22:32 clock_gettime(0x7 /* CLOCK_??? */, {918, 948090022}) = 0
2956  07:22:32 clock_gettime(0x7 /* CLOCK_??? */, {918, 948103429}) = 0
2956  07:22:32 select(7, [3 4], [3], NULL, NULL) = 1 (out [3])
2956  07:22:32 clock_gettime(0x7 /* CLOCK_??? */, {918, 948134879}) = 0
2956  07:22:32 write(3, "?\231W\357?\367\r\253\317\267\206\346\22\22KU\352\343\270N\263\227\31\267\177\206\37\240\33451\305"..., 36) = 36
2956  07:22:32 clock_gettime(0x7 /* CLOCK_??? */, {918, 948227436}) = 0
2956  07:22:32 clock_gettime(0x7 /* CLOCK_??? */, {918, 948241708}) = 0
2956  07:22:32 select(7, [3 4], [], NULL, NULL) = 1 (in [3])
2956  07:22:32 clock_gettime(0x7 /* CLOCK_??? */, {918, 949030291}) = 0
2956  07:22:32 read(3, "\363}\363L\225\300cYH(n7\353\256\267\227\254:`\2166\7\363\201\1UWM\275\307\4\307"..., 8192) = 220
2956  07:22:32 close(4)                 = 0
2956  07:22:32 clock_gettime(0x7 /* CLOCK_??? */, {918, 949097005}) = 0
2956  07:22:32 clock_gettime(0x7 /* CLOCK_??? */, {918, 949110557}) = 0
2956  07:22:32 select(7, [3], [5], NULL, NULL) = 1 (out [5])
2956  07:22:32 clock_gettime(0x7 /* CLOCK_??? */, {918, 949163758}) = 0
2956  07:22:32 write(5, "\r\n\347\231\273\345\207\272\r\n", 10) = 10
2956  07:22:32 clock_gettime(0x7 /* CLOCK_??? */, {918, 949336508}) = 0
2956  07:22:32 clock_gettime(0x7 /* CLOCK_??? */, {918, 949351238}) = 0
2956  07:22:32 close(5)                 = 0
2956  07:22:32 ioctl(0, SNDCTL_TMR_STOP or SNDRV_TIMER_IOCTL_GINFO or TCSETSW, {B38400 opost isig icanon echo ...}) = 0
2956  07:22:32 close(6)                 = 0
2956  07:22:32 select(7, [3], [3], NULL, NULL) = 1 (out [3])
2956  07:22:32 clock_gettime(0x7 /* CLOCK_??? */, {918, 949443700}) = 0
2956  07:22:32 write(3, "\304\30I\303\27\251c\334{\2239\320\322\217\314\232\177\2532\2426\266\211\312f S\35@\32\235\345"..., 36) = 36
2956  07:22:32 rt_sigaction(SIGWINCH, NULL, {0x7f244ff2dc80, [], SA_RESTORER, 0x7f244eb14250}, 8) = 0
2956  07:22:32 rt_sigaction(SIGWINCH, {SIG_DFL, [], SA_RESTORER, 0x7f244eb14250}, NULL, 8) = 0
2956  07:22:32 write(3, "\370\266\317d\253\375I\327\275\24\200\27\373\23\336\313\310\206\22\210\364\224\33\236\306fr\\\17H\311\235"..., 60) = 60
2956  07:22:32 ioctl(0, SNDCTL_TMR_TIMEBASE or SNDRV_TIMER_IOCTL_NEXT_DEVICE or TCGETS, {B38400 opost isig icanon echo ...}) = 0
2956  07:22:32 ioctl(1, SNDCTL_TMR_TIMEBASE or SNDRV_TIMER_IOCTL_NEXT_DEVICE or TCGETS, {B38400 opost isig icanon echo ...}) = 0
2956  07:22:32 ioctl(2, SNDCTL_TMR_TIMEBASE or SNDRV_TIMER_IOCTL_NEXT_DEVICE or TCGETS, {B38400 opost isig icanon echo ...}) = 0
2956  07:22:32 write(2, "Connection to 192.168.47.133 clo"..., 38) = 38
2956  07:22:32 shutdown(3, SHUT_RDWR)   = 0
2956  07:22:32 close(3)                 = 0
2956  07:22:32 write(1, "session_tag dp0cv3qw96", 22) = 22
2956  07:22:32 exit_group(0)            = ?
2956  07:22:32 +++ exited with 0 +++
