3006  07:23:09 select(4, [3], NULL, NULL, NULL) = 1 (in [3])
3006  07:23:09 read(3, "S\275\0_xOx\366\31\231J\337\266\310z8\341\235\244\245\215\333|\306\4\5\0%\27\265n\346"..., 8192) = 44
3006  07:23:09 write(3, "t]\331\257C\305\261c\237\234,\207\366\214N\256i\310\21k\367\301\346\207\313\217\330z\267\313bH"..., 68) = 68
3006  07:23:09 select(4, [3], NULL, NULL, NULL) = 1 (in [3])
3006  07:23:09 read(3, "\237Y\206$\255\207\250\273\3131\4\35\23Jc\2465\"\324\271C\253\226\211\335J\323 \311\222\27\244"..., 8192) = 84
3006  07:23:09 stat("/root/.ssh/id_rsa", 0x7ffcdbb390e0) = -1 ENOENT (No such file or directory)
3006  07:23:09 stat("/root/.ssh/id_dsa", 0x7ffcdbb390e0) = -1 ENOENT (No such file or directory)
3006  07:23:09 stat("/root/.ssh/id_ecdsa", 0x7ffcdbb390e0) = -1 ENOENT (No such file or directory)
3006  07:23:09 stat("/root/.ssh/id_ed25519", 0x7ffcdbb390e0) = -1 ENOENT (No such file or directory)
3006  07:23:09 open("/dev/tty", O_RDWR) = 4
3006  07:23:09 close(4)                 = 0
3006  07:23:09 open("/dev/tty", O_RDWR) = 4
3006  07:23:09 ioctl(4, SNDCTL_TMR_TIMEBASE or SNDRV_TIMER_IOCTL_NEXT_DEVICE or TCGETS, {B38400 opost isig icanon echo ...}) = 0
3006  07:23:09 ioctl(4, SNDCTL_TMR_CONTINUE or SNDRV_TIMER_IOCTL_GPARAMS or TCSETSF, {B38400 opost isig icanon -echo ...}) = 0
3006  07:23:09 rt_sigaction(SIGALRM, {0x7f957e7f70d0, [], SA_RESTORER, 0x7f957d386250}, {SIG_DFL, [], 0}, 8) = 0
3006  07:23:09 rt_sigaction(SIGHUP, {0x7f957e7f70d0, [], SA_RESTORER, 0x7f957d386250}, {SIG_DFL, [], 0}, 8) = 0
3006  07:23:09 rt_sigaction(SIGINT, {0x7f957e7f70d0, [], SA_RESTORER, 0x7f957d386250}, {SIG_DFL, [], 0}, 8) = 0
3006  07:23:09 rt_sigaction(SIGPIPE, {0x7f957e7f70d0, [], SA_RESTORER, 0x7f957d386250}, {SIG_IGN, [], SA_RESTORER, 0x7f957d386250}, 8) = 0
3006  07:23:09 rt_sigaction(SIGQUIT, {0x7f957e7f70d0, [], SA_RESTORER, 0x7f957d386250}, {SIG_DFL, [], 0}, 8) = 0
3006  07:23:09 rt_sigaction(SIGTERM, {0x7f957e7f70d0, [], SA_RESTORER, 0x7f957d386250}, {SIG_DFL, [], 0}, 8) = 0
3006  07:23:09 rt_sigaction(SIGTSTP, {0x7f957e7f70d0, [], SA_RESTORER, 0x7f957d386250}, {SIG_DFL, [], 0}, 8) = 0
3006  07:23:09 rt_sigaction(SIGTTIN, {0x7f957e7f70d0, [], SA_RESTORER, 0x7f957d386250}, {SIG_DFL, [], 0}, 8) = 0
3006  07:23:09 rt_sigaction(SIGTTOU, {0x7f957e7f70d0, [], SA_RESTORER, 0x7f957d386250}, {SIG_DFL, [], 0}, 8) = 0
3006  07:23:09 write(4, "jackboy@192.168.47.133's passwor"..., 35) = 35
3006  07:23:09 read(4, "1", 1)          = 1
3006  07:23:09 read(4, "2", 1)          = 1
3006  07:23:09 read(4, "3", 1)          = 1
3006  07:23:09 read(4, "4", 1)          = 1
3006  07:23:09 read(4, "5", 1)          = 1
3006  07:23:09 read(4, "6", 1)          = 1
3006  07:23:09 read(4, "\n", 1)         = 1
3006  07:23:09 write(4, "\n", 1)        = 1
3006  07:23:09 ioctl(4, SNDCTL_TMR_CONTINUE or SNDRV_TIMER_IOCTL_GPARAMS or TCSETSF, {B38400 opost isig icanon echo ...}) = 0
3006  07:23:09 rt_sigaction(SIGALRM, {SIG_DFL, [], SA_RESTORER, 0x7f957d386250}, NULL, 8) = 0
3006  07:23:09 rt_sigaction(SIGHUP, {SIG_DFL, [], SA_RESTORER, 0x7f957d386250}, NULL, 8) = 0
3006  07:23:09 rt_sigaction(SIGINT, {SIG_DFL, [], SA_RESTORER, 0x7f957d386250}, NULL, 8) = 0
3006  07:23:09 rt_sigaction(SIGQUIT, {SIG_DFL, [], SA_RESTORER, 0x7f957d386250}, NULL, 8) = 0
3006  07:23:09 rt_sigaction(SIGPIPE, {SIG_IGN, [], SA_RESTORER, 0x7f957d386250}, NULL, 8) = 0
3006  07:23:09 rt_sigaction(SIGTERM, {SIG_DFL, [], SA_RESTORER, 0x7f957d386250}, NULL, 8) = 0
3006  07:23:09 rt_sigaction(SIGTSTP, {SIG_DFL, [], SA_RESTORER, 0x7f957d386250}, NULL, 8) = 0
3006  07:23:09 rt_sigaction(SIGTTIN, {SIG_DFL, [], SA_RESTORER, 0x7f957d386250}, NULL, 8) = 0
3006  07:23:09 rt_sigaction(SIGTTOU, {SIG_DFL, [], SA_RESTORER, 0x7f957d386250}, NULL, 8) = 0
3006  07:23:09 close(4)                 = 0
3006  07:23:09 write(3, "\273\362\3\375\314\210\v\21\265\f\2703\5m\353[\2312\366\334\332\317\223\262\224\312\372\321\16\353\214\5"..., 148) = 148
3006  07:23:09 select(4, [3], NULL, NULL, NULL) = 1 (in [3])
3006  07:23:09 read(3, "\257\314\270\357K_\212r\227*\363G\372\22\322\377&\233\331c\213\333JL\305}&X", 8192) = 28
3006  07:23:09 dup(0)                   = 4
3006  07:23:09 dup(1)                   = 5
3006  07:23:09 dup(2)                   = 6
3006  07:23:09 ioctl(4, SNDCTL_TMR_TIMEBASE or SNDRV_TIMER_IOCTL_NEXT_DEVICE or TCGETS, {B38400 opost isig icanon echo ...}) = 0
3006  07:23:09 ioctl(5, SNDCTL_TMR_TIMEBASE or SNDRV_TIMER_IOCTL_NEXT_DEVICE or TCGETS, {B38400 opost isig icanon echo ...}) = 0
3006  07:23:09 ioctl(6, SNDCTL_TMR_TIMEBASE or SNDRV_TIMER_IOCTL_NEXT_DEVICE or TCGETS, {B38400 opost isig icanon echo ...}) = 0
3006  07:23:09 fcntl(4, F_SETFD, FD_CLOEXEC) = 0
3006  07:23:09 fcntl(5, F_SETFD, FD_CLOEXEC) = 0
3006  07:23:09 fcntl(6, F_SETFD, FD_CLOEXEC) = 0
3006  07:23:09 rt_sigaction(SIGHUP, NULL, {SIG_DFL, [], SA_RESTORER, 0x7f957d386250}, 8) = 0
3006  07:23:09 rt_sigaction(SIGHUP, {SIG_IGN, [], SA_RESTORER, 0x7f957d386250}, NULL, 8) = 0
3006  07:23:09 rt_sigaction(SIGHUP, NULL, {SIG_IGN, [], SA_RESTORER, 0x7f957d386250}, 8) = 0
3006  07:23:09 rt_sigaction(SIGHUP, {0x7f957e79f9f0, [], SA_RESTORER, 0x7f957d386250}, NULL, 8) = 0
3006  07:23:09 rt_sigaction(SIGINT, NULL, {SIG_DFL, [], SA_RESTORER, 0x7f957d386250}, 8) = 0
3006  07:23:09 rt_sigaction(SIGINT, {SIG_IGN, [], SA_RESTORER, 0x7f957d386250}, NULL, 8) = 0
3006  07:23:09 rt_sigaction(SIGINT, NULL, {SIG_IGN, [], SA_RESTORER, 0x7f957d386250}, 8) = 0
3006  07:23:09 rt_sigaction(SIGINT, {0x7f957e79f9f0, [], SA_RESTORER, 0x7f957d386250}, NULL, 8) = 0
3006  07:23:09 rt_sigaction(SIGQUIT, NULL, {SIG_DFL, [], SA_RESTORER, 0x7f957d386250}, 8) = 0
3006  07:23:09 rt_sigaction(SIGQUIT, {SIG_IGN, [], SA_RESTORER, 0x7f957d386250}, NULL, 8) = 0
3006  07:23:09 rt_sigaction(SIGQUIT, NULL, {SIG_IGN, [], SA_RESTORER, 0x7f957d386250}, 8) = 0
3006  07:23:09 rt_sigaction(SIGQUIT, {0x7f957e79f9f0, [], SA_RESTORER, 0x7f957d386250}, NULL, 8) = 0
3006  07:23:09 rt_sigaction(SIGTERM, NULL, {SIG_DFL, [], SA_RESTORER, 0x7f957d386250}, 8) = 0
3006  07:23:09 rt_sigaction(SIGTERM, {SIG_IGN, [], SA_RESTORER, 0x7f957d386250}, NULL, 8) = 0
3006  07:23:09 rt_sigaction(SIGTERM, NULL, {SIG_IGN, [], SA_RESTORER, 0x7f957d386250}, 8) = 0
3006  07:23:09 rt_sigaction(SIGTERM, {0x7f957e79f9f0, [], SA_RESTORER, 0x7f957d386250}, NULL, 8) = 0
3006  07:23:09 rt_sigaction(SIGWINCH, NULL, {SIG_DFL, [], 0}, 8) = 0
3006  07:23:09 rt_sigaction(SIGWINCH, {0x7f957e79fc80, [], SA_RESTORER, 0x7f957d386250}, NULL, 8) = 0
3006  07:23:09 ioctl(0, SNDCTL_TMR_TIMEBASE or SNDRV_TIMER_IOCTL_NEXT_DEVICE or TCGETS, {B38400 opost isig icanon echo ...}) = 0
3006  07:23:09 ioctl(0, SNDCTL_TMR_STOP or SNDRV_TIMER_IOCTL_GINFO or TCSETSW, {B38400 -opost -isig -icanon -echo ...}) = 0
3006  07:23:09 clock_gettime(0x7 /* CLOCK_??? */, {955, 561012225}) = 0
3006  07:23:09 clock_gettime(0x7 /* CLOCK_??? */, {955, 561034503}) = 0
3006  07:23:09 select(7, [3], [3], NULL, NULL) = 1 (out [3])
3006  07:23:09 clock_gettime(0x7 /* CLOCK_??? */, {955, 561079085}) = 0
3006  07:23:09 write(3, "\376\340\312\324\31\17:Y=\361\203\311\345j*\256\303M\257\307\201G\216\271\255=\vP&\3\230X"..., 112) = 112
3006  07:23:09 clock_gettime(0x7 /* CLOCK_??? */, {955, 561206880}) = 0
3006  07:23:09 clock_gettime(0x7 /* CLOCK_??? */, {955, 561226081}) = 0
3006  07:23:09 select(7, [3], [], NULL, NULL) = 1 (in [3])
3006  07:23:09 clock_gettime(0x7 /* CLOCK_??? */, {955, 585401401}) = 0
3006  07:23:09 read(3, "\341h\367:\326\216\205\354\232\243,,\260\325P\327\20\201C'\231D\211E7\334.\326\32\361a "..., 8192) = 44
3006  07:23:09 getsockopt(3, SOL_TCP, TCP_NODELAY, [0], [4]) = 0
3006  07:23:09 setsockopt(3, SOL_TCP, TCP_NODELAY, [1], 4) = 0
3006  07:23:09 getsockname(3, {sa_family=AF_INET, sin_port=htons(49990), sin_addr=inet_addr("192.168.47.139")}, [16]) = 0
3006  07:23:09 setsockopt(3, SOL_IP, IP_TOS, [16], 4) = 0
3006  07:23:09 ioctl(0, TIOCGWINSZ, {ws_row=39, ws_col=170, ws_xpixel=0, ws_ypixel=0}) = 0
3006  07:23:09 clock_gettime(0x7 /* CLOCK_??? */, {955, 585547144}) = 0
3006  07:23:09 clock_gettime(0x7 /* CLOCK_??? */, {955, 585559253}) = 0
3006  07:23:09 select(7, [3], [3], NULL, NULL) = 1 (out [3])
3006  07:23:09 clock_gettime(0x7 /* CLOCK_??? */, {955, 585586970}) = 0
3006  07:23:09 write(3, "8\330(\377Q]\201\37\217\221\37,o\334{\231\312*\243\376\244\322\365\202\2\0006\354\4\360\270\361"..., 376) = 376
3006  07:23:09 clock_gettime(0x7 /* CLOCK_??? */, {955, 585685028}) = 0
3006  07:23:09 clock_gettime(0x7 /* CLOCK_??? */, {955, 585697792}) = 0
3006  07:23:09 select(7, [3], [], NULL, NULL) = 1 (in [3])
3006  07:23:09 clock_gettime(0x7 /* CLOCK_??? */, {955, 601449602}) = 0
3006  07:23:09 read(3, "g\332\343\"*\27v_=d\252vL\373\4\276\236x\266#\272%;Gd?iB\26\207Mc"..., 8192) = 208
3006  07:23:09 clock_gettime(0x7 /* CLOCK_??? */, {955, 601543514}) = 0
3006  07:23:09 clock_gettime(0x7 /* CLOCK_??? */, {955, 601556345}) = 0
3006  07:23:09 select(7, [3 4], [5], NULL, NULL) = 1 (out [5])
3006  07:23:09 clock_gettime(0x7 /* CLOCK_??? */, {955, 601589462}) = 0
3006  07:23:09 write(5, "Last login: Fri Aug 11 15:22:22 "..., 59) = 59
3006  07:23:09 clock_gettime(0x7 /* CLOCK_??? */, {955, 601866529}) = 0
3006  07:23:09 clock_gettime(0x7 /* CLOCK_??? */, {955, 601881405}) = 0
3006  07:23:09 select(7, [3 4], [], NULL, NULL) = 1 (in [3])
3006  07:23:09 clock_gettime(0x7 /* CLOCK_??? */, {955, 687178257}) = 0
3006  07:23:09 read(3, "\230\343\r3\377\215\210#\214j\35L\222\370\213\342~\371\223\214JX/\270>\204D\334\376\332*\214"..., 8192) = 84
3006  07:23:09 clock_gettime(0x7 /* CLOCK_??? */, {955, 687217491}) = 0
3006  07:23:09 clock_gettime(0x7 /* CLOCK_??? */, {955, 687229329}) = 0
3006  07:23:09 select(7, [3 4], [5], NULL, NULL) = 1 (out [5])
3006  07:23:09 clock_gettime(0x7 /* CLOCK_??? */, {955, 687274775}) = 0
3006  07:23:09 write(5, "\33]0;jackboy@Jack:~\7\33[?1034h[jack"..., 45) = 45
3006  07:23:09 clock_gettime(0x7 /* CLOCK_??? */, {955, 687438717}) = 0
3006  07:23:09 clock_gettime(0x7 /* CLOCK_??? */, {955, 687451954}) = 0
3006  07:23:09 select(7, [3 4], [], NULL, NULL) = 1 (in [4])
3006  07:23:11 clock_gettime(0x7 /* CLOCK_??? */, {958, 86971784}) = 0
3006  07:23:11 read(4, "l", 16384)      = 1
3006  07:23:11 clock_gettime(0x7 /* CLOCK_??? */, {958, 87232494}) = 0
3006  07:23:11 clock_gettime(0x7 /* CLOCK_??? */, {958, 87283187}) = 0
3006  07:23:11 select(7, [3 4], [3], NULL, NULL) = 1 (out [3])
3006  07:23:11 clock_gettime(0x7 /* CLOCK_??? */, {958, 87393370}) = 0
3006  07:23:11 write(3, "\330K\257%\217p\237\213\230#\276\5\273\353\267\t\27\230+$\324\23\221\350\301I0\5\253_\3631"..., 36) = 36
3006  07:23:11 clock_gettime(0x7 /* CLOCK_??? */, {958, 87630491}) = 0
3006  07:23:11 clock_gettime(0x7 /* CLOCK_??? */, {958, 87677193}) = 0
3006  07:23:11 select(7, [3 4], [], NULL, NULL) = 1 (in [3])
3006  07:23:11 clock_gettime(0x7 /* CLOCK_??? */, {958, 88503966}) = 0
3006  07:23:11 read(3, "\202\375\325\345\350\373\313\304\32\3274`&\256'\361\35\225\34_\276\25\3046T\213\240\364bf\327\375"..., 8192) = 36
3006  07:23:11 clock_gettime(0x7 /* CLOCK_??? */, {958, 88628009}) = 0
3006  07:23:11 clock_gettime(0x7 /* CLOCK_??? */, {958, 88672247}) = 0
3006  07:23:11 select(7, [3 4], [5], NULL, NULL) = 1 (out [5])
3006  07:23:11 clock_gettime(0x7 /* CLOCK_??? */, {958, 88777223}) = 0
3006  07:23:11 write(5, "l", 1)         = 1
3006  07:23:11 clock_gettime(0x7 /* CLOCK_??? */, {958, 89223865}) = 0
3006  07:23:11 clock_gettime(0x7 /* CLOCK_??? */, {958, 89272770}) = 0
3006  07:23:11 select(7, [3 4], [], NULL, NULL) = 1 (in [4])
3006  07:23:11 clock_gettime(0x7 /* CLOCK_??? */, {958, 235356975}) = 0
3006  07:23:11 read(4, "s", 16384)      = 1
3006  07:23:11 clock_gettime(0x7 /* CLOCK_??? */, {958, 235690659}) = 0
3006  07:23:11 clock_gettime(0x7 /* CLOCK_??? */, {958, 235749591}) = 0
3006  07:23:11 select(7, [3 4], [3], NULL, NULL) = 1 (out [3])
3006  07:23:11 clock_gettime(0x7 /* CLOCK_??? */, {958, 235859266}) = 0
3006  07:23:11 write(3, "\342\252a\302\310\347\225\223wL\371P\271\0Q\371U\270)\246i/\264\377\254\220K\300\244\2679("..., 36) = 36
3006  07:23:11 clock_gettime(0x7 /* CLOCK_??? */, {958, 236144500}) = 0
3006  07:23:11 clock_gettime(0x7 /* CLOCK_??? */, {958, 236191329}) = 0
3006  07:23:11 select(7, [3 4], [], NULL, NULL) = 1 (in [3])
3006  07:23:11 clock_gettime(0x7 /* CLOCK_??? */, {958, 236861773}) = 0
3006  07:23:11 read(3, "l\265\4\321\302\20DK\265.\272\252\362?-\253fh\364P\303K\251\324\3674\273\346\275je\237"..., 8192) = 36
3006  07:23:11 clock_gettime(0x7 /* CLOCK_??? */, {958, 237012720}) = 0
3006  07:23:11 clock_gettime(0x7 /* CLOCK_??? */, {958, 237057220}) = 0
3006  07:23:11 select(7, [3 4], [5], NULL, NULL) = 1 (out [5])
3006  07:23:11 clock_gettime(0x7 /* CLOCK_??? */, {958, 237162406}) = 0
3006  07:23:11 write(5, "s", 1)         = 1
3006  07:23:11 clock_gettime(0x7 /* CLOCK_??? */, {958, 237622654}) = 0
3006  07:23:11 clock_gettime(0x7 /* CLOCK_??? */, {958, 237671244}) = 0
3006  07:23:11 select(7, [3 4], [], NULL, NULL) = 1 (in [4])
3006  07:23:12 clock_gettime(0x7 /* CLOCK_??? */, {958, 412320694}) = 0
3006  07:23:12 read(4, "\r", 16384)     = 1
3006  07:23:12 clock_gettime(0x7 /* CLOCK_??? */, {958, 412362687}) = 0
3006  07:23:12 clock_gettime(0x7 /* CLOCK_??? */, {958, 412376204}) = 0
3006  07:23:12 select(7, [3 4], [3], NULL, NULL) = 1 (out [3])
3006  07:23:12 clock_gettime(0x7 /* CLOCK_??? */, {958, 412407469}) = 0
3006  07:23:12 write(3, "\177\201\243\245~\20\342\377\203\270`yz\232\210z+\304OJ10z\10\264\314\4\216\350\366\365a"..., 36) = 36
3006  07:23:12 clock_gettime(0x7 /* CLOCK_??? */, {958, 412506016}) = 0
3006  07:23:12 clock_gettime(0x7 /* CLOCK_??? */, {958, 412520003}) = 0
3006  07:23:12 select(7, [3 4], [], NULL, NULL) = 1 (in [3])
3006  07:23:12 clock_gettime(0x7 /* CLOCK_??? */, {958, 413067677}) = 0
3006  07:23:12 read(3, "\201/\"V\241\227\207U\300\233;\322vb4\32P\347\272\10\263wt\326\361\304\274\247}\33\201\207"..., 8192) = 36
3006  07:23:12 clock_gettime(0x7 /* CLOCK_??? */, {958, 413121181}) = 0
3006  07:23:12 clock_gettime(0x7 /* CLOCK_??? */, {958, 413134876}) = 0
3006  07:23:12 select(7, [3 4], [5], NULL, NULL) = 1 (out [5])
3006  07:23:12 clock_gettime(0x7 /* CLOCK_??? */, {958, 413167830}) = 0
3006  07:23:12 write(5, "\r\n", 2)      = 2
3006  07:23:12 clock_gettime(0x7 /* CLOCK_??? */, {958, 413337092}) = 0
3006  07:23:12 clock_gettime(0x7 /* CLOCK_??? */, {958, 413351825}) = 0
3006  07:23:12 select(7, [3 4], [], NULL, NULL) = 1 (in [3])
3006  07:23:12 clock_gettime(0x7 /* CLOCK_??? */, {958, 414459559}) = 0
3006  07:23:12 read(3, "\300\331}W\323\230\260\254y\304\v\204}\310\251\3677\326<:1\205p\206\27\200X\216\342?L\312"..., 8192) = 236
3006  07:23:12 clock_gettime(0x7 /* CLOCK_??? */, {958, 414510614}) = 0
3006  07:23:12 clock_gettime(0x7 /* CLOCK_??? */, {958, 414524213}) = 0
3006  07:23:12 select(7, [3 4], [5], NULL, NULL) = 1 (out [5])
3006  07:23:12 clock_gettime(0x7 /* CLOCK_??? */, {958, 414556123}) = 0
3006  07:23:12 write(5, "\33[0m\33[01;34m\345\205\254\345\205\261\33[0m  \33[01;34m"..., 201) = 201
3006  07:23:12 clock_gettime(0x7 /* CLOCK_??? */, {958, 414726540}) = 0
3006  07:23:12 clock_gettime(0x7 /* CLOCK_??? */, {958, 414741419}) = 0
3006  07:23:12 select(7, [3 4], [], NULL, NULL) = 1 (in [4])
3006  07:23:13 clock_gettime(0x7 /* CLOCK_??? */, {959, 589141629}) = 0
3006  07:23:13 read(4, "e", 16384)      = 1
3006  07:23:13 clock_gettime(0x7 /* CLOCK_??? */, {959, 589270772}) = 0
3006  07:23:13 clock_gettime(0x7 /* CLOCK_??? */, {959, 589315499}) = 0
3006  07:23:13 select(7, [3 4], [3], NULL, NULL) = 1 (out [3])
3006  07:23:13 clock_gettime(0x7 /* CLOCK_??? */, {959, 589419852}) = 0
3006  07:23:13 write(3, "\236\305\237\306^\320H\234\340\265f\215d\257D\301G\230+\211\327w\365\2347\337zL\315\374-\203"..., 36) = 36
3006  07:23:13 clock_gettime(0x7 /* CLOCK_??? */, {959, 589752048}) = 0
3006  07:23:13 clock_gettime(0x7 /* CLOCK_??? */, {959, 589801594}) = 0
3006  07:23:13 select(7, [3 4], [], NULL, NULL) = 1 (in [3])
3006  07:23:13 clock_gettime(0x7 /* CLOCK_??? */, {959, 590787208}) = 0
3006  07:23:13 read(3, "9\20YW\2031K#\352\267T\354pb\232\30\321R\207l?&I\301\264T\353T\352\300\330+"..., 8192) = 36
3006  07:23:13 clock_gettime(0x7 /* CLOCK_??? */, {959, 590912869}) = 0
3006  07:23:13 clock_gettime(0x7 /* CLOCK_??? */, {959, 590957560}) = 0
3006  07:23:13 select(7, [3 4], [5], NULL, NULL) = 1 (out [5])
3006  07:23:13 clock_gettime(0x7 /* CLOCK_??? */, {959, 591066572}) = 0
3006  07:23:13 write(5, "e", 1)         = 1
3006  07:23:13 clock_gettime(0x7 /* CLOCK_??? */, {959, 591515275}) = 0
3006  07:23:13 clock_gettime(0x7 /* CLOCK_??? */, {959, 591565354}) = 0
3006  07:23:13 select(7, [3 4], [], NULL, NULL) = 1 (in [4])
3006  07:23:13 clock_gettime(0x7 /* CLOCK_??? */, {959, 942199478}) = 0
3006  07:23:13 read(4, "x", 16384)      = 1
3006  07:23:13 clock_gettime(0x7 /* CLOCK_??? */, {959, 942315769}) = 0
3006  07:23:13 clock_gettime(0x7 /* CLOCK_??? */, {959, 942356408}) = 0
3006  07:23:13 select(7, [3 4], [3], NULL, NULL) = 1 (out [3])
3006  07:23:13 clock_gettime(0x7 /* CLOCK_??? */, {959, 942450858}) = 0
3006  07:23:13 write(3, "\351%.\356=]-\6\377\33\243\31\207\355Z,\33+\364\276\351\22\256\331\267a\0r\364\234A~"..., 36) = 36
3006  07:23:13 clock_gettime(0x7 /* CLOCK_??? */, {959, 942716486}) = 0
3006  07:23:13 clock_gettime(0x7 /* CLOCK_??? */, {959, 942760138}) = 0
3006  07:23:13 select(7, [3 4], [], NULL, NULL) = 1 (in [3])
3006  07:23:13 clock_gettime(0x7 /* CLOCK_??? */, {959, 943490948}) = 0
3006  07:23:13 read(3, "\1\t\216\r$V\1!\r$\225>\245\274\4\316\206o\325\210[\277eWl\374\312M\305iq\263"..., 8192) = 36
3006  07:23:13 clock_gettime(0x7 /* CLOCK_??? */, {959, 943606891}) = 0
3006  07:23:13 clock_gettime(0x7 /* CLOCK_??? */, {959, 943646953}) = 0
3006  07:23:13 select(7, [3 4], [5], NULL, NULL) = 1 (out [5])
3006  07:23:13 clock_gettime(0x7 /* CLOCK_??? */, {959, 943743678}) = 0
3006  07:23:13 write(5, "x", 1)         = 1
3006  07:23:13 clock_gettime(0x7 /* CLOCK_??? */, {959, 944176996}) = 0
3006  07:23:13 clock_gettime(0x7 /* CLOCK_??? */, {959, 944222383}) = 0
3006  07:23:13 select(7, [3 4], [], NULL, NULL) = 1 (in [4])
3006  07:23:13 clock_gettime(0x7 /* CLOCK_??? */, {960, 211418745}) = 0
3006  07:23:13 read(4, "i", 16384)      = 1
3006  07:23:13 clock_gettime(0x7 /* CLOCK_??? */, {960, 211548294}) = 0
3006  07:23:13 clock_gettime(0x7 /* CLOCK_??? */, {960, 211593105}) = 0
3006  07:23:13 select(7, [3 4], [3], NULL, NULL) = 1 (out [3])
3006  07:23:13 clock_gettime(0x7 /* CLOCK_??? */, {960, 211754252}) = 0
3006  07:23:13 write(3, "\367\246\24\345\224\353u4\207\314D\253\347\252\254\220\234\201\250\277[d}\f\374)\215\331!\337ZM"..., 36) = 36
3006  07:23:13 clock_gettime(0x7 /* CLOCK_??? */, {960, 212018963}) = 0
3006  07:23:13 clock_gettime(0x7 /* CLOCK_??? */, {960, 212066648}) = 0
3006  07:23:13 select(7, [3 4], [], NULL, NULL) = 1 (in [3])
3006  07:23:13 clock_gettime(0x7 /* CLOCK_??? */, {960, 212769973}) = 0
3006  07:23:13 read(3, "E\315\255#\313\201[N;t?\304\34U\266#~nrgZ\223\323\2636\327V\221\237\224\315m"..., 8192) = 36
3006  07:23:13 clock_gettime(0x7 /* CLOCK_??? */, {960, 212893856}) = 0
3006  07:23:13 clock_gettime(0x7 /* CLOCK_??? */, {960, 212938358}) = 0
3006  07:23:13 select(7, [3 4], [5], NULL, NULL) = 1 (out [5])
3006  07:23:13 clock_gettime(0x7 /* CLOCK_??? */, {960, 213044443}) = 0
3006  07:23:13 write(5, "i", 1)         = 1
3006  07:23:13 clock_gettime(0x7 /* CLOCK_??? */, {960, 213498314}) = 0
3006  07:23:13 clock_gettime(0x7 /* CLOCK_??? */, {960, 213547828}) = 0
3006  07:23:13 select(7, [3 4], [], NULL, NULL) = 1 (in [4])
3006  07:23:14 clock_gettime(0x7 /* CLOCK_??? */, {960, 633202398}) = 0
3006  07:23:14 read(4, "t", 16384)      = 1
3006  07:23:14 clock_gettime(0x7 /* CLOCK_??? */, {960, 633331904}) = 0
3006  07:23:14 clock_gettime(0x7 /* CLOCK_??? */, {960, 633376244}) = 0
3006  07:23:14 select(7, [3 4], [3], NULL, NULL) = 1 (out [3])
3006  07:23:14 clock_gettime(0x7 /* CLOCK_??? */, {960, 633479667}) = 0
3006  07:23:14 write(3, "\373\366\331\263-\320\312V\2464|\23\332k\22\366\3\272*$U\7\212 X{Y\250\7\30>\375"..., 36) = 36
3006  07:23:14 clock_gettime(0x7 /* CLOCK_??? */, {960, 633766316}) = 0
3006  07:23:14 clock_gettime(0x7 /* CLOCK_??? */, {960, 633856637}) = 0
3006  07:23:14 select(7, [3 4], [], NULL, NULL) = 1 (in [3])
3006  07:23:14 clock_gettime(0x7 /* CLOCK_??? */, {960, 634526283}) = 0
3006  07:23:14 read(3, "J|\34\263^\342\302\0074P\27 OU\262\26\36\273\306\2551\210\377i2\6\251\265\16\310\2266"..., 8192) = 36
3006  07:23:14 clock_gettime(0x7 /* CLOCK_??? */, {960, 634720940}) = 0
3006  07:23:14 clock_gettime(0x7 /* CLOCK_??? */, {960, 634770625}) = 0
3006  07:23:14 select(7, [3 4], [5], NULL, NULL) = 1 (out [5])
3006  07:23:14 clock_gettime(0x7 /* CLOCK_??? */, {960, 634924279}) = 0
3006  07:23:14 write(5, "t", 1)         = 1
3006  07:23:14 clock_gettime(0x7 /* CLOCK_??? */, {960, 635350980}) = 0
3006  07:23:14 clock_gettime(0x7 /* CLOCK_??? */, {960, 635399488}) = 0
3006  07:23:14 select(7, [3 4], [], NULL, NULL) = 1 (in [4])
3006  07:23:14 clock_gettime(0x7 /* CLOCK_??? */, {961, 195609545}) = 0
3006  07:23:14 read(4, "\r", 16384)     = 1
3006  07:23:14 clock_gettime(0x7 /* CLOCK_??? */, {961, 195652061}) = 0
3006  07:23:14 clock_gettime(0x7 /* CLOCK_??? */, {961, 195665705}) = 0
3006  07:23:14 select(7, [3 4], [3], NULL, NULL) = 1 (out [3])
3006  07:23:14 clock_gettime(0x7 /* CLOCK_??? */, {961, 195697103}) = 0
3006  07:23:14 write(3, "8\264 \355\315\335x\337\342\207vN\277r\257\225t\253\336C\32\265K\t k\321sb\30% "..., 36) = 36
3006  07:23:14 clock_gettime(0x7 /* CLOCK_??? */, {961, 195780411}) = 0
3006  07:23:14 clock_gettime(0x7 /* CLOCK_??? */, {961, 195794430}) = 0
3006  07:23:14 select(7, [3 4], [], NULL, NULL) = 1 (in [3])
3006  07:23:14 clock_gettime(0x7 /* CLOCK_??? */, {961, 196567697}) = 0
3006  07:23:14 read(3, "\31U\301H\233P\252\312b?9\224\310\5\27%L\275\342\2338\5\20\360\230\265\3\332\204s\264t"..., 8192) = 220
3006  07:23:14 close(4)                 = 0
3006  07:23:14 clock_gettime(0x7 /* CLOCK_??? */, {961, 196634032}) = 0
3006  07:23:14 clock_gettime(0x7 /* CLOCK_??? */, {961, 196647311}) = 0
3006  07:23:14 select(7, [3], [5], NULL, NULL) = 1 (out [5])
3006  07:23:14 clock_gettime(0x7 /* CLOCK_??? */, {961, 196678573}) = 0
3006  07:23:14 write(5, "\r\n\347\231\273\345\207\272\r\n", 10) = 10
3006  07:23:14 clock_gettime(0x7 /* CLOCK_??? */, {961, 196851182}) = 0
3006  07:23:14 clock_gettime(0x7 /* CLOCK_??? */, {961, 196865932}) = 0
3006  07:23:14 close(5)                 = 0
3006  07:23:14 ioctl(0, SNDCTL_TMR_STOP or SNDRV_TIMER_IOCTL_GINFO or TCSETSW, {B38400 opost isig icanon echo ...}) = 0
3006  07:23:14 close(6)                 = 0
3006  07:23:14 select(7, [3], [3], NULL, NULL) = 1 (out [3])
3006  07:23:14 clock_gettime(0x7 /* CLOCK_??? */, {961, 196957016}) = 0
3006  07:23:14 write(3, "\263\374\177!\25\215\245\212\33}\276\31\2\0+\217\200\2\267\376Q\340\256+\233\315\275\241\257\273U\""..., 36) = 36
3006  07:23:14 rt_sigaction(SIGWINCH, NULL, {0x7f957e79fc80, [], SA_RESTORER, 0x7f957d386250}, 8) = 0
3006  07:23:14 rt_sigaction(SIGWINCH, {SIG_DFL, [], SA_RESTORER, 0x7f957d386250}, NULL, 8) = 0
3006  07:23:14 write(3, "8\270\3740 o)5D\242\245\317O\355\236\36h[\260\230\237y\17\373#&\10\253`p\271\224"..., 60) = 60
3006  07:23:14 ioctl(0, SNDCTL_TMR_TIMEBASE or SNDRV_TIMER_IOCTL_NEXT_DEVICE or TCGETS, {B38400 opost isig icanon echo ...}) = 0
3006  07:23:14 ioctl(1, SNDCTL_TMR_TIMEBASE or SNDRV_TIMER_IOCTL_NEXT_DEVICE or TCGETS, {B38400 opost isig icanon echo ...}) = 0
3006  07:23:14 ioctl(2, SNDCTL_TMR_TIMEBASE or SNDRV_TIMER_IOCTL_NEXT_DEVICE or TCGETS, {B38400 opost isig icanon echo ...}) = 0
3006  07:23:14 write(2, "Connection to 192.168.47.133 clo"..., 38) = 38
3006  07:23:14 shutdown(3, SHUT_RDWR)   = 0
3006  07:23:14 close(3)                 = 0
3006  07:23:14 write(1, "session_tag gvqsythcdr", 22) = 22
3006  07:23:14 exit_group(0)            = ?
3006  07:23:14 +++ exited with 0 +++
