26901 14:22:41 select(4, [3], NULL, NULL, NULL) = 1 (in [3])
26901 14:22:41 read(3, "\0\0\1\4\n\37\0\0\0h\0\0\0\23ecdsa-sha2-nistp25"..., 8192) = 280
26901 14:22:41 open("/root/.ssh/known_hosts", O_RDONLY) = 4
26901 14:22:41 fstat(4, {st_mode=S_IFREG|0644, st_size=176, ...}) = 0
26901 14:22:41 mmap(NULL, 4096, PROT_READ|PROT_WRITE, MAP_PRIVATE|MAP_ANONYMOUS, -1, 0) = 0x7fecac5c3000
26901 14:22:41 read(4, "192.168.47.133 ecdsa-sha2-nistp2"..., 4096) = 176
26901 14:22:41 read(4, "", 4096)        = 0
26901 14:22:41 close(4)                 = 0
26901 14:22:41 munmap(0x7fecac5c3000, 4096) = 0
26901 14:22:41 open("/root/.ssh/known_hosts2", O_RDONLY) = -1 ENOENT (No such file or directory)
26901 14:22:41 open("/usr/local/openssh/etc/ssh_known_hosts", O_RDONLY) = -1 ENOENT (No such file or directory)
26901 14:22:41 open("/usr/local/openssh/etc/ssh_known_hosts2", O_RDONLY) = -1 ENOENT (No such file or directory)
26901 14:22:41 clock_gettime(0x7 /* CLOCK_??? */, {15148, 686323892}) = 0
26901 14:22:41 write(3, "\0\0\0\f\n\25\0\0\0\0\0\0\0\0\0\0", 16) = 16
26901 14:22:41 write(3, "\37r\325\203\227\216\224\220\3464\362\32\221\234\24\215u]*\27\332\20\255Z\345\231\374\363h\f)\226"..., 44) = 44
26901 14:22:41 select(4, [3], NULL, NULL, NULL) = 1 (in [3])
26901 14:22:41 read(3, "z\357'\211\356\232\17733L\234\304\317\236\352l\25\262\224\3012s\257n|\376\310\242\30\315$\5"..., 8192) = 44
26901 14:22:41 write(3, "}\277\t\240\306\236\255\217\242\253\210\337 \231\0220\356\334\336M\307(\25\n\325b\311\307\350\220\300\16"..., 68) = 68
26901 14:22:41 select(4, [3], NULL, NULL, NULL) = 1 (in [3])
26901 14:22:41 read(3, "\371\"\215u|Ky\23*8m\253\324V\217~;\372]s\25\305\235 \324K\323\27m\363L\227"..., 8192) = 84
26901 14:22:41 stat("/root/.ssh/id_rsa", 0x7fffa7281c80) = -1 ENOENT (No such file or directory)
26901 14:22:41 stat("/root/.ssh/id_dsa", 0x7fffa7281c80) = -1 ENOENT (No such file or directory)
26901 14:22:41 stat("/root/.ssh/id_ecdsa", 0x7fffa7281c80) = -1 ENOENT (No such file or directory)
26901 14:22:41 stat("/root/.ssh/id_ed25519", 0x7fffa7281c80) = -1 ENOENT (No such file or directory)
26901 14:22:41 open("/dev/tty", O_RDWR) = 4
26901 14:22:41 close(4)                 = 0
26901 14:22:41 open("/dev/tty", O_RDWR) = 4
26901 14:22:41 ioctl(4, SNDCTL_TMR_TIMEBASE or SNDRV_TIMER_IOCTL_NEXT_DEVICE or TCGETS, {B38400 opost isig icanon echo ...}) = 0
26901 14:22:41 ioctl(4, SNDCTL_TMR_CONTINUE or SNDRV_TIMER_IOCTL_GPARAMS or TCSETSF, {B38400 opost isig icanon -echo ...}) = 0
26901 14:22:41 rt_sigaction(SIGALRM, {0x7fecac6340d0, [], SA_RESTORER, 0x7fecab1c3250}, {SIG_DFL, [], 0}, 8) = 0
26901 14:22:41 rt_sigaction(SIGHUP, {0x7fecac6340d0, [], SA_RESTORER, 0x7fecab1c3250}, {SIG_DFL, [], 0}, 8) = 0
26901 14:22:41 rt_sigaction(SIGINT, {0x7fecac6340d0, [], SA_RESTORER, 0x7fecab1c3250}, {SIG_DFL, [], 0}, 8) = 0
26901 14:22:41 rt_sigaction(SIGPIPE, {0x7fecac6340d0, [], SA_RESTORER, 0x7fecab1c3250}, {SIG_IGN, [], SA_RESTORER, 0x7fecab1c3250}, 8) = 0
26901 14:22:41 rt_sigaction(SIGQUIT, {0x7fecac6340d0, [], SA_RESTORER, 0x7fecab1c3250}, {SIG_DFL, [], 0}, 8) = 0
26901 14:22:41 rt_sigaction(SIGTERM, {0x7fecac6340d0, [], SA_RESTORER, 0x7fecab1c3250}, {SIG_DFL, [], 0}, 8) = 0
26901 14:22:41 rt_sigaction(SIGTSTP, {0x7fecac6340d0, [], SA_RESTORER, 0x7fecab1c3250}, {SIG_DFL, [], 0}, 8) = 0
26901 14:22:41 rt_sigaction(SIGTTIN, {0x7fecac6340d0, [], SA_RESTORER, 0x7fecab1c3250}, {SIG_DFL, [], 0}, 8) = 0
26901 14:22:41 rt_sigaction(SIGTTOU, {0x7fecac6340d0, [], SA_RESTORER, 0x7fecab1c3250}, {SIG_DFL, [], 0}, 8) = 0
26901 14:22:41 write(4, "jackboy@192.168.47.133's passwor"..., 35) = 35
26901 14:22:41 read(4, "1", 1)          = 1
26901 14:22:41 read(4, "2", 1)          = 1
26901 14:22:41 read(4, "3", 1)          = 1
26901 14:22:41 read(4, "4", 1)          = 1
26901 14:22:41 read(4, "5", 1)          = 1
26901 14:22:41 read(4, "6", 1)          = 1
26901 14:22:41 read(4, "\n", 1)         = 1
26901 14:22:41 write(4, "\n", 1)        = 1
26901 14:22:41 ioctl(4, SNDCTL_TMR_CONTINUE or SNDRV_TIMER_IOCTL_GPARAMS or TCSETSF, {B38400 opost isig icanon echo ...}) = 0
26901 14:22:41 rt_sigaction(SIGALRM, {SIG_DFL, [], SA_RESTORER, 0x7fecab1c3250}, NULL, 8) = 0
26901 14:22:41 rt_sigaction(SIGHUP, {SIG_DFL, [], SA_RESTORER, 0x7fecab1c3250}, NULL, 8) = 0
26901 14:22:41 rt_sigaction(SIGINT, {SIG_DFL, [], SA_RESTORER, 0x7fecab1c3250}, NULL, 8) = 0
26901 14:22:41 rt_sigaction(SIGQUIT, {SIG_DFL, [], SA_RESTORER, 0x7fecab1c3250}, NULL, 8) = 0
26901 14:22:41 rt_sigaction(SIGPIPE, {SIG_IGN, [], SA_RESTORER, 0x7fecab1c3250}, NULL, 8) = 0
26901 14:22:41 rt_sigaction(SIGTERM, {SIG_DFL, [], SA_RESTORER, 0x7fecab1c3250}, NULL, 8) = 0
26901 14:22:41 rt_sigaction(SIGTSTP, {SIG_DFL, [], SA_RESTORER, 0x7fecab1c3250}, NULL, 8) = 0
26901 14:22:41 rt_sigaction(SIGTTIN, {SIG_DFL, [], SA_RESTORER, 0x7fecab1c3250}, NULL, 8) = 0
26901 14:22:41 rt_sigaction(SIGTTOU, {SIG_DFL, [], SA_RESTORER, 0x7fecab1c3250}, NULL, 8) = 0
26901 14:22:41 close(4)                 = 0
26901 14:22:41 write(3, "\253\340\312a\212R\220q&\350\306\316\330y\253\31K\277\10:Z\345\267!%\336\374\252\224\10\224\330"..., 148) = 148
26901 14:22:41 select(4, [3], NULL, NULL, NULL) = 1 (in [3])
26901 14:22:41 read(3, "\341\222\33}\375\4\212\376\334\256\215\277\f!c6F\272\37\235\264\367\234 \335\300u\26", 8192) = 28
26901 14:22:41 dup(0)                   = 4
26901 14:22:41 dup(1)                   = 5
26901 14:22:41 dup(2)                   = 6
26901 14:22:41 ioctl(4, SNDCTL_TMR_TIMEBASE or SNDRV_TIMER_IOCTL_NEXT_DEVICE or TCGETS, {B38400 opost isig icanon echo ...}) = 0
26901 14:22:41 ioctl(5, SNDCTL_TMR_TIMEBASE or SNDRV_TIMER_IOCTL_NEXT_DEVICE or TCGETS, {B38400 opost isig icanon echo ...}) = 0
26901 14:22:41 ioctl(6, SNDCTL_TMR_TIMEBASE or SNDRV_TIMER_IOCTL_NEXT_DEVICE or TCGETS, {B38400 opost isig icanon echo ...}) = 0
26901 14:22:41 fcntl(4, F_SETFD, FD_CLOEXEC) = 0
26901 14:22:41 fcntl(5, F_SETFD, FD_CLOEXEC) = 0
26901 14:22:41 fcntl(6, F_SETFD, FD_CLOEXEC) = 0
26901 14:22:41 rt_sigaction(SIGHUP, NULL, {SIG_DFL, [], SA_RESTORER, 0x7fecab1c3250}, 8) = 0
26901 14:22:41 rt_sigaction(SIGHUP, {SIG_IGN, [], SA_RESTORER, 0x7fecab1c3250}, NULL, 8) = 0
26901 14:22:41 rt_sigaction(SIGHUP, NULL, {SIG_IGN, [], SA_RESTORER, 0x7fecab1c3250}, 8) = 0
26901 14:22:41 rt_sigaction(SIGHUP, {0x7fecac5dc9f0, [], SA_RESTORER, 0x7fecab1c3250}, NULL, 8) = 0
26901 14:22:41 rt_sigaction(SIGINT, NULL, {SIG_DFL, [], SA_RESTORER, 0x7fecab1c3250}, 8) = 0
26901 14:22:41 rt_sigaction(SIGINT, {SIG_IGN, [], SA_RESTORER, 0x7fecab1c3250}, NULL, 8) = 0
26901 14:22:41 rt_sigaction(SIGINT, NULL, {SIG_IGN, [], SA_RESTORER, 0x7fecab1c3250}, 8) = 0
26901 14:22:41 rt_sigaction(SIGINT, {0x7fecac5dc9f0, [], SA_RESTORER, 0x7fecab1c3250}, NULL, 8) = 0
26901 14:22:41 rt_sigaction(SIGQUIT, NULL, {SIG_DFL, [], SA_RESTORER, 0x7fecab1c3250}, 8) = 0
26901 14:22:41 rt_sigaction(SIGQUIT, {SIG_IGN, [], SA_RESTORER, 0x7fecab1c3250}, NULL, 8) = 0
26901 14:22:41 rt_sigaction(SIGQUIT, NULL, {SIG_IGN, [], SA_RESTORER, 0x7fecab1c3250}, 8) = 0
26901 14:22:41 rt_sigaction(SIGQUIT, {0x7fecac5dc9f0, [], SA_RESTORER, 0x7fecab1c3250}, NULL, 8) = 0
26901 14:22:41 rt_sigaction(SIGTERM, NULL, {SIG_DFL, [], SA_RESTORER, 0x7fecab1c3250}, 8) = 0
26901 14:22:41 rt_sigaction(SIGTERM, {SIG_IGN, [], SA_RESTORER, 0x7fecab1c3250}, NULL, 8) = 0
26901 14:22:41 rt_sigaction(SIGTERM, NULL, {SIG_IGN, [], SA_RESTORER, 0x7fecab1c3250}, 8) = 0
26901 14:22:41 rt_sigaction(SIGTERM, {0x7fecac5dc9f0, [], SA_RESTORER, 0x7fecab1c3250}, NULL, 8) = 0
26901 14:22:41 rt_sigaction(SIGWINCH, NULL, {SIG_DFL, [], 0}, 8) = 0
26901 14:22:41 rt_sigaction(SIGWINCH, {0x7fecac5dcc80, [], SA_RESTORER, 0x7fecab1c3250}, NULL, 8) = 0
26901 14:22:41 ioctl(0, SNDCTL_TMR_TIMEBASE or SNDRV_TIMER_IOCTL_NEXT_DEVICE or TCGETS, {B38400 opost isig icanon echo ...}) = 0
26901 14:22:41 ioctl(0, SNDCTL_TMR_STOP or SNDRV_TIMER_IOCTL_GINFO or TCSETSW, {B38400 -opost -isig -icanon -echo ...}) = 0
26901 14:22:41 clock_gettime(0x7 /* CLOCK_??? */, {15148, 779322941}) = 0
26901 14:22:41 clock_gettime(0x7 /* CLOCK_??? */, {15148, 779351927}) = 0
26901 14:22:41 select(7, [3], [3], NULL, NULL) = 1 (out [3])
26901 14:22:41 clock_gettime(0x7 /* CLOCK_??? */, {15148, 779411872}) = 0
26901 14:22:41 write(3, "GL\f\377\0H\225\306c}\255\312\211\22\2159\21\206\275?[=\357\263xi\4?\222D:v"..., 112) = 112
26901 14:22:41 clock_gettime(0x7 /* CLOCK_??? */, {15148, 779597421}) = 0
26901 14:22:41 clock_gettime(0x7 /* CLOCK_??? */, {15148, 779624520}) = 0
26901 14:22:41 select(7, [3], [], NULL, NULL) = 1 (in [3])
26901 14:22:41 clock_gettime(0x7 /* CLOCK_??? */, {15148, 806629178}) = 0
26901 14:22:41 read(3, "\351\354\345f\302\256\244\277\367\240\247#\177M\36\300\214\326\346\21\207\0025{\f\300\214\376\234\375t\254"..., 8192) = 44
26901 14:22:41 getsockopt(3, SOL_TCP, TCP_NODELAY, [0], [4]) = 0
26901 14:22:41 setsockopt(3, SOL_TCP, TCP_NODELAY, [1], 4) = 0
26901 14:22:41 getsockname(3, {sa_family=AF_INET, sin_port=htons(58688), sin_addr=inet_addr("192.168.47.139")}, [16]) = 0
26901 14:22:41 setsockopt(3, SOL_IP, IP_TOS, [16], 4) = 0
26901 14:22:41 ioctl(0, TIOCGWINSZ, {ws_row=39, ws_col=158, ws_xpixel=0, ws_ypixel=0}) = 0
26901 14:22:41 clock_gettime(0x7 /* CLOCK_??? */, {15148, 807075688}) = 0
26901 14:22:41 clock_gettime(0x7 /* CLOCK_??? */, {15148, 807101441}) = 0
26901 14:22:41 select(7, [3], [3], NULL, NULL) = 1 (out [3])
26901 14:22:41 clock_gettime(0x7 /* CLOCK_??? */, {15148, 807160267}) = 0
26901 14:22:41 write(3, "#\215\347\3516\3470\250\26\347wD\240\271o\367\304\3\205\\{\247\2336\0017P\221\0\243\2409"..., 376) = 376
26901 14:22:41 clock_gettime(0x7 /* CLOCK_??? */, {15148, 807327828}) = 0
26901 14:22:41 clock_gettime(0x7 /* CLOCK_??? */, {15148, 807354654}) = 0
26901 14:22:41 select(7, [3], [], NULL, NULL) = 1 (in [3])
26901 14:22:41 clock_gettime(0x7 /* CLOCK_??? */, {15148, 823114185}) = 0
26901 14:22:41 read(3, "\3450\4n\365\327\216\374\273\226w\253\253+z\v\206\20\363O\37128\323|z\\\224\37\362\351'"..., 8192) = 108
26901 14:22:41 clock_gettime(0x7 /* CLOCK_??? */, {15148, 823202145}) = 0
26901 14:22:41 clock_gettime(0x7 /* CLOCK_??? */, {15148, 823228337}) = 0
26901 14:22:41 select(7, [3 4], [], NULL, NULL) = 1 (in [3])
26901 14:22:41 clock_gettime(0x7 /* CLOCK_??? */, {15148, 823510072}) = 0
26901 14:22:41 read(3, "X\210e\277\236\374\"\221HD\314\2077)\326:m>\243`\35\214\5\313\265q\302\243~\327\333C"..., 8192) = 100
26901 14:22:41 clock_gettime(0x7 /* CLOCK_??? */, {15148, 823727483}) = 0
26901 14:22:41 clock_gettime(0x7 /* CLOCK_??? */, {15148, 823753777}) = 0
26901 14:22:41 select(7, [3 4], [5], NULL, NULL) = 1 (out [5])
26901 14:22:41 clock_gettime(0x7 /* CLOCK_??? */, {15148, 823816181}) = 0
26901 14:22:41 write(5, "Last login: Thu Aug 10 22:00:53 "..., 59) = 59
26901 14:22:41 clock_gettime(0x7 /* CLOCK_??? */, {15148, 824134527}) = 0
26901 14:22:41 clock_gettime(0x7 /* CLOCK_??? */, {15148, 824162567}) = 0
26901 14:22:41 select(7, [3 4], [], NULL, NULL) = 1 (in [3])
26901 14:22:41 clock_gettime(0x7 /* CLOCK_??? */, {15148, 921246717}) = 0
26901 14:22:41 read(3, "n\202\357\351\231I\245s\355\240}\2065\246\1\26\351\227\227\341\373!Ee;;\352\205u \257\235"..., 8192) = 84
26901 14:22:41 clock_gettime(0x7 /* CLOCK_??? */, {15148, 921286941}) = 0
26901 14:22:41 clock_gettime(0x7 /* CLOCK_??? */, {15148, 921298617}) = 0
26901 14:22:41 select(7, [3 4], [5], NULL, NULL) = 1 (out [5])
26901 14:22:41 clock_gettime(0x7 /* CLOCK_??? */, {15148, 921326772}) = 0
26901 14:22:41 write(5, "\33]0;jackboy@Jack:~\7\33[?1034h[jack"..., 45) = 45
26901 14:22:41 clock_gettime(0x7 /* CLOCK_??? */, {15148, 921493500}) = 0
26901 14:22:41 clock_gettime(0x7 /* CLOCK_??? */, {15148, 921506389}) = 0
26901 14:22:41 select(7, [3 4], [], NULL, NULL) = 1 (in [4])
26901 14:22:45 clock_gettime(0x7 /* CLOCK_??? */, {15152, 442945252}) = 0
26901 14:22:45 read(4, "e", 16384)      = 1
26901 14:22:45 clock_gettime(0x7 /* CLOCK_??? */, {15152, 443076899}) = 0
26901 14:22:45 clock_gettime(0x7 /* CLOCK_??? */, {15152, 443186770}) = 0
26901 14:22:45 select(7, [3 4], [3], NULL, NULL) = 1 (out [3])
26901 14:22:45 clock_gettime(0x7 /* CLOCK_??? */, {15152, 443284806}) = 0
26901 14:22:45 write(3, "\252\275\27k\243\n\347\322*\363\0033\265\213\333-\25j\363\215\202\2\332\214\377k\27\201y\331F\276"..., 36) = 36
26901 14:22:45 clock_gettime(0x7 /* CLOCK_??? */, {15152, 443543106}) = 0
26901 14:22:45 clock_gettime(0x7 /* CLOCK_??? */, {15152, 443588681}) = 0
26901 14:22:45 select(7, [3 4], [], NULL, NULL) = 1 (in [3])
26901 14:22:45 clock_gettime(0x7 /* CLOCK_??? */, {15152, 444268923}) = 0
26901 14:22:45 read(3, "\314C\0\365yF\214\354\210c|\263.\35\263}\347\377\2115\335\363\375\312$\345\355m\321v\257v"..., 8192) = 36
26901 14:22:45 clock_gettime(0x7 /* CLOCK_??? */, {15152, 444382702}) = 0
26901 14:22:45 clock_gettime(0x7 /* CLOCK_??? */, {15152, 444422925}) = 0
26901 14:22:45 select(7, [3 4], [5], NULL, NULL) = 1 (out [5])
26901 14:22:45 clock_gettime(0x7 /* CLOCK_??? */, {15152, 444518819}) = 0
26901 14:22:45 write(5, "e", 1)         = 1
26901 14:22:45 clock_gettime(0x7 /* CLOCK_??? */, {15152, 444879344}) = 0
26901 14:22:45 clock_gettime(0x7 /* CLOCK_??? */, {15152, 444923586}) = 0
26901 14:22:45 select(7, [3 4], [], NULL, NULL) = 1 (in [4])
26901 14:22:45 clock_gettime(0x7 /* CLOCK_??? */, {15152, 694778189}) = 0
26901 14:22:45 read(4, "x", 16384)      = 1
26901 14:22:45 clock_gettime(0x7 /* CLOCK_??? */, {15152, 695148893}) = 0
26901 14:22:45 clock_gettime(0x7 /* CLOCK_??? */, {15152, 695195419}) = 0
26901 14:22:45 select(7, [3 4], [3], NULL, NULL) = 1 (out [3])
26901 14:22:45 clock_gettime(0x7 /* CLOCK_??? */, {15152, 695296823}) = 0
26901 14:22:45 write(3, "\320\222\317\342\3761\3\233\350\10k\v\265!\215\1\2765\3561b\"\304A!\272m7\25\216b\224"..., 36) = 36
26901 14:22:45 clock_gettime(0x7 /* CLOCK_??? */, {15152, 695542276}) = 0
26901 14:22:45 clock_gettime(0x7 /* CLOCK_??? */, {15152, 695585244}) = 0
26901 14:22:45 select(7, [3 4], [], NULL, NULL) = 1 (in [3])
26901 14:22:45 clock_gettime(0x7 /* CLOCK_??? */, {15152, 696344948}) = 0
26901 14:22:45 read(3, "\"\26%\313xy.\231\255\336\213M\211\7`A\25@n\303\251\32\356\236c\375\223k;\232\211\3"..., 8192) = 36
26901 14:22:45 clock_gettime(0x7 /* CLOCK_??? */, {15152, 696460038}) = 0
26901 14:22:45 clock_gettime(0x7 /* CLOCK_??? */, {15152, 696499793}) = 0
26901 14:22:45 select(7, [3 4], [5], NULL, NULL) = 1 (out [5])
26901 14:22:45 clock_gettime(0x7 /* CLOCK_??? */, {15152, 696594995}) = 0
26901 14:22:45 write(5, "x", 1)         = 1
26901 14:22:45 clock_gettime(0x7 /* CLOCK_??? */, {15152, 697012337}) = 0
26901 14:22:45 clock_gettime(0x7 /* CLOCK_??? */, {15152, 697131664}) = 0
26901 14:22:45 select(7, [3 4], [], NULL, NULL) = 1 (in [4])
26901 14:22:45 clock_gettime(0x7 /* CLOCK_??? */, {15152, 869830601}) = 0
26901 14:22:45 read(4, "i", 16384)      = 1
26901 14:22:45 clock_gettime(0x7 /* CLOCK_??? */, {15152, 869945969}) = 0
26901 14:22:45 clock_gettime(0x7 /* CLOCK_??? */, {15152, 869985932}) = 0
26901 14:22:45 select(7, [3 4], [3], NULL, NULL) = 1 (out [3])
26901 14:22:45 clock_gettime(0x7 /* CLOCK_??? */, {15152, 870079077}) = 0
26901 14:22:45 write(3, "\234\370 96\221\207&Ra\272\351\247\35\356s\331\331\307\25|\341\257\301\247\273\356\353G\231m\225"..., 36) = 36
26901 14:22:45 clock_gettime(0x7 /* CLOCK_??? */, {15152, 870463491}) = 0
26901 14:22:45 clock_gettime(0x7 /* CLOCK_??? */, {15152, 870506067}) = 0
26901 14:22:45 select(7, [3 4], [], NULL, NULL) = 1 (in [3])
26901 14:22:45 clock_gettime(0x7 /* CLOCK_??? */, {15152, 871092867}) = 0
26901 14:22:45 read(3, "\274`\212R:\226V\232\355H\211\352\330\361\205\362\276\215\353\202\1\205\17\33\320\fqk[\256\224\260"..., 8192) = 36
26901 14:22:45 clock_gettime(0x7 /* CLOCK_??? */, {15152, 871281317}) = 0
26901 14:22:45 clock_gettime(0x7 /* CLOCK_??? */, {15152, 871322150}) = 0
26901 14:22:45 select(7, [3 4], [5], NULL, NULL) = 1 (out [5])
26901 14:22:45 clock_gettime(0x7 /* CLOCK_??? */, {15152, 871419208}) = 0
26901 14:22:45 write(5, "i", 1)         = 1
26901 14:22:45 clock_gettime(0x7 /* CLOCK_??? */, {15152, 871788438}) = 0
26901 14:22:45 clock_gettime(0x7 /* CLOCK_??? */, {15152, 871831786}) = 0
26901 14:22:45 select(7, [3 4], [], NULL, NULL) = 1 (in [4])
26901 14:22:46 clock_gettime(0x7 /* CLOCK_??? */, {15153, 472323238}) = 0
26901 14:22:46 read(4, "\10", 16384)    = 1
26901 14:22:46 clock_gettime(0x7 /* CLOCK_??? */, {15153, 472444441}) = 0
26901 14:22:46 clock_gettime(0x7 /* CLOCK_??? */, {15153, 472505620}) = 0
26901 14:22:46 select(7, [3 4], [3], NULL, NULL) = 1 (out [3])
26901 14:22:46 clock_gettime(0x7 /* CLOCK_??? */, {15153, 472605853}) = 0
26901 14:22:46 write(3, "!\274.\325\260\213\331\32\312\224\272%\305\216\207\334\3507d=\243\377p\0\231\350\vR\344\213\326\216"..., 36) = 36
26901 14:22:46 clock_gettime(0x7 /* CLOCK_??? */, {15153, 472838725}) = 0
26901 14:22:46 clock_gettime(0x7 /* CLOCK_??? */, {15153, 472881630}) = 0
26901 14:22:46 select(7, [3 4], [], NULL, NULL) = 1 (in [3])
26901 14:22:46 clock_gettime(0x7 /* CLOCK_??? */, {15153, 473445352}) = 0
26901 14:22:46 read(3, "*\217\255\3310\374G\322\313\324`|^\254\352MH9\245p\213\266T\30\200\0\201\222\36\345a\233"..., 8192) = 44
26901 14:22:46 clock_gettime(0x7 /* CLOCK_??? */, {15153, 473552808}) = 0
26901 14:22:46 clock_gettime(0x7 /* CLOCK_??? */, {15153, 473591590}) = 0
26901 14:22:46 select(7, [3 4], [5], NULL, NULL) = 1 (out [5])
26901 14:22:46 clock_gettime(0x7 /* CLOCK_??? */, {15153, 473682103}) = 0
26901 14:22:46 write(5, "\10\33[K", 4)  = 4
26901 14:22:46 clock_gettime(0x7 /* CLOCK_??? */, {15153, 474028497}) = 0
26901 14:22:46 clock_gettime(0x7 /* CLOCK_??? */, {15153, 474071552}) = 0
26901 14:22:46 select(7, [3 4], [], NULL, NULL) = 1 (in [4])
26901 14:22:46 clock_gettime(0x7 /* CLOCK_??? */, {15153, 613124319}) = 0
26901 14:22:46 read(4, "\10", 16384)    = 1
26901 14:22:46 clock_gettime(0x7 /* CLOCK_??? */, {15153, 613240336}) = 0
26901 14:22:46 clock_gettime(0x7 /* CLOCK_??? */, {15153, 613280427}) = 0
26901 14:22:46 select(7, [3 4], [3], NULL, NULL) = 1 (out [3])
26901 14:22:46 clock_gettime(0x7 /* CLOCK_??? */, {15153, 613373968}) = 0
26901 14:22:46 write(3, "\\\314A\332\333Y\307\265\333\255\201\365\1771S\3663\307\317\241e*)\226Ed\23\3532q\203S"..., 36) = 36
26901 14:22:46 clock_gettime(0x7 /* CLOCK_??? */, {15153, 613661923}) = 0
26901 14:22:46 clock_gettime(0x7 /* CLOCK_??? */, {15153, 613708519}) = 0
26901 14:22:46 select(7, [3 4], [], NULL, NULL) = 1 (in [3])
26901 14:22:46 clock_gettime(0x7 /* CLOCK_??? */, {15153, 614394582}) = 0
26901 14:22:46 read(3, "\5\304d6\202/t\344\333G\301\26F\216\333\311A\366*\331\vM\30\344w\17\372\31a\0\245\252"..., 8192) = 44
26901 14:22:46 clock_gettime(0x7 /* CLOCK_??? */, {15153, 614518151}) = 0
26901 14:22:46 clock_gettime(0x7 /* CLOCK_??? */, {15153, 614562082}) = 0
26901 14:22:46 select(7, [3 4], [5], NULL, NULL) = 1 (out [5])
26901 14:22:46 clock_gettime(0x7 /* CLOCK_??? */, {15153, 614667502}) = 0
26901 14:22:46 write(5, "\10\33[K", 4)  = 4
26901 14:22:46 clock_gettime(0x7 /* CLOCK_??? */, {15153, 615105716}) = 0
26901 14:22:46 clock_gettime(0x7 /* CLOCK_??? */, {15153, 615154124}) = 0
26901 14:22:46 select(7, [3 4], [], NULL, NULL) = 1 (in [4])
26901 14:22:46 clock_gettime(0x7 /* CLOCK_??? */, {15153, 737862055}) = 0
26901 14:22:46 read(4, "\10", 16384)    = 1
26901 14:22:46 clock_gettime(0x7 /* CLOCK_??? */, {15153, 737978079}) = 0
26901 14:22:46 clock_gettime(0x7 /* CLOCK_??? */, {15153, 738017955}) = 0
26901 14:22:46 select(7, [3 4], [3], NULL, NULL) = 1 (out [3])
26901 14:22:46 clock_gettime(0x7 /* CLOCK_??? */, {15153, 738111630}) = 0
26901 14:22:46 write(3, "l|Z\263\326\302h\2138*\366h\367cpq\2012#\234a:s\327\5\32m\263\212%\32\304"..., 36) = 36
26901 14:22:46 clock_gettime(0x7 /* CLOCK_??? */, {15153, 738395267}) = 0
26901 14:22:46 clock_gettime(0x7 /* CLOCK_??? */, {15153, 738437410}) = 0
26901 14:22:46 select(7, [3 4], [], NULL, NULL) = 1 (in [3])
26901 14:22:46 clock_gettime(0x7 /* CLOCK_??? */, {15153, 739064334}) = 0
26901 14:22:46 read(3, "\32P\17\276\35[\t\37\206Q\10\364\\\356\27&\316\277wB\361\305X\206\357\307l;y/\212m"..., 8192) = 44
26901 14:22:46 clock_gettime(0x7 /* CLOCK_??? */, {15153, 739251015}) = 0
26901 14:22:46 clock_gettime(0x7 /* CLOCK_??? */, {15153, 739295984}) = 0
26901 14:22:46 select(7, [3 4], [5], NULL, NULL) = 1 (out [5])
26901 14:22:46 clock_gettime(0x7 /* CLOCK_??? */, {15153, 739395088}) = 0
26901 14:22:46 write(5, "\10\33[K", 4)  = 4
26901 14:22:46 clock_gettime(0x7 /* CLOCK_??? */, {15153, 739747682}) = 0
26901 14:22:46 clock_gettime(0x7 /* CLOCK_??? */, {15153, 739812667}) = 0
26901 14:22:46 select(7, [3 4], [], NULL, NULL) = 1 (in [4])
26901 14:22:47 clock_gettime(0x7 /* CLOCK_??? */, {15154, 416650300}) = 0
26901 14:22:47 read(4, "l", 16384)      = 1
26901 14:22:47 clock_gettime(0x7 /* CLOCK_??? */, {15154, 416772945}) = 0
26901 14:22:47 clock_gettime(0x7 /* CLOCK_??? */, {15154, 416812538}) = 0
26901 14:22:47 select(7, [3 4], [3], NULL, NULL) = 1 (out [3])
26901 14:22:47 clock_gettime(0x7 /* CLOCK_??? */, {15154, 416909367}) = 0
26901 14:22:47 write(3, "\7\363me\2114\2056\360\32\334\366U\254\226\260\364%)a\300\317\254\224?^\211\311\3~\323\317"..., 36) = 36
26901 14:22:47 clock_gettime(0x7 /* CLOCK_??? */, {15154, 417267715}) = 0
26901 14:22:47 clock_gettime(0x7 /* CLOCK_??? */, {15154, 417317854}) = 0
26901 14:22:47 select(7, [3 4], [], NULL, NULL) = 1 (in [3])
26901 14:22:47 clock_gettime(0x7 /* CLOCK_??? */, {15154, 417717933}) = 0
26901 14:22:47 read(3, "\227Us\34\302\325\230\212\230E\272\246\352%\300_\326Z'p(K\271\325\\]\214\356\324w\235\243"..., 8192) = 36
26901 14:22:47 clock_gettime(0x7 /* CLOCK_??? */, {15154, 417826761}) = 0
26901 14:22:47 clock_gettime(0x7 /* CLOCK_??? */, {15154, 417865712}) = 0
26901 14:22:47 select(7, [3 4], [5], NULL, NULL) = 1 (out [5])
26901 14:22:47 clock_gettime(0x7 /* CLOCK_??? */, {15154, 417958129}) = 0
26901 14:22:47 write(5, "l", 1)         = 1
26901 14:22:47 clock_gettime(0x7 /* CLOCK_??? */, {15154, 418390538}) = 0
26901 14:22:47 clock_gettime(0x7 /* CLOCK_??? */, {15154, 418434719}) = 0
26901 14:22:47 select(7, [3 4], [], NULL, NULL) = 1 (in [4])
26901 14:22:47 clock_gettime(0x7 /* CLOCK_??? */, {15154, 546589334}) = 0
26901 14:22:47 read(4, "s", 16384)      = 1
26901 14:22:47 clock_gettime(0x7 /* CLOCK_??? */, {15154, 546705517}) = 0
26901 14:22:47 clock_gettime(0x7 /* CLOCK_??? */, {15154, 546745654}) = 0
26901 14:22:47 select(7, [3 4], [3], NULL, NULL) = 1 (out [3])
26901 14:22:47 clock_gettime(0x7 /* CLOCK_??? */, {15154, 546839704}) = 0
26901 14:22:47 write(3, "\307\210cWb\360\340\32\342\344\03660\317\263\336\306\25\244\30\345\177\0224\344\205\340\307\224\300\220\274"..., 36) = 36
26901 14:22:47 clock_gettime(0x7 /* CLOCK_??? */, {15154, 547140184}) = 0
26901 14:22:47 clock_gettime(0x7 /* CLOCK_??? */, {15154, 547183036}) = 0
26901 14:22:47 select(7, [3 4], [], NULL, NULL) = 1 (in [3])
26901 14:22:47 clock_gettime(0x7 /* CLOCK_??? */, {15154, 547774174}) = 0
26901 14:22:47 read(3, "#\314mn7s\22F[\345\271V\230Z\275N7\300\360>\270[\340\205\200=\215\254\354\331\7\337"..., 8192) = 36
26901 14:22:47 clock_gettime(0x7 /* CLOCK_??? */, {15154, 547886634}) = 0
26901 14:22:47 clock_gettime(0x7 /* CLOCK_??? */, {15154, 547965503}) = 0
26901 14:22:47 select(7, [3 4], [5], NULL, NULL) = 1 (out [5])
26901 14:22:47 clock_gettime(0x7 /* CLOCK_??? */, {15154, 548066197}) = 0
26901 14:22:47 write(5, "s", 1)         = 1
26901 14:22:47 clock_gettime(0x7 /* CLOCK_??? */, {15154, 548448963}) = 0
26901 14:22:47 clock_gettime(0x7 /* CLOCK_??? */, {15154, 548492386}) = 0
26901 14:22:47 select(7, [3 4], [], NULL, NULL) = 1 (in [4])
26901 14:22:47 clock_gettime(0x7 /* CLOCK_??? */, {15154, 816964706}) = 0
26901 14:22:47 read(4, "\r", 16384)     = 1
26901 14:22:47 clock_gettime(0x7 /* CLOCK_??? */, {15154, 817009462}) = 0
26901 14:22:47 clock_gettime(0x7 /* CLOCK_??? */, {15154, 817022866}) = 0
26901 14:22:47 select(7, [3 4], [3], NULL, NULL) = 1 (out [3])
26901 14:22:47 clock_gettime(0x7 /* CLOCK_??? */, {15154, 817054326}) = 0
26901 14:22:47 write(3, "\251b\351P\\R8\273\t\271C\v\232\351x\224\275\232\372\327N\235\360\277\314\204B\207\2748:\17"..., 36) = 36
26901 14:22:47 clock_gettime(0x7 /* CLOCK_??? */, {15154, 817151144}) = 0
26901 14:22:47 clock_gettime(0x7 /* CLOCK_??? */, {15154, 817165466}) = 0
26901 14:22:47 select(7, [3 4], [], NULL, NULL) = 1 (in [3])
26901 14:22:47 clock_gettime(0x7 /* CLOCK_??? */, {15154, 817757202}) = 0
26901 14:22:47 read(3, "GU\332\251i<\307\202\t*8\276\322\256\313<\351\203\275\361\357\321O\37\301mw\242\227\346\345\377"..., 8192) = 36
26901 14:22:47 clock_gettime(0x7 /* CLOCK_??? */, {15154, 817808566}) = 0
26901 14:22:47 clock_gettime(0x7 /* CLOCK_??? */, {15154, 817823334}) = 0
26901 14:22:47 select(7, [3 4], [5], NULL, NULL) = 1 (out [5])
26901 14:22:47 clock_gettime(0x7 /* CLOCK_??? */, {15154, 817855778}) = 0
26901 14:22:47 write(5, "\r\n", 2)      = 2
26901 14:22:47 clock_gettime(0x7 /* CLOCK_??? */, {15154, 818144575}) = 0
26901 14:22:47 clock_gettime(0x7 /* CLOCK_??? */, {15154, 818161956}) = 0
26901 14:22:47 select(7, [3 4], [], NULL, NULL) = 1 (in [3])
26901 14:22:47 clock_gettime(0x7 /* CLOCK_??? */, {15154, 819516521}) = 0
26901 14:22:47 read(3, "v\202\26\330\377d\272l\366\345y\332\366[\223\2246'\350\2247\"\206\0279\23\7\253\23\240\225\312"..., 8192) = 236
26901 14:22:47 clock_gettime(0x7 /* CLOCK_??? */, {15154, 819566368}) = 0
26901 14:22:47 clock_gettime(0x7 /* CLOCK_??? */, {15154, 819579918}) = 0
26901 14:22:47 select(7, [3 4], [5], NULL, NULL) = 1 (out [5])
26901 14:22:47 clock_gettime(0x7 /* CLOCK_??? */, {15154, 819612191}) = 0
26901 14:22:47 write(5, "\33[0m\33[01;34m\345\205\254\345\205\261\33[0m  \33[01;34m"..., 201) = 201
26901 14:22:47 clock_gettime(0x7 /* CLOCK_??? */, {15154, 819819494}) = 0
26901 14:22:47 clock_gettime(0x7 /* CLOCK_??? */, {15154, 819836404}) = 0
26901 14:22:47 select(7, [3 4], [], NULL, NULL) = 1 (in [4])
26901 14:22:49 clock_gettime(0x7 /* CLOCK_??? */, {15156, 188261014}) = 0
26901 14:22:49 read(4, "p", 16384)      = 1
26901 14:22:49 clock_gettime(0x7 /* CLOCK_??? */, {15156, 188307676}) = 0
26901 14:22:49 clock_gettime(0x7 /* CLOCK_??? */, {15156, 188322046}) = 0
26901 14:22:49 select(7, [3 4], [3], NULL, NULL) = 1 (out [3])
26901 14:22:49 clock_gettime(0x7 /* CLOCK_??? */, {15156, 188355942}) = 0
26901 14:22:49 write(3, "\242<\27,#Z\344=L\37\316\230\f\331-\255\303\4\376\341\340\223\354\314n\324\\2ml#@"..., 36) = 36
26901 14:22:49 clock_gettime(0x7 /* CLOCK_??? */, {15156, 188445463}) = 0
26901 14:22:49 clock_gettime(0x7 /* CLOCK_??? */, {15156, 188460663}) = 0
26901 14:22:49 select(7, [3 4], [], NULL, NULL) = 1 (in [3])
26901 14:22:49 clock_gettime(0x7 /* CLOCK_??? */, {15156, 188798721}) = 0
26901 14:22:49 read(3, "QSZ\312k\210\256(_.B\377'\234\231b\33\0q>;\210\232\312iC\236Ci#\227\32"..., 8192) = 36
26901 14:22:49 clock_gettime(0x7 /* CLOCK_??? */, {15156, 188839728}) = 0
26901 14:22:49 clock_gettime(0x7 /* CLOCK_??? */, {15156, 188853961}) = 0
26901 14:22:49 select(7, [3 4], [5], NULL, NULL) = 1 (out [5])
26901 14:22:49 clock_gettime(0x7 /* CLOCK_??? */, {15156, 188888177}) = 0
26901 14:22:49 write(5, "p", 1)         = 1
26901 14:22:49 clock_gettime(0x7 /* CLOCK_??? */, {15156, 189059098}) = 0
26901 14:22:49 clock_gettime(0x7 /* CLOCK_??? */, {15156, 189074974}) = 0
26901 14:22:49 select(7, [3 4], [], NULL, NULL) = 1 (in [4])
26901 14:22:49 clock_gettime(0x7 /* CLOCK_??? */, {15156, 295280640}) = 0
26901 14:22:49 read(4, "w", 16384)      = 1
26901 14:22:49 clock_gettime(0x7 /* CLOCK_??? */, {15156, 295395207}) = 0
26901 14:22:49 clock_gettime(0x7 /* CLOCK_??? */, {15156, 295435236}) = 0
26901 14:22:49 select(7, [3 4], [3], NULL, NULL) = 1 (out [3])
26901 14:22:49 clock_gettime(0x7 /* CLOCK_??? */, {15156, 295528630}) = 0
26901 14:22:49 write(3, "h\3748\234\273\332J\216\217\251\244\342\\4\271-\300L\333\344\32N\352\211\337V(MG\200\0238"..., 36) = 36
26901 14:22:49 clock_gettime(0x7 /* CLOCK_??? */, {15156, 295755144}) = 0
26901 14:22:49 clock_gettime(0x7 /* CLOCK_??? */, {15156, 295797234}) = 0
26901 14:22:49 select(7, [3 4], [], NULL, NULL) = 1 (in [3])
26901 14:22:49 clock_gettime(0x7 /* CLOCK_??? */, {15156, 296414071}) = 0
26901 14:22:49 read(3, "L\206Z\177A\310]\207`\371\374\306\262\301Y\27\2\315\6\251x\316\375\203\215\36\260\37\373\31x\314"..., 8192) = 36
26901 14:22:49 clock_gettime(0x7 /* CLOCK_??? */, {15156, 296525661}) = 0
26901 14:22:49 clock_gettime(0x7 /* CLOCK_??? */, {15156, 296565728}) = 0
26901 14:22:49 select(7, [3 4], [5], NULL, NULL) = 1 (out [5])
26901 14:22:49 clock_gettime(0x7 /* CLOCK_??? */, {15156, 296661650}) = 0
26901 14:22:49 write(5, "w", 1)         = 1
26901 14:22:49 clock_gettime(0x7 /* CLOCK_??? */, {15156, 297006836}) = 0
26901 14:22:49 clock_gettime(0x7 /* CLOCK_??? */, {15156, 297144582}) = 0
26901 14:22:49 select(7, [3 4], [], NULL, NULL) = 1 (in [4])
26901 14:22:49 clock_gettime(0x7 /* CLOCK_??? */, {15156, 612465824}) = 0
26901 14:22:49 read(4, "d", 16384)      = 1
26901 14:22:49 clock_gettime(0x7 /* CLOCK_??? */, {15156, 612583505}) = 0
26901 14:22:49 clock_gettime(0x7 /* CLOCK_??? */, {15156, 612623427}) = 0
26901 14:22:49 select(7, [3 4], [3], NULL, NULL) = 1 (out [3])
26901 14:22:49 clock_gettime(0x7 /* CLOCK_??? */, {15156, 612716862}) = 0
26901 14:22:49 write(3, " T\261R$J\210^B\335\375+\216v\7.\353\246\366\360\321\312\203\33\21\214\332 \337\375\232t"..., 36) = 36
26901 14:22:49 clock_gettime(0x7 /* CLOCK_??? */, {15156, 612980917}) = 0
26901 14:22:49 clock_gettime(0x7 /* CLOCK_??? */, {15156, 613023259}) = 0
26901 14:22:49 select(7, [3 4], [], NULL, NULL) = 1 (in [3])
26901 14:22:49 clock_gettime(0x7 /* CLOCK_??? */, {15156, 613684116}) = 0
26901 14:22:49 read(3, "\2260~\307O\363\37@\357\3326|7\304\326u}\272aV5?/V\6\342A\346upZ\234"..., 8192) = 36
26901 14:22:49 clock_gettime(0x7 /* CLOCK_??? */, {15156, 613839709}) = 0
26901 14:22:49 clock_gettime(0x7 /* CLOCK_??? */, {15156, 613881242}) = 0
26901 14:22:49 select(7, [3 4], [5], NULL, NULL) = 1 (out [5])
26901 14:22:49 clock_gettime(0x7 /* CLOCK_??? */, {15156, 614015911}) = 0
26901 14:22:49 write(5, "d", 1)         = 1
26901 14:22:49 clock_gettime(0x7 /* CLOCK_??? */, {15156, 614397661}) = 0
26901 14:22:49 clock_gettime(0x7 /* CLOCK_??? */, {15156, 614441797}) = 0
26901 14:22:49 select(7, [3 4], [], NULL, NULL) = 1 (in [4])
26901 14:22:49 clock_gettime(0x7 /* CLOCK_??? */, {15156, 866872239}) = 0
26901 14:22:49 read(4, "\r", 16384)     = 1
26901 14:22:49 clock_gettime(0x7 /* CLOCK_??? */, {15156, 866917288}) = 0
26901 14:22:49 clock_gettime(0x7 /* CLOCK_??? */, {15156, 866930697}) = 0
26901 14:22:49 select(7, [3 4], [3], NULL, NULL) = 1 (out [3])
26901 14:22:49 clock_gettime(0x7 /* CLOCK_??? */, {15156, 866962861}) = 0
26901 14:22:49 write(3, "\210\0b\f\336\257\330\1\203\263=\34\16`t\247\322[\263\201\25`n\227\321M\221\263\375\343\242-"..., 36) = 36
26901 14:22:49 clock_gettime(0x7 /* CLOCK_??? */, {15156, 867059097}) = 0
26901 14:22:49 clock_gettime(0x7 /* CLOCK_??? */, {15156, 867073071}) = 0
26901 14:22:49 select(7, [3 4], [], NULL, NULL) = 1 (in [3])
26901 14:22:49 clock_gettime(0x7 /* CLOCK_??? */, {15156, 867506052}) = 0
26901 14:22:49 read(3, "\300\227a\16\203\317\335f0h^\210\213\322\262\343k\317\222\377K%\263\177\240\v\207\243\222\315\250\375"..., 8192) = 92
26901 14:22:49 clock_gettime(0x7 /* CLOCK_??? */, {15156, 867557767}) = 0
26901 14:22:49 clock_gettime(0x7 /* CLOCK_??? */, {15156, 867570982}) = 0
26901 14:22:49 select(7, [3 4], [5], NULL, NULL) = 1 (out [5])
26901 14:22:49 clock_gettime(0x7 /* CLOCK_??? */, {15156, 867602202}) = 0
26901 14:22:49 write(5, "\r\n/home/jackboy\r\n\33]0;jackboy@Jac"..., 54) = 54
26901 14:22:49 clock_gettime(0x7 /* CLOCK_??? */, {15156, 867763110}) = 0
26901 14:22:49 clock_gettime(0x7 /* CLOCK_??? */, {15156, 867777991}) = 0
26901 14:22:49 select(7, [3 4], [], NULL, NULL) = 1 (in [4])
26901 14:22:52 clock_gettime(0x7 /* CLOCK_??? */, {15159, 826339711}) = 0
26901 14:22:52 read(4, "t", 16384)      = 1
26901 14:22:52 clock_gettime(0x7 /* CLOCK_??? */, {15159, 826457285}) = 0
26901 14:22:52 clock_gettime(0x7 /* CLOCK_??? */, {15159, 826497631}) = 0
26901 14:22:52 select(7, [3 4], [3], NULL, NULL) = 1 (out [3])
26901 14:22:52 clock_gettime(0x7 /* CLOCK_??? */, {15159, 826591091}) = 0
26901 14:22:52 write(3, "x\230\252\340\244\31_\245\25\267W\276\31/I\300\331yw\313\250\271\277,\203T\17\322\254\263\271\7"..., 36) = 36
26901 14:22:52 clock_gettime(0x7 /* CLOCK_??? */, {15159, 826849756}) = 0
26901 14:22:52 clock_gettime(0x7 /* CLOCK_??? */, {15159, 826892125}) = 0
26901 14:22:52 select(7, [3 4], [], NULL, NULL) = 1 (in [3])
26901 14:22:52 clock_gettime(0x7 /* CLOCK_??? */, {15159, 827492400}) = 0
26901 14:22:52 read(3, "5\235?QGN\270\21\4\257\342\205\f\324\211\324\0064\324\353\261\321\f\255(\n\250O\356C\17^"..., 8192) = 36
26901 14:22:52 clock_gettime(0x7 /* CLOCK_??? */, {15159, 827625210}) = 0
26901 14:22:52 clock_gettime(0x7 /* CLOCK_??? */, {15159, 827668104}) = 0
26901 14:22:52 select(7, [3 4], [5], NULL, NULL) = 1 (out [5])
26901 14:22:52 clock_gettime(0x7 /* CLOCK_??? */, {15159, 827805365}) = 0
26901 14:22:52 write(5, "t", 1)         = 1
26901 14:22:52 clock_gettime(0x7 /* CLOCK_??? */, {15159, 828200115}) = 0
26901 14:22:52 clock_gettime(0x7 /* CLOCK_??? */, {15159, 828244164}) = 0
26901 14:22:52 select(7, [3 4], [], NULL, NULL) = 1 (in [4])
26901 14:22:53 clock_gettime(0x7 /* CLOCK_??? */, {15160, 618275710}) = 0
26901 14:22:53 read(4, "i", 16384)      = 1
26901 14:22:53 clock_gettime(0x7 /* CLOCK_??? */, {15160, 618392164}) = 0
26901 14:22:53 clock_gettime(0x7 /* CLOCK_??? */, {15160, 618432087}) = 0
26901 14:22:53 select(7, [3 4], [3], NULL, NULL) = 1 (out [3])
26901 14:22:53 clock_gettime(0x7 /* CLOCK_??? */, {15160, 618526857}) = 0
26901 14:22:53 write(3, "\27\243\353i)\7\3622\37\347\222\332\277\251e\333\200~\236xF\23\251C\17\254\23265\3004\16"..., 36) = 36
26901 14:22:53 clock_gettime(0x7 /* CLOCK_??? */, {15160, 618790445}) = 0
26901 14:22:53 clock_gettime(0x7 /* CLOCK_??? */, {15160, 618832550}) = 0
26901 14:22:53 select(7, [3 4], [], NULL, NULL) = 1 (in [3])
26901 14:22:53 clock_gettime(0x7 /* CLOCK_??? */, {15160, 619517747}) = 0
26901 14:22:53 read(3, "\276\270\254\35\211\210s\346E\r\35\355\370\275\251\\\3072\346\217\10o\234y+;u\247\331\374\364i"..., 8192) = 36
26901 14:22:53 clock_gettime(0x7 /* CLOCK_??? */, {15160, 619671797}) = 0
26901 14:22:53 clock_gettime(0x7 /* CLOCK_??? */, {15160, 619712555}) = 0
26901 14:22:53 select(7, [3 4], [5], NULL, NULL) = 1 (out [5])
26901 14:22:53 clock_gettime(0x7 /* CLOCK_??? */, {15160, 619810390}) = 0
26901 14:22:53 write(5, "i", 1)         = 1
26901 14:22:53 clock_gettime(0x7 /* CLOCK_??? */, {15160, 620212101}) = 0
26901 14:22:53 clock_gettime(0x7 /* CLOCK_??? */, {15160, 620256380}) = 0
26901 14:22:53 select(7, [3 4], [], NULL, NULL) = 1 (in [4])
26901 14:22:53 clock_gettime(0x7 /* CLOCK_??? */, {15160, 814387053}) = 0
26901 14:22:53 read(4, "m", 16384)      = 1
26901 14:22:53 clock_gettime(0x7 /* CLOCK_??? */, {15160, 814505335}) = 0
26901 14:22:53 clock_gettime(0x7 /* CLOCK_??? */, {15160, 814545394}) = 0
26901 14:22:53 select(7, [3 4], [3], NULL, NULL) = 1 (out [3])
26901 14:22:53 clock_gettime(0x7 /* CLOCK_??? */, {15160, 814638569}) = 0
26901 14:22:53 write(3, "\343\377d\270\330'yuH\353\0\347\212*\2709\234pU\33^]\211W\2344\273C\224B6\346"..., 36) = 36
26901 14:22:53 clock_gettime(0x7 /* CLOCK_??? */, {15160, 814870164}) = 0
26901 14:22:53 clock_gettime(0x7 /* CLOCK_??? */, {15160, 814912156}) = 0
26901 14:22:53 select(7, [3 4], [], NULL, NULL) = 1 (in [3])
26901 14:22:53 clock_gettime(0x7 /* CLOCK_??? */, {15160, 815568106}) = 0
26901 14:22:53 read(3, "\2473\377\226g\256\347G\337\"\347\372\216P\342G*o\273\202\0\1\7\215J8S\210\37\305\353\374"..., 8192) = 36
26901 14:22:53 clock_gettime(0x7 /* CLOCK_??? */, {15160, 815679185}) = 0
26901 14:22:53 clock_gettime(0x7 /* CLOCK_??? */, {15160, 815719651}) = 0
26901 14:22:53 select(7, [3 4], [5], NULL, NULL) = 1 (out [5])
26901 14:22:53 clock_gettime(0x7 /* CLOCK_??? */, {15160, 815815258}) = 0
26901 14:22:53 write(5, "m", 1)         = 1
26901 14:22:53 clock_gettime(0x7 /* CLOCK_??? */, {15160, 816228943}) = 0
26901 14:22:53 clock_gettime(0x7 /* CLOCK_??? */, {15160, 816272743}) = 0
26901 14:22:53 select(7, [3 4], [], NULL, NULL) = 1 (in [4])
26901 14:22:53 clock_gettime(0x7 /* CLOCK_??? */, {15160, 904611362}) = 0
26901 14:22:53 read(4, "e", 16384)      = 1
26901 14:22:53 clock_gettime(0x7 /* CLOCK_??? */, {15160, 904776654}) = 0
26901 14:22:53 clock_gettime(0x7 /* CLOCK_??? */, {15160, 904817046}) = 0
26901 14:22:53 select(7, [3 4], [3], NULL, NULL) = 1 (out [3])
26901 14:22:53 clock_gettime(0x7 /* CLOCK_??? */, {15160, 904912286}) = 0
26901 14:22:53 write(3, "\25o!\274i\330\1P\37\332\253&\243\365,c\264\235\363A \235\337\314ty\2315\371r\37\334"..., 36) = 36
26901 14:22:53 clock_gettime(0x7 /* CLOCK_??? */, {15160, 905211687}) = 0
26901 14:22:53 clock_gettime(0x7 /* CLOCK_??? */, {15160, 905278417}) = 0
26901 14:22:53 select(7, [3 4], [], NULL, NULL) = 1 (in [3])
26901 14:22:53 clock_gettime(0x7 /* CLOCK_??? */, {15160, 905894633}) = 0
26901 14:22:53 read(3, "`\372\374\215:\211\220u=}Rh\320\220?\7IO\337\327\33\270|\363\355\235`;\223\345\325w"..., 8192) = 36
26901 14:22:53 clock_gettime(0x7 /* CLOCK_??? */, {15160, 906052693}) = 0
26901 14:22:53 clock_gettime(0x7 /* CLOCK_??? */, {15160, 906095308}) = 0
26901 14:22:53 select(7, [3 4], [5], NULL, NULL) = 1 (out [5])
26901 14:22:53 clock_gettime(0x7 /* CLOCK_??? */, {15160, 906192879}) = 0
26901 14:22:53 write(5, "e", 1)         = 1
26901 14:22:53 clock_gettime(0x7 /* CLOCK_??? */, {15160, 906600371}) = 0
26901 14:22:53 clock_gettime(0x7 /* CLOCK_??? */, {15160, 906644841}) = 0
26901 14:22:53 select(7, [3 4], [], NULL, NULL) = 1 (in [4])
26901 14:22:54 clock_gettime(0x7 /* CLOCK_??? */, {15161, 335825916}) = 0
26901 14:22:54 read(4, "\r", 16384)     = 1
26901 14:22:54 clock_gettime(0x7 /* CLOCK_??? */, {15161, 335870859}) = 0
26901 14:22:54 clock_gettime(0x7 /* CLOCK_??? */, {15161, 335884219}) = 0
26901 14:22:54 select(7, [3 4], [3], NULL, NULL) = 1 (out [3])
26901 14:22:54 clock_gettime(0x7 /* CLOCK_??? */, {15161, 335915504}) = 0
26901 14:22:54 write(3, "\336[t}\310/\6\323X\26+\215\257\275\366A\267u(\240\225?\17\354\266\371\35\241hQ\231\214"..., 36) = 36
26901 14:22:54 clock_gettime(0x7 /* CLOCK_??? */, {15161, 336000795}) = 0
26901 14:22:54 clock_gettime(0x7 /* CLOCK_??? */, {15161, 336014678}) = 0
26901 14:22:54 select(7, [3 4], [], NULL, NULL) = 1 (in [3])
26901 14:22:54 clock_gettime(0x7 /* CLOCK_??? */, {15161, 336506077}) = 0
26901 14:22:54 read(3, "\235F\364\177\251;\223\333\n\323\216>\302Ct\306\260\221\22\231dp\353\5P\207K\355\254\336\364S"..., 8192) = 124
26901 14:22:54 clock_gettime(0x7 /* CLOCK_??? */, {15161, 336546898}) = 0
26901 14:22:54 clock_gettime(0x7 /* CLOCK_??? */, {15161, 336560327}) = 0
26901 14:22:54 select(7, [3 4], [5], NULL, NULL) = 1 (out [5])
26901 14:22:54 clock_gettime(0x7 /* CLOCK_??? */, {15161, 336593002}) = 0
26901 14:22:54 write(5, "\r\n\r\nreal\t0m0.000s\r\nuser\t0m0.000s"..., 85) = 85
26901 14:22:54 clock_gettime(0x7 /* CLOCK_??? */, {15161, 336740656}) = 0
26901 14:22:54 clock_gettime(0x7 /* CLOCK_??? */, {15161, 336755175}) = 0
26901 14:22:54 select(7, [3 4], [], NULL, NULL) = 1 (in [4])
26901 14:22:59 clock_gettime(0x7 /* CLOCK_??? */, {15166, 455159411}) = 0
26901 14:22:59 read(4, "e", 16384)      = 1
26901 14:22:59 clock_gettime(0x7 /* CLOCK_??? */, {15166, 455277681}) = 0
26901 14:22:59 clock_gettime(0x7 /* CLOCK_??? */, {15166, 455317854}) = 0
26901 14:22:59 select(7, [3 4], [3], NULL, NULL) = 1 (out [3])
26901 14:22:59 clock_gettime(0x7 /* CLOCK_??? */, {15166, 455414137}) = 0
26901 14:22:59 write(3, "\222\266\0224\3x\213\304t\314\1[q\371\371X\323k\6Z$/U\204\344[\264\222\345\206\327\1"..., 36) = 36
26901 14:22:59 clock_gettime(0x7 /* CLOCK_??? */, {15166, 455644711}) = 0
26901 14:22:59 clock_gettime(0x7 /* CLOCK_??? */, {15166, 455686975}) = 0
26901 14:22:59 select(7, [3 4], [], NULL, NULL) = 1 (in [3])
26901 14:22:59 clock_gettime(0x7 /* CLOCK_??? */, {15166, 456429215}) = 0
26901 14:22:59 read(3, "\366\367\5\321\350;\217\274'r\3434b\276\221@z\247\247\276xo\335\205\254\37sAx\316\201\305"..., 8192) = 36
26901 14:22:59 clock_gettime(0x7 /* CLOCK_??? */, {15166, 456543337}) = 0
26901 14:22:59 clock_gettime(0x7 /* CLOCK_??? */, {15166, 456583290}) = 0
26901 14:22:59 select(7, [3 4], [5], NULL, NULL) = 1 (out [5])
26901 14:22:59 clock_gettime(0x7 /* CLOCK_??? */, {15166, 456679436}) = 0
26901 14:22:59 write(5, "e", 1)         = 1
26901 14:22:59 clock_gettime(0x7 /* CLOCK_??? */, {15166, 457040175}) = 0
26901 14:22:59 clock_gettime(0x7 /* CLOCK_??? */, {15166, 457084131}) = 0
26901 14:22:59 select(7, [3 4], [], NULL, NULL) = 1 (in [4])
26901 14:22:59 clock_gettime(0x7 /* CLOCK_??? */, {15166, 759617400}) = 0
26901 14:22:59 read(4, "x", 16384)      = 1
26901 14:22:59 clock_gettime(0x7 /* CLOCK_??? */, {15166, 759734306}) = 0
26901 14:22:59 clock_gettime(0x7 /* CLOCK_??? */, {15166, 759811292}) = 0
26901 14:22:59 select(7, [3 4], [3], NULL, NULL) = 1 (out [3])
26901 14:22:59 clock_gettime(0x7 /* CLOCK_??? */, {15166, 759913725}) = 0
26901 14:22:59 write(3, "$z4\257\351\200\202\212\235\274\217bp\262\234\6\354\200\f&\7\255U\36\345\322\362\213Y\37\256M"..., 36) = 36
26901 14:22:59 clock_gettime(0x7 /* CLOCK_??? */, {15166, 760176412}) = 0
26901 14:22:59 clock_gettime(0x7 /* CLOCK_??? */, {15166, 760219209}) = 0
26901 14:22:59 select(7, [3 4], [], NULL, NULL) = 1 (in [3])
26901 14:22:59 clock_gettime(0x7 /* CLOCK_??? */, {15166, 760906022}) = 0
26901 14:22:59 read(3, "6h\272GV\23\354\227w\301)x\204\213;\236j\2266\v\177\2315\275\202V4(\356A\310\250"..., 8192) = 36
26901 14:22:59 clock_gettime(0x7 /* CLOCK_??? */, {15166, 761020514}) = 0
26901 14:22:59 clock_gettime(0x7 /* CLOCK_??? */, {15166, 761061082}) = 0
26901 14:22:59 select(7, [3 4], [5], NULL, NULL) = 1 (out [5])
26901 14:22:59 clock_gettime(0x7 /* CLOCK_??? */, {15166, 761156980}) = 0
26901 14:22:59 write(5, "x", 1)         = 1
26901 14:22:59 clock_gettime(0x7 /* CLOCK_??? */, {15166, 761650079}) = 0
26901 14:22:59 clock_gettime(0x7 /* CLOCK_??? */, {15166, 761693389}) = 0
26901 14:22:59 select(7, [3 4], [], NULL, NULL) = 1 (in [4])
26901 14:22:59 clock_gettime(0x7 /* CLOCK_??? */, {15167, 151151788}) = 0
26901 14:22:59 read(4, "i", 16384)      = 1
26901 14:22:59 clock_gettime(0x7 /* CLOCK_??? */, {15167, 151289857}) = 0
26901 14:22:59 clock_gettime(0x7 /* CLOCK_??? */, {15167, 151330526}) = 0
26901 14:22:59 select(7, [3 4], [3], NULL, NULL) = 1 (out [3])
26901 14:22:59 clock_gettime(0x7 /* CLOCK_??? */, {15167, 151475103}) = 0
26901 14:22:59 write(3, "\321\25\203V;^\366r\365\303j\205%X=o#FWiA\306\203\23\303\27\2157*\314\261\261"..., 36) = 36
26901 14:22:59 clock_gettime(0x7 /* CLOCK_??? */, {15167, 151723276}) = 0
26901 14:22:59 clock_gettime(0x7 /* CLOCK_??? */, {15167, 151765652}) = 0
26901 14:22:59 select(7, [3 4], [], NULL, NULL) = 1 (in [3])
26901 14:22:59 clock_gettime(0x7 /* CLOCK_??? */, {15167, 152447149}) = 0
26901 14:22:59 read(3, "\231\346\26e\0043\271\310h\251\251\30\226*h\340\n\300\266\307\231\222k\356\333k\210V\305H\33\246"..., 8192) = 36
26901 14:22:59 clock_gettime(0x7 /* CLOCK_??? */, {15167, 152595541}) = 0
26901 14:22:59 clock_gettime(0x7 /* CLOCK_??? */, {15167, 152642702}) = 0
26901 14:22:59 select(7, [3 4], [5], NULL, NULL) = 1 (out [5])
26901 14:22:59 clock_gettime(0x7 /* CLOCK_??? */, {15167, 152742174}) = 0
26901 14:22:59 write(5, "i", 1)         = 1
26901 14:22:59 clock_gettime(0x7 /* CLOCK_??? */, {15167, 153162862}) = 0
26901 14:22:59 clock_gettime(0x7 /* CLOCK_??? */, {15167, 153206520}) = 0
26901 14:22:59 select(7, [3 4], [], NULL, NULL) = 1 (in [4])
26901 14:23:00 clock_gettime(0x7 /* CLOCK_??? */, {15167, 281569819}) = 0
26901 14:23:00 read(4, "t", 16384)      = 1
26901 14:23:00 clock_gettime(0x7 /* CLOCK_??? */, {15167, 281686938}) = 0
26901 14:23:00 clock_gettime(0x7 /* CLOCK_??? */, {15167, 281726942}) = 0
26901 14:23:00 select(7, [3 4], [3], NULL, NULL) = 1 (out [3])
26901 14:23:00 clock_gettime(0x7 /* CLOCK_??? */, {15167, 281821186}) = 0
26901 14:23:00 write(3, "$Q\315\245\17[w\266d$ZRS\301\20I9.\320\342\n\32>\371\225\17>\317\250\206\224n"..., 36) = 36
26901 14:23:00 clock_gettime(0x7 /* CLOCK_??? */, {15167, 282076914}) = 0
26901 14:23:00 clock_gettime(0x7 /* CLOCK_??? */, {15167, 282119398}) = 0
26901 14:23:00 select(7, [3 4], [], NULL, NULL) = 1 (in [3])
26901 14:23:00 clock_gettime(0x7 /* CLOCK_??? */, {15167, 282746803}) = 0
26901 14:23:00 read(3, "\331\371\237\35 \32\0\237\203\235\210\233\242\331t\253\274\17\260;'j\330\376R\270\340\"\3732\231\300"..., 8192) = 36
26901 14:23:00 clock_gettime(0x7 /* CLOCK_??? */, {15167, 282876890}) = 0
26901 14:23:00 clock_gettime(0x7 /* CLOCK_??? */, {15167, 282953491}) = 0
26901 14:23:00 select(7, [3 4], [5], NULL, NULL) = 1 (out [5])
26901 14:23:00 clock_gettime(0x7 /* CLOCK_??? */, {15167, 283060985}) = 0
26901 14:23:00 write(5, "t", 1)         = 1
26901 14:23:00 clock_gettime(0x7 /* CLOCK_??? */, {15167, 283439331}) = 0
26901 14:23:00 clock_gettime(0x7 /* CLOCK_??? */, {15167, 283504671}) = 0
26901 14:23:00 select(7, [3 4], [], NULL, NULL) = 1 (in [4])
26901 14:23:00 clock_gettime(0x7 /* CLOCK_??? */, {15168, 61193475}) = 0
26901 14:23:00 read(4, "\r", 16384)     = 1
26901 14:23:00 clock_gettime(0x7 /* CLOCK_??? */, {15168, 61236933}) = 0
26901 14:23:00 clock_gettime(0x7 /* CLOCK_??? */, {15168, 61250450}) = 0
26901 14:23:00 select(7, [3 4], [3], NULL, NULL) = 1 (out [3])
26901 14:23:00 clock_gettime(0x7 /* CLOCK_??? */, {15168, 61282195}) = 0
26901 14:23:00 write(3, "\rrrj\211\257\357\211\26Qw\362NF\241\37-u\254V\5\250^\35U$~\335WS\242\214"..., 36) = 36
26901 14:23:00 clock_gettime(0x7 /* CLOCK_??? */, {15168, 61367114}) = 0
26901 14:23:00 clock_gettime(0x7 /* CLOCK_??? */, {15168, 61381280}) = 0
26901 14:23:00 select(7, [3 4], [], NULL, NULL) = 1 (in [3])
26901 14:23:00 clock_gettime(0x7 /* CLOCK_??? */, {15168, 62096463}) = 0
26901 14:23:00 read(3, "\210:\332\30\210\355\333\363\276\225\331\227\377\304 \362UZ\215q\252\253\321e\352D\25\323\2402t\17"..., 8192) = 220
26901 14:23:00 close(4)                 = 0
26901 14:23:00 clock_gettime(0x7 /* CLOCK_??? */, {15168, 62161459}) = 0
26901 14:23:00 clock_gettime(0x7 /* CLOCK_??? */, {15168, 62174978}) = 0
26901 14:23:00 select(7, [3], [5], NULL, NULL) = 1 (out [5])
26901 14:23:00 clock_gettime(0x7 /* CLOCK_??? */, {15168, 62224562}) = 0
26901 14:23:00 write(5, "\r\n\347\231\273\345\207\272\r\n", 10) = 10
26901 14:23:00 clock_gettime(0x7 /* CLOCK_??? */, {15168, 62427998}) = 0
26901 14:23:00 clock_gettime(0x7 /* CLOCK_??? */, {15168, 62445574}) = 0
26901 14:23:00 close(5)                 = 0
26901 14:23:00 ioctl(0, SNDCTL_TMR_STOP or SNDRV_TIMER_IOCTL_GINFO or TCSETSW, {B38400 opost isig icanon echo ...}) = 0
26901 14:23:00 close(6)                 = 0
26901 14:23:00 select(7, [3], [3], NULL, NULL) = 1 (out [3])
26901 14:23:00 clock_gettime(0x7 /* CLOCK_??? */, {15168, 62543142}) = 0
26901 14:23:00 write(3, "\207\3\273\312V\264\0033\271\240\377\317jv\206\3\202/'\223g(\37p\216\r\225\23\177\201\370\347"..., 36) = 36
26901 14:23:00 rt_sigaction(SIGWINCH, NULL, {0x7fecac5dcc80, [], SA_RESTORER, 0x7fecab1c3250}, 8) = 0
26901 14:23:00 rt_sigaction(SIGWINCH, {SIG_DFL, [], SA_RESTORER, 0x7fecab1c3250}, NULL, 8) = 0
26901 14:23:00 write(3, "j\267\206\256\206N\2,E\303\":nS\2469\262\344\241\337\216\213\211\344\211dN\342,%\274\10"..., 60) = 60
26901 14:23:00 ioctl(0, SNDCTL_TMR_TIMEBASE or SNDRV_TIMER_IOCTL_NEXT_DEVICE or TCGETS, {B38400 opost isig icanon echo ...}) = 0
26901 14:23:00 ioctl(1, SNDCTL_TMR_TIMEBASE or SNDRV_TIMER_IOCTL_NEXT_DEVICE or TCGETS, {B38400 opost isig icanon echo ...}) = 0
26901 14:23:00 ioctl(2, SNDCTL_TMR_TIMEBASE or SNDRV_TIMER_IOCTL_NEXT_DEVICE or TCGETS, {B38400 opost isig icanon echo ...}) = 0
26901 14:23:00 write(2, "Connection to 192.168.47.133 clo"..., 38) = 38
26901 14:23:00 shutdown(3, SHUT_RDWR)   = 0
26901 14:23:00 close(3)                 = 0
26901 14:23:00 write(1, "session_tag rx5nbi0hd1", 22) = 22
26901 14:23:00 exit_group(0)            = ?
26901 14:23:00 +++ exited with 0 +++
