2912  07:20:04 select(7, [3 4], [], NULL, NULL) = ? ERESTARTNOHAND (To be restarted if no handler)
2912  07:20:13 --- SIGWINCH {si_signo=SIGWINCH, si_code=SI_KERNEL, si_value={int=3535500888, ptr=0x7fcdd2bb7658}} ---
2912  07:20:13 rt_sigaction(SIGWINCH, NULL, {0x7f83b0d48c80, [], SA_RESTORER, 0x7f83af92f250}, 8) = 0
2912  07:20:13 rt_sigreturn()           = -1 EINTR (Interrupted system call)
2912  07:20:13 clock_gettime(0x7 /* CLOCK_??? */, {780, 315441679}) = 0
2912  07:20:13 ioctl(4, TIOCGWINSZ, {ws_row=39, ws_col=155, ws_xpixel=0, ws_ypixel=0}) = 0
2912  07:20:13 clock_gettime(0x7 /* CLOCK_??? */, {780, 315505505}) = 0
2912  07:20:13 clock_gettime(0x7 /* CLOCK_??? */, {780, 315518993}) = 0
2912  07:20:13 select(7, [3 4], [3], NULL, NULL) = 1 (out [3])
2912  07:20:13 clock_gettime(0x7 /* CLOCK_??? */, {780, 315553159}) = 0
2912  07:20:13 write(3, "\330\261\244\377r\26\254\355j\240~\371\321\340\177\260vUn.\236\343\2506\346\326\352\316_\271\306\377"..., 68) = 68
2912  07:20:13 clock_gettime(0x7 /* CLOCK_??? */, {780, 315653526}) = 0
2912  07:20:13 clock_gettime(0x7 /* CLOCK_??? */, {780, 315667528}) = 0
2912  07:20:13 select(7, [3 4], [], NULL, NULL) = 1 (in [3])
2912  07:20:13 clock_gettime(0x7 /* CLOCK_??? */, {780, 316086723}) = 0
2912  07:20:13 read(3, "\332\222\220!Pe-_P\303\244(\34\343h\265*v\344'\203\345\247\365\372\245\3119\273\310T("..., 8192) = 60
2912  07:20:13 clock_gettime(0x7 /* CLOCK_??? */, {780, 316127583}) = 0
2912  07:20:13 clock_gettime(0x7 /* CLOCK_??? */, {780, 316154218}) = 0
2912  07:20:13 select(7, [3 4], [5], NULL, NULL) = 1 (out [5])
2912  07:20:13 clock_gettime(0x7 /* CLOCK_??? */, {780, 316188449}) = 0
2912  07:20:13 write(5, "\r\33[K[jackboy@Jack ~]$ ", 22) = 22
2912  07:20:13 clock_gettime(0x7 /* CLOCK_??? */, {780, 316234067}) = 0
2912  07:20:13 clock_gettime(0x7 /* CLOCK_??? */, {780, 316247299}) = 0
2912  07:20:13 select(7, [3 4], [], NULL, NULL) = 1 (in [4])
2912  07:20:32 clock_gettime(0x7 /* CLOCK_??? */, {798, 968870586}) = 0
2912  07:20:32 read(4, "l", 16384)      = 1
2912  07:20:32 clock_gettime(0x7 /* CLOCK_??? */, {798, 969011193}) = 0
2912  07:20:32 clock_gettime(0x7 /* CLOCK_??? */, {798, 969055068}) = 0
2912  07:20:32 select(7, [3 4], [3], NULL, NULL) = 1 (out [3])
2912  07:20:32 clock_gettime(0x7 /* CLOCK_??? */, {798, 969159702}) = 0
2912  07:20:32 write(3, "p\2733$\352\371\346\244D\214a\253\"\314\27\337%\256\3623\354\345\327\23b\367\266\221f\23\305\321"..., 36) = 36
2912  07:20:32 clock_gettime(0x7 /* CLOCK_??? */, {798, 969459566}) = 0
2912  07:20:32 clock_gettime(0x7 /* CLOCK_??? */, {798, 969507016}) = 0
2912  07:20:32 select(7, [3 4], [], NULL, NULL) = 1 (in [3])
2912  07:20:32 clock_gettime(0x7 /* CLOCK_??? */, {798, 970324610}) = 0
2912  07:20:32 read(3, "\201\341\376)R0;\256\244HJ\360\231L\337J\v\235\330U^\203\252$\360\226\310+\256,\35\212"..., 8192) = 36
2912  07:20:32 clock_gettime(0x7 /* CLOCK_??? */, {798, 970446228}) = 0
2912  07:20:32 clock_gettime(0x7 /* CLOCK_??? */, {798, 970489709}) = 0
2912  07:20:32 select(7, [3 4], [5], NULL, NULL) = 1 (out [5])
2912  07:20:32 clock_gettime(0x7 /* CLOCK_??? */, {798, 970592517}) = 0
2912  07:20:32 write(5, "l", 1)         = 1
2912  07:20:32 clock_gettime(0x7 /* CLOCK_??? */, {798, 970989993}) = 0
2912  07:20:32 clock_gettime(0x7 /* CLOCK_??? */, {798, 971037710}) = 0
2912  07:20:32 select(7, [3 4], [], NULL, NULL) = 1 (in [4])
2912  07:20:34 clock_gettime(0x7 /* CLOCK_??? */, {801, 283592639}) = 0
2912  07:20:34 read(4, "s", 16384)      = 1
2912  07:20:34 clock_gettime(0x7 /* CLOCK_??? */, {801, 283724898}) = 0
2912  07:20:34 clock_gettime(0x7 /* CLOCK_??? */, {801, 283768502}) = 0
2912  07:20:34 select(7, [3 4], [3], NULL, NULL) = 1 (out [3])
2912  07:20:34 clock_gettime(0x7 /* CLOCK_??? */, {801, 283873015}) = 0
2912  07:20:34 write(3, "\20~\221\311\375n3\237\377\362\232\323\307\213 2\326[\256\f\\\350m ;\300\344\350*\300\310\243"..., 36) = 36
2912  07:20:34 clock_gettime(0x7 /* CLOCK_??? */, {801, 284165232}) = 0
2912  07:20:34 clock_gettime(0x7 /* CLOCK_??? */, {801, 284212201}) = 0
2912  07:20:34 select(7, [3 4], [], NULL, NULL) = 1 (in [3])
2912  07:20:34 clock_gettime(0x7 /* CLOCK_??? */, {801, 284998141}) = 0
2912  07:20:34 read(3, "B\225\236P\243\365\2263h\343gY\304\326\17:\271\"\263e\314\264M\7\260&\337p\257\277}\361"..., 8192) = 36
2912  07:20:34 clock_gettime(0x7 /* CLOCK_??? */, {801, 285122120}) = 0
2912  07:20:34 clock_gettime(0x7 /* CLOCK_??? */, {801, 285166027}) = 0
2912  07:20:34 select(7, [3 4], [5], NULL, NULL) = 1 (out [5])
2912  07:20:34 clock_gettime(0x7 /* CLOCK_??? */, {801, 285270449}) = 0
2912  07:20:34 write(5, "s", 1)         = 1
2912  07:20:34 clock_gettime(0x7 /* CLOCK_??? */, {801, 285705968}) = 0
2912  07:20:34 clock_gettime(0x7 /* CLOCK_??? */, {801, 285755407}) = 0
2912  07:20:34 select(7, [3 4], [], NULL, NULL) = 1 (in [4])
2912  07:20:35 clock_gettime(0x7 /* CLOCK_??? */, {801, 648793839}) = 0
2912  07:20:35 read(4, "\r", 16384)     = 1
2912  07:20:35 clock_gettime(0x7 /* CLOCK_??? */, {801, 648843399}) = 0
2912  07:20:35 clock_gettime(0x7 /* CLOCK_??? */, {801, 648857460}) = 0
2912  07:20:35 select(7, [3 4], [3], NULL, NULL) = 1 (out [3])
2912  07:20:35 clock_gettime(0x7 /* CLOCK_??? */, {801, 648890988}) = 0
2912  07:20:35 write(3, "\2071g.\264\vP\n\202\244n\273l\317\253\v\326f_\316\4y\263!\356}\320\321\331\304\207\365"..., 36) = 36
2912  07:20:35 clock_gettime(0x7 /* CLOCK_??? */, {801, 649032623}) = 0
2912  07:20:35 clock_gettime(0x7 /* CLOCK_??? */, {801, 649046999}) = 0
2912  07:20:35 select(7, [3 4], [], NULL, NULL) = 1 (in [3])
2912  07:20:35 clock_gettime(0x7 /* CLOCK_??? */, {801, 649651867}) = 0
2912  07:20:35 read(3, "2\256\36>\305p\355?\223\3049\264\224\340P#\242)\220\272\302B\235\214\\\365\21\23\272\304\261%"..., 8192) = 36
2912  07:20:35 clock_gettime(0x7 /* CLOCK_??? */, {801, 649692055}) = 0
2912  07:20:35 clock_gettime(0x7 /* CLOCK_??? */, {801, 649705275}) = 0
2912  07:20:35 select(7, [3 4], [5], NULL, NULL) = 1 (out [5])
2912  07:20:35 clock_gettime(0x7 /* CLOCK_??? */, {801, 649736635}) = 0
2912  07:20:35 write(5, "\r\n", 2)      = 2
2912  07:20:35 clock_gettime(0x7 /* CLOCK_??? */, {801, 649883318}) = 0
2912  07:20:35 clock_gettime(0x7 /* CLOCK_??? */, {801, 649897781}) = 0
2912  07:20:35 select(7, [3 4], [], NULL, NULL) = 1 (in [3])
2912  07:20:35 clock_gettime(0x7 /* CLOCK_??? */, {801, 722570303}) = 0
2912  07:20:35 read(3, "\215\7t%\200.\260\335\177\302\272\376\334\2\245\325&\253\240\230\31\335\227/\221\355\214\260Cc\26p"..., 8192) = 236
2912  07:20:35 clock_gettime(0x7 /* CLOCK_??? */, {801, 722709972}) = 0
2912  07:20:35 clock_gettime(0x7 /* CLOCK_??? */, {801, 722802766}) = 0
2912  07:20:35 select(7, [3 4], [5], NULL, NULL) = 1 (out [5])
2912  07:20:35 clock_gettime(0x7 /* CLOCK_??? */, {801, 722921891}) = 0
2912  07:20:35 write(5, "\33[0m\33[01;34m\345\205\254\345\205\261\33[0m  \33[01;34m"..., 201) = 201
2912  07:20:35 clock_gettime(0x7 /* CLOCK_??? */, {801, 723377364}) = 0
2912  07:20:35 clock_gettime(0x7 /* CLOCK_??? */, {801, 723425985}) = 0
2912  07:20:35 select(7, [3 4], [], NULL, NULL) = 1 (in [4])
2912  07:20:37 clock_gettime(0x7 /* CLOCK_??? */, {803, 447509937}) = 0
2912  07:20:37 read(4, "p", 16384)      = 1
2912  07:20:37 clock_gettime(0x7 /* CLOCK_??? */, {803, 447691155}) = 0
2912  07:20:37 clock_gettime(0x7 /* CLOCK_??? */, {803, 447738680}) = 0
2912  07:20:37 select(7, [3 4], [3], NULL, NULL) = 1 (out [3])
2912  07:20:37 clock_gettime(0x7 /* CLOCK_??? */, {803, 447844950}) = 0
2912  07:20:37 write(3, "P\266J\340\224\274-\276\245\317\275\234^\346\266e\213\216ey9B\212#\336\f\304_\234\333@\n"..., 36) = 36
2912  07:20:37 clock_gettime(0x7 /* CLOCK_??? */, {803, 448097723}) = 0
2912  07:20:37 clock_gettime(0x7 /* CLOCK_??? */, {803, 448144516}) = 0
2912  07:20:37 select(7, [3 4], [], NULL, NULL) = 1 (in [3])
2912  07:20:37 clock_gettime(0x7 /* CLOCK_??? */, {803, 448920671}) = 0
2912  07:20:37 read(3, ".V\311n\310uo1\331\20A$\372\3\35\310\341\213\360\16\276`\356\326\234\31617w@\366\377"..., 8192) = 36
2912  07:20:37 clock_gettime(0x7 /* CLOCK_??? */, {803, 449048195}) = 0
2912  07:20:37 clock_gettime(0x7 /* CLOCK_??? */, {803, 449092660}) = 0
2912  07:20:37 select(7, [3 4], [5], NULL, NULL) = 1 (out [5])
2912  07:20:37 clock_gettime(0x7 /* CLOCK_??? */, {803, 449224127}) = 0
2912  07:20:37 write(5, "p", 1)         = 1
2912  07:20:37 clock_gettime(0x7 /* CLOCK_??? */, {803, 449698618}) = 0
2912  07:20:37 clock_gettime(0x7 /* CLOCK_??? */, {803, 449748850}) = 0
2912  07:20:37 select(7, [3 4], [], NULL, NULL) = 1 (in [4])
2912  07:20:37 clock_gettime(0x7 /* CLOCK_??? */, {803, 573592215}) = 0
2912  07:20:37 read(4, "w", 16384)      = 1
2912  07:20:37 clock_gettime(0x7 /* CLOCK_??? */, {803, 573718114}) = 0
2912  07:20:37 clock_gettime(0x7 /* CLOCK_??? */, {803, 573761619}) = 0
2912  07:20:37 select(7, [3 4], [3], NULL, NULL) = 1 (out [3])
2912  07:20:37 clock_gettime(0x7 /* CLOCK_??? */, {803, 573920382}) = 0
2912  07:20:37 write(3, "A\310\3120(C\302\222\317\323\20l\330\6m}\233r\325\305U\353\240\320\367\267:\2447\252_H"..., 36) = 36
2912  07:20:37 clock_gettime(0x7 /* CLOCK_??? */, {803, 574208704}) = 0
2912  07:20:37 clock_gettime(0x7 /* CLOCK_??? */, {803, 574256018}) = 0
2912  07:20:37 select(7, [3 4], [], NULL, NULL) = 1 (in [3])
2912  07:20:37 clock_gettime(0x7 /* CLOCK_??? */, {803, 574933563}) = 0
2912  07:20:37 read(3, "8\205\v\367\322m\273\375F\314\25\22gzA\253\313Q\274\310xi\16\03070\23,\225\201\235\10"..., 8192) = 36
2912  07:20:37 clock_gettime(0x7 /* CLOCK_??? */, {803, 575057550}) = 0
2912  07:20:37 clock_gettime(0x7 /* CLOCK_??? */, {803, 575100936}) = 0
2912  07:20:37 select(7, [3 4], [5], NULL, NULL) = 1 (out [5])
2912  07:20:37 clock_gettime(0x7 /* CLOCK_??? */, {803, 575208131}) = 0
2912  07:20:37 write(5, "w", 1)         = 1
2912  07:20:37 clock_gettime(0x7 /* CLOCK_??? */, {803, 575626078}) = 0
2912  07:20:37 clock_gettime(0x7 /* CLOCK_??? */, {803, 575674613}) = 0
2912  07:20:37 select(7, [3 4], [], NULL, NULL) = 1 (in [4])
2912  07:20:37 clock_gettime(0x7 /* CLOCK_??? */, {803, 868318215}) = 0
2912  07:20:37 read(4, "d", 16384)      = 1
2912  07:20:37 clock_gettime(0x7 /* CLOCK_??? */, {803, 868383324}) = 0
2912  07:20:37 clock_gettime(0x7 /* CLOCK_??? */, {803, 868404366}) = 0
2912  07:20:37 select(7, [3 4], [3], NULL, NULL) = 1 (out [3])
2912  07:20:37 clock_gettime(0x7 /* CLOCK_??? */, {803, 868454217}) = 0
2912  07:20:37 write(3, "\31\216\336]\237\207f\23G\263\251\322\357\346d\370\265\257Y\370\275[L\241\377{\213\361\360\10\232\6"..., 36) = 36
2912  07:20:37 clock_gettime(0x7 /* CLOCK_??? */, {803, 868597925}) = 0
2912  07:20:37 clock_gettime(0x7 /* CLOCK_??? */, {803, 868620557}) = 0
2912  07:20:37 select(7, [3 4], [], NULL, NULL) = 1 (in [3])
2912  07:20:37 clock_gettime(0x7 /* CLOCK_??? */, {803, 869008087}) = 0
2912  07:20:37 read(3, "\25q\227:\37\220\254\3,\341\236\272\345H.k\362\341\311\301\2070\215\232\265\340%y\205;\10\211"..., 8192) = 36
2912  07:20:37 clock_gettime(0x7 /* CLOCK_??? */, {803, 869069620}) = 0
2912  07:20:37 clock_gettime(0x7 /* CLOCK_??? */, {803, 869090728}) = 0
2912  07:20:37 select(7, [3 4], [5], NULL, NULL) = 1 (out [5])
2912  07:20:37 clock_gettime(0x7 /* CLOCK_??? */, {803, 869141187}) = 0
2912  07:20:37 write(5, "d", 1)         = 1
2912  07:20:37 clock_gettime(0x7 /* CLOCK_??? */, {803, 869387859}) = 0
2912  07:20:37 clock_gettime(0x7 /* CLOCK_??? */, {803, 869411891}) = 0
2912  07:20:37 select(7, [3 4], [], NULL, NULL) = 1 (in [4])
2912  07:20:37 clock_gettime(0x7 /* CLOCK_??? */, {804, 210818666}) = 0
2912  07:20:37 read(4, "\r", 16384)     = 1
2912  07:20:37 clock_gettime(0x7 /* CLOCK_??? */, {804, 210861904}) = 0
2912  07:20:37 clock_gettime(0x7 /* CLOCK_??? */, {804, 210875088}) = 0
2912  07:20:37 select(7, [3 4], [3], NULL, NULL) = 1 (out [3])
2912  07:20:37 clock_gettime(0x7 /* CLOCK_??? */, {804, 210906480}) = 0
2912  07:20:37 write(3, "\235\25\246l\215\4\27\321\370\336 \226}\210\f\2145\205w{\16\351\342\307\323\352\364\177\254\277\301\252"..., 36) = 36
2912  07:20:37 clock_gettime(0x7 /* CLOCK_??? */, {804, 210990812}) = 0
2912  07:20:37 clock_gettime(0x7 /* CLOCK_??? */, {804, 211004667}) = 0
2912  07:20:37 select(7, [3 4], [], NULL, NULL) = 1 (in [3])
2912  07:20:37 clock_gettime(0x7 /* CLOCK_??? */, {804, 211533479}) = 0
2912  07:20:37 read(3, "\243n\247\351W\27r\321<b\241\221\221e\177\221'\353\262\361\21\376\373qul<~\360\215&\311"..., 8192) = 92
2912  07:20:37 clock_gettime(0x7 /* CLOCK_??? */, {804, 211583183}) = 0
2912  07:20:37 clock_gettime(0x7 /* CLOCK_??? */, {804, 211596439}) = 0
2912  07:20:37 select(7, [3 4], [5], NULL, NULL) = 1 (out [5])
2912  07:20:37 clock_gettime(0x7 /* CLOCK_??? */, {804, 211627825}) = 0
2912  07:20:37 write(5, "\r\n/home/jackboy\r\n\33]0;jackboy@Jac"..., 54) = 54
2912  07:20:37 clock_gettime(0x7 /* CLOCK_??? */, {804, 211779862}) = 0
2912  07:20:37 clock_gettime(0x7 /* CLOCK_??? */, {804, 211794292}) = 0
2912  07:20:37 select(7, [3 4], [], NULL, NULL) = 1 (in [4])
2912  07:20:38 clock_gettime(0x7 /* CLOCK_??? */, {805, 69736840}) = 0
2912  07:20:38 read(4, "e", 16384)      = 1
2912  07:20:38 clock_gettime(0x7 /* CLOCK_??? */, {805, 69864666}) = 0
2912  07:20:38 clock_gettime(0x7 /* CLOCK_??? */, {805, 69908039}) = 0
2912  07:20:38 select(7, [3 4], [3], NULL, NULL) = 1 (out [3])
2912  07:20:38 clock_gettime(0x7 /* CLOCK_??? */, {805, 70115190}) = 0
2912  07:20:38 write(3, "\321n\222\324\231Ko\203\233a[!\27\202\314-\22\360\304]h\211:\311\0161\2\22?eB "..., 36) = 36
2912  07:20:38 clock_gettime(0x7 /* CLOCK_??? */, {805, 70368919}) = 0
2912  07:20:38 clock_gettime(0x7 /* CLOCK_??? */, {805, 70415290}) = 0
2912  07:20:38 select(7, [3 4], [], NULL, NULL) = 1 (in [3])
2912  07:20:38 clock_gettime(0x7 /* CLOCK_??? */, {805, 71176031}) = 0
2912  07:20:38 read(3, "\226\346\241\252p\313\347\312\336(\314\352l\371\262\323\340\247\351\356\37S0N\333\264u\20\215Y\330\321"..., 8192) = 36
2912  07:20:38 clock_gettime(0x7 /* CLOCK_??? */, {805, 71298531}) = 0
2912  07:20:38 clock_gettime(0x7 /* CLOCK_??? */, {805, 71342447}) = 0
2912  07:20:38 select(7, [3 4], [5], NULL, NULL) = 1 (out [5])
2912  07:20:38 clock_gettime(0x7 /* CLOCK_??? */, {805, 71446380}) = 0
2912  07:20:38 write(5, "e", 1)         = 1
2912  07:20:38 clock_gettime(0x7 /* CLOCK_??? */, {805, 71835918}) = 0
2912  07:20:38 clock_gettime(0x7 /* CLOCK_??? */, {805, 71883685}) = 0
2912  07:20:38 select(7, [3 4], [], NULL, NULL) = 1 (in [4])
2912  07:20:39 clock_gettime(0x7 /* CLOCK_??? */, {805, 558851260}) = 0
2912  07:20:39 read(4, "x", 16384)      = 1
2912  07:20:39 clock_gettime(0x7 /* CLOCK_??? */, {805, 558978643}) = 0
2912  07:20:39 clock_gettime(0x7 /* CLOCK_??? */, {805, 559104314}) = 0
2912  07:20:39 select(7, [3 4], [3], NULL, NULL) = 1 (out [3])
2912  07:20:39 clock_gettime(0x7 /* CLOCK_??? */, {805, 559215589}) = 0
2912  07:20:39 write(3, "\4\214\206\0\333R\324\342\235\254\345\23\tj!w\264\367\320%\rLES\23\347\245l\216'\242\337"..., 36) = 36
2912  07:20:39 clock_gettime(0x7 /* CLOCK_??? */, {805, 559472799}) = 0
2912  07:20:39 clock_gettime(0x7 /* CLOCK_??? */, {805, 559519382}) = 0
2912  07:20:39 select(7, [3 4], [], NULL, NULL) = 1 (in [3])
2912  07:20:39 clock_gettime(0x7 /* CLOCK_??? */, {805, 560299702}) = 0
2912  07:20:39 read(3, "\257i\233\264\276~'\fv\330\323\335D\243\216+1v6\30\245\250\355c\243\333\356\277\0339\237\302"..., 8192) = 36
2912  07:20:39 clock_gettime(0x7 /* CLOCK_??? */, {805, 560415262}) = 0
2912  07:20:39 clock_gettime(0x7 /* CLOCK_??? */, {805, 560458263}) = 0
2912  07:20:39 select(7, [3 4], [5], NULL, NULL) = 1 (out [5])
2912  07:20:39 clock_gettime(0x7 /* CLOCK_??? */, {805, 560557656}) = 0
2912  07:20:39 write(5, "x", 1)         = 1
2912  07:20:39 clock_gettime(0x7 /* CLOCK_??? */, {805, 560940243}) = 0
2912  07:20:39 clock_gettime(0x7 /* CLOCK_??? */, {805, 561030819}) = 0
2912  07:20:39 select(7, [3 4], [], NULL, NULL) = 1 (in [4])
2912  07:20:39 clock_gettime(0x7 /* CLOCK_??? */, {806, 84496909}) = 0
2912  07:20:39 read(4, "i", 16384)      = 1
2912  07:20:39 clock_gettime(0x7 /* CLOCK_??? */, {806, 84624740}) = 0
2912  07:20:39 clock_gettime(0x7 /* CLOCK_??? */, {806, 84717038}) = 0
2912  07:20:39 select(7, [3 4], [3], NULL, NULL) = 1 (out [3])
2912  07:20:39 clock_gettime(0x7 /* CLOCK_??? */, {806, 84828078}) = 0
2912  07:20:39 write(3, "r\"\37-\271\274~\321\5\n\246x\312X\236\211g\"\7\354\256\263\334S\211\254O\224n\300\230\367"..., 36) = 36
2912  07:20:39 clock_gettime(0x7 /* CLOCK_??? */, {806, 85143200}) = 0
2912  07:20:39 clock_gettime(0x7 /* CLOCK_??? */, {806, 85191013}) = 0
2912  07:20:39 select(7, [3 4], [], NULL, NULL) = 1 (in [3])
2912  07:20:39 clock_gettime(0x7 /* CLOCK_??? */, {806, 85889904}) = 0
2912  07:20:39 read(3, "\266\213~I;\332;sr\245^t\31\6\1Ji\316\22Gwb\20\243\363\352T\251&/\365q"..., 8192) = 36
2912  07:20:39 clock_gettime(0x7 /* CLOCK_??? */, {806, 86011795}) = 0
2912  07:20:39 clock_gettime(0x7 /* CLOCK_??? */, {806, 86055457}) = 0
2912  07:20:39 select(7, [3 4], [5], NULL, NULL) = 1 (out [5])
2912  07:20:39 clock_gettime(0x7 /* CLOCK_??? */, {806, 86159450}) = 0
2912  07:20:39 write(5, "i", 1)         = 1
2912  07:20:39 clock_gettime(0x7 /* CLOCK_??? */, {806, 86581675}) = 0
2912  07:20:39 clock_gettime(0x7 /* CLOCK_??? */, {806, 86630206}) = 0
2912  07:20:39 select(7, [3 4], [], NULL, NULL) = 1 (in [4])
2912  07:20:39 clock_gettime(0x7 /* CLOCK_??? */, {806, 341084368}) = 0
2912  07:20:39 read(4, "t", 16384)      = 1
2912  07:20:39 clock_gettime(0x7 /* CLOCK_??? */, {806, 341211611}) = 0
2912  07:20:39 clock_gettime(0x7 /* CLOCK_??? */, {806, 341254684}) = 0
2912  07:20:39 select(7, [3 4], [3], NULL, NULL) = 1 (out [3])
2912  07:20:39 clock_gettime(0x7 /* CLOCK_??? */, {806, 341356177}) = 0
2912  07:20:39 write(3, "\203\301\367\261\273\204\215\tQ\311\34a\20\v\267\275\26F\223\33u\316\360\232.\r\250\333\251\1c\32"..., 36) = 36
2912  07:20:39 clock_gettime(0x7 /* CLOCK_??? */, {806, 341654363}) = 0
2912  07:20:39 clock_gettime(0x7 /* CLOCK_??? */, {806, 341701531}) = 0
2912  07:20:39 select(7, [3 4], [], NULL, NULL) = 1 (in [3])
2912  07:20:39 clock_gettime(0x7 /* CLOCK_??? */, {806, 342428018}) = 0
2912  07:20:39 read(3, "\223\317\357\233\246\320+D_)\222\220\0031\263\232U\250_uh\24\35\362A-l/5\330D."..., 8192) = 36
2912  07:20:39 clock_gettime(0x7 /* CLOCK_??? */, {806, 342550018}) = 0
2912  07:20:39 clock_gettime(0x7 /* CLOCK_??? */, {806, 342593444}) = 0
2912  07:20:39 select(7, [3 4], [5], NULL, NULL) = 1 (out [5])
2912  07:20:39 clock_gettime(0x7 /* CLOCK_??? */, {806, 342697406}) = 0
2912  07:20:39 write(5, "t", 1)         = 1
2912  07:20:39 clock_gettime(0x7 /* CLOCK_??? */, {806, 343177773}) = 0
2912  07:20:39 clock_gettime(0x7 /* CLOCK_??? */, {806, 343226395}) = 0
2912  07:20:39 select(7, [3 4], [], NULL, NULL) = 1 (in [4])
2912  07:20:40 clock_gettime(0x7 /* CLOCK_??? */, {807, 133394962}) = 0
2912  07:20:40 read(4, "\r", 16384)     = 1
2912  07:20:40 clock_gettime(0x7 /* CLOCK_??? */, {807, 133436793}) = 0
2912  07:20:40 clock_gettime(0x7 /* CLOCK_??? */, {807, 133450071}) = 0
2912  07:20:40 select(7, [3 4], [3], NULL, NULL) = 1 (out [3])
2912  07:20:40 clock_gettime(0x7 /* CLOCK_??? */, {807, 133481159}) = 0
2912  07:20:40 write(3, "\305^z\325\245t\271\377\264b\322\375\207\355W\324\311<\230\353\305\213b\4x^\207\221[\230]#"..., 36) = 36
2912  07:20:40 clock_gettime(0x7 /* CLOCK_??? */, {807, 133563835}) = 0
2912  07:20:40 clock_gettime(0x7 /* CLOCK_??? */, {807, 133577770}) = 0
2912  07:20:40 select(7, [3 4], [], NULL, NULL) = 1 (in [3])
2912  07:20:40 clock_gettime(0x7 /* CLOCK_??? */, {807, 134153712}) = 0
2912  07:20:40 read(3, "\315\246lM^\25\0\253\300\260_\264\245O\222\275f\353\205\244{f\346\rV\206\210)\366\25]\10"..., 8192) = 44
2912  07:20:40 clock_gettime(0x7 /* CLOCK_??? */, {807, 134192349}) = 0
2912  07:20:40 clock_gettime(0x7 /* CLOCK_??? */, {807, 134205547}) = 0
2912  07:20:40 select(7, [3 4], [5], NULL, NULL) = 1 (out [5])
2912  07:20:40 clock_gettime(0x7 /* CLOCK_??? */, {807, 134237712}) = 0
2912  07:20:40 write(5, "\r\n\347\231\273\345\207\272\r\n", 10) = 10
2912  07:20:40 clock_gettime(0x7 /* CLOCK_??? */, {807, 134397914}) = 0
2912  07:20:40 clock_gettime(0x7 /* CLOCK_??? */, {807, 134412191}) = 0
2912  07:20:40 select(7, [3 4], [], NULL, NULL) = 1 (in [3])
2912  07:20:40 clock_gettime(0x7 /* CLOCK_??? */, {807, 177012883}) = 0
2912  07:20:40 read(3, "\375\322q\24J:k4t7tQs\217Y\17i\360\345$\23\v\207\200\345\236\376Y\331\1\f\35"..., 8192) = 176
2912  07:20:40 close(4)                 = 0
2912  07:20:40 close(5)                 = 0
2912  07:20:40 clock_gettime(0x7 /* CLOCK_??? */, {807, 177369352}) = 0
2912  07:20:40 clock_gettime(0x7 /* CLOCK_??? */, {807, 177414356}) = 0
2912  07:20:40 ioctl(0, SNDCTL_TMR_STOP or SNDRV_TIMER_IOCTL_GINFO or TCSETSW, {B38400 opost isig icanon echo ...}) = 0
2912  07:20:40 close(6)                 = 0
2912  07:20:40 select(7, [3], [3], NULL, NULL) = 1 (out [3])
2912  07:20:40 clock_gettime(0x7 /* CLOCK_??? */, {807, 177643464}) = 0
2912  07:20:40 write(3, "mN]\t(VV\315\262\330e\313&c\250\340 \210\300\22w\304Y\345\\\347p\332m[\235\365"..., 36) = 36
2912  07:20:40 rt_sigaction(SIGWINCH, NULL, {0x7f83b0d48c80, [], SA_RESTORER, 0x7f83af92f250}, 8) = 0
2912  07:20:40 rt_sigaction(SIGWINCH, {SIG_DFL, [], SA_RESTORER, 0x7f83af92f250}, NULL, 8) = 0
2912  07:20:40 write(3, "\\V\305oz\217y\360\321>\22\r\26169`\234r~\243w la\n&|uk\301\355\34"..., 60) = 60
2912  07:20:40 ioctl(0, SNDCTL_TMR_TIMEBASE or SNDRV_TIMER_IOCTL_NEXT_DEVICE or TCGETS, {B38400 opost isig icanon echo ...}) = 0
2912  07:20:40 ioctl(1, SNDCTL_TMR_TIMEBASE or SNDRV_TIMER_IOCTL_NEXT_DEVICE or TCGETS, {B38400 opost isig icanon echo ...}) = 0
2912  07:20:40 ioctl(2, SNDCTL_TMR_TIMEBASE or SNDRV_TIMER_IOCTL_NEXT_DEVICE or TCGETS, {B38400 opost isig icanon echo ...}) = 0
2912  07:20:40 write(2, "Connection to 192.168.47.133 clo"..., 38) = 38
2912  07:20:40 shutdown(3, SHUT_RDWR)   = 0
2912  07:20:40 close(3)                 = 0
2912  07:20:40 write(1, "session_tag criobu6hj5", 22) = 22
2912  07:20:40 exit_group(0)            = ?
2912  07:20:40 +++ exited with 0 +++
