2703  00:35:33 select(7, [3 4], [], NULL, NULL) = 1 (in [4])
2703  00:35:35 clock_gettime(0x7 /* CLOCK_??? */, {164, 27106436}) = 0
2703  00:35:35 read(4, "l", 16384)      = 1
2703  00:35:35 clock_gettime(0x7 /* CLOCK_??? */, {164, 27351920}) = 0
2703  00:35:35 clock_gettime(0x7 /* CLOCK_??? */, {164, 27396534}) = 0
2703  00:35:35 select(7, [3 4], [3], NULL, NULL) = 1 (out [3])
2703  00:35:35 clock_gettime(0x7 /* CLOCK_??? */, {164, 27503079}) = 0
2703  00:35:35 write(3, "\255\350\23\30\275\301;\366_\275\262\243X#FG\306:!\367|\31\360\266\34\277S\374v>*m"..., 36) = 36
2703  00:35:35 clock_gettime(0x7 /* CLOCK_??? */, {164, 27765378}) = 0
2703  00:35:35 clock_gettime(0x7 /* CLOCK_??? */, {164, 27811337}) = 0
2703  00:35:35 select(7, [3 4], [], NULL, NULL) = 1 (in [3])
2703  00:35:35 clock_gettime(0x7 /* CLOCK_??? */, {164, 28567608}) = 0
2703  00:35:35 read(3, "\23\n\355\336\234\33\246j\341J\244.\315\362Q\203Eu\315T\327=]-|.Y\256\2\322\247k"..., 8192) = 36
2703  00:35:35 clock_gettime(0x7 /* CLOCK_??? */, {164, 28690312}) = 0
2703  00:35:35 clock_gettime(0x7 /* CLOCK_??? */, {164, 28733135}) = 0
2703  00:35:35 select(7, [3 4], [5], NULL, NULL) = 1 (out [5])
2703  00:35:35 clock_gettime(0x7 /* CLOCK_??? */, {164, 28837694}) = 0
2703  00:35:35 write(5, "l", 1)         = 1
2703  00:35:35 clock_gettime(0x7 /* CLOCK_??? */, {164, 29346998}) = 0
2703  00:35:35 clock_gettime(0x7 /* CLOCK_??? */, {164, 29394919}) = 0
2703  00:35:35 select(7, [3 4], [], NULL, NULL) = 1 (in [4])
2703  00:35:35 clock_gettime(0x7 /* CLOCK_??? */, {164, 141958247}) = 0
2703  00:35:35 read(4, "s", 16384)      = 1
2703  00:35:35 clock_gettime(0x7 /* CLOCK_??? */, {164, 142100316}) = 0
2703  00:35:35 clock_gettime(0x7 /* CLOCK_??? */, {164, 142144035}) = 0
2703  00:35:35 select(7, [3 4], [3], NULL, NULL) = 1 (out [3])
2703  00:35:35 clock_gettime(0x7 /* CLOCK_??? */, {164, 142341410}) = 0
2703  00:35:35 write(3, "\316\347P\27/h9|\346\336s0\317\215\220\332\32m\337\300\312\363\2\36\354n6a\f\250\221\365"..., 36) = 36
2703  00:35:35 clock_gettime(0x7 /* CLOCK_??? */, {164, 142593541}) = 0
2703  00:35:35 clock_gettime(0x7 /* CLOCK_??? */, {164, 142639192}) = 0
2703  00:35:35 select(7, [3 4], [], NULL, NULL) = 1 (in [3])
2703  00:35:35 clock_gettime(0x7 /* CLOCK_??? */, {164, 143489139}) = 0
2703  00:35:35 read(3, "\263\340\"\243\207n\255c@\367\23/S\322\0270\261\207\247\246B\t\35\2663.\363!\205\317bN"..., 8192) = 36
2703  00:35:35 clock_gettime(0x7 /* CLOCK_??? */, {164, 143610065}) = 0
2703  00:35:35 clock_gettime(0x7 /* CLOCK_??? */, {164, 143653021}) = 0
2703  00:35:35 select(7, [3 4], [5], NULL, NULL) = 1 (out [5])
2703  00:35:35 clock_gettime(0x7 /* CLOCK_??? */, {164, 143756710}) = 0
2703  00:35:35 write(5, "s", 1)         = 1
2703  00:35:35 clock_gettime(0x7 /* CLOCK_??? */, {164, 144168830}) = 0
2703  00:35:35 clock_gettime(0x7 /* CLOCK_??? */, {164, 144262217}) = 0
2703  00:35:35 select(7, [3 4], [], NULL, NULL) = 1 (in [4])
2703  00:35:37 clock_gettime(0x7 /* CLOCK_??? */, {165, 486981590}) = 0
2703  00:35:37 read(4, "\r", 16384)     = 1
2703  00:35:37 clock_gettime(0x7 /* CLOCK_??? */, {165, 487057119}) = 0
2703  00:35:37 clock_gettime(0x7 /* CLOCK_??? */, {165, 487070548}) = 0
2703  00:35:37 select(7, [3 4], [3], NULL, NULL) = 1 (out [3])
2703  00:35:37 clock_gettime(0x7 /* CLOCK_??? */, {165, 487102510}) = 0
2703  00:35:37 write(3, "?\365\223N\f\241\341\233J\203\36_\202\2\376N\350Oi\201\275\217}\317\322z:\372Yf\221\340"..., 36) = 36
2703  00:35:37 clock_gettime(0x7 /* CLOCK_??? */, {165, 487190966}) = 0
2703  00:35:37 clock_gettime(0x7 /* CLOCK_??? */, {165, 487204838}) = 0
2703  00:35:37 select(7, [3 4], [], NULL, NULL) = 1 (in [3])
2703  00:35:37 clock_gettime(0x7 /* CLOCK_??? */, {165, 487718314}) = 0
2703  00:35:37 read(3, "\217\21\202\317z\376\257\3\2236\235\326\367+\203\203]h\34\306(\376\246\237)\250\5Vx)\364N"..., 8192) = 36
2703  00:35:37 clock_gettime(0x7 /* CLOCK_??? */, {165, 487753952}) = 0
2703  00:35:37 clock_gettime(0x7 /* CLOCK_??? */, {165, 487766629}) = 0
2703  00:35:37 select(7, [3 4], [5], NULL, NULL) = 1 (out [5])
2703  00:35:37 clock_gettime(0x7 /* CLOCK_??? */, {165, 487806861}) = 0
2703  00:35:37 write(5, "\r\n", 2)      = 2
2703  00:35:37 clock_gettime(0x7 /* CLOCK_??? */, {165, 487839299}) = 0
2703  00:35:37 clock_gettime(0x7 /* CLOCK_??? */, {165, 487851795}) = 0
2703  00:35:37 select(7, [3 4], [], NULL, NULL) = 1 (in [3])
2703  00:35:37 clock_gettime(0x7 /* CLOCK_??? */, {165, 569548473}) = 0
2703  00:35:37 read(3, "\325\353\351\355\355{,\362\272\367\224)\252mvt!\177\376\\|d\221\231\21\355S\240ji\242\332"..., 8192) = 236
2703  00:35:37 clock_gettime(0x7 /* CLOCK_??? */, {165, 569684865}) = 0
2703  00:35:37 clock_gettime(0x7 /* CLOCK_??? */, {165, 569728824}) = 0
2703  00:35:37 select(7, [3 4], [5], NULL, NULL) = 1 (out [5])
2703  00:35:37 clock_gettime(0x7 /* CLOCK_??? */, {165, 569900348}) = 0
2703  00:35:37 write(5, "\33[0m\33[01;34m\345\205\254\345\205\261\33[0m  \33[01;34m"..., 201) = 201
2703  00:35:37 clock_gettime(0x7 /* CLOCK_??? */, {165, 570343234}) = 0
2703  00:35:37 clock_gettime(0x7 /* CLOCK_??? */, {165, 570391173}) = 0
2703  00:35:37 select(7, [3 4], [], NULL, NULL) = 1 (in [4])
2703  00:35:38 clock_gettime(0x7 /* CLOCK_??? */, {166, 456211177}) = 0
2703  00:35:38 read(4, "p", 16384)      = 1
2703  00:35:38 clock_gettime(0x7 /* CLOCK_??? */, {166, 456424859}) = 0
2703  00:35:38 clock_gettime(0x7 /* CLOCK_??? */, {166, 456469032}) = 0
2703  00:35:38 select(7, [3 4], [3], NULL, NULL) = 1 (out [3])
2703  00:35:38 clock_gettime(0x7 /* CLOCK_??? */, {166, 456574311}) = 0
2703  00:35:38 write(3, "wE\310*\341\322KX\245\230\200O\377H=p\3\212\207\314\254\237.\375\35}![(\277\2\207"..., 36) = 36
2703  00:35:38 clock_gettime(0x7 /* CLOCK_??? */, {166, 456828865}) = 0
2703  00:35:38 clock_gettime(0x7 /* CLOCK_??? */, {166, 456874740}) = 0
2703  00:35:38 select(7, [3 4], [], NULL, NULL) = 1 (in [3])
2703  00:35:38 clock_gettime(0x7 /* CLOCK_??? */, {166, 457641656}) = 0
2703  00:35:38 read(3, "\356+U0\324\251\266\37Z\302> \215\26hi\267\32:\32O\201w\354\21\26\233\23\20\306\231\242"..., 8192) = 36
2703  00:35:38 clock_gettime(0x7 /* CLOCK_??? */, {166, 457765585}) = 0
2703  00:35:38 clock_gettime(0x7 /* CLOCK_??? */, {166, 457808412}) = 0
2703  00:35:38 select(7, [3 4], [5], NULL, NULL) = 1 (out [5])
2703  00:35:38 clock_gettime(0x7 /* CLOCK_??? */, {166, 457914948}) = 0
2703  00:35:38 write(5, "p", 1)         = 1
2703  00:35:38 clock_gettime(0x7 /* CLOCK_??? */, {166, 458015227}) = 0
2703  00:35:38 clock_gettime(0x7 /* CLOCK_??? */, {166, 458127825}) = 0
2703  00:35:38 select(7, [3 4], [], NULL, NULL) = 1 (in [4])
2703  00:35:38 clock_gettime(0x7 /* CLOCK_??? */, {166, 562671951}) = 0
2703  00:35:38 read(4, "w", 16384)      = 1
2703  00:35:38 clock_gettime(0x7 /* CLOCK_??? */, {166, 562796800}) = 0
2703  00:35:38 clock_gettime(0x7 /* CLOCK_??? */, {166, 562888929}) = 0
2703  00:35:38 select(7, [3 4], [3], NULL, NULL) = 1 (out [3])
2703  00:35:38 clock_gettime(0x7 /* CLOCK_??? */, {166, 562997161}) = 0
2703  00:35:38 write(3, ".T\3266%\365L\356U\23(\264\22\362\345\0208\20\330F}O2\334\20Y\2505\212R\232\305"..., 36) = 36
2703  00:35:38 clock_gettime(0x7 /* CLOCK_??? */, {166, 563284419}) = 0
2703  00:35:38 clock_gettime(0x7 /* CLOCK_??? */, {166, 563330865}) = 0
2703  00:35:38 select(7, [3 4], [], NULL, NULL) = 1 (in [3])
2703  00:35:38 clock_gettime(0x7 /* CLOCK_??? */, {166, 563912654}) = 0
2703  00:35:38 read(3, "\37\343\215\364\271u\301\232\v\361J\266\317O\177\273,\376\250W\264z\357\21\1-Vo\322\254G%"..., 8192) = 36
2703  00:35:38 clock_gettime(0x7 /* CLOCK_??? */, {166, 564029367}) = 0
2703  00:35:38 clock_gettime(0x7 /* CLOCK_??? */, {166, 564071520}) = 0
2703  00:35:38 select(7, [3 4], [5], NULL, NULL) = 1 (out [5])
2703  00:35:38 clock_gettime(0x7 /* CLOCK_??? */, {166, 564172788}) = 0
2703  00:35:38 write(5, "w", 1)         = 1
2703  00:35:38 clock_gettime(0x7 /* CLOCK_??? */, {166, 564567770}) = 0
2703  00:35:38 clock_gettime(0x7 /* CLOCK_??? */, {166, 564615638}) = 0
2703  00:35:38 select(7, [3 4], [], NULL, NULL) = 1 (in [4])
2703  00:35:38 clock_gettime(0x7 /* CLOCK_??? */, {166, 963698749}) = 0
2703  00:35:38 read(4, "d", 16384)      = 1
2703  00:35:38 clock_gettime(0x7 /* CLOCK_??? */, {166, 963850395}) = 0
2703  00:35:38 clock_gettime(0x7 /* CLOCK_??? */, {166, 963934097}) = 0
2703  00:35:38 select(7, [3 4], [3], NULL, NULL) = 1 (out [3])
2703  00:35:38 clock_gettime(0x7 /* CLOCK_??? */, {166, 964053106}) = 0
2703  00:35:38 write(3, "I\270\356]^\376L\216fY\271\213u \365\3461!+\374\220\220\177\306\37\233\31\20gf)\271"..., 36) = 36
2703  00:35:38 clock_gettime(0x7 /* CLOCK_??? */, {166, 964341020}) = 0
2703  00:35:38 clock_gettime(0x7 /* CLOCK_??? */, {166, 964387225}) = 0
2703  00:35:38 select(7, [3 4], [], NULL, NULL) = 1 (in [3])
2703  00:35:38 clock_gettime(0x7 /* CLOCK_??? */, {166, 965091805}) = 0
2703  00:35:38 read(3, "j\345\271l\260\16\177\242\341Y\25J\v\342\263>6\302\32\177\33@Ws\337\340I\nN\20^\37"..., 8192) = 36
2703  00:35:38 clock_gettime(0x7 /* CLOCK_??? */, {166, 965295062}) = 0
2703  00:35:38 clock_gettime(0x7 /* CLOCK_??? */, {166, 965343144}) = 0
2703  00:35:38 select(7, [3 4], [5], NULL, NULL) = 1 (out [5])
2703  00:35:38 clock_gettime(0x7 /* CLOCK_??? */, {166, 965451061}) = 0
2703  00:35:38 write(5, "d", 1)         = 1
2703  00:35:38 clock_gettime(0x7 /* CLOCK_??? */, {166, 965873134}) = 0
2703  00:35:38 clock_gettime(0x7 /* CLOCK_??? */, {166, 965958611}) = 0
2703  00:35:38 select(7, [3 4], [], NULL, NULL) = 1 (in [4])
2703  00:35:38 clock_gettime(0x7 /* CLOCK_??? */, {167, 264238441}) = 0
2703  00:35:38 read(4, "\r", 16384)     = 1
2703  00:35:38 clock_gettime(0x7 /* CLOCK_??? */, {167, 264279834}) = 0
2703  00:35:38 clock_gettime(0x7 /* CLOCK_??? */, {167, 264293084}) = 0
2703  00:35:38 select(7, [3 4], [3], NULL, NULL) = 1 (out [3])
2703  00:35:38 clock_gettime(0x7 /* CLOCK_??? */, {167, 264323835}) = 0
2703  00:35:38 write(3, "\326\3\3438\344\232\321c\300\177\314\0366\34_\243\263J\30\vM\2630T\274.,yB\306\221\361"..., 36) = 36
2703  00:35:38 clock_gettime(0x7 /* CLOCK_??? */, {167, 264403949}) = 0
2703  00:35:38 clock_gettime(0x7 /* CLOCK_??? */, {167, 264417684}) = 0
2703  00:35:38 select(7, [3 4], [], NULL, NULL) = 1 (in [3])
2703  00:35:38 clock_gettime(0x7 /* CLOCK_??? */, {167, 264862465}) = 0
2703  00:35:38 read(3, "\222\303\364\352\375\10?\306f\271@\211g\362\210a?Z\1j\204o\260\277\314\206\200\265/\277$n"..., 8192) = 92
2703  00:35:38 clock_gettime(0x7 /* CLOCK_??? */, {167, 264899586}) = 0
2703  00:35:38 clock_gettime(0x7 /* CLOCK_??? */, {167, 264912450}) = 0
2703  00:35:38 select(7, [3 4], [5], NULL, NULL) = 1 (out [5])
2703  00:35:38 clock_gettime(0x7 /* CLOCK_??? */, {167, 264944243}) = 0
2703  00:35:38 write(5, "\r\n/home/jackboy\r\n\33]0;jackboy@Jac"..., 54) = 54
2703  00:35:38 clock_gettime(0x7 /* CLOCK_??? */, {167, 265111331}) = 0
2703  00:35:38 clock_gettime(0x7 /* CLOCK_??? */, {167, 265126037}) = 0
2703  00:35:38 select(7, [3 4], [], NULL, NULL) = 1 (in [4])
2703  00:35:39 clock_gettime(0x7 /* CLOCK_??? */, {168, 58344758}) = 0
2703  00:35:39 read(4, "w", 16384)      = 1
2703  00:35:39 clock_gettime(0x7 /* CLOCK_??? */, {168, 58468387}) = 0
2703  00:35:39 clock_gettime(0x7 /* CLOCK_??? */, {168, 58512973}) = 0
2703  00:35:39 select(7, [3 4], [3], NULL, NULL) = 1 (out [3])
2703  00:35:39 clock_gettime(0x7 /* CLOCK_??? */, {168, 58670472}) = 0
2703  00:35:39 write(3, "\10\204&\236\ro\312\373\\\224@b\251\335QhMI@\f\361\363\10v\303 \262\300_eo\232"..., 36) = 36
2703  00:35:39 clock_gettime(0x7 /* CLOCK_??? */, {168, 58924363}) = 0
2703  00:35:39 clock_gettime(0x7 /* CLOCK_??? */, {168, 58969821}) = 0
2703  00:35:39 select(7, [3 4], [], NULL, NULL) = 1 (in [3])
2703  00:35:39 clock_gettime(0x7 /* CLOCK_??? */, {168, 59708934}) = 0
2703  00:35:39 read(3, "\334\17\236f\352[\34-P\f\306\347;\3\233\317^\347jn\0365c\312\21\24p\336@\373\266\364"..., 8192) = 36
2703  00:35:39 clock_gettime(0x7 /* CLOCK_??? */, {168, 59833135}) = 0
2703  00:35:39 clock_gettime(0x7 /* CLOCK_??? */, {168, 59876196}) = 0
2703  00:35:39 select(7, [3 4], [5], NULL, NULL) = 1 (out [5])
2703  00:35:39 clock_gettime(0x7 /* CLOCK_??? */, {168, 59979896}) = 0
2703  00:35:39 write(5, "w", 1)         = 1
2703  00:35:39 clock_gettime(0x7 /* CLOCK_??? */, {168, 60463509}) = 0
2703  00:35:39 clock_gettime(0x7 /* CLOCK_??? */, {168, 60517857}) = 0
2703  00:35:39 select(7, [3 4], [], NULL, NULL) = 1 (in [4])
2703  00:35:39 clock_gettime(0x7 /* CLOCK_??? */, {168, 384276698}) = 0
2703  00:35:39 read(4, "x", 16384)      = 1
2703  00:35:39 clock_gettime(0x7 /* CLOCK_??? */, {168, 384458305}) = 0
2703  00:35:39 clock_gettime(0x7 /* CLOCK_??? */, {168, 384502811}) = 0
2703  00:35:39 select(7, [3 4], [3], NULL, NULL) = 1 (out [3])
2703  00:35:39 clock_gettime(0x7 /* CLOCK_??? */, {168, 384607555}) = 0
2703  00:35:39 write(3, "\312]\377l\n\r\374[SZ\232\304\272\277\243\330\353l\n\226J\211H\215\371\361\27s\353\30U\354"..., 36) = 36
2703  00:35:39 clock_gettime(0x7 /* CLOCK_??? */, {168, 384861465}) = 0
2703  00:35:39 clock_gettime(0x7 /* CLOCK_??? */, {168, 384906861}) = 0
2703  00:35:39 select(7, [3 4], [], NULL, NULL) = 1 (in [3])
2703  00:35:39 clock_gettime(0x7 /* CLOCK_??? */, {168, 385722739}) = 0
2703  00:35:39 read(3, "\272\35\n\31A\257=\367\251\236\204\220\200q\335o\376\7q\6\350'_\371~s\217\4\371\207}\5"..., 8192) = 36
2703  00:35:39 clock_gettime(0x7 /* CLOCK_??? */, {168, 385848876}) = 0
2703  00:35:39 clock_gettime(0x7 /* CLOCK_??? */, {168, 385892065}) = 0
2703  00:35:39 select(7, [3 4], [5], NULL, NULL) = 1 (out [5])
2703  00:35:39 clock_gettime(0x7 /* CLOCK_??? */, {168, 386000126}) = 0
2703  00:35:39 write(5, "x", 1)         = 1
2703  00:35:39 clock_gettime(0x7 /* CLOCK_??? */, {168, 386479452}) = 0
2703  00:35:39 clock_gettime(0x7 /* CLOCK_??? */, {168, 386527951}) = 0
2703  00:35:39 select(7, [3 4], [], NULL, NULL) = 1 (in [4])
2703  00:35:40 clock_gettime(0x7 /* CLOCK_??? */, {168, 597339750}) = 0
2703  00:35:40 read(4, "i", 16384)      = 1
2703  00:35:40 clock_gettime(0x7 /* CLOCK_??? */, {168, 597464859}) = 0
2703  00:35:40 clock_gettime(0x7 /* CLOCK_??? */, {168, 597507965}) = 0
2703  00:35:40 select(7, [3 4], [3], NULL, NULL) = 1 (out [3])
2703  00:35:40 clock_gettime(0x7 /* CLOCK_??? */, {168, 597609974}) = 0
2703  00:35:40 write(3, "w)\32\226\300\226\rWq\226Ok\315G&M\213\271p\352Ui\276\t\260\376\0\206\213F\273\4"..., 36) = 36
2703  00:35:40 clock_gettime(0x7 /* CLOCK_??? */, {168, 597861717}) = 0
2703  00:35:40 clock_gettime(0x7 /* CLOCK_??? */, {168, 597907176}) = 0
2703  00:35:40 select(7, [3 4], [], NULL, NULL) = 1 (in [3])
2703  00:35:40 clock_gettime(0x7 /* CLOCK_??? */, {168, 598724766}) = 0
2703  00:35:40 read(3, "\372H\233c\315f\f+\237\333\315 \340P&f\5'\31j\256\340\305\317\373\256\364S0\325\347o"..., 8192) = 36
2703  00:35:40 clock_gettime(0x7 /* CLOCK_??? */, {168, 598890606}) = 0
2703  00:35:40 clock_gettime(0x7 /* CLOCK_??? */, {168, 598936441}) = 0
2703  00:35:40 select(7, [3 4], [5], NULL, NULL) = 1 (out [5])
2703  00:35:40 clock_gettime(0x7 /* CLOCK_??? */, {168, 599126668}) = 0
2703  00:35:40 write(5, "i", 1)         = 1
2703  00:35:40 clock_gettime(0x7 /* CLOCK_??? */, {168, 599519636}) = 0
2703  00:35:40 clock_gettime(0x7 /* CLOCK_??? */, {168, 599566888}) = 0
2703  00:35:40 select(7, [3 4], [], NULL, NULL) = 1 (in [4])
2703  00:35:40 clock_gettime(0x7 /* CLOCK_??? */, {168, 806469407}) = 0
2703  00:35:40 read(4, "t", 16384)      = 1
2703  00:35:40 clock_gettime(0x7 /* CLOCK_??? */, {168, 806595796}) = 0
2703  00:35:40 clock_gettime(0x7 /* CLOCK_??? */, {168, 806638741}) = 0
2703  00:35:40 select(7, [3 4], [3], NULL, NULL) = 1 (out [3])
2703  00:35:40 clock_gettime(0x7 /* CLOCK_??? */, {168, 806740582}) = 0
2703  00:35:40 write(3, "\3\363b\235>=\221\27\306\241\363\331\345s\207\0343A\220\2243\361\30*\350\230\210\322\250m\341\342"..., 36) = 36
2703  00:35:40 clock_gettime(0x7 /* CLOCK_??? */, {168, 806987320}) = 0
2703  00:35:40 clock_gettime(0x7 /* CLOCK_??? */, {168, 807089914}) = 0
2703  00:35:40 select(7, [3 4], [], NULL, NULL) = 1 (in [3])
2703  00:35:40 clock_gettime(0x7 /* CLOCK_??? */, {168, 807871118}) = 0
2703  00:35:40 read(3, "\fP\305\273y\362\2\353\306\312\264\344n\253M\373\327\t\346r\3657\276\323x\23\326\220\24T\10\335"..., 8192) = 36
2703  00:35:40 clock_gettime(0x7 /* CLOCK_??? */, {168, 807999107}) = 0
2703  00:35:40 clock_gettime(0x7 /* CLOCK_??? */, {168, 808158302}) = 0
2703  00:35:40 select(7, [3 4], [5], NULL, NULL) = 1 (out [5])
2703  00:35:40 clock_gettime(0x7 /* CLOCK_??? */, {168, 808277526}) = 0
2703  00:35:40 write(5, "t", 1)         = 1
2703  00:35:40 clock_gettime(0x7 /* CLOCK_??? */, {168, 808678586}) = 0
2703  00:35:40 clock_gettime(0x7 /* CLOCK_??? */, {168, 808726801}) = 0
2703  00:35:40 select(7, [3 4], [], NULL, NULL) = 1 (in [4])
2703  00:35:41 clock_gettime(0x7 /* CLOCK_??? */, {169, 970238793}) = 0
2703  00:35:41 read(4, "\10", 16384)    = 1
2703  00:35:41 clock_gettime(0x7 /* CLOCK_??? */, {169, 970365334}) = 0
2703  00:35:41 clock_gettime(0x7 /* CLOCK_??? */, {169, 970408414}) = 0
2703  00:35:41 select(7, [3 4], [3], NULL, NULL) = 1 (out [3])
2703  00:35:41 clock_gettime(0x7 /* CLOCK_??? */, {169, 970509872}) = 0
2703  00:35:41 write(3, "?\350\361\344\254\353\327@\377\226Kd\314_\215\2578lXz\267]I\341V\253D\357\215$\312\240"..., 36) = 36
2703  00:35:41 clock_gettime(0x7 /* CLOCK_??? */, {169, 970812205}) = 0
2703  00:35:41 clock_gettime(0x7 /* CLOCK_??? */, {169, 970858946}) = 0
2703  00:35:41 select(7, [3 4], [], NULL, NULL) = 1 (in [3])
2703  00:35:41 clock_gettime(0x7 /* CLOCK_??? */, {169, 971543553}) = 0
2703  00:35:41 read(3, "L\265\35\f\2$\324\6\20-\253\234~=\35\264\252\202Z\212\337\370\0Gy\203\204\337\314\247#W"..., 8192) = 44
2703  00:35:41 clock_gettime(0x7 /* CLOCK_??? */, {169, 971657303}) = 0
2703  00:35:41 clock_gettime(0x7 /* CLOCK_??? */, {169, 971699347}) = 0
2703  00:35:41 select(7, [3 4], [5], NULL, NULL) = 1 (out [5])
2703  00:35:41 clock_gettime(0x7 /* CLOCK_??? */, {169, 971843711}) = 0
2703  00:35:41 write(5, "\10\33[K", 4)  = 4
2703  00:35:41 clock_gettime(0x7 /* CLOCK_??? */, {169, 972281362}) = 0
2703  00:35:41 clock_gettime(0x7 /* CLOCK_??? */, {169, 972329064}) = 0
2703  00:35:41 select(7, [3 4], [], NULL, NULL) = 1 (in [4])
2703  00:35:41 clock_gettime(0x7 /* CLOCK_??? */, {170, 126454941}) = 0
2703  00:35:41 read(4, "\10", 16384)    = 1
2703  00:35:41 clock_gettime(0x7 /* CLOCK_??? */, {170, 126650295}) = 0
2703  00:35:41 clock_gettime(0x7 /* CLOCK_??? */, {170, 126694906}) = 0
2703  00:35:41 select(7, [3 4], [3], NULL, NULL) = 1 (out [3])
2703  00:35:41 clock_gettime(0x7 /* CLOCK_??? */, {170, 126798348}) = 0
2703  00:35:41 write(3, "\370Vgy\2266&\266\2630;\336\347\377\352\370\276\20\276I\205f\321\n/\10\302\355+\223J\240"..., 36) = 36
2703  00:35:41 clock_gettime(0x7 /* CLOCK_??? */, {170, 127050476}) = 0
2703  00:35:41 clock_gettime(0x7 /* CLOCK_??? */, {170, 127095885}) = 0
2703  00:35:41 select(7, [3 4], [], NULL, NULL) = 1 (in [3])
2703  00:35:41 clock_gettime(0x7 /* CLOCK_??? */, {170, 127839786}) = 0
2703  00:35:41 read(3, ";\314\306\"\36z\227\351\262\36\303\250_T\257\344xJ\273\234\330\22)f>}\21\311Csx\177"..., 8192) = 44
2703  00:35:41 clock_gettime(0x7 /* CLOCK_??? */, {170, 127961353}) = 0
2703  00:35:41 clock_gettime(0x7 /* CLOCK_??? */, {170, 128003902}) = 0
2703  00:35:41 select(7, [3 4], [5], NULL, NULL) = 1 (out [5])
2703  00:35:41 clock_gettime(0x7 /* CLOCK_??? */, {170, 128107651}) = 0
2703  00:35:41 write(5, "\10\33[K", 4)  = 4
2703  00:35:41 clock_gettime(0x7 /* CLOCK_??? */, {170, 128515672}) = 0
2703  00:35:41 clock_gettime(0x7 /* CLOCK_??? */, {170, 128620360}) = 0
2703  00:35:41 select(7, [3 4], [], NULL, NULL) = 1 (in [4])
2703  00:35:41 clock_gettime(0x7 /* CLOCK_??? */, {170, 277272975}) = 0
2703  00:35:41 read(4, "\10", 16384)    = 1
2703  00:35:41 clock_gettime(0x7 /* CLOCK_??? */, {170, 277397989}) = 0
2703  00:35:41 clock_gettime(0x7 /* CLOCK_??? */, {170, 277441063}) = 0
2703  00:35:41 select(7, [3 4], [3], NULL, NULL) = 1 (out [3])
2703  00:35:41 clock_gettime(0x7 /* CLOCK_??? */, {170, 277543426}) = 0
2703  00:35:41 write(3, "\207\332}G\2042\r\3408\324,\350'\367\225F\302\345\223U\3164Nm\235;\227:\221\35\367\363"..., 36) = 36
2703  00:35:41 clock_gettime(0x7 /* CLOCK_??? */, {170, 277832703}) = 0
2703  00:35:41 clock_gettime(0x7 /* CLOCK_??? */, {170, 277877995}) = 0
2703  00:35:41 select(7, [3 4], [], NULL, NULL) = 1 (in [3])
2703  00:35:41 clock_gettime(0x7 /* CLOCK_??? */, {170, 278661296}) = 0
2703  00:35:41 read(3, "\245\302LC\221P\344\265\261\242\272\235\37\252\214\301\250\352p\214V\211\260\20r\21\274I7\371\360\237"..., 8192) = 44
2703  00:35:41 clock_gettime(0x7 /* CLOCK_??? */, {170, 278792372}) = 0
2703  00:35:41 clock_gettime(0x7 /* CLOCK_??? */, {170, 278835413}) = 0
2703  00:35:41 select(7, [3 4], [5], NULL, NULL) = 1 (out [5])
2703  00:35:41 clock_gettime(0x7 /* CLOCK_??? */, {170, 278942148}) = 0
2703  00:35:41 write(5, "\10\33[K", 4)  = 4
2703  00:35:41 clock_gettime(0x7 /* CLOCK_??? */, {170, 279356787}) = 0
2703  00:35:41 clock_gettime(0x7 /* CLOCK_??? */, {170, 279404845}) = 0
2703  00:35:41 select(7, [3 4], [], NULL, NULL) = 1 (in [4])
2703  00:35:42 clock_gettime(0x7 /* CLOCK_??? */, {170, 424629080}) = 0
2703  00:35:42 read(4, "\10", 16384)    = 1
2703  00:35:42 clock_gettime(0x7 /* CLOCK_??? */, {170, 424839008}) = 0
2703  00:35:42 clock_gettime(0x7 /* CLOCK_??? */, {170, 424882751}) = 0
2703  00:35:42 select(7, [3 4], [3], NULL, NULL) = 1 (out [3])
2703  00:35:42 clock_gettime(0x7 /* CLOCK_??? */, {170, 424988438}) = 0
2703  00:35:42 write(3, "\32HXn\306c\212\30\317\202\271\21\261\246=\245\300\221\316W[\207\6\2\377j\315\37(\33\3433"..., 36) = 36
2703  00:35:42 clock_gettime(0x7 /* CLOCK_??? */, {170, 425275121}) = 0
2703  00:35:42 clock_gettime(0x7 /* CLOCK_??? */, {170, 425321061}) = 0
2703  00:35:42 select(7, [3 4], [], NULL, NULL) = 1 (in [3])
2703  00:35:42 clock_gettime(0x7 /* CLOCK_??? */, {170, 425975365}) = 0
2703  00:35:42 read(3, "vC+G\271\347\275\362\376{\210\345:\6\\\332f]\306\3733\242\33=fg\351R\243\346\301I"..., 8192) = 44
2703  00:35:42 clock_gettime(0x7 /* CLOCK_??? */, {170, 426096367}) = 0
2703  00:35:42 clock_gettime(0x7 /* CLOCK_??? */, {170, 426138941}) = 0
2703  00:35:42 select(7, [3 4], [5], NULL, NULL) = 1 (out [5])
2703  00:35:42 clock_gettime(0x7 /* CLOCK_??? */, {170, 426243120}) = 0
2703  00:35:42 write(5, "\10\33[K", 4)  = 4
2703  00:35:42 clock_gettime(0x7 /* CLOCK_??? */, {170, 426650441}) = 0
2703  00:35:42 clock_gettime(0x7 /* CLOCK_??? */, {170, 426778672}) = 0
2703  00:35:42 select(7, [3 4], [], NULL, NULL) = 1 (in [4])
2703  00:35:42 clock_gettime(0x7 /* CLOCK_??? */, {170, 804582275}) = 0
2703  00:35:42 read(4, "e", 16384)      = 1
2703  00:35:42 clock_gettime(0x7 /* CLOCK_??? */, {170, 804709855}) = 0
2703  00:35:42 clock_gettime(0x7 /* CLOCK_??? */, {170, 804798134}) = 0
2703  00:35:42 select(7, [3 4], [3], NULL, NULL) = 1 (out [3])
2703  00:35:42 clock_gettime(0x7 /* CLOCK_??? */, {170, 804905860}) = 0
2703  00:35:42 write(3, "\f7(a\375\360\353\33\345\237)\312\345\341\305\257\351\r\327\325\376\21\211\362\356\200\221f\4-\313?"..., 36) = 36
2703  00:35:42 clock_gettime(0x7 /* CLOCK_??? */, {170, 805182255}) = 0
2703  00:35:42 clock_gettime(0x7 /* CLOCK_??? */, {170, 805228434}) = 0
2703  00:35:42 select(7, [3 4], [], NULL, NULL) = 1 (in [3])
2703  00:35:42 clock_gettime(0x7 /* CLOCK_??? */, {170, 805932217}) = 0
2703  00:35:42 read(3, "#b\323\2\364#\374\334\364z\30Q\310\345\10\202<\351\315A[\217\327\24\350\310\236x]\322\216y"..., 8192) = 36
2703  00:35:42 clock_gettime(0x7 /* CLOCK_??? */, {170, 806053761}) = 0
2703  00:35:42 clock_gettime(0x7 /* CLOCK_??? */, {170, 806096361}) = 0
2703  00:35:42 select(7, [3 4], [5], NULL, NULL) = 1 (out [5])
2703  00:35:42 clock_gettime(0x7 /* CLOCK_??? */, {170, 806200543}) = 0
2703  00:35:42 write(5, "e", 1)         = 1
2703  00:35:42 clock_gettime(0x7 /* CLOCK_??? */, {170, 806693675}) = 0
2703  00:35:42 clock_gettime(0x7 /* CLOCK_??? */, {170, 806782562}) = 0
2703  00:35:42 select(7, [3 4], [], NULL, NULL) = 1 (in [4])
2703  00:35:42 clock_gettime(0x7 /* CLOCK_??? */, {171, 75876698}) = 0
2703  00:35:42 read(4, "x", 16384)      = 1
2703  00:35:42 clock_gettime(0x7 /* CLOCK_??? */, {171, 76002070}) = 0
2703  00:35:42 clock_gettime(0x7 /* CLOCK_??? */, {171, 76044710}) = 0
2703  00:35:42 select(7, [3 4], [3], NULL, NULL) = 1 (out [3])
2703  00:35:42 clock_gettime(0x7 /* CLOCK_??? */, {171, 76146476}) = 0
2703  00:35:42 write(3, "C\25\24\362\350\2231\275(\37\30\302\255\251\224m\37\310F\201\341p#x>\242t8\300\24]h"..., 36) = 36
2703  00:35:42 clock_gettime(0x7 /* CLOCK_??? */, {171, 76603947}) = 0
2703  00:35:42 clock_gettime(0x7 /* CLOCK_??? */, {171, 76652044}) = 0
2703  00:35:42 select(7, [3 4], [], NULL, NULL) = 1 (in [3])
2703  00:35:42 clock_gettime(0x7 /* CLOCK_??? */, {171, 77330937}) = 0
2703  00:35:42 read(3, "{o\337\37\270\316&h;\3408)\265\240X\327\364\201\335;L$\215S\34\t\370\375\327!_\207"..., 8192) = 36
2703  00:35:42 clock_gettime(0x7 /* CLOCK_??? */, {171, 77502051}) = 0
2703  00:35:42 clock_gettime(0x7 /* CLOCK_??? */, {171, 77545637}) = 0
2703  00:35:42 select(7, [3 4], [5], NULL, NULL) = 1 (out [5])
2703  00:35:42 clock_gettime(0x7 /* CLOCK_??? */, {171, 77652422}) = 0
2703  00:35:42 write(5, "x", 1)         = 1
2703  00:35:42 clock_gettime(0x7 /* CLOCK_??? */, {171, 78073949}) = 0
2703  00:35:42 clock_gettime(0x7 /* CLOCK_??? */, {171, 78121286}) = 0
2703  00:35:42 select(7, [3 4], [], NULL, NULL) = 1 (in [4])
2703  00:35:42 clock_gettime(0x7 /* CLOCK_??? */, {171, 271489330}) = 0
2703  00:35:42 read(4, "i", 16384)      = 1
2703  00:35:42 clock_gettime(0x7 /* CLOCK_??? */, {171, 271614154}) = 0
2703  00:35:42 clock_gettime(0x7 /* CLOCK_??? */, {171, 271656869}) = 0
2703  00:35:42 select(7, [3 4], [3], NULL, NULL) = 1 (out [3])
2703  00:35:42 clock_gettime(0x7 /* CLOCK_??? */, {171, 271758123}) = 0
2703  00:35:42 write(3, "\262\302\356\20R\361\256\360N\26\7\321\330~{\250\202g\211J\251\1\341\216\350\202\201H\31\375\345\246"..., 36) = 36
2703  00:35:42 clock_gettime(0x7 /* CLOCK_??? */, {171, 272009415}) = 0
2703  00:35:42 clock_gettime(0x7 /* CLOCK_??? */, {171, 272054803}) = 0
2703  00:35:42 select(7, [3 4], [], NULL, NULL) = 1 (in [3])
2703  00:35:42 clock_gettime(0x7 /* CLOCK_??? */, {171, 272809433}) = 0
2703  00:35:42 read(3, "\320\265M\177z\370L*\266\364|\246\217\271Z\273\260\364\251\232D\370\371\\'\377\344I\32rX\350"..., 8192) = 36
2703  00:35:42 clock_gettime(0x7 /* CLOCK_??? */, {171, 272931197}) = 0
2703  00:35:42 clock_gettime(0x7 /* CLOCK_??? */, {171, 272974219}) = 0
2703  00:35:42 select(7, [3 4], [5], NULL, NULL) = 1 (out [5])
2703  00:35:42 clock_gettime(0x7 /* CLOCK_??? */, {171, 273078111}) = 0
2703  00:35:42 write(5, "i", 1)         = 1
2703  00:35:42 clock_gettime(0x7 /* CLOCK_??? */, {171, 273497289}) = 0
2703  00:35:42 clock_gettime(0x7 /* CLOCK_??? */, {171, 273545862}) = 0
2703  00:35:42 select(7, [3 4], [], NULL, NULL) = 1 (in [4])
2703  00:35:43 clock_gettime(0x7 /* CLOCK_??? */, {171, 474298953}) = 0
2703  00:35:43 read(4, "t", 16384)      = 1
2703  00:35:43 clock_gettime(0x7 /* CLOCK_??? */, {171, 474633438}) = 0
2703  00:35:43 clock_gettime(0x7 /* CLOCK_??? */, {171, 474725325}) = 0
2703  00:35:43 select(7, [3 4], [3], NULL, NULL) = 1 (out [3])
2703  00:35:43 clock_gettime(0x7 /* CLOCK_??? */, {171, 474833337}) = 0
2703  00:35:43 write(3, ".\34\227\201N\200\357\354K_\377X[\201\302-!\0\216\225\34D((3M\362-\224'\304\206"..., 36) = 36
2703  00:35:43 clock_gettime(0x7 /* CLOCK_??? */, {171, 475093134}) = 0
2703  00:35:43 clock_gettime(0x7 /* CLOCK_??? */, {171, 475138916}) = 0
2703  00:35:43 select(7, [3 4], [], NULL, NULL) = 1 (in [3])
2703  00:35:43 clock_gettime(0x7 /* CLOCK_??? */, {171, 475850072}) = 0
2703  00:35:43 read(3, "\346\216A\325\371G\273\273\347\346\270\225\212!}5\321\255i\221\4\272\202=W\365\370\210?\204\364c"..., 8192) = 36
2703  00:35:43 clock_gettime(0x7 /* CLOCK_??? */, {171, 475971586}) = 0
2703  00:35:43 clock_gettime(0x7 /* CLOCK_??? */, {171, 476013894}) = 0
2703  00:35:43 select(7, [3 4], [5], NULL, NULL) = 1 (out [5])
2703  00:35:43 clock_gettime(0x7 /* CLOCK_??? */, {171, 476117315}) = 0
2703  00:35:43 write(5, "t", 1)         = 1
2703  00:35:43 clock_gettime(0x7 /* CLOCK_??? */, {171, 476602408}) = 0
2703  00:35:43 clock_gettime(0x7 /* CLOCK_??? */, {171, 476687293}) = 0
2703  00:35:43 select(7, [3 4], [], NULL, NULL) = 1 (in [4])
2703  00:35:45 clock_gettime(0x7 /* CLOCK_??? */, {174, 189759855}) = 0
2703  00:35:45 read(4, "\r", 16384)     = 1
2703  00:35:45 clock_gettime(0x7 /* CLOCK_??? */, {174, 189802063}) = 0
2703  00:35:45 clock_gettime(0x7 /* CLOCK_??? */, {174, 189865324}) = 0
2703  00:35:45 select(7, [3 4], [3], NULL, NULL) = 1 (out [3])
2703  00:35:45 clock_gettime(0x7 /* CLOCK_??? */, {174, 189899126}) = 0
2703  00:35:45 write(3, "\23\177\322\374\241\272\260\16O\2\2674\0326G\341\3113N\373\323\31L?D\215R\376/\267\253A"..., 36) = 36
2703  00:35:45 clock_gettime(0x7 /* CLOCK_??? */, {174, 189983402}) = 0
2703  00:35:45 clock_gettime(0x7 /* CLOCK_??? */, {174, 189997207}) = 0
2703  00:35:45 select(7, [3 4], [], NULL, NULL) = 1 (in [3])
2703  00:35:45 clock_gettime(0x7 /* CLOCK_??? */, {174, 190516671}) = 0
2703  00:35:45 read(3, "\27\255\225\245\316\177\272\206\240KcQ\327\27\345\2365\271T\236\272\322\32e\10U\324\360\222\237\360\254"..., 8192) = 44
2703  00:35:45 clock_gettime(0x7 /* CLOCK_??? */, {174, 190552415}) = 0
2703  00:35:45 clock_gettime(0x7 /* CLOCK_??? */, {174, 190564927}) = 0
2703  00:35:45 select(7, [3 4], [5], NULL, NULL) = 1 (out [5])
2703  00:35:45 clock_gettime(0x7 /* CLOCK_??? */, {174, 190595134}) = 0
2703  00:35:45 write(5, "\r\n\347\231\273\345\207\272\r\n", 10) = 10
2703  00:35:45 clock_gettime(0x7 /* CLOCK_??? */, {174, 190730239}) = 0
2703  00:35:45 clock_gettime(0x7 /* CLOCK_??? */, {174, 190758649}) = 0
2703  00:35:45 select(7, [3 4], [], NULL, NULL) = 1 (in [3])
2703  00:35:45 clock_gettime(0x7 /* CLOCK_??? */, {174, 234617260}) = 0
2703  00:35:45 read(3, "\312<\302\6H\206\262\202\362g\326|\212Z\2675b\313D\203\211l\356\272\333;\31Kb\242\3c"..., 8192) = 176
2703  00:35:45 close(4)                 = 0
2703  00:35:45 close(5)                 = 0
2703  00:35:45 clock_gettime(0x7 /* CLOCK_??? */, {174, 234882052}) = 0
2703  00:35:45 clock_gettime(0x7 /* CLOCK_??? */, {174, 234915120}) = 0
2703  00:35:45 ioctl(0, SNDCTL_TMR_STOP or SNDRV_TIMER_IOCTL_GINFO or TCSETSW, {B38400 opost isig icanon echo ...}) = 0
2703  00:35:45 close(6)                 = 0
2703  00:35:45 select(7, [3], [3], NULL, NULL) = 1 (out [3])
2703  00:35:45 clock_gettime(0x7 /* CLOCK_??? */, {174, 235556848}) = 0
2703  00:35:45 write(3, "\275\33g\315\6\313\240\224\326\2\223\205\336\31 \304z\247\373\321\333\255\274u \314\373\356\220\226z\352"..., 36) = 36
2703  00:35:45 rt_sigaction(SIGWINCH, NULL, {0x7efe8d015c80, [], SA_RESTORER, 0x7efe8bbfc250}, 8) = 0
2703  00:35:45 rt_sigaction(SIGWINCH, {SIG_DFL, [], SA_RESTORER, 0x7efe8bbfc250}, NULL, 8) = 0
2703  00:35:45 write(3, "\271\336\233t\30\253\327f\3523\251\263\236}\344#=\3634x\314\206\211\230\201'\270\300\366C\233n"..., 60) = 60
2703  00:35:45 ioctl(0, SNDCTL_TMR_TIMEBASE or SNDRV_TIMER_IOCTL_NEXT_DEVICE or TCGETS, {B38400 opost isig icanon echo ...}) = 0
2703  00:35:45 ioctl(1, SNDCTL_TMR_TIMEBASE or SNDRV_TIMER_IOCTL_NEXT_DEVICE or TCGETS, {B38400 opost isig icanon echo ...}) = 0
2703  00:35:45 ioctl(2, SNDCTL_TMR_TIMEBASE or SNDRV_TIMER_IOCTL_NEXT_DEVICE or TCGETS, {B38400 opost isig icanon echo ...}) = 0
2703  00:35:45 write(2, "Connection to 192.168.47.133 clo"..., 38) = 38
2703  00:35:45 shutdown(3, SHUT_RDWR)   = 0
2703  00:35:45 close(3)                 = 0
2703  00:35:45 write(1, "session_tag hdiezr51b0", 22) = 22
2703  00:35:45 exit_group(0)            = ?
2703  00:35:45 +++ exited with 0 +++
