8110  15:13:52 read(3, "S", 1)          = 1
8110  15:13:52 read(3, "S", 1)          = 1
8110  15:13:52 read(3, "H", 1)          = 1
8110  15:13:52 read(3, "-", 1)          = 1
8110  15:13:52 read(3, "2", 1)          = 1
8110  15:13:52 read(3, ".", 1)          = 1
8110  15:13:52 read(3, "0", 1)          = 1
8110  15:13:52 read(3, "-", 1)          = 1
8110  15:13:52 read(3, "O", 1)          = 1
8110  15:13:52 read(3, "p", 1)          = 1
8110  15:13:52 read(3, "e", 1)          = 1
8110  15:13:52 read(3, "n", 1)          = 1
8110  15:13:52 read(3, "S", 1)          = 1
8110  15:13:52 read(3, "S", 1)          = 1
8110  15:13:52 read(3, "H", 1)          = 1
8110  15:13:52 read(3, "_", 1)          = 1
8110  15:13:52 read(3, "6", 1)          = 1
8110  15:13:52 read(3, ".", 1)          = 1
8110  15:13:52 read(3, "6", 1)          = 1
8110  15:13:52 read(3, ".", 1)          = 1
8110  15:13:52 read(3, "1", 1)          = 1
8110  15:13:52 read(3, "\r", 1)         = 1
8110  15:13:52 read(3, "\n", 1)         = 1
8110  15:13:52 fcntl(3, F_GETFL)        = 0x2 (flags O_RDWR)
8110  15:13:52 fcntl(3, F_SETFL, O_RDWR|O_NONBLOCK) = 0
8110  15:13:52 open("/root/.ssh/known_hosts", O_RDONLY) = 4
8110  15:13:52 fstat(4, {st_mode=S_IFREG|0644, st_size=177, ...}) = 0
8110  15:13:52 mmap(NULL, 4096, PROT_READ|PROT_WRITE, MAP_PRIVATE|MAP_ANONYMOUS, -1, 0) = 0x7f1330f05000
8110  15:13:52 read(4, "192.168.150.134 ecdsa-sha2-nistp"..., 4096) = 177
8110  15:13:52 read(4, "", 4096)        = 0
8110  15:13:52 close(4)                 = 0
8110  15:13:52 munmap(0x7f1330f05000, 4096) = 0
8110  15:13:52 open("/root/.ssh/known_hosts2", O_RDONLY) = -1 ENOENT (No such file or directory)
8110  15:13:52 open("/usr/local/openssh/etc/ssh_known_hosts", O_RDONLY) = -1 ENOENT (No such file or directory)
8110  15:13:52 open("/usr/local/openssh/etc/ssh_known_hosts2", O_RDONLY) = -1 ENOENT (No such file or directory)
8110  15:13:52 brk(0)                   = 0x7f1331fa9000
8110  15:13:52 brk(0x7f1331fca000)      = 0x7f1331fca000
8110  15:13:52 write(3, "\0\0\5\224\v\24qnpnX\23\361\207\316\304\227\244\234\343({\0\0\0010curve2"..., 1432) = 1432
8110  15:13:52 select(4, [3], NULL, NULL, NULL) = 1 (in [3])
8110  15:13:52 read(3, "\0\0\6d\n\24T\225\365\271\241G\320zh\325J\337\1\275\241M\0\0\0\324curve2"..., 8192) = 1640
8110  15:13:52 write(3, "\0\0\0,\6\36\0\0\0 N\36X\353\36\321\3732%-M\3764\374\226Z\230VB\5\313\245"..., 48) = 48
8110  15:13:52 select(4, [3], NULL, NULL, NULL) = 1 (in [3])
8110  15:13:52 read(3, "\0\0\1\4\n\37\0\0\0h\0\0\0\23ecdsa-sha2-nistp25"..., 8192) = 280
8110  15:13:52 open("/root/.ssh/known_hosts", O_RDONLY) = 4
8110  15:13:52 fstat(4, {st_mode=S_IFREG|0644, st_size=177, ...}) = 0
8110  15:13:52 mmap(NULL, 4096, PROT_READ|PROT_WRITE, MAP_PRIVATE|MAP_ANONYMOUS, -1, 0) = 0x7f1330f05000
8110  15:13:52 read(4, "192.168.150.134 ecdsa-sha2-nistp"..., 4096) = 177
8110  15:13:52 read(4, "", 4096)        = 0
8110  15:13:52 close(4)                 = 0
8110  15:13:52 munmap(0x7f1330f05000, 4096) = 0
8110  15:13:52 open("/root/.ssh/known_hosts2", O_RDONLY) = -1 ENOENT (No such file or directory)
8110  15:13:52 open("/usr/local/openssh/etc/ssh_known_hosts", O_RDONLY) = -1 ENOENT (No such file or directory)
8110  15:13:52 open("/usr/local/openssh/etc/ssh_known_hosts2", O_RDONLY) = -1 ENOENT (No such file or directory)
8110  15:13:52 clock_gettime(0x7 /* CLOCK_??? */, {4111, 100439320}) = 0
8110  15:13:52 write(3, "\0\0\0\f\n\25\0\0\0\0\0\0\0\0\0\0", 16) = 16
8110  15:13:52 socket(PF_LOCAL, SOCK_STREAM, 0) = 4
8110  15:13:52 fcntl(4, F_SETFD, FD_CLOEXEC) = 0
8110  15:13:52 connect(4, {sa_family=AF_LOCAL, sun_path="/run/user/0/keyring/ssh"}, 110) = 0
8110  15:13:52 write(4, "\0\0\0\1", 4)  = 4
8110  15:13:52 write(4, "\v", 1)        = 1
8110  15:13:52 read(4, "\0\0\0\5", 4)   = 4
8110  15:13:52 read(4, "\f\0\0\0\0", 5) = 5
8110  15:13:52 close(4)                 = 0
8110  15:13:52 write(3, "\213\30o\n\22\360\367\356U5\263-oJ \250\334\322^{[\330\3\212\263\373\250\315\375N\356\7"..., 44) = 44
8110  15:13:52 select(4, [3], NULL, NULL, NULL) = 1 (in [3])
8110  15:13:52 read(3, "oG\223H?;\263t\240K=`X6\2563R\203\363\347\177\0\357[\301\30t\302\250\334\22\202"..., 8192) = 44
8110  15:13:52 write(3, "\357\237?kV\232\315\0\277^k\222\373GWf\352\324\311!\2\316\247)\27\363\251\225#\345\354b"..., 60) = 60
8110  15:13:52 select(4, [3], NULL, NULL, NULL) = 1 (in [3])
8110  15:13:52 read(3, "hm\177\fIR:T\354A\207\177\203\343\366B\0248[\326\257B\241\266\235\327%\222\365\240\367\24"..., 8192) = 84
8110  15:13:52 stat("/root/.ssh/id_rsa", 0x7ffead721300) = -1 ENOENT (No such file or directory)
8110  15:13:52 stat("/root/.ssh/id_dsa", 0x7ffead721300) = -1 ENOENT (No such file or directory)
8110  15:13:52 stat("/root/.ssh/id_ecdsa", 0x7ffead721300) = -1 ENOENT (No such file or directory)
8110  15:13:52 stat("/root/.ssh/id_ed25519", 0x7ffead721300) = -1 ENOENT (No such file or directory)
8110  15:13:52 open("/dev/tty", O_RDWR) = 4
8110  15:13:52 close(4)                 = 0
8110  15:13:52 open("/dev/tty", O_RDWR) = 4
8110  15:13:52 ioctl(4, SNDCTL_TMR_TIMEBASE or SNDRV_TIMER_IOCTL_NEXT_DEVICE or TCGETS, {B38400 opost isig icanon echo ...}) = 0
8110  15:13:52 ioctl(4, SNDCTL_TMR_CONTINUE or SNDRV_TIMER_IOCTL_GPARAMS or TCSETSF, {B38400 opost isig icanon -echo ...}) = 0
8110  15:13:52 rt_sigaction(SIGALRM, {0x7f1330f760d0, [], SA_RESTORER, 0x7f132fb05250}, {SIG_DFL, [], 0}, 8) = 0
8110  15:13:52 rt_sigaction(SIGHUP, {0x7f1330f760d0, [], SA_RESTORER, 0x7f132fb05250}, {SIG_DFL, [], 0}, 8) = 0
8110  15:13:52 rt_sigaction(SIGINT, {0x7f1330f760d0, [], SA_RESTORER, 0x7f132fb05250}, {SIG_DFL, [], 0}, 8) = 0
8110  15:13:52 rt_sigaction(SIGPIPE, {0x7f1330f760d0, [], SA_RESTORER, 0x7f132fb05250}, {SIG_IGN, [], SA_RESTORER, 0x7f132fb05250}, 8) = 0
8110  15:13:52 rt_sigaction(SIGQUIT, {0x7f1330f760d0, [], SA_RESTORER, 0x7f132fb05250}, {SIG_DFL, [], 0}, 8) = 0
8110  15:13:52 rt_sigaction(SIGTERM, {0x7f1330f760d0, [], SA_RESTORER, 0x7f132fb05250}, {SIG_DFL, [], 0}, 8) = 0
8110  15:13:52 rt_sigaction(SIGTSTP, {0x7f1330f760d0, [], SA_RESTORER, 0x7f132fb05250}, {SIG_DFL, [], 0}, 8) = 0
8110  15:13:52 rt_sigaction(SIGTTIN, {0x7f1330f760d0, [], SA_RESTORER, 0x7f132fb05250}, {SIG_DFL, [], 0}, 8) = 0
8110  15:13:52 rt_sigaction(SIGTTOU, {0x7f1330f760d0, [], SA_RESTORER, 0x7f132fb05250}, {SIG_DFL, [], 0}, 8) = 0
8110  15:13:52 write(4, "root@192.168.150.134's password:"..., 33) = 33
8110  15:13:52 read(4, "1", 1)          = 1
8110  15:13:52 read(4, "2", 1)          = 1
8110  15:13:52 read(4, "3", 1)          = 1
8110  15:13:52 read(4, ".", 1)          = 1
8110  15:13:52 read(4, "c", 1)          = 1
8110  15:13:52 read(4, "o", 1)          = 1
8110  15:13:52 read(4, "m", 1)          = 1
8110  15:13:52 read(4, "\n", 1)         = 1
8110  15:13:52 write(4, "\n", 1)        = 1
8110  15:13:52 ioctl(4, SNDCTL_TMR_CONTINUE or SNDRV_TIMER_IOCTL_GPARAMS or TCSETSF, {B38400 opost isig icanon echo ...}) = 0
8110  15:13:52 rt_sigaction(SIGALRM, {SIG_DFL, [], SA_RESTORER, 0x7f132fb05250}, NULL, 8) = 0
8110  15:13:52 rt_sigaction(SIGHUP, {SIG_DFL, [], SA_RESTORER, 0x7f132fb05250}, NULL, 8) = 0
8110  15:13:52 rt_sigaction(SIGINT, {SIG_DFL, [], SA_RESTORER, 0x7f132fb05250}, NULL, 8) = 0
8110  15:13:52 rt_sigaction(SIGQUIT, {SIG_DFL, [], SA_RESTORER, 0x7f132fb05250}, NULL, 8) = 0
8110  15:13:52 rt_sigaction(SIGPIPE, {SIG_IGN, [], SA_RESTORER, 0x7f132fb05250}, NULL, 8) = 0
8110  15:13:52 rt_sigaction(SIGTERM, {SIG_DFL, [], SA_RESTORER, 0x7f132fb05250}, NULL, 8) = 0
8110  15:13:52 rt_sigaction(SIGTSTP, {SIG_DFL, [], SA_RESTORER, 0x7f132fb05250}, NULL, 8) = 0
8110  15:13:52 rt_sigaction(SIGTTIN, {SIG_DFL, [], SA_RESTORER, 0x7f132fb05250}, NULL, 8) = 0
8110  15:13:52 rt_sigaction(SIGTTOU, {SIG_DFL, [], SA_RESTORER, 0x7f132fb05250}, NULL, 8) = 0
8110  15:13:52 close(4)                 = 0
8110  15:13:52 write(3, "Pn\213\324\263\306\275\22\245\262U\317Uf\377\262;\325\16\260\220\362)(\343\243vV\312f\223\232"..., 84) = 84
8110  15:13:52 select(4, [3], NULL, NULL, NULL) = 1 (in [3])
8110  15:13:52 read(3, "\236\370\253\354\260\236*9\211\216\314/\323<\261r\376.\2\257\236\212~\243\241\225\324\202", 8192) = 28
8110  15:13:52 dup(0)                   = 4
8110  15:13:52 dup(1)                   = 5
8110  15:13:52 dup(2)                   = 6
8110  15:13:52 ioctl(4, SNDCTL_TMR_TIMEBASE or SNDRV_TIMER_IOCTL_NEXT_DEVICE or TCGETS, {B38400 opost isig icanon echo ...}) = 0
8110  15:13:52 ioctl(5, SNDCTL_TMR_TIMEBASE or SNDRV_TIMER_IOCTL_NEXT_DEVICE or TCGETS, {B38400 opost isig icanon echo ...}) = 0
8110  15:13:52 ioctl(6, SNDCTL_TMR_TIMEBASE or SNDRV_TIMER_IOCTL_NEXT_DEVICE or TCGETS, {B38400 opost isig icanon echo ...}) = 0
8110  15:13:52 fcntl(4, F_SETFD, FD_CLOEXEC) = 0
8110  15:13:52 fcntl(5, F_SETFD, FD_CLOEXEC) = 0
8110  15:13:52 fcntl(6, F_SETFD, FD_CLOEXEC) = 0
8110  15:13:52 rt_sigaction(SIGHUP, NULL, {SIG_DFL, [], SA_RESTORER, 0x7f132fb05250}, 8) = 0
8110  15:13:52 rt_sigaction(SIGHUP, {SIG_IGN, [], SA_RESTORER, 0x7f132fb05250}, NULL, 8) = 0
8110  15:13:52 rt_sigaction(SIGHUP, NULL, {SIG_IGN, [], SA_RESTORER, 0x7f132fb05250}, 8) = 0
8110  15:13:52 rt_sigaction(SIGHUP, {0x7f1330f1e9f0, [], SA_RESTORER, 0x7f132fb05250}, NULL, 8) = 0
8110  15:13:52 rt_sigaction(SIGINT, NULL, {SIG_DFL, [], SA_RESTORER, 0x7f132fb05250}, 8) = 0
8110  15:13:52 rt_sigaction(SIGINT, {SIG_IGN, [], SA_RESTORER, 0x7f132fb05250}, NULL, 8) = 0
8110  15:13:52 rt_sigaction(SIGINT, NULL, {SIG_IGN, [], SA_RESTORER, 0x7f132fb05250}, 8) = 0
8110  15:13:52 rt_sigaction(SIGINT, {0x7f1330f1e9f0, [], SA_RESTORER, 0x7f132fb05250}, NULL, 8) = 0
8110  15:13:52 rt_sigaction(SIGQUIT, NULL, {SIG_DFL, [], SA_RESTORER, 0x7f132fb05250}, 8) = 0
8110  15:13:52 rt_sigaction(SIGQUIT, {SIG_IGN, [], SA_RESTORER, 0x7f132fb05250}, NULL, 8) = 0
8110  15:13:52 rt_sigaction(SIGQUIT, NULL, {SIG_IGN, [], SA_RESTORER, 0x7f132fb05250}, 8) = 0
8110  15:13:52 rt_sigaction(SIGQUIT, {0x7f1330f1e9f0, [], SA_RESTORER, 0x7f132fb05250}, NULL, 8) = 0
8110  15:13:52 rt_sigaction(SIGTERM, NULL, {SIG_DFL, [], SA_RESTORER, 0x7f132fb05250}, 8) = 0
8110  15:13:52 rt_sigaction(SIGTERM, {SIG_IGN, [], SA_RESTORER, 0x7f132fb05250}, NULL, 8) = 0
8110  15:13:52 rt_sigaction(SIGTERM, NULL, {SIG_IGN, [], SA_RESTORER, 0x7f132fb05250}, 8) = 0
8110  15:13:52 rt_sigaction(SIGTERM, {0x7f1330f1e9f0, [], SA_RESTORER, 0x7f132fb05250}, NULL, 8) = 0
8110  15:13:52 rt_sigaction(SIGWINCH, NULL, {SIG_DFL, [], 0}, 8) = 0
8110  15:13:52 rt_sigaction(SIGWINCH, {0x7f1330f1ec80, [], SA_RESTORER, 0x7f132fb05250}, NULL, 8) = 0
8110  15:13:52 ioctl(0, SNDCTL_TMR_TIMEBASE or SNDRV_TIMER_IOCTL_NEXT_DEVICE or TCGETS, {B38400 opost isig icanon echo ...}) = 0
8110  15:13:52 ioctl(0, SNDCTL_TMR_STOP or SNDRV_TIMER_IOCTL_GINFO or TCSETSW, {B38400 -opost -isig -icanon -echo ...}) = 0
8110  15:13:52 clock_gettime(0x7 /* CLOCK_??? */, {4111, 213731486}) = 0
8110  15:13:52 clock_gettime(0x7 /* CLOCK_??? */, {4111, 213811526}) = 0
8110  15:13:52 select(7, [3], [3], NULL, NULL) = 1 (out [3])
8110  15:13:52 clock_gettime(0x7 /* CLOCK_??? */, {4111, 213983901}) = 0
8110  15:13:52 write(3, "\361xc\356\323x\10\7\203\346\307\226\276E|\2324\225\355s\313\255\1\225\226\230\247\341\372\264\215\321"..., 112) = 112
8110  15:13:52 clock_gettime(0x7 /* CLOCK_??? */, {4111, 214205471}) = 0
8110  15:13:52 clock_gettime(0x7 /* CLOCK_??? */, {4111, 214285052}) = 0
8110  15:13:52 select(7, [3], [], NULL, NULL) = 1 (in [3])
8110  15:13:52 clock_gettime(0x7 /* CLOCK_??? */, {4111, 214682452}) = 0
8110  15:13:52 read(3, "j*\215C\344yf\f\247\242\357\341\36\305tL\263#Q\332H\2247\t\34\203\335\237\370_\315}"..., 8192) = 44
8110  15:13:52 getsockopt(3, SOL_TCP, TCP_NODELAY, [0], [4]) = 0
8110  15:13:52 setsockopt(3, SOL_TCP, TCP_NODELAY, [1], 4) = 0
8110  15:13:52 getsockname(3, {sa_family=AF_INET, sin_port=htons(49212), sin_addr=inet_addr("192.168.150.133")}, [16]) = 0
8110  15:13:52 setsockopt(3, SOL_IP, IP_TOS, [16], 4) = 0
8110  15:13:52 ioctl(0, TIOCGWINSZ, {ws_row=19, ws_col=113, ws_xpixel=1021, ws_ypixel=380}) = 0
8110  15:13:52 clock_gettime(0x7 /* CLOCK_??? */, {4111, 218048286}) = 0
8110  15:13:52 clock_gettime(0x7 /* CLOCK_??? */, {4111, 218199318}) = 0
8110  15:13:52 select(7, [3], [3], NULL, NULL) = 1 (out [3])
8110  15:13:52 clock_gettime(0x7 /* CLOCK_??? */, {4111, 218478374}) = 0
8110  15:13:52 write(3, "+tx?\36\270>\311Y\246s]\220\334\213\212x\23N\333\35\212DcK\204\343<\n\201\353\36"..., 392) = 392
8110  15:13:52 clock_gettime(0x7 /* CLOCK_??? */, {4111, 218734416}) = 0
8110  15:13:52 clock_gettime(0x7 /* CLOCK_??? */, {4111, 218845592}) = 0
8110  15:13:52 select(7, [3], [], NULL, NULL) = 1 (in [3])
8110  15:13:52 clock_gettime(0x7 /* CLOCK_??? */, {4111, 219340828}) = 0
8110  15:13:52 read(3, "\t\326\202[\35\311J\361p:^\277V\242\361\237/\271(\207M{\342\304Ox\214\30%\263\256\233"..., 8192) = 108
8110  15:13:52 clock_gettime(0x7 /* CLOCK_??? */, {4111, 219523850}) = 0
8110  15:13:52 clock_gettime(0x7 /* CLOCK_??? */, {4111, 219627615}) = 0
8110  15:13:52 select(7, [3 4], [], NULL, NULL) = 1 (in [3])
8110  15:13:52 clock_gettime(0x7 /* CLOCK_??? */, {4111, 220328986}) = 0
8110  15:13:52 read(3, "\375Ogk\17\324\244\2142\301T\25\335\376p\315\374u]\242\255\23;\207f\235\312lV\365`\270"..., 8192) = 100
8110  15:13:52 clock_gettime(0x7 /* CLOCK_??? */, {4111, 220535452}) = 0
8110  15:13:52 clock_gettime(0x7 /* CLOCK_??? */, {4111, 220605554}) = 0
8110  15:13:52 select(7, [3 4], [5], NULL, NULL) = 1 (out [5])
8110  15:13:52 clock_gettime(0x7 /* CLOCK_??? */, {4111, 220756488}) = 0
8110  15:13:52 write(5, "Last login: Thu Aug 10 23:09:46 "..., 60) = 60
8110  15:13:52 clock_gettime(0x7 /* CLOCK_??? */, {4111, 224140349}) = 0
8110  15:13:52 clock_gettime(0x7 /* CLOCK_??? */, {4111, 224169502}) = 0
8110  15:13:52 select(7, [3 4], [], NULL, NULL) = 1 (in [3])
8110  15:13:52 clock_gettime(0x7 /* CLOCK_??? */, {4111, 236003795}) = 0
8110  15:13:52 read(3, "Y\3236j>\21\243\327\313z\225i9\30\252\234y\200d\221c\32\r\303\257\314\16\25g\256G\37"..., 8192) = 84
8110  15:13:52 clock_gettime(0x7 /* CLOCK_??? */, {4111, 236051070}) = 0
8110  15:13:52 clock_gettime(0x7 /* CLOCK_??? */, {4111, 236063595}) = 0
8110  15:13:52 select(7, [3 4], [5], NULL, NULL) = 1 (out [5])
8110  15:13:52 clock_gettime(0x7 /* CLOCK_??? */, {4111, 236094537}) = 0
8110  15:13:52 write(5, "\33]0;root@centos:~\7\33[?1034h[root@"..., 43) = 43
8110  15:13:52 clock_gettime(0x7 /* CLOCK_??? */, {4111, 236217236}) = 0
8110  15:13:52 clock_gettime(0x7 /* CLOCK_??? */, {4111, 236230456}) = 0
8110  15:13:52 select(7, [3 4], [], NULL, NULL