3270  07:42:25 select(4, [3], NULL, NULL, NULL) = 1 (in [3])
3270  07:42:25 read(3, "\0\0\1\4\v\37\0\0\0h\0\0\0\23ecdsa-sha2-nistp25"..., 8192) = 280
3270  07:42:25 open("/root/.ssh/known_hosts", O_RDONLY) = 4
3270  07:42:25 fstat(4, {st_mode=S_IFREG|0644, st_size=583, ...}) = 0
3270  07:42:25 mmap(NULL, 4096, PROT_READ|PROT_WRITE, MAP_PRIVATE|MAP_ANONYMOUS, -1, 0) = 0x7fe2a261b000
3270  07:42:25 read(4, "192.168.47.133 ecdsa-sha2-nistp2"..., 4096) = 583
3270  07:42:25 read(4, "", 4096)        = 0
3270  07:42:25 close(4)                 = 0
3270  07:42:25 munmap(0x7fe2a261b000, 4096) = 0
3270  07:42:25 open("/root/.ssh/known_hosts2", O_RDONLY) = -1 ENOENT (No such file or directory)
3270  07:42:25 open("/usr/local/openssh/etc/ssh_known_hosts", O_RDONLY) = -1 ENOENT (No such file or directory)
3270  07:42:25 open("/usr/local/openssh/etc/ssh_known_hosts2", O_RDONLY) = -1 ENOENT (No such file or directory)
3270  07:42:25 clock_gettime(0x7 /* CLOCK_??? */, {2111, 834227700}) = 0
3270  07:42:25 write(3, "\0\0\0\f\n\25\0\0\0\0\0\0\0\0\0\0", 16) = 16
3270  07:42:25 write(3, "\373L?\3511c\252\0(}\266-\313\177\313\245p\324\25\377\213\3371\244|\325\v~\226\2555s"..., 44) = 44
3270  07:42:25 select(4, [3], NULL, NULL, NULL) = 1 (in [3])
3270  07:42:25 read(3, "\301=\274z<\323L\324\345\5\340d\26\362\363p5\225\374U\215i7E\235d%\311\16\2338S"..., 8192) = 44
3270  07:42:25 write(3, "x\374\361?\372\354\24\227\353Ed\240\0361\224y\352vZ\237b^\23\313K\240H\300U\r7\205"..., 68) = 68
3270  07:42:25 select(4, [3], NULL, NULL, NULL) = 1 (in [3])
3270  07:42:25 read(3, "\302\226\252\241\227\201ZSK*\345\206P\310\207\360\330\277\177l\224\255\204\254\353\352\236Z\33\22\234\234"..., 8192) = 84
3270  07:42:25 stat("/root/.ssh/id_rsa", 0x7ffe84725800) = -1 ENOENT (No such file or directory)
3270  07:42:25 stat("/root/.ssh/id_dsa", 0x7ffe84725800) = -1 ENOENT (No such file or directory)
3270  07:42:25 stat("/root/.ssh/id_ecdsa", 0x7ffe84725800) = -1 ENOENT (No such file or directory)
3270  07:42:25 stat("/root/.ssh/id_ed25519", 0x7ffe84725800) = -1 ENOENT (No such file or directory)
3270  07:42:25 open("/dev/tty", O_RDWR) = 4
3270  07:42:25 close(4)                 = 0
3270  07:42:25 open("/dev/tty", O_RDWR) = 4
3270  07:42:25 ioctl(4, SNDCTL_TMR_TIMEBASE or SNDRV_TIMER_IOCTL_NEXT_DEVICE or TCGETS, {B38400 opost isig icanon echo ...}) = 0
3270  07:42:25 ioctl(4, SNDCTL_TMR_CONTINUE or SNDRV_TIMER_IOCTL_GPARAMS or TCSETSF, {B38400 opost isig icanon -echo ...}) = 0
3270  07:42:25 rt_sigaction(SIGALRM, {0x7fe2a268c0d0, [], SA_RESTORER, 0x7fe2a121b250}, {SIG_DFL, [], 0}, 8) = 0
3270  07:42:25 rt_sigaction(SIGHUP, {0x7fe2a268c0d0, [], SA_RESTORER, 0x7fe2a121b250}, {SIG_DFL, [], 0}, 8) = 0
3270  07:42:25 rt_sigaction(SIGINT, {0x7fe2a268c0d0, [], SA_RESTORER, 0x7fe2a121b250}, {SIG_DFL, [], 0}, 8) = 0
3270  07:42:25 rt_sigaction(SIGPIPE, {0x7fe2a268c0d0, [], SA_RESTORER, 0x7fe2a121b250}, {SIG_IGN, [], SA_RESTORER, 0x7fe2a121b250}, 8) = 0
3270  07:42:25 rt_sigaction(SIGQUIT, {0x7fe2a268c0d0, [], SA_RESTORER, 0x7fe2a121b250}, {SIG_DFL, [], 0}, 8) = 0
3270  07:42:25 rt_sigaction(SIGTERM, {0x7fe2a268c0d0, [], SA_RESTORER, 0x7fe2a121b250}, {SIG_DFL, [], 0}, 8) = 0
3270  07:42:25 rt_sigaction(SIGTSTP, {0x7fe2a268c0d0, [], SA_RESTORER, 0x7fe2a121b250}, {SIG_DFL, [], 0}, 8) = 0
3270  07:42:25 rt_sigaction(SIGTTIN, {0x7fe2a268c0d0, [], SA_RESTORER, 0x7fe2a121b250}, {SIG_DFL, [], 0}, 8) = 0
3270  07:42:25 rt_sigaction(SIGTTOU, {0x7fe2a268c0d0, [], SA_RESTORER, 0x7fe2a121b250}, {SIG_DFL, [], 0}, 8) = 0
3270  07:42:25 write(4, "jackboy@192.168.47.133's passwor"..., 35) = 35
3270  07:42:25 read(4, "1", 1)          = 1
3270  07:42:25 read(4, "2", 1)          = 1
3270  07:42:25 read(4, "3", 1)          = 1
3270  07:42:25 read(4, "4", 1)          = 1
3270  07:42:25 read(4, "5", 1)          = 1
3270  07:42:25 read(4, "6", 1)          = 1
3270  07:42:25 read(4, "\n", 1)         = 1
3270  07:42:25 write(4, "\n", 1)        = 1
3270  07:42:25 ioctl(4, SNDCTL_TMR_CONTINUE or SNDRV_TIMER_IOCTL_GPARAMS or TCSETSF, {B38400 opost isig icanon echo ...}) = 0
3270  07:42:25 rt_sigaction(SIGALRM, {SIG_DFL, [], SA_RESTORER, 0x7fe2a121b250}, NULL, 8) = 0
3270  07:42:25 rt_sigaction(SIGHUP, {SIG_DFL, [], SA_RESTORER, 0x7fe2a121b250}, NULL, 8) = 0
3270  07:42:25 rt_sigaction(SIGINT, {SIG_DFL, [], SA_RESTORER, 0x7fe2a121b250}, NULL, 8) = 0
3270  07:42:25 rt_sigaction(SIGQUIT, {SIG_DFL, [], SA_RESTORER, 0x7fe2a121b250}, NULL, 8) = 0
3270  07:42:25 rt_sigaction(SIGPIPE, {SIG_IGN, [], SA_RESTORER, 0x7fe2a121b250}, NULL, 8) = 0
3270  07:42:25 rt_sigaction(SIGTERM, {SIG_DFL, [], SA_RESTORER, 0x7fe2a121b250}, NULL, 8) = 0
3270  07:42:25 rt_sigaction(SIGTSTP, {SIG_DFL, [], SA_RESTORER, 0x7fe2a121b250}, NULL, 8) = 0
3270  07:42:25 rt_sigaction(SIGTTIN, {SIG_DFL, [], SA_RESTORER, 0x7fe2a121b250}, NULL, 8) = 0
3270  07:42:25 rt_sigaction(SIGTTOU, {SIG_DFL, [], SA_RESTORER, 0x7fe2a121b250}, NULL, 8) = 0
3270  07:42:25 close(4)                 = 0
3270  07:42:25 write(3, "\227\253\314Ic\\\36\351\2139\242'\312\314\315\264\305 \336\252K\26\325lF\376|\272T\345U\303"..., 148) = 148
3270  07:42:25 select(4, [3], NULL, NULL, NULL) = 1 (in [3])
3270  07:42:25 read(3, "o\33\263\274\354\230\236:\244\330\242;L\206\376WG\203\210\33\3\220\243\254O\362\305\35", 8192) = 28
3270  07:42:25 dup(0)                   = 4
3270  07:42:25 dup(1)                   = 5
3270  07:42:25 dup(2)                   = 6
3270  07:42:25 ioctl(4, SNDCTL_TMR_TIMEBASE or SNDRV_TIMER_IOCTL_NEXT_DEVICE or TCGETS, {B38400 opost isig icanon echo ...}) = 0
3270  07:42:25 ioctl(5, SNDCTL_TMR_TIMEBASE or SNDRV_TIMER_IOCTL_NEXT_DEVICE or TCGETS, {B38400 opost isig icanon echo ...}) = 0
3270  07:42:25 ioctl(6, SNDCTL_TMR_TIMEBASE or SNDRV_TIMER_IOCTL_NEXT_DEVICE or TCGETS, {B38400 opost isig icanon echo ...}) = 0
3270  07:42:25 fcntl(4, F_SETFD, FD_CLOEXEC) = 0
3270  07:42:25 fcntl(5, F_SETFD, FD_CLOEXEC) = 0
3270  07:42:25 fcntl(6, F_SETFD, FD_CLOEXEC) = 0
3270  07:42:25 rt_sigaction(SIGHUP, NULL, {SIG_DFL, [], SA_RESTORER, 0x7fe2a121b250}, 8) = 0
3270  07:42:25 rt_sigaction(SIGHUP, {SIG_IGN, [], SA_RESTORER, 0x7fe2a121b250}, NULL, 8) = 0
3270  07:42:25 rt_sigaction(SIGHUP, NULL, {SIG_IGN, [], SA_RESTORER, 0x7fe2a121b250}, 8) = 0
3270  07:42:25 rt_sigaction(SIGHUP, {0x7fe2a26349f0, [], SA_RESTORER, 0x7fe2a121b250}, NULL, 8) = 0
3270  07:42:25 rt_sigaction(SIGINT, NULL, {SIG_DFL, [], SA_RESTORER, 0x7fe2a121b250}, 8) = 0
3270  07:42:25 rt_sigaction(SIGINT, {SIG_IGN, [], SA_RESTORER, 0x7fe2a121b250}, NULL, 8) = 0
3270  07:42:25 rt_sigaction(SIGINT, NULL, {SIG_IGN, [], SA_RESTORER, 0x7fe2a121b250}, 8) = 0
3270  07:42:25 rt_sigaction(SIGINT, {0x7fe2a26349f0, [], SA_RESTORER, 0x7fe2a121b250}, NULL, 8) = 0
3270  07:42:25 rt_sigaction(SIGQUIT, NULL, {SIG_DFL, [], SA_RESTORER, 0x7fe2a121b250}, 8) = 0
3270  07:42:25 rt_sigaction(SIGQUIT, {SIG_IGN, [], SA_RESTORER, 0x7fe2a121b250}, NULL, 8) = 0
3270  07:42:25 rt_sigaction(SIGQUIT, NULL, {SIG_IGN, [], SA_RESTORER, 0x7fe2a121b250}, 8) = 0
3270  07:42:25 rt_sigaction(SIGQUIT, {0x7fe2a26349f0, [], SA_RESTORER, 0x7fe2a121b250}, NULL, 8) = 0
3270  07:42:25 rt_sigaction(SIGTERM, NULL, {SIG_DFL, [], SA_RESTORER, 0x7fe2a121b250}, 8) = 0
3270  07:42:25 rt_sigaction(SIGTERM, {SIG_IGN, [], SA_RESTORER, 0x7fe2a121b250}, NULL, 8) = 0
3270  07:42:25 rt_sigaction(SIGTERM, NULL, {SIG_IGN, [], SA_RESTORER, 0x7fe2a121b250}, 8) = 0
3270  07:42:25 rt_sigaction(SIGTERM, {0x7fe2a26349f0, [], SA_RESTORER, 0x7fe2a121b250}, NULL, 8) = 0
3270  07:42:25 rt_sigaction(SIGWINCH, NULL, {SIG_DFL, [], 0}, 8) = 0
3270  07:42:25 rt_sigaction(SIGWINCH, {0x7fe2a2634c80, [], SA_RESTORER, 0x7fe2a121b250}, NULL, 8) = 0
3270  07:42:25 ioctl(0, SNDCTL_TMR_TIMEBASE or SNDRV_TIMER_IOCTL_NEXT_DEVICE or TCGETS, {B38400 opost isig icanon echo ...}) = 0
3270  07:42:25 ioctl(0, SNDCTL_TMR_STOP or SNDRV_TIMER_IOCTL_GINFO or TCSETSW, {B38400 -opost -isig -icanon -echo ...}) = 0
3270  07:42:25 clock_gettime(0x7 /* CLOCK_??? */, {2111, 948607441}) = 0
3270  07:42:25 clock_gettime(0x7 /* CLOCK_??? */, {2111, 948640577}) = 0
3270  07:42:25 select(7, [3], [3], NULL, NULL) = 1 (out [3])
3270  07:42:25 clock_gettime(0x7 /* CLOCK_??? */, {2111, 948705308}) = 0
3270  07:42:25 write(3, "\355\325\352R\221\2431\215\2759\375\220\0165\253\227\316Ly\360\3431-\376\334\16\234\372W!\350l"..., 112) = 112
3270  07:42:25 clock_gettime(0x7 /* CLOCK_??? */, {2111, 948888258}) = 0
3270  07:42:25 clock_gettime(0x7 /* CLOCK_??? */, {2111, 948916797}) = 0
3270  07:42:25 select(7, [3], [], NULL, NULL) = 1 (in [3])
3270  07:42:25 clock_gettime(0x7 /* CLOCK_??? */, {2111, 986111546}) = 0
3270  07:42:25 read(3, "a\356{\313\201\335\221\344\346\217\275=\332bd\321\217!\203t\237t\230X\201\7\261\324%\216\4m"..., 8192) = 44
3270  07:42:25 getsockopt(3, SOL_TCP, TCP_NODELAY, [0], [4]) = 0
3270  07:42:25 setsockopt(3, SOL_TCP, TCP_NODELAY, [1], 4) = 0
3270  07:42:25 getsockname(3, {sa_family=AF_INET, sin_port=htons(49994), sin_addr=inet_addr("192.168.47.139")}, [16]) = 0
3270  07:42:25 setsockopt(3, SOL_IP, IP_TOS, [16], 4) = 0
3270  07:42:25 ioctl(0, TIOCGWINSZ, {ws_row=39, ws_col=170, ws_xpixel=0, ws_ypixel=0}) = 0
3270  07:42:25 clock_gettime(0x7 /* CLOCK_??? */, {2111, 986422005}) = 0
3270  07:42:25 clock_gettime(0x7 /* CLOCK_??? */, {2111, 986435679}) = 0
3270  07:42:25 select(7, [3], [3], NULL, NULL) = 1 (out [3])
3270  07:42:25 clock_gettime(0x7 /* CLOCK_??? */, {2111, 986466493}) = 0
3270  07:42:25 write(3, "R\362\335\320m\3013\315Bd\373\t\315\353d\260\345x\213\235\37\302w\3362\4B\377P@\177\256"..., 376) = 376
3270  07:42:25 clock_gettime(0x7 /* CLOCK_??? */, {2111, 986586315}) = 0
3270  07:42:25 clock_gettime(0x7 /* CLOCK_??? */, {2111, 986599635}) = 0
3270  07:42:25 select(7, [3], [], NULL, NULL) = 1 (in [3])
3270  07:42:25 clock_gettime(0x7 /* CLOCK_??? */, {2112, 4127658}) = 0
3270  07:42:25 read(3, "\240\244\35\260v\204\270LH\345\206\253lM\333\243\23\321\354\267|r\2329W?\243\25d\f\2173"..., 8192) = 208
3270  07:42:25 clock_gettime(0x7 /* CLOCK_??? */, {2112, 4218504}) = 0
3270  07:42:25 clock_gettime(0x7 /* CLOCK_??? */, {2112, 4231082}) = 0
3270  07:42:25 select(7, [3 4], [5], NULL, NULL) = 1 (out [5])
3270  07:42:25 clock_gettime(0x7 /* CLOCK_??? */, {2112, 4305543}) = 0
3270  07:42:25 write(5, "Last login: Fri Aug 11 15:35:04 "..., 59) = 59
3270  07:42:25 clock_gettime(0x7 /* CLOCK_??? */, {2112, 4545350}) = 0
3270  07:42:25 clock_gettime(0x7 /* CLOCK_??? */, {2112, 4575676}) = 0
3270  07:42:25 select(7, [3 4], [], NULL, NULL) = 1 (in [3])
3270  07:42:25 clock_gettime(0x7 /* CLOCK_??? */, {2112, 90039788}) = 0
3270  07:42:25 read(3, "\230\274\276\360G2\233\323\200\365\214\333\33s\210p/%^\306\265\355\274\233\344\266)4p\377X\200"..., 8192) = 84
3270  07:42:25 clock_gettime(0x7 /* CLOCK_??? */, {2112, 90079972}) = 0
3270  07:42:25 clock_gettime(0x7 /* CLOCK_??? */, {2112, 90091736}) = 0
3270  07:42:25 select(7, [3 4], [5], NULL, NULL) = 1 (out [5])
3270  07:42:25 clock_gettime(0x7 /* CLOCK_??? */, {2112, 90120288}) = 0
3270  07:42:25 write(5, "\33]0;jackboy@Jack:~\7\33[?1034h[jack"..., 45) = 45
3270  07:42:25 clock_gettime(0x7 /* CLOCK_??? */, {2112, 90301108}) = 0
3270  07:42:25 clock_gettime(0x7 /* CLOCK_??? */, {2112, 90314105}) = 0
3270  07:42:25 select(7, [3 4], [], NULL, NULL) = 1 (in [4])
3270  07:42:30 clock_gettime(0x7 /* CLOCK_??? */, {2117, 362759696}) = 0
3270  07:42:30 read(4, "p", 16384)      = 1
3270  07:42:30 clock_gettime(0x7 /* CLOCK_??? */, {2117, 362952833}) = 0
3270  07:42:30 clock_gettime(0x7 /* CLOCK_??? */, {2117, 362998575}) = 0
3270  07:42:30 select(7, [3 4], [3], NULL, NULL) = 1 (out [3])
3270  07:42:30 clock_gettime(0x7 /* CLOCK_??? */, {2117, 363105950}) = 0
3270  07:42:30 write(3, "F\326&\247\263\345\232xYGU\21Y\245\216a\246\241\332\301\31*\330S\223\222\233\211>\374y="..., 36) = 36
3270  07:42:30 clock_gettime(0x7 /* CLOCK_??? */, {2117, 363385416}) = 0
3270  07:42:30 clock_gettime(0x7 /* CLOCK_??? */, {2117, 363433016}) = 0
3270  07:42:30 select(7, [3 4], [], NULL, NULL) = 1 (in [3])
3270  07:42:30 clock_gettime(0x7 /* CLOCK_??? */, {2117, 364373550}) = 0
3270  07:42:30 read(3, "\240!\251\307\0379\332A\247b\275\362\177}\232$RK\r\266\240c*A\311FJ\247\7\365\212s"..., 8192) = 36
3270  07:42:30 clock_gettime(0x7 /* CLOCK_??? */, {2117, 364497758}) = 0
3270  07:42:30 clock_gettime(0x7 /* CLOCK_??? */, {2117, 364565514}) = 0
3270  07:42:30 select(7, [3 4], [5], NULL, NULL) = 1 (out [5])
3270  07:42:30 clock_gettime(0x7 /* CLOCK_??? */, {2117, 364674949}) = 0
3270  07:42:30 write(5, "p", 1)         = 1
3270  07:42:30 clock_gettime(0x7 /* CLOCK_??? */, {2117, 364774565}) = 0
3270  07:42:30 clock_gettime(0x7 /* CLOCK_??? */, {2117, 364817600}) = 0
3270  07:42:30 select(7, [3 4], [], NULL, NULL) = 1 (in [4])
3270  07:42:31 clock_gettime(0x7 /* CLOCK_??? */, {2117, 569005539}) = 0
3270  07:42:31 read(4, "w", 16384)      = 1
3270  07:42:31 clock_gettime(0x7 /* CLOCK_??? */, {2117, 569146298}) = 0
3270  07:42:31 clock_gettime(0x7 /* CLOCK_??? */, {2117, 569191041}) = 0
3270  07:42:31 select(7, [3 4], [3], NULL, NULL) = 1 (out [3])
3270  07:42:31 clock_gettime(0x7 /* CLOCK_??? */, {2117, 569295030}) = 0
3270  07:42:31 write(3, "\364\177\304^\244\256!'X5\365\202X@\\\377\227\2061<k\212NX\362\32\33\244\326\314|\305"..., 36) = 36
3270  07:42:31 clock_gettime(0x7 /* CLOCK_??? */, {2117, 569607059}) = 0
3270  07:42:31 clock_gettime(0x7 /* CLOCK_??? */, {2117, 569654455}) = 0
3270  07:42:31 select(7, [3 4], [], NULL, NULL) = 1 (in [3])
3270  07:42:31 clock_gettime(0x7 /* CLOCK_??? */, {2117, 570287314}) = 0
3270  07:42:31 read(3, "\3342w\364\300\273h\305u\242o\263\315\26L?\317\22\320`\211\213\356\22\31~\272C\300 \265f"..., 8192) = 36
3270  07:42:31 clock_gettime(0x7 /* CLOCK_??? */, {2117, 570456929}) = 0
3270  07:42:31 clock_gettime(0x7 /* CLOCK_??? */, {2117, 570504093}) = 0
3270  07:42:31 select(7, [3 4], [5], NULL, NULL) = 1 (out [5])
3270  07:42:31 clock_gettime(0x7 /* CLOCK_??? */, {2117, 570613046}) = 0
3270  07:42:31 write(5, "w", 1)         = 1
3270  07:42:31 clock_gettime(0x7 /* CLOCK_??? */, {2117, 570711727}) = 0
3270  07:42:31 clock_gettime(0x7 /* CLOCK_??? */, {2117, 570754663}) = 0
3270  07:42:31 select(7, [3 4], [], NULL, NULL) = 1 (in [4])
3270  07:42:31 clock_gettime(0x7 /* CLOCK_??? */, {2118, 116658727}) = 0
3270  07:42:31 read(4, "d", 16384)      = 1
3270  07:42:31 clock_gettime(0x7 /* CLOCK_??? */, {2118, 116785251}) = 0
3270  07:42:31 clock_gettime(0x7 /* CLOCK_??? */, {2118, 116877841}) = 0
3270  07:42:31 select(7, [3 4], [3], NULL, NULL) = 1 (out [3])
3270  07:42:31 clock_gettime(0x7 /* CLOCK_??? */, {2118, 116990073}) = 0
3270  07:42:31 write(3, "VX\347\220\347y\323\17\252\206*\\\367\266aB\373\342U\24\271\304p\n\\\321\237\240\224\345\356O"..., 36) = 36
3270  07:42:31 clock_gettime(0x7 /* CLOCK_??? */, {2118, 117278197}) = 0
3270  07:42:31 clock_gettime(0x7 /* CLOCK_??? */, {2118, 117325960}) = 0
3270  07:42:31 select(7, [3 4], [], NULL, NULL) = 1 (in [3])
3270  07:42:31 clock_gettime(0x7 /* CLOCK_??? */, {2118, 118037444}) = 0
3270  07:42:31 read(3, "\213\335\315\324\251\213\337\0329A\3pi\20\\\343\300%M\250\204\321\4\227,\v\247\30\26\31x\261"..., 8192) = 36
3270  07:42:31 clock_gettime(0x7 /* CLOCK_??? */, {2118, 118159816}) = 0
3270  07:42:31 clock_gettime(0x7 /* CLOCK_??? */, {2118, 118204351}) = 0
3270  07:42:31 select(7, [3 4], [5], NULL, NULL) = 1 (out [5])
3270  07:42:31 clock_gettime(0x7 /* CLOCK_??? */, {2118, 118309865}) = 0
3270  07:42:31 write(5, "d", 1)         = 1
3270  07:42:31 clock_gettime(0x7 /* CLOCK_??? */, {2118, 118408534}) = 0
3270  07:42:31 clock_gettime(0x7 /* CLOCK_??? */, {2118, 118451881}) = 0
3270  07:42:31 select(7, [3 4], [], NULL, NULL) = 1 (in [4])
3270  07:42:32 clock_gettime(0x7 /* CLOCK_??? */, {2118, 492508628}) = 0
3270  07:42:32 read(4, "\r", 16384)     = 1
3270  07:42:32 clock_gettime(0x7 /* CLOCK_??? */, {2118, 492551171}) = 0
3270  07:42:32 clock_gettime(0x7 /* CLOCK_??? */, {2118, 492564445}) = 0
3270  07:42:32 select(7, [3 4], [3], NULL, NULL) = 1 (out [3])
3270  07:42:32 clock_gettime(0x7 /* CLOCK_??? */, {2118, 492596199}) = 0
3270  07:42:32 write(3, "\233>u\330;w\371\330\335\v\211\331*\227Mw\253u \243\311\30\352\375\321\341{y\261m\253\21"..., 36) = 36
3270  07:42:32 clock_gettime(0x7 /* CLOCK_??? */, {2118, 492677185}) = 0
3270  07:42:32 clock_gettime(0x7 /* CLOCK_??? */, {2118, 492691139}) = 0
3270  07:42:32 select(7, [3 4], [], NULL, NULL) = 1 (in [3])
3270  07:42:32 clock_gettime(0x7 /* CLOCK_??? */, {2118, 493163699}) = 0
3270  07:42:32 read(3, "\256\325\342M\227\311\37bjq\332\305F\245\254\244\271\273\3425\252\"\367/\f\244k\243^d\343\265"..., 8192) = 92
3270  07:42:32 clock_gettime(0x7 /* CLOCK_??? */, {2118, 493208441}) = 0
3270  07:42:32 clock_gettime(0x7 /* CLOCK_??? */, {2118, 493221969}) = 0
3270  07:42:32 select(7, [3 4], [5], NULL, NULL) = 1 (out [5])
3270  07:42:32 clock_gettime(0x7 /* CLOCK_??? */, {2118, 493255587}) = 0
3270  07:42:32 write(5, "\r\n/home/jackboy\r\n\33]0;jackboy@Jac"..., 54) = 54
3270  07:42:32 clock_gettime(0x7 /* CLOCK_??? */, {2118, 493457523}) = 0
3270  07:42:32 clock_gettime(0x7 /* CLOCK_??? */, {2118, 493474149}) = 0
3270  07:42:32 select(7, [3 4], [], NULL, NULL) = 1 (in [4])
3270  07:42:35 clock_gettime(0x7 /* CLOCK_??? */, {2121, 596969037}) = 0
3270  07:42:35 read(4, "t", 16384)      = 1
3270  07:42:35 clock_gettime(0x7 /* CLOCK_??? */, {2121, 597277889}) = 0
3270  07:42:35 clock_gettime(0x7 /* CLOCK_??? */, {2121, 597326530}) = 0
3270  07:42:35 select(7, [3 4], [3], NULL, NULL) = 1 (out [3])
3270  07:42:35 clock_gettime(0x7 /* CLOCK_??? */, {2121, 597437019}) = 0
3270  07:42:35 write(3, "\300\207\314\01047\301\360\210\2455\20A\t\225\256\346\261@p\232\300\312\31a\277\215\276\27\3302W"..., 36) = 36
3270  07:42:35 clock_gettime(0x7 /* CLOCK_??? */, {2121, 597690354}) = 0
3270  07:42:35 clock_gettime(0x7 /* CLOCK_??? */, {2121, 597737312}) = 0
3270  07:42:35 select(7, [3 4], [], NULL, NULL) = 1 (in [3])
3270  07:42:35 clock_gettime(0x7 /* CLOCK_??? */, {2121, 598559608}) = 0
3270  07:42:35 read(3, "\346\332Y)\304{\211\267\16\355\207\257\f\342[\\\323\21;\211lz=*\305\5\372U\327\346\213\370"..., 8192) = 36
3270  07:42:35 clock_gettime(0x7 /* CLOCK_??? */, {2121, 598683982}) = 0
3270  07:42:35 clock_gettime(0x7 /* CLOCK_??? */, {2121, 598728125}) = 0
3270  07:42:35 select(7, [3 4], [5], NULL, NULL) = 1 (out [5])
3270  07:42:35 clock_gettime(0x7 /* CLOCK_??? */, {2121, 598833902}) = 0
3270  07:42:35 write(5, "t", 1)         = 1
3270  07:42:35 clock_gettime(0x7 /* CLOCK_??? */, {2121, 598933411}) = 0
3270  07:42:35 clock_gettime(0x7 /* CLOCK_??? */, {2121, 598976411}) = 0
3270  07:42:35 select(7, [3 4], [], NULL, NULL) = 1 (in [4])
3270  07:42:35 clock_gettime(0x7 /* CLOCK_??? */, {2121, 827910639}) = 0
3270  07:42:35 read(4, "i", 16384)      = 1
3270  07:42:35 clock_gettime(0x7 /* CLOCK_??? */, {2121, 827999733}) = 0
3270  07:42:35 clock_gettime(0x7 /* CLOCK_??? */, {2121, 828029230}) = 0
3270  07:42:35 select(7, [3 4], [3], NULL, NULL) = 1 (out [3])
3270  07:42:35 clock_gettime(0x7 /* CLOCK_??? */, {2121, 828098473}) = 0
3270  07:42:35 write(3, "2\347\344 ]G?\236\356,\251\241\251\177\v\352\32\210M\371\3550bTTs\350k|\376J>"..., 36) = 36
3270  07:42:35 clock_gettime(0x7 /* CLOCK_??? */, {2121, 828311692}) = 0
3270  07:42:35 clock_gettime(0x7 /* CLOCK_??? */, {2121, 828343639}) = 0
3270  07:42:35 select(7, [3 4], [], NULL, NULL) = 1 (in [3])
3270  07:42:35 clock_gettime(0x7 /* CLOCK_??? */, {2121, 828856438}) = 0
3270  07:42:35 read(3, "\342Ae)\241\317\230\217\35\232\257\221\203\f\207\344\356c\316\365\210\324\255\315\263\306\3204\340w\234?"..., 8192) = 36
3270  07:42:35 clock_gettime(0x7 /* CLOCK_??? */, {2121, 828942281}) = 0
3270  07:42:35 clock_gettime(0x7 /* CLOCK_??? */, {2121, 828971541}) = 0
3270  07:42:35 select(7, [3 4], [5], NULL, NULL) = 1 (out [5])
3270  07:42:35 clock_gettime(0x7 /* CLOCK_??? */, {2121, 829043553}) = 0
3270  07:42:35 write(5, "i", 1)         = 1
3270  07:42:35 clock_gettime(0x7 /* CLOCK_??? */, {2121, 829365405}) = 0
3270  07:42:35 clock_gettime(0x7 /* CLOCK_??? */, {2121, 829396980}) = 0
3270  07:42:35 select(7, [3 4], [], NULL, NULL) = 1 (in [4])
3270  07:42:35 clock_gettime(0x7 /* CLOCK_??? */, {2122, 306271631}) = 0
3270  07:42:35 read(4, "\10", 16384)    = 1
3270  07:42:35 clock_gettime(0x7 /* CLOCK_??? */, {2122, 306400822}) = 0
3270  07:42:35 clock_gettime(0x7 /* CLOCK_??? */, {2122, 306445282}) = 0
3270  07:42:35 select(7, [3 4], [3], NULL, NULL) = 1 (out [3])
3270  07:42:35 clock_gettime(0x7 /* CLOCK_??? */, {2122, 306677692}) = 0
3270  07:42:35 write(3, "8\36\355\242\372:\352`\20\342\10`\347m\232\275\352fc\323\202o\332#\223\201J\202\3<\3209"..., 36) = 36
3270  07:42:35 clock_gettime(0x7 /* CLOCK_??? */, {2122, 306937758}) = 0
3270  07:42:35 clock_gettime(0x7 /* CLOCK_??? */, {2122, 306984878}) = 0
3270  07:42:35 select(7, [3 4], [], NULL, NULL) = 1 (in [3])
3270  07:42:35 clock_gettime(0x7 /* CLOCK_??? */, {2122, 307681110}) = 0
3270  07:42:35 read(3, "\5\345\16k\2377\211\23x\210L%Q\17\22\301\5\261\321;n\232\3402\nm\23\37\234\34m\361"..., 8192) = 44
3270  07:42:35 clock_gettime(0x7 /* CLOCK_??? */, {2122, 307796610}) = 0
3270  07:42:35 clock_gettime(0x7 /* CLOCK_??? */, {2122, 307840040}) = 0
3270  07:42:35 select(7, [3 4], [5], NULL, NULL) = 1 (out [5])
3270  07:42:35 clock_gettime(0x7 /* CLOCK_??? */, {2122, 307940692}) = 0
3270  07:42:35 write(5, "\10\33[K", 4)  = 4
3270  07:42:35 clock_gettime(0x7 /* CLOCK_??? */, {2122, 308343036}) = 0
3270  07:42:35 clock_gettime(0x7 /* CLOCK_??? */, {2122, 308391403}) = 0
3270  07:42:35 select(7, [3 4], [], NULL, NULL) = 1 (in [4])
3270  07:42:36 clock_gettime(0x7 /* CLOCK_??? */, {2122, 587025066}) = 0
3270  07:42:36 read(4, "o", 16384)      = 1
3270  07:42:36 clock_gettime(0x7 /* CLOCK_??? */, {2122, 587311730}) = 0
3270  07:42:36 clock_gettime(0x7 /* CLOCK_??? */, {2122, 587361496}) = 0
3270  07:42:36 select(7, [3 4], [3], NULL, NULL) = 1 (out [3])
3270  07:42:36 clock_gettime(0x7 /* CLOCK_??? */, {2122, 587472011}) = 0
3270  07:42:36 write(3, "\233k\10\nZ\334\356\217\334\314\332B\250I\314_\227D\235\316yRFe/\267\265\332m\20\342\303"..., 36) = 36
3270  07:42:36 clock_gettime(0x7 /* CLOCK_??? */, {2122, 587728572}) = 0
3270  07:42:36 clock_gettime(0x7 /* CLOCK_??? */, {2122, 587775211}) = 0
3270  07:42:36 select(7, [3 4], [], NULL, NULL) = 1 (in [3])
3270  07:42:36 clock_gettime(0x7 /* CLOCK_??? */, {2122, 588465519}) = 0
3270  07:42:36 read(3, "\342\3259\24\206@\367%\315w\274\373\276M\221\315{\325H\3254\24\317\f\202|\254/\324\1\321\367"..., 8192) = 36
3270  07:42:36 clock_gettime(0x7 /* CLOCK_??? */, {2122, 588635958}) = 0
3270  07:42:36 clock_gettime(0x7 /* CLOCK_??? */, {2122, 588681036}) = 0
3270  07:42:36 select(7, [3 4], [5], NULL, NULL) = 1 (out [5])
3270  07:42:36 clock_gettime(0x7 /* CLOCK_??? */, {2122, 588789097}) = 0
3270  07:42:36 write(5, "o", 1)         = 1
3270  07:42:36 clock_gettime(0x7 /* CLOCK_??? */, {2122, 589282214}) = 0
3270  07:42:36 clock_gettime(0x7 /* CLOCK_??? */, {2122, 589331672}) = 0
3270  07:42:36 select(7, [3 4], [], NULL, NULL) = 1 (in [4])
3270  07:42:36 clock_gettime(0x7 /* CLOCK_??? */, {2122, 782513161}) = 0
3270  07:42:36 read(4, "p", 16384)      = 1
3270  07:42:36 clock_gettime(0x7 /* CLOCK_??? */, {2122, 782689163}) = 0
3270  07:42:36 clock_gettime(0x7 /* CLOCK_??? */, {2122, 782737738}) = 0
3270  07:42:36 select(7, [3 4], [3], NULL, NULL) = 1 (out [3])
3270  07:42:36 clock_gettime(0x7 /* CLOCK_??? */, {2122, 782845585}) = 0
3270  07:42:36 write(3, "\n\335C\304\30\303\27\314\265\3219\\\1\352\340#\203\212d\301@\242\266t\313D\236w1\364\344\20"..., 36) = 36
3270  07:42:36 clock_gettime(0x7 /* CLOCK_??? */, {2122, 783100792}) = 0
3270  07:42:36 clock_gettime(0x7 /* CLOCK_??? */, {2122, 783147668}) = 0
3270  07:42:36 select(7, [3 4], [], NULL, NULL) = 1 (in [3])
3270  07:42:36 clock_gettime(0x7 /* CLOCK_??? */, {2122, 783856352}) = 0
3270  07:42:36 read(3, "#\225\366k\24\v%\303\2F\301R\350\224~\21b\227\361\n\350\25\20\360\\\337\276\3160\356\373,"..., 8192) = 36
3270  07:42:36 clock_gettime(0x7 /* CLOCK_??? */, {2122, 783978833}) = 0
3270  07:42:36 clock_gettime(0x7 /* CLOCK_??? */, {2122, 784022446}) = 0
3270  07:42:36 select(7, [3 4], [5], NULL, NULL) = 1 (out [5])
3270  07:42:36 clock_gettime(0x7 /* CLOCK_??? */, {2122, 784128046}) = 0
3270  07:42:36 write(5, "p", 1)         = 1
3270  07:42:36 clock_gettime(0x7 /* CLOCK_??? */, {2122, 784548238}) = 0
3270  07:42:36 clock_gettime(0x7 /* CLOCK_??? */, {2122, 784597551}) = 0
3270  07:42:36 select(7, [3 4], [], NULL, NULL) = 1 (in [4])
3270  07:42:36 clock_gettime(0x7 /* CLOCK_??? */, {2123, 138458941}) = 0
3270  07:42:36 read(4, "\r", 16384)     = 1
3270  07:42:36 clock_gettime(0x7 /* CLOCK_??? */, {2123, 138511878}) = 0
3270  07:42:36 clock_gettime(0x7 /* CLOCK_??? */, {2123, 138525195}) = 0
3270  07:42:36 select(7, [3 4], [3], NULL, NULL) = 1 (out [3])
3270  07:42:36 clock_gettime(0x7 /* CLOCK_??? */, {2123, 138556735}) = 0
3270  07:42:36 write(3, "\265\3735\305\4\206(\375\373\6?l\230j\257>\260e\321t\3459\23y\371:\16\324y\337l\313"..., 36) = 36
3270  07:42:36 clock_gettime(0x7 /* CLOCK_??? */, {2123, 138644972}) = 0
3270  07:42:36 clock_gettime(0x7 /* CLOCK_??? */, {2123, 138658978}) = 0
3270  07:42:36 select(7, [3 4], [], NULL, NULL) = 1 (in [3])
3270  07:42:36 clock_gettime(0x7 /* CLOCK_??? */, {2123, 139372212}) = 0
3270  07:42:36 read(3, "\361h\353\370\205M\v\246\24S\4-\233\1\265W\332\340\26\27\373\\\371|k\210\354\10\242\364\ta"..., 8192) = 36
3270  07:42:36 clock_gettime(0x7 /* CLOCK_??? */, {2123, 139414100}) = 0
3270  07:42:36 clock_gettime(0x7 /* CLOCK_??? */, {2123, 139442424}) = 0
3270  07:42:36 select(7, [3 4], [5], NULL, NULL) = 1 (out [5])
3270  07:42:36 clock_gettime(0x7 /* CLOCK_??? */, {2123, 139475913}) = 0
3270  07:42:36 write(5, "\r\n", 2)      = 2
3270  07:42:36 clock_gettime(0x7 /* CLOCK_??? */, {2123, 139701238}) = 0
3270  07:42:36 clock_gettime(0x7 /* CLOCK_??? */, {2123, 139720298}) = 0
3270  07:42:36 select(7, [3 4], [], NULL, NULL) = 1 (in [3])
3270  07:42:36 clock_gettime(0x7 /* CLOCK_??? */, {2123, 167500320}) = 0
3270  07:42:36 read(3, "\267S%j\33\211kU\345\250+\344\325\205\303\375\242\24hf4\f\267|\3239\235\344E\272P\322"..., 8192) = 52
3270  07:42:36 clock_gettime(0x7 /* CLOCK_??? */, {2123, 167561238}) = 0
3270  07:42:36 clock_gettime(0x7 /* CLOCK_??? */, {2123, 167574739}) = 0
3270  07:42:36 select(7, [3 4], [5], NULL, NULL) = 1 (out [5])
3270  07:42:36 clock_gettime(0x7 /* CLOCK_??? */, {2123, 167607979}) = 0
3270  07:42:36 write(5, "\33[?1h\33=\33[?25l", 13) = 13
3270  07:42:36 clock_gettime(0x7 /* CLOCK_??? */, {2123, 167778618}) = 0
3270  07:42:36 clock_gettime(0x7 /* CLOCK_??? */, {2123, 167793176}) = 0
3270  07:42:36 select(7, [3 4], [], NULL, NULL) = 1 (in [3])
3270  07:42:36 clock_gettime(0x7 /* CLOCK_??? */, {2123, 327453358}) = 0
3270  07:42:36 read(3, "\250\35\231\5\31\254nl\23(\201\363\337|\0069g\24\314Wny\271\33\260\215\22\314\351\354\232\257"..., 8192) = 5976
3270  07:42:36 clock_gettime(0x7 /* CLOCK_??? */, {2123, 327704413}) = 0
3270  07:42:36 clock_gettime(0x7 /* CLOCK_??? */, {2123, 327750531}) = 0
3270  07:42:36 select(7, [3 4], [5], NULL, NULL) = 1 (out [5])
3270  07:42:36 clock_gettime(0x7 /* CLOCK_??? */, {2123, 327859442}) = 0
3270  07:42:36 write(5, "\33[H\33[2J\33(B\33[mtop - 15:42:35 up 3"..., 5899) = 5899
3270  07:42:36 clock_gettime(0x7 /* CLOCK_??? */, {2123, 329093356}) = 0
3270  07:42:36 clock_gettime(0x7 /* CLOCK_??? */, {2123, 329145310}) = 0
3270  07:42:36 select(7, [3 4], [], NULL, NULL) = 1 (in [3])
3270  07:42:36 clock_gettime(0x7 /* CLOCK_??? */, {2123, 329333643}) = 0
3270  07:42:36 read(3, "l\327\22v\254zk\340\1\275\211\355Iv\221\202\377r+]\236AP\320\7i\311\34\371\312Hj"..., 8192) = 1796
3270  07:42:36 clock_gettime(0x7 /* CLOCK_??? */, {2123, 329497411}) = 0
3270  07:42:36 clock_gettime(0x7 /* CLOCK_??? */, {2123, 329541483}) = 0
3270  07:42:36 select(7, [3 4], [5], NULL, NULL) = 1 (out [5])
3270  07:42:36 clock_gettime(0x7 /* CLOCK_??? */, {2123, 329641325}) = 0
3270  07:42:36 write(5, "\r\n\33(B\33[m    39 root      20   0 "..., 1755) = 1755
3270  07:42:36 clock_gettime(0x7 /* CLOCK_??? */, {2123, 330082224}) = 0
3270  07:42:36 clock_gettime(0x7 /* CLOCK_??? */, {2123, 330130655}) = 0
3270  07:42:36 select(7, [3 4], [], NULL, NULL) = 1 (in [3])
3270  07:42:39 clock_gettime(0x7 /* CLOCK_??? */, {2126, 338967358}) = 0
3270  07:42:39 read(3, "\21\221pI\270\356+\215\341\302:\334\220G)z\310M<\206+\23\213\342|\303\f2\310\2611Y"..., 8192) = 5968
3270  07:42:39 clock_gettime(0x7 /* CLOCK_??? */, {2126, 339443338}) = 0
3270  07:42:39 clock_gettime(0x7 /* CLOCK_??? */, {2126, 339494656}) = 0
3270  07:42:39 select(7, [3 4], [5], NULL, NULL) = 2 (in [3], out [5])
3270  07:42:39 clock_gettime(0x7 /* CLOCK_??? */, {2126, 339630437}) = 0
3270  07:42:39 write(5, "\33[H\33(B\33[mtop - 15:42:38 up 35 mi"..., 5895) = 5895
3270  07:42:39 read(3, "A\30\362`\266\310\370]\23\313R$+\262\26\365\266\347\17\300\341M\320%\207\23\227\0355\374=\370"..., 8192) = 636
3270  07:42:39 clock_gettime(0x7 /* CLOCK_??? */, {2126, 340913929}) = 0
3270  07:42:39 clock_gettime(0x7 /* CLOCK_??? */, {2126, 340960316}) = 0
3270  07:42:39 select(7, [3 4], [5], NULL, NULL) = 1 (out [5])
3270  07:42:39 clock_gettime(0x7 /* CLOCK_??? */, {2126, 341255509}) = 0
3270  07:42:39 write(5, "\r\n\33(B\33[m    39 root      20   0 "..., 595) = 595
3270  07:42:39 clock_gettime(0x7 /* CLOCK_??? */, {2126, 341789429}) = 0
3270  07:42:39 clock_gettime(0x7 /* CLOCK_??? */, {2126, 341838104}) = 0
3270  07:42:39 select(7, [3 4], [], NULL, NULL) = 1 (in [4])
3270  07:42:41 clock_gettime(0x7 /* CLOCK_??? */, {2127, 624529144}) = 0
3270  07:42:41 read(4, "a", 16384)      = 1
3270  07:42:41 clock_gettime(0x7 /* CLOCK_??? */, {2127, 624654881}) = 0
3270  07:42:41 clock_gettime(0x7 /* CLOCK_??? */, {2127, 624745490}) = 0
3270  07:42:41 select(7, [3 4], [3], NULL, NULL) = 1 (out [3])
3270  07:42:41 clock_gettime(0x7 /* CLOCK_??? */, {2127, 624857874}) = 0
3270  07:42:41 write(3, "\211\302,\312\302\261\270q\216\357x\0\367\36\263\311h\236\20E\241G\r\364;y\177\27gu\34\363"..., 36) = 36
3270  07:42:41 clock_gettime(0x7 /* CLOCK_??? */, {2127, 625148450}) = 0
3270  07:42:41 clock_gettime(0x7 /* CLOCK_??? */, {2127, 625195385}) = 0
3270  07:42:41 select(7, [3 4], [], NULL, NULL) = 1 (in [3])
3270  07:42:41 clock_gettime(0x7 /* CLOCK_??? */, {2127, 626051481}) = 0
3270  07:42:41 read(3, "\213;\31hW\365\303\31528\224\377\277\313\371\274RO\321\1\1\374\6\275/P/\231/-\376\217"..., 8192) = 108
3270  07:42:41 clock_gettime(0x7 /* CLOCK_??? */, {2127, 626190744}) = 0
3270  07:42:41 clock_gettime(0x7 /* CLOCK_??? */, {2127, 626235016}) = 0
3270  07:42:41 select(7, [3 4], [5], NULL, NULL) = 1 (out [5])
3270  07:42:41 clock_gettime(0x7 /* CLOCK_??? */, {2127, 626340504}) = 0
3270  07:42:41 write(5, "\33[6;1H\33[7m Command disabled, 'A'"..., 70) = 70
3270  07:42:41 clock_gettime(0x7 /* CLOCK_??? */, {2127, 626801446}) = 0
3270  07:42:41 clock_gettime(0x7 /* CLOCK_??? */, {2127, 626851280}) = 0
3270  07:42:41 select(7, [3 4], [], NULL, NULL) = 1 (in [3])
3270  07:42:42 clock_gettime(0x7 /* CLOCK_??? */, {2128, 884792917}) = 0
3270  07:42:42 read(3, "+\252\31\205\316\275\255N\222M\237`\355h\265|\2055\333\210\10\241\207\207hy\22~ly\31\216"..., 8192) = 6168
3270  07:42:42 clock_gettime(0x7 /* CLOCK_??? */, {2128, 885014336}) = 0
3270  07:42:42 clock_gettime(0x7 /* CLOCK_??? */, {2128, 885060142}) = 0
3270  07:42:42 select(7, [3 4], [5], NULL, NULL) = 1 (out [5])
3270  07:42:42 clock_gettime(0x7 /* CLOCK_??? */, {2128, 885169187}) = 0
3270  07:42:42 write(5, "\33[?25l\33[H\33(B\33[mtop - 15:42:40 up"..., 6096) = 6096
3270  07:42:42 clock_gettime(0x7 /* CLOCK_??? */, {2128, 886373502}) = 0
3270  07:42:42 clock_gettime(0x7 /* CLOCK_??? */, {2128, 886425333}) = 0
3270  07:42:42 select(7, [3 4], [], NULL, NULL) = 1 (in [3])
3270  07:42:42 clock_gettime(0x7 /* CLOCK_??? */, {2128, 886574431}) = 0
3270  07:42:42 read(3, "#iH\224\17\320M\0\302\2438\331G\335\6s7W\227zH\20\252\243\372w\320\246ya-]"..., 8192) = 1604
3270  07:42:42 clock_gettime(0x7 /* CLOCK_??? */, {2128, 886712829}) = 0
3270  07:42:42 clock_gettime(0x7 /* CLOCK_??? */, {2128, 886756394}) = 0
3270  07:42:42 select(7, [3 4], [5], NULL, NULL) = 1 (out [5])
3270  07:42:42 clock_gettime(0x7 /* CLOCK_??? */, {2128, 886859583}) = 0
3270  07:42:42 write(5, "\r\n\33(B\33[m    41 root       0 -20 "..., 1564) = 1564
3270  07:42:42 clock_gettime(0x7 /* CLOCK_??? */, {2128, 887326086}) = 0
3270  07:42:42 clock_gettime(0x7 /* CLOCK_??? */, {2128, 887375213}) = 0
3270  07:42:42 select(7, [3 4], [], NULL, NULL) = 1 (in [4])
3270  07:42:43 clock_gettime(0x7 /* CLOCK_??? */, {2130, 251328575}) = 0
3270  07:42:43 read(4, "A", 16384)      = 1
3270  07:42:43 clock_gettime(0x7 /* CLOCK_??? */, {2130, 251453456}) = 0
3270  07:42:43 clock_gettime(0x7 /* CLOCK_??? */, {2130, 251524390}) = 0
3270  07:42:43 select(7, [3 4], [3], NULL, NULL) = 1 (out [3])
3270  07:42:43 clock_gettime(0x7 /* CLOCK_??? */, {2130, 251630004}) = 0
3270  07:42:43 write(3, "f\351$\323\261\236\177\272\251\202\374\313~\34\17=\v\211\362T\260\16\236\233:X\vgdj\320\234"..., 36) = 36
3270  07:42:43 clock_gettime(0x7 /* CLOCK_??? */, {2130, 252047436}) = 0
3270  07:42:43 clock_gettime(0x7 /* CLOCK_??? */, {2130, 252094830}) = 0
3270  07:42:43 select(7, [3 4], [], NULL, NULL) = 1 (in [3])
3270  07:42:43 clock_gettime(0x7 /* CLOCK_??? */, {2130, 263669141}) = 0
3270  07:42:43 read(3, "\305\342\354\26\274]92\261oo\231\246i\345\314\215\314\245\255\243\227|\340\34xi\3\tVgu"..., 8192) = 44
3270  07:42:43 clock_gettime(0x7 /* CLOCK_??? */, {2130, 263801363}) = 0
3270  07:42:43 clock_gettime(0x7 /* CLOCK_??? */, {2130, 263892870}) = 0
3270  07:42:43 select(7, [3 4], [5], NULL, NULL) = 1 (out [5])
3270  07:42:43 clock_gettime(0x7 /* CLOCK_??? */, {2130, 264005620}) = 0
3270  07:42:43 write(5, "\33[?25l", 6)  = 6
3270  07:42:43 clock_gettime(0x7 /* CLOCK_??? */, {2130, 264443457}) = 0
3270  07:42:43 clock_gettime(0x7 /* CLOCK_??? */, {2130, 264492367}) = 0
3270  07:42:43 select(7, [3 4], [], NULL, NULL) = 1 (in [3])
3270  07:42:43 clock_gettime(0x7 /* CLOCK_??? */, {2130, 267881666}) = 0
3270  07:42:43 read(3, "s\202\360\366S\213\275\261\316\10\276\312\323d\0222k*\22\311\270P\f\312\23\20\311\350\2\224<N"..., 8192) = 5992
3270  07:42:43 clock_gettime(0x7 /* CLOCK_??? */, {2130, 268141475}) = 0
3270  07:42:43 clock_gettime(0x7 /* CLOCK_??? */, {2130, 268186919}) = 0
3270  07:42:43 select(7, [3 4], [5], NULL, NULL) = 1 (out [5])
3270  07:42:43 clock_gettime(0x7 /* CLOCK_??? */, {2130, 268296493}) = 0
3270  07:42:43 write(5, "\33[H\33[7m1:Def\33(B\33[m\33[39;49m\33(B\33[m"..., 5919) = 5919
3270  07:42:43 clock_gettime(0x7 /* CLOCK_??? */, {2130, 269625051}) = 0
3270  07:42:43 clock_gettime(0x7 /* CLOCK_??? */, {2130, 269676106}) = 0
3270  07:42:43 select(7, [3 4], [], NULL, NULL) = 1 (in [3])
3270  07:42:43 clock_gettime(0x7 /* CLOCK_??? */, {2130, 269782370}) = 0
3270  07:42:43 read(3, "\267\3001[\342\301i+\26\367\5\227\221\270\265\206:h\343\225\277m\5i\221\327mG\321F\342\370"..., 8192) = 1788
3270  07:42:43 clock_gettime(0x7 /* CLOCK_??? */, {2130, 269968051}) = 0
3270  07:42:43 clock_gettime(0x7 /* CLOCK_??? */, {2130, 270011506}) = 0
3270  07:42:43 select(7, [3 4], [5], NULL, NULL) = 1 (out [5])
3270  07:42:43 clock_gettime(0x7 /* CLOCK_??? */, {2130, 270115433}) = 0
3270  07:42:43 write(5, "\r\n\33[7m4   PID   PPID   UID USER "..., 1753) = 1753
3270  07:42:43 clock_gettime(0x7 /* CLOCK_??? */, {2130, 270610560}) = 0
3270  07:42:43 clock_gettime(0x7 /* CLOCK_??? */, {2130, 270660446}) = 0
3270  07:42:43 select(7, [3 4], [], NULL, NULL) = 1 (in [3])
3270  07:42:46 clock_gettime(0x7 /* CLOCK_??? */, {2133, 285769695}) = 0
3270  07:42:46 read(3, "K\237\245\213y\356KV\357?~%}\fimJ\260\360\353R\211\333\r\337\265C\16\206\r\352\276"..., 8192) = 2420
3270  07:42:46 clock_gettime(0x7 /* CLOCK_??? */, {2133, 285938126}) = 0
3270  07:42:46 clock_gettime(0x7 /* CLOCK_??? */, {2133, 285983524}) = 0
3270  07:42:46 select(7, [3 4], [5], NULL, NULL) = 1 (out [5])
3270  07:42:46 clock_gettime(0x7 /* CLOCK_??? */, {2133, 286091498}) = 0
3270  07:42:46 write(5, "\33[H\33[7m1:Def\33(B\33[m\33[39;49m\33(B\33[m"..., 2383) = 2383
3270  07:42:46 clock_gettime(0x7 /* CLOCK_??? */, {2133, 286202539}) = 0
3270  07:42:46 clock_gettime(0x7 /* CLOCK_??? */, {2133, 286245892}) = 0
3270  07:42:46 select(7, [3 4], [], NULL, NULL) = 1 (in [3])
3270  07:42:49 clock_gettime(0x7 /* CLOCK_??? */, {2136, 302436276}) = 0
3270  07:42:49 read(3, "\266x^\3\26\353\33\203\331>\246\366\277$a^K\304\30\372\233Jb\24\354k\25\254\7u,\214"..., 8192) = 1452
3270  07:42:49 clock_gettime(0x7 /* CLOCK_??? */, {2136, 302594675}) = 0
3270  07:42:49 clock_gettime(0x7 /* CLOCK_??? */, {2136, 302639338}) = 0
3270  07:42:49 select(7, [3 4], [5], NULL, NULL) = 1 (out [5])
3270  07:42:49 clock_gettime(0x7 /* CLOCK_??? */, {2136, 302748082}) = 0
3270  07:42:49 write(5, "\33[H\33[7m1:Def\33(B\33[m\33[39;49m\33(B\33[m"..., 1418) = 1418
3270  07:42:49 clock_gettime(0x7 /* CLOCK_??? */, {2136, 302882386}) = 0
3270  07:42:49 clock_gettime(0x7 /* CLOCK_??? */, {2136, 302926011}) = 0
3270  07:42:49 select(7, [3 4], [], NULL, NULL) = 1 (in [4])
3270  07:42:50 clock_gettime(0x7 /* CLOCK_??? */, {2137, 22211097}) = 0
3270  07:42:50 read(4, "A", 16384)      = 1
3270  07:42:50 clock_gettime(0x7 /* CLOCK_??? */, {2137, 22341512}) = 0
3270  07:42:50 clock_gettime(0x7 /* CLOCK_??? */, {2137, 22386804}) = 0
3270  07:42:50 select(7, [3 4], [3], NULL, NULL) = 1 (out [3])
3270  07:42:50 clock_gettime(0x7 /* CLOCK_??? */, {2137, 22540813}) = 0
3270  07:42:50 write(3, "\246\367\221\215)a\324\315K\20j\2w^\271\355\217\214g\272>L\375\36d\314\17\202\v\343<\31"..., 36) = 36
3270  07:42:50 clock_gettime(0x7 /* CLOCK_??? */, {2137, 22902707}) = 0
3270  07:42:50 clock_gettime(0x7 /* CLOCK_??? */, {2137, 22950922}) = 0
3270  07:42:50 select(7, [3 4], [], NULL, NULL) = 1 (in [3])
3270  07:42:50 clock_gettime(0x7 /* CLOCK_??? */, {2137, 31469671}) = 0
3270  07:42:50 read(3, "\212\373\206\372;\227\350\353\30\274zS\204\206\277\201\302\341{\36321O\240p\224\300\331\214e\tS"..., 8192) = 5968
3270  07:42:50 clock_gettime(0x7 /* CLOCK_??? */, {2137, 31919864}) = 0
3270  07:42:50 clock_gettime(0x7 /* CLOCK_??? */, {2137, 31966559}) = 0
3270  07:42:50 select(7, [3 4], [5], NULL, NULL) = 2 (in [3], out [5])
3270  07:42:50 clock_gettime(0x7 /* CLOCK_??? */, {2137, 32079218}) = 0
3270  07:42:50 write(5, "\33[?25l\33[H\33(B\33[mtop - 15:42:48 up"..., 5897) = 5897
3270  07:42:50 read(3, "\37\305\232\276\261\35\360-\340\251x]\270=\370U\302\364\347Of\270\262-\2635\225\3140\16\364`"..., 8192) = 1796
3270  07:42:50 clock_gettime(0x7 /* CLOCK_??? */, {2137, 32276688}) = 0
3270  07:42:50 clock_gettime(0x7 /* CLOCK_??? */, {2137, 32320937}) = 0
3270  07:42:50 select(7, [3 4], [5], NULL, NULL) = 1 (out [5])
3270  07:42:50 clock_gettime(0x7 /* CLOCK_??? */, {2137, 32420646}) = 0
3270  07:42:50 write(5, "\r\n\33(B\33[m    40 root       0 -20 "..., 1759) = 1759
3270  07:42:50 clock_gettime(0x7 /* CLOCK_??? */, {2137, 32585540}) = 0
3270  07:42:50 clock_gettime(0x7 /* CLOCK_??? */, {2137, 32645930}) = 0
3270  07:42:50 select(7, [3 4], [], NULL, NULL) = 1 (in [4])
3270  07:42:52 clock_gettime(0x7 /* CLOCK_??? */, {2138, 872391423}) = 0
3270  07:42:52 read(4, "m", 16384)      = 1
3270  07:42:52 clock_gettime(0x7 /* CLOCK_??? */, {2138, 872517459}) = 0
3270  07:42:52 clock_gettime(0x7 /* CLOCK_??? */, {2138, 872562087}) = 0
3270  07:42:52 select(7, [3 4], [3], NULL, NULL) = 1 (out [3])
3270  07:42:52 clock_gettime(0x7 /* CLOCK_??? */, {2138, 872732591}) = 0
3270  07:42:52 write(3, "\255d|\260\r\1\34\276\314\20\363\333\202\252\233rM\246\324\23>\303\3047\365\371\205\251=\222\241\357"..., 36) = 36
3270  07:42:52 clock_gettime(0x7 /* CLOCK_??? */, {2138, 873017271}) = 0
3270  07:42:52 clock_gettime(0x7 /* CLOCK_??? */, {2138, 873064572}) = 0
3270  07:42:52 select(7, [3 4], [], NULL, NULL) = 1 (in [3])
3270  07:42:52 clock_gettime(0x7 /* CLOCK_??? */, {2138, 881095730}) = 0
3270  07:42:52 read(3, "\5\324>\244\31\237\351\340dv\22g\251\333\35\201\f\330\32\327\327\222\372\372Y\270\257\36\2\227\6\230"..., 8192) = 5840
3270  07:42:52 clock_gettime(0x7 /* CLOCK_??? */, {2138, 881312700}) = 0
3270  07:42:52 clock_gettime(0x7 /* CLOCK_??? */, {2138, 881357746}) = 0
3270  07:42:52 select(7, [3 4], [5], NULL, NULL) = 1 (out [5])
3270  07:42:52 clock_gettime(0x7 /* CLOCK_??? */, {2138, 881463196}) = 0
3270  07:42:52 write(5, "\33[?25l\33[H\33(B\33[mtop - 15:42:50 up"..., 5764) = 5764
3270  07:42:52 clock_gettime(0x7 /* CLOCK_??? */, {2138, 882856271}) = 0
3270  07:42:52 clock_gettime(0x7 /* CLOCK_??? */, {2138, 882908318}) = 0
3270  07:42:52 select(7, [3 4], [], NULL, NULL) = 1 (in [3])
3270  07:42:52 clock_gettime(0x7 /* CLOCK_??? */, {2138, 883013994}) = 0
3270  07:42:52 read(3, "?\207\244\370\0-\300+\367\220\374\2455&\347\276~*\261\375\321\234M\354\217\"t\246\344\f\215s"..., 8192) = 1988
3270  07:42:52 clock_gettime(0x7 /* CLOCK_??? */, {2138, 883175516}) = 0
3270  07:42:52 clock_gettime(0x7 /* CLOCK_??? */, {2138, 883221795}) = 0
3270  07:42:52 select(7, [3 4], [5], NULL, NULL) = 1 (out [5])
3270  07:42:52 clock_gettime(0x7 /* CLOCK_??? */, {2138, 883322074}) = 0
3270  07:42:52 write(5, "\r\n\33(B\33[m    38 root       0 -20 "..., 1954) = 1954
3270  07:42:52 clock_gettime(0x7 /* CLOCK_??? */, {2138, 883431996}) = 0
3270  07:42:52 clock_gettime(0x7 /* CLOCK_??? */, {2138, 883850581}) = 0
3270  07:42:52 select(7, [3 4], [], NULL, NULL) = 1 (in [4])
3270  07:42:54 clock_gettime(0x7 /* CLOCK_??? */, {2140, 589369316}) = 0
3270  07:42:54 read(4, "m", 16384)      = 1
3270  07:42:54 clock_gettime(0x7 /* CLOCK_??? */, {2140, 589495072}) = 0
3270  07:42:54 clock_gettime(0x7 /* CLOCK_??? */, {2140, 589539318}) = 0
3270  07:42:54 select(7, [3 4], [3], NULL, NULL) = 1 (out [3])
3270  07:42:54 clock_gettime(0x7 /* CLOCK_??? */, {2140, 589706192}) = 0
3270  07:42:54 write(3, "\32\362\363\344\356\271\220\355\372\211\vD[\356\375\305=`n\255YU!\203\246Q\2315Z\213;\364"..., 36) = 36
3270  07:42:54 clock_gettime(0x7 /* CLOCK_??? */, {2140, 589966550}) = 0
3270  07:42:54 clock_gettime(0x7 /* CLOCK_??? */, {2140, 590013440}) = 0
3270  07:42:54 select(7, [3 4], [], NULL, NULL) = 1 (in [3])
3270  07:42:54 clock_gettime(0x7 /* CLOCK_??? */, {2140, 597771401}) = 0
3270  07:42:54 read(3, "\32\341\204(\3363\3748\10\350\253\30*\274\241\202\257\245\201\227\303\253\25Y'\302\255\36\355\3(W"..., 8192) = 5824
3270  07:42:54 clock_gettime(0x7 /* CLOCK_??? */, {2140, 597986477}) = 0
3270  07:42:54 clock_gettime(0x7 /* CLOCK_??? */, {2140, 598031104}) = 0
3270  07:42:54 select(7, [3 4], [5], NULL, NULL) = 1 (out [5])
3270  07:42:54 clock_gettime(0x7 /* CLOCK_??? */, {2140, 598139975}) = 0
3270  07:42:54 write(5, "\33[?25l\33[H\33(B\33[mtop - 15:42:52 up"..., 5750) = 5750
3270  07:42:54 clock_gettime(0x7 /* CLOCK_??? */, {2140, 599353685}) = 0
3270  07:42:54 clock_gettime(0x7 /* CLOCK_??? */, {2140, 599404209}) = 0
3270  07:42:54 select(7, [3 4], [3], NULL, NULL) = 2 (in [3], out [3])
3270  07:42:54 clock_gettime(0x7 /* CLOCK_??? */, {2140, 599510740}) = 0
3270  07:42:54 read(3, "\214*\314\35\0s\276\240&w\270\365\275de\325h\17\3434\370\2017#u[\276DfA\200\246"..., 8192) = 1988
3270  07:42:54 write(3, "\251c\302&\245\327\3377\327\271r(\230t\324o\373\321t\323\207!2G\342\256\346[\271nq#"..., 36) = 36
3270  07:42:54 clock_gettime(0x7 /* CLOCK_??? */, {2140, 599860233}) = 0
3270  07:42:54 clock_gettime(0x7 /* CLOCK_??? */, {2140, 599907411}) = 0
3270  07:42:54 select(7, [3 4], [5], NULL, NULL) = 1 (out [5])
3270  07:42:54 clock_gettime(0x7 /* CLOCK_??? */, {2140, 600013358}) = 0
3270  07:42:54 write(5, "\r\n\33(B\33[m    38 root       0 -20 "..., 1954) = 1954
3270  07:42:54 clock_gettime(0x7 /* CLOCK_??? */, {2140, 600442140}) = 0
3270  07:42:54 clock_gettime(0x7 /* CLOCK_??? */, {2140, 600491592}) = 0
3270  07:42:54 select(7, [3 4], [], NULL, NULL) = 1 (in [4])
3270  07:42:55 clock_gettime(0x7 /* CLOCK_??? */, {2141, 678479691}) = 0
3270  07:42:55 read(4, "m", 16384)      = 1
3270  07:42:55 clock_gettime(0x7 /* CLOCK_??? */, {2141, 678606580}) = 0
3270  07:42:55 clock_gettime(0x7 /* CLOCK_??? */, {2141, 678650776}) = 0
3270  07:42:55 select(7, [3 4], [3], NULL, NULL) = 1 (out [3])
3270  07:42:55 clock_gettime(0x7 /* CLOCK_??? */, {2141, 678754507}) = 0
3270  07:42:55 write(3, "b\250\305\"\271(Jq;\"\207\373\311\370\254\317\312\33\17\0q\221\367\334\322P\377\240\243C\210\243"..., 36) = 36
3270  07:42:55 clock_gettime(0x7 /* CLOCK_??? */, {2141, 679044300}) = 0
3270  07:42:55 clock_gettime(0x7 /* CLOCK_??? */, {2141, 679091589}) = 0
3270  07:42:55 select(7, [3 4], [], NULL, NULL) = 1 (in [3])
3270  07:42:55 clock_gettime(0x7 /* CLOCK_??? */, {2141, 687322746}) = 0
3270  07:42:55 read(3, "n\307B\221\216k\365\252lF\371\332\343\201s'\"\330\0067P3\324\0Ti\fsX\263\265N"..., 8192) = 5896
3270  07:42:55 clock_gettime(0x7 /* CLOCK_??? */, {2141, 687540137}) = 0
3270  07:42:55 clock_gettime(0x7 /* CLOCK_??? */, {2141, 687584684}) = 0
3270  07:42:55 select(7, [3 4], [5], NULL, NULL) = 1 (out [5])
3270  07:42:55 clock_gettime(0x7 /* CLOCK_??? */, {2141, 687717270}) = 0
3270  07:42:55 write(5, "\33[?25l\33[H\33(B\33[mtop - 15:42:53 up"..., 5823) = 5823
3270  07:42:55 clock_gettime(0x7 /* CLOCK_??? */, {2141, 687831204}) = 0
3270  07:42:55 clock_gettime(0x7 /* CLOCK_??? */, {2141, 688130095}) = 0
3270  07:42:55 select(7, [3 4], [], NULL, NULL) = 1 (in [3])
3270  07:42:55 clock_gettime(0x7 /* CLOCK_??? */, {2141, 689328846}) = 0
3270  07:42:55 read(3, "\372z\222}8\344\250|\214;\363''VL\377{\371\346\36bl\240\245\366_\303a\33x-C"..., 8192) = 1796
3270  07:42:55 clock_gettime(0x7 /* CLOCK_??? */, {2141, 689470113}) = 0
3270  07:42:55 clock_gettime(0x7 /* CLOCK_??? */, {2141, 689513506}) = 0
3270  07:42:55 select(7, [3 4], [5], NULL, NULL) = 1 (out [5])
3270  07:42:55 clock_gettime(0x7 /* CLOCK_??? */, {2141, 689633689}) = 0
3270  07:42:55 write(5, "\r\n\33(B\33[m    41 root       0 -20 "..., 1759) = 1759
3270  07:42:55 clock_gettime(0x7 /* CLOCK_??? */, {2141, 690108996}) = 0
3270  07:42:55 clock_gettime(0x7 /* CLOCK_??? */, {2141, 690157254}) = 0
3270  07:42:55 select(7, [3 4], [], NULL, NULL) = 1 (in [4])
3270  07:42:55 clock_gettime(0x7 /* CLOCK_??? */, {2142, 200948236}) = 0
3270  07:42:55 read(4, "m", 16384)      = 1
3270  07:42:55 clock_gettime(0x7 /* CLOCK_??? */, {2142, 201076705}) = 0
3270  07:42:55 clock_gettime(0x7 /* CLOCK_??? */, {2142, 201121062}) = 0
3270  07:42:55 select(7, [3 4], [3], NULL, NULL) = 1 (out [3])
3270  07:42:55 clock_gettime(0x7 /* CLOCK_??? */, {2142, 201227850}) = 0
3270  07:42:55 write(3, "dJ\275\27i\317\232\236\341<)\337\203}I&\31\227\\\245T2\335\300L\367\354B\35(f\200"..., 36) = 36
3270  07:42:55 clock_gettime(0x7 /* CLOCK_??? */, {2142, 201517767}) = 0
3270  07:42:55 clock_gettime(0x7 /* CLOCK_??? */, {2142, 201609461}) = 0
3270  07:42:55 select(7, [3 4], [], NULL, NULL) = 1 (in [3])
3270  07:42:55 clock_gettime(0x7 /* CLOCK_??? */, {2142, 209633555}) = 0
3270  07:42:55 read(3, "\1\f\355\347\213H\307\210V\356\207@\304&\202\276J\262=\266\310q{\371l[\354pJ\217\334C"..., 8192) = 5976
3270  07:42:55 clock_gettime(0x7 /* CLOCK_??? */, {2142, 209856647}) = 0
3270  07:42:55 clock_gettime(0x7 /* CLOCK_??? */, {2142, 209901946}) = 0
3270  07:42:55 select(7, [3 4], [5], NULL, NULL) = 1 (out [5])
3270  07:42:55 clock_gettime(0x7 /* CLOCK_??? */, {2142, 210011780}) = 0
3270  07:42:55 write(5, "\33[?25l\33[H\33(B\33[mtop - 15:42:53 up"..., 5901) = 5901
3270  07:42:55 clock_gettime(0x7 /* CLOCK_??? */, {2142, 211220120}) = 0
3270  07:42:55 clock_gettime(0x7 /* CLOCK_??? */, {2142, 211270632}) = 0
3270  07:42:55 select(7, [3 4], [], NULL, NULL) = 1 (in [3])
3270  07:42:55 clock_gettime(0x7 /* CLOCK_??? */, {2142, 211375966}) = 0
3270  07:42:55 read(3, "5\273\231~g\25\323\251U\244scx\211\242\316\332\352\257\204\312&\220\276\355,\331\355\217\317Z\24"..., 8192) = 1796
3270  07:42:55 clock_gettime(0x7 /* CLOCK_??? */, {2142, 211511137}) = 0
3270  07:42:55 clock_gettime(0x7 /* CLOCK_??? */, {2142, 211593350}) = 0
3270  07:42:55 select(7, [3 4], [5], NULL, NULL) = 1 (out [5])
3270  07:42:55 clock_gettime(0x7 /* CLOCK_??? */, {2142, 211705262}) = 0
3270  07:42:55 write(5, "\r\n\33(B\33[m    39 root      20   0 "..., 1759) = 1759
3270  07:42:55 clock_gettime(0x7 /* CLOCK_??? */, {2142, 212184946}) = 0
3270  07:42:55 clock_gettime(0x7 /* CLOCK_??? */, {2142, 212234215}) = 0
3270  07:42:55 select(7, [3 4], [], NULL, NULL) = 1 (in [4])
3270  07:42:57 clock_gettime(0x7 /* CLOCK_??? */, {2144, 260812243}) = 0
3270  07:42:57 read(4, "m", 16384)      = 1
3270  07:42:57 clock_gettime(0x7 /* CLOCK_??? */, {2144, 260984894}) = 0
3270  07:42:57 clock_gettime(0x7 /* CLOCK_??? */, {2144, 261034589}) = 0
3270  07:42:57 select(7, [3 4], [3], NULL, NULL) = 1 (out [3])
3270  07:42:57 clock_gettime(0x7 /* CLOCK_??? */, {2144, 261145194}) = 0
3270  07:42:57 write(3, "y\230\310?\300&\16\370 \277$\v\233\265\376\323\314\203u|]F\210\255O\366w\333\326\332\200\335"..., 36) = 36
3270  07:42:57 clock_gettime(0x7 /* CLOCK_??? */, {2144, 261445814}) = 0
3270  07:42:57 clock_gettime(0x7 /* CLOCK_??? */, {2144, 261493512}) = 0
3270  07:42:57 select(7, [3 4], [], NULL, NULL) = 1 (in [3])
3270  07:42:57 clock_gettime(0x7 /* CLOCK_??? */, {2144, 269643026}) = 0
3270  07:42:57 read(3, "\274 ]\337\266y\2029\226\313\245\214\261X\322\371R?\365\252\274\374\240\236)\\\330\373\216%~\23"..., 8192) = 5832
3270  07:42:57 clock_gettime(0x7 /* CLOCK_??? */, {2144, 270156969}) = 0
3270  07:42:57 clock_gettime(0x7 /* CLOCK_??? */, {2144, 270228336}) = 0
3270  07:42:57 select(7, [3 4], [5], NULL, NULL) = 2 (in [3], out [5])
3270  07:42:57 clock_gettime(0x7 /* CLOCK_??? */, {2144, 270340376}) = 0
3270  07:42:57 write(5, "\33[?25l\33[H\33(B\33[mtop - 15:42:56 up"..., 5760) = 5760
3270  07:42:57 read(3, "7C\264\25\327\250\362\210\277\257\203U\301O6\247\322\213\230\30760C\24\250r\16\203Z4\363\246"..., 8192) = 1988
3270  07:42:57 clock_gettime(0x7 /* CLOCK_??? */, {2144, 271661106}) = 0
3270  07:42:57 clock_gettime(0x7 /* CLOCK_??? */, {2144, 271707880}) = 0
3270  07:42:57 select(7, [3 4], [5], NULL, NULL) = 1 (out [5])
3270  07:42:57 clock_gettime(0x7 /* CLOCK_??? */, {2144, 271816084}) = 0
3270  07:42:57 write(5, "\r\n\33(B\33[m    30 root       0 -20 "..., 1954) = 1954
3270  07:42:57 clock_gettime(0x7 /* CLOCK_??? */, {2144, 272279261}) = 0
3270  07:42:57 clock_gettime(0x7 /* CLOCK_??? */, {2144, 272328350}) = 0
3270  07:42:57 select(7, [3 4], [], NULL, NULL) = 1 (in [3])
3270  07:43:00 clock_gettime(0x7 /* CLOCK_??? */, {2147, 281333574}) = 0
3270  07:43:00 read(3, "\353\375\371\5\322\262\215\341\364\2674^<|\227V\357\3268)A\336\233\270\214y\200\274\277v@\204"..., 8192) = 5888
3270  07:43:00 clock_gettime(0x7 /* CLOCK_??? */, {2147, 281718279}) = 0
3270  07:43:00 clock_gettime(0x7 /* CLOCK_??? */, {2147, 281765002}) = 0
3270  07:43:00 select(7, [3 4], [5], NULL, NULL) = 2 (in [3], out [5])
3270  07:43:00 clock_gettime(0x7 /* CLOCK_??? */, {2147, 281876348}) = 0
3270  07:43:00 write(5, "\33[H\33(B\33[mtop - 15:42:59 up 35 mi"..., 5817) = 5817
3270  07:43:00 read(3, "Hro\3402-$\37\240\336\356\206!\375o\267\326\200\307_\247\317\315%\0028\3\331\231\5\246\336"..., 8192) = 1204
3270  07:43:00 clock_gettime(0x7 /* CLOCK_??? */, {2147, 282150581}) = 0
3270  07:43:00 clock_gettime(0x7 /* CLOCK_??? */, {2147, 282198380}) = 0
3270  07:43:00 select(7, [3 4], [5], NULL, NULL) = 1 (out [5])
3270  07:43:00 clock_gettime(0x7 /* CLOCK_??? */, {2147, 282303242}) = 0
3270  07:43:00 write(5, "\r\n\33(B\33[m    43 root       0 -20 "..., 1170) = 1170
3270  07:43:00 clock_gettime(0x7 /* CLOCK_??? */, {2147, 282399176}) = 0
3270  07:43:00 clock_gettime(0x7 /* CLOCK_??? */, {2147, 282442519}) = 0
3270  07:43:00 select(7, [3 4], [], NULL, NULL) = 1 (in [4])
3270  07:43:01 clock_gettime(0x7 /* CLOCK_??? */, {2147, 836304571}) = 0
3270  07:43:01 read(4, "q", 16384)      = 1
3270  07:43:01 clock_gettime(0x7 /* CLOCK_??? */, {2147, 836699492}) = 0
3270  07:43:01 clock_gettime(0x7 /* CLOCK_??? */, {2147, 836730296}) = 0
3270  07:43:01 select(7, [3 4], [3], NULL, NULL) = 1 (out [3])
3270  07:43:01 clock_gettime(0x7 /* CLOCK_??? */, {2147, 836798785}) = 0
3270  07:43:01 write(3, "\223@\367@\310\244\230U\0\364UD{1UQu>\306\27242\351\221\252%\260\26\370\310\344W"..., 36) = 36
3270  07:43:01 clock_gettime(0x7 /* CLOCK_??? */, {2147, 836992165}) = 0
3270  07:43:01 clock_gettime(0x7 /* CLOCK_??? */, {2147, 837020624}) = 0
3270  07:43:01 select(7, [3 4], [], NULL, NULL) = 1 (in [3])
3270  07:43:01 clock_gettime(0x7 /* CLOCK_??? */, {2147, 838652649}) = 0
3270  07:43:01 read(3, "\240r\255[\300\27W\303\221g\37.5\342_\375\23\316\\c\2263\221\34\300|M\32\343\210\237\36"..., 8192) = 108
3270  07:43:01 clock_gettime(0x7 /* CLOCK_??? */, {2147, 838738902}) = 0
3270  07:43:01 clock_gettime(0x7 /* CLOCK_??? */, {2147, 838766114}) = 0
3270  07:43:01 select(7, [3 4], [5], NULL, NULL) = 1 (out [5])
3270  07:43:01 clock_gettime(0x7 /* CLOCK_??? */, {2147, 838833157}) = 0
3270  07:43:01 write(5, "\33[?1l\33>\33[40;1H\r\n\33[?12l\33[?25h\33[K\33"..., 68) = 68
3270  07:43:01 clock_gettime(0x7 /* CLOCK_??? */, {2147, 838896239}) = 0
3270  07:43:01 clock_gettime(0x7 /* CLOCK_??? */, {2147, 838922253}) = 0
3270  07:43:01 select(7, [3 4], [], NULL, NULL) = 1 (in [4])
3270  07:43:03 clock_gettime(0x7 /* CLOCK_??? */, {2150, 217106110}) = 0
3270  07:43:03 read(4, "e", 16384)      = 1
3270  07:43:03 clock_gettime(0x7 /* CLOCK_??? */, {2150, 217243417}) = 0
3270  07:43:03 clock_gettime(0x7 /* CLOCK_??? */, {2150, 217287954}) = 0
3270  07:43:03 select(7, [3 4], [3], NULL, NULL) = 1 (out [3])
3270  07:43:03 clock_gettime(0x7 /* CLOCK_??? */, {2150, 217395958}) = 0
3270  07:43:03 write(3, "\200\17\253\24(\331rN\341-\351@\345RWu\270\322\227\260\27\350G\34\34)\372\321\31\351\245\237"..., 36) = 36
3270  07:43:03 clock_gettime(0x7 /* CLOCK_??? */, {2150, 217651943}) = 0
3270  07:43:03 clock_gettime(0x7 /* CLOCK_??? */, {2150, 217698986}) = 0
3270  07:43:03 select(7, [3 4], [], NULL, NULL) = 1 (in [3])
3270  07:43:03 clock_gettime(0x7 /* CLOCK_??? */, {2150, 218433513}) = 0
3270  07:43:03 read(3, "\356G\224\10\342\311\23\225*\24\246LN\306Q=\234\22\215\223\370G\221\350\341\200\374\233\262dG$"..., 8192) = 36
3270  07:43:03 clock_gettime(0x7 /* CLOCK_??? */, {2150, 218556821}) = 0
3270  07:43:03 clock_gettime(0x7 /* CLOCK_??? */, {2150, 218600994}) = 0
3270  07:43:03 select(7, [3 4], [5], NULL, NULL) = 1 (out [5])
3270  07:43:03 clock_gettime(0x7 /* CLOCK_??? */, {2150, 218704904}) = 0
3270  07:43:03 write(5, "e", 1)         = 1
3270  07:43:03 clock_gettime(0x7 /* CLOCK_??? */, {2150, 218804669}) = 0
3270  07:43:03 clock_gettime(0x7 /* CLOCK_??? */, {2150, 218847489}) = 0
3270  07:43:03 select(7, [3 4], [], NULL, NULL) = 1 (in [4])
3270  07:43:04 clock_gettime(0x7 /* CLOCK_??? */, {2150, 493869405}) = 0
3270  07:43:04 read(4, "x", 16384)      = 1
3270  07:43:04 clock_gettime(0x7 /* CLOCK_??? */, {2150, 493996186}) = 0
3270  07:43:04 clock_gettime(0x7 /* CLOCK_??? */, {2150, 494040186}) = 0
3270  07:43:04 select(7, [3 4], [3], NULL, NULL) = 1 (out [3])
3270  07:43:04 clock_gettime(0x7 /* CLOCK_??? */, {2150, 494144407}) = 0
3270  07:43:04 write(3, "\241\3777\362\312\252@mS'[\257%E\376c\206\261\346!\222\301>\261\207\366\223B\241\240f\226"..., 36) = 36
3270  07:43:04 clock_gettime(0x7 /* CLOCK_??? */, {2150, 494438415}) = 0
3270  07:43:04 clock_gettime(0x7 /* CLOCK_??? */, {2150, 494485981}) = 0
3270  07:43:04 select(7, [3 4], [], NULL, NULL) = 1 (in [3])
3270  07:43:04 clock_gettime(0x7 /* CLOCK_??? */, {2150, 495264330}) = 0
3270  07:43:04 read(3, "\353M\365Z\235\230\324\345:/\205\217Q\307\33\314\330/\215&\224\320j_HjX\316\375\234\31O"..., 8192) = 36
3270  07:43:04 clock_gettime(0x7 /* CLOCK_??? */, {2150, 495435063}) = 0
3270  07:43:04 clock_gettime(0x7 /* CLOCK_??? */, {2150, 495480370}) = 0
3270  07:43:04 select(7, [3 4], [5], NULL, NULL) = 1 (out [5])
3270  07:43:04 clock_gettime(0x7 /* CLOCK_??? */, {2150, 495588592}) = 0
3270  07:43:04 write(5, "x", 1)         = 1
3270  07:43:04 clock_gettime(0x7 /* CLOCK_??? */, {2150, 496013983}) = 0
3270  07:43:04 clock_gettime(0x7 /* CLOCK_??? */, {2150, 496062887}) = 0
3270  07:43:04 select(7, [3 4], [], NULL, NULL) = 1 (in [4])
3270  07:43:04 clock_gettime(0x7 /* CLOCK_??? */, {2150, 719312258}) = 0
3270  07:43:04 read(4, "i", 16384)      = 1
3270  07:43:04 clock_gettime(0x7 /* CLOCK_??? */, {2150, 719438422}) = 0
3270  07:43:04 clock_gettime(0x7 /* CLOCK_??? */, {2150, 719483282}) = 0
3270  07:43:04 select(7, [3 4], [3], NULL, NULL) = 1 (out [3])
3270  07:43:04 clock_gettime(0x7 /* CLOCK_??? */, {2150, 719587524}) = 0
3270  07:43:04 write(3, "9\242] \206g\252\340\201\204\370\270?W,^\37\n\254\273Q\205d\373\346\352\3544\227v\245|"..., 36) = 36
3270  07:43:04 clock_gettime(0x7 /* CLOCK_??? */, {2150, 719889591}) = 0
3270  07:43:04 clock_gettime(0x7 /* CLOCK_??? */, {2150, 719936374}) = 0
3270  07:43:04 select(7, [3 4], [], NULL, NULL) = 1 (in [3])
3270  07:43:04 clock_gettime(0x7 /* CLOCK_??? */, {2150, 720716457}) = 0
3270  07:43:04 read(3, "\233\363\355\365$\234\220\261f\7)A\241\272M\307\212\253y\6\310O\35\260:;\343\244\0200\226\372"..., 8192) = 36
3270  07:43:04 clock_gettime(0x7 /* CLOCK_??? */, {2150, 720842841}) = 0
3270  07:43:04 clock_gettime(0x7 /* CLOCK_??? */, {2150, 720887126}) = 0
3270  07:43:04 select(7, [3 4], [5], NULL, NULL) = 1 (out [5])
3270  07:43:04 clock_gettime(0x7 /* CLOCK_??? */, {2150, 721022397}) = 0
3270  07:43:04 write(5, "i", 1)         = 1
3270  07:43:04 clock_gettime(0x7 /* CLOCK_??? */, {2150, 721454513}) = 0
3270  07:43:04 clock_gettime(0x7 /* CLOCK_??? */, {2150, 721504186}) = 0
3270  07:43:04 select(7, [3 4], [], NULL, NULL) = 1 (in [4])
3270  07:43:04 clock_gettime(0x7 /* CLOCK_??? */, {2150, 895392795}) = 0
3270  07:43:04 read(4, "t", 16384)      = 1
3270  07:43:04 clock_gettime(0x7 /* CLOCK_??? */, {2150, 895524801}) = 0
3270  07:43:04 clock_gettime(0x7 /* CLOCK_??? */, {2150, 895569112}) = 0
3270  07:43:04 select(7, [3 4], [3], NULL, NULL) = 1 (out [3])
3270  07:43:04 clock_gettime(0x7 /* CLOCK_??? */, {2150, 895675898}) = 0
3270  07:43:04 write(3, "2!\307k\261)6o\6\234\223:\277\324\222\304\361\262\f;\342h\216\363}\323Ob\7\244\213\321"..., 36) = 36
3270  07:43:04 clock_gettime(0x7 /* CLOCK_??? */, {2150, 895928959}) = 0
3270  07:43:04 clock_gettime(0x7 /* CLOCK_??? */, {2150, 895975500}) = 0
3270  07:43:04 select(7, [3 4], [], NULL, NULL) = 1 (in [3])
3270  07:43:04 clock_gettime(0x7 /* CLOCK_??? */, {2150, 896671303}) = 0
3270  07:43:04 read(3, "!q\332Y\265\20\351Z\376/\343)\306I\345:G\245\262\254\326L\33L\373RG0\25\21\2545"..., 8192) = 36
3270  07:43:04 clock_gettime(0x7 /* CLOCK_??? */, {2150, 896792532}) = 0
3270  07:43:04 clock_gettime(0x7 /* CLOCK_??? */, {2150, 896837175}) = 0
3270  07:43:04 select(7, [3 4], [5], NULL, NULL) = 1 (out [5])
3270  07:43:04 clock_gettime(0x7 /* CLOCK_??? */, {2150, 896942640}) = 0
3270  07:43:04 write(5, "t", 1)         = 1
3270  07:43:04 clock_gettime(0x7 /* CLOCK_??? */, {2150, 897415048}) = 0
3270  07:43:04 clock_gettime(0x7 /* CLOCK_??? */, {2150, 897464146}) = 0
3270  07:43:04 select(7, [3 4], [], NULL, NULL) = 1 (in [4])
3270  07:43:05 clock_gettime(0x7 /* CLOCK_??? */, {2151, 828014699}) = 0
3270  07:43:05 read(4, "\r", 16384)     = 1
3270  07:43:05 clock_gettime(0x7 /* CLOCK_??? */, {2151, 828058405}) = 0
3270  07:43:05 clock_gettime(0x7 /* CLOCK_??? */, {2151, 828072084}) = 0
3270  07:43:05 select(7, [3 4], [3], NULL, NULL) = 1 (out [3])
3270  07:43:05 clock_gettime(0x7 /* CLOCK_??? */, {2151, 828104102}) = 0
3270  07:43:05 write(3, "\256d\f\6m\374.cI5\265\367\333\177K.\330\267\265\207\21z!\r\220\312!\226\244&*\334"..., 36) = 36
3270  07:43:05 clock_gettime(0x7 /* CLOCK_??? */, {2151, 828211003}) = 0
3270  07:43:05 clock_gettime(0x7 /* CLOCK_??? */, {2151, 828225663}) = 0
3270  07:43:05 select(7, [3 4], [], NULL, NULL) = 1 (in [3])
3270  07:43:05 clock_gettime(0x7 /* CLOCK_??? */, {2151, 829138678}) = 0
3270  07:43:05 read(3, "jC\21f\236\231\224\364\202\326\307\373\22\25\255\34r0\222\231>4\260\251\210u&\304\32\304\277#"..., 8192) = 220
3270  07:43:05 close(4)                 = 0
3270  07:43:05 clock_gettime(0x7 /* CLOCK_??? */, {2151, 829209672}) = 0
3270  07:43:05 clock_gettime(0x7 /* CLOCK_??? */, {2151, 829223494}) = 0
3270  07:43:05 select(7, [3], [5], NULL, NULL) = 1 (out [5])
3270  07:43:05 clock_gettime(0x7 /* CLOCK_??? */, {2151, 829258064}) = 0
3270  07:43:05 write(5, "\r\n\347\231\273\345\207\272\r\n", 10) = 10
3270  07:43:05 clock_gettime(0x7 /* CLOCK_??? */, {2151, 829453735}) = 0
3270  07:43:05 clock_gettime(0x7 /* CLOCK_??? */, {2151, 829491838}) = 0
3270  07:43:05 close(5)                 = 0
3270  07:43:05 ioctl(0, SNDCTL_TMR_STOP or SNDRV_TIMER_IOCTL_GINFO or TCSETSW, {B38400 opost isig icanon echo ...}) = 0
3270  07:43:05 close(6)                 = 0
3270  07:43:05 select(7, [3], [3], NULL, NULL) = 1 (out [3])
3270  07:43:05 clock_gettime(0x7 /* CLOCK_??? */, {2151, 829644788}) = 0
3270  07:43:05 write(3, "M\306R\333\177\366\177\356\262L!\207\2CJ\267Nu.\224~X\264\36:\353L\364\377\222\262\351"..., 36) = 36
3270  07:43:05 rt_sigaction(SIGWINCH, NULL, {0x7fe2a2634c80, [], SA_RESTORER, 0x7fe2a121b250}, 8) = 0
3270  07:43:05 rt_sigaction(SIGWINCH, {SIG_DFL, [], SA_RESTORER, 0x7fe2a121b250}, NULL, 8) = 0
3270  07:43:05 write(3, "\314Z\204\"\261\nT \f\205\312\271\252To#k\217q\3452G\341\3349\30\276x\37\226\206\207"..., 60) = 60
3270  07:43:05 ioctl(0, SNDCTL_TMR_TIMEBASE or SNDRV_TIMER_IOCTL_NEXT_DEVICE or TCGETS, {B38400 opost isig icanon echo ...}) = 0
3270  07:43:05 ioctl(1, SNDCTL_TMR_TIMEBASE or SNDRV_TIMER_IOCTL_NEXT_DEVICE or TCGETS, {B38400 opost isig icanon echo ...}) = 0
3270  07:43:05 ioctl(2, SNDCTL_TMR_TIMEBASE or SNDRV_TIMER_IOCTL_NEXT_DEVICE or TCGETS, {B38400 opost isig icanon echo ...}) = 0
3270  07:43:05 write(2, "Connection to 192.168.47.133 clo"..., 38) = 38
3270  07:43:05 shutdown(3, SHUT_RDWR)   = 0
3270  07:43:05 close(3)                 = 0
3270  07:43:05 write(1, "session_tag x0nkc6fadp", 22) = 22
3270  07:43:05 exit_group(0)            = ?
3270  07:43:05 +++ exited with 0 +++
