6753  04:39:40 select(4, [3], NULL, NULL, NULL) = 1 (in [3])
6753  04:39:40 read(3, "\276n\270\345\276\254\352y\3267\225\5\325\320\203\373\16T\35\300E\223\2603\272E~;\2157\264\234"..., 8192) = 44
6753  04:39:40 write(3, "\330\211\345\2463\237M\241\216\234\254o\17\352\217H<\314\34f}\355A\3258\205\30\335-\37\247\304"..., 68) = 68
6753  04:39:40 select(4, [3], NULL, NULL, NULL) = 1 (in [3])
6753  04:39:40 read(3, "\236\257X`\300\342\207\220x\\w\320t\301V\227\323BwD\v?\213-\256\217\200\226W\371\"\206"..., 8192) = 84
6753  04:39:40 stat("/root/.ssh/id_rsa", 0x7ffda458f490) = -1 ENOENT (No such file or directory)
6753  04:39:40 stat("/root/.ssh/id_dsa", 0x7ffda458f490) = -1 ENOENT (No such file or directory)
6753  04:39:40 stat("/root/.ssh/id_ecdsa", 0x7ffda458f490) = -1 ENOENT (No such file or directory)
6753  04:39:40 stat("/root/.ssh/id_ed25519", 0x7ffda458f490) = -1 ENOENT (No such file or directory)
6753  04:39:40 open("/dev/tty", O_RDWR) = 4
6753  04:39:40 close(4)                 = 0
6753  04:39:40 open("/dev/tty", O_RDWR) = 4
6753  04:39:40 ioctl(4, SNDCTL_TMR_TIMEBASE or SNDRV_TIMER_IOCTL_NEXT_DEVICE or TCGETS, {B38400 opost isig icanon echo ...}) = 0
6753  04:39:40 ioctl(4, SNDCTL_TMR_CONTINUE or SNDRV_TIMER_IOCTL_GPARAMS or TCSETSF, {B38400 opost isig icanon -echo ...}) = 0
6753  04:39:40 rt_sigaction(SIGALRM, {0x7f6907dc00d0, [], SA_RESTORER, 0x7f690694f250}, {SIG_DFL, [], 0}, 8) = 0
6753  04:39:40 rt_sigaction(SIGHUP, {0x7f6907dc00d0, [], SA_RESTORER, 0x7f690694f250}, {SIG_DFL, [], 0}, 8) = 0
6753  04:39:40 rt_sigaction(SIGINT, {0x7f6907dc00d0, [], SA_RESTORER, 0x7f690694f250}, {SIG_DFL, [], 0}, 8) = 0
6753  04:39:40 rt_sigaction(SIGPIPE, {0x7f6907dc00d0, [], SA_RESTORER, 0x7f690694f250}, {SIG_IGN, [], SA_RESTORER, 0x7f690694f250}, 8) = 0
6753  04:39:40 rt_sigaction(SIGQUIT, {0x7f6907dc00d0, [], SA_RESTORER, 0x7f690694f250}, {SIG_DFL, [], 0}, 8) = 0
6753  04:39:40 rt_sigaction(SIGTERM, {0x7f6907dc00d0, [], SA_RESTORER, 0x7f690694f250}, {SIG_DFL, [], 0}, 8) = 0
6753  04:39:40 rt_sigaction(SIGTSTP, {0x7f6907dc00d0, [], SA_RESTORER, 0x7f690694f250}, {SIG_DFL, [], 0}, 8) = 0
6753  04:39:40 rt_sigaction(SIGTTIN, {0x7f6907dc00d0, [], SA_RESTORER, 0x7f690694f250}, {SIG_DFL, [], 0}, 8) = 0
6753  04:39:40 rt_sigaction(SIGTTOU, {0x7f6907dc00d0, [], SA_RESTORER, 0x7f690694f250}, {SIG_DFL, [], 0}, 8) = 0
6753  04:39:40 write(4, "jackboy@192.168.47.133's passwor"..., 35) = 35
6753  04:39:40 read(4, "1", 1)          = 1
6753  04:39:40 read(4, "2", 1)          = 1
6753  04:39:40 read(4, "3", 1)          = 1
6753  04:39:40 read(4, "4", 1)          = 1
6753  04:39:40 read(4, "5", 1)          = 1
6753  04:39:40 read(4, "6", 1)          = 1
6753  04:39:40 read(4, "\n", 1)         = 1
6753  04:39:40 write(4, "\n", 1)        = 1
6753  04:39:40 ioctl(4, SNDCTL_TMR_CONTINUE or SNDRV_TIMER_IOCTL_GPARAMS or TCSETSF, {B38400 opost isig icanon echo ...}) = 0
6753  04:39:40 rt_sigaction(SIGALRM, {SIG_DFL, [], SA_RESTORER, 0x7f690694f250}, NULL, 8) = 0
6753  04:39:40 rt_sigaction(SIGHUP, {SIG_DFL, [], SA_RESTORER, 0x7f690694f250}, NULL, 8) = 0
6753  04:39:40 rt_sigaction(SIGINT, {SIG_DFL, [], SA_RESTORER, 0x7f690694f250}, NULL, 8) = 0
6753  04:39:40 rt_sigaction(SIGQUIT, {SIG_DFL, [], SA_RESTORER, 0x7f690694f250}, NULL, 8) = 0
6753  04:39:40 rt_sigaction(SIGPIPE, {SIG_IGN, [], SA_RESTORER, 0x7f690694f250}, NULL, 8) = 0
6753  04:39:40 rt_sigaction(SIGTERM, {SIG_DFL, [], SA_RESTORER, 0x7f690694f250}, NULL, 8) = 0
6753  04:39:40 rt_sigaction(SIGTSTP, {SIG_DFL, [], SA_RESTORER, 0x7f690694f250}, NULL, 8) = 0
6753  04:39:40 rt_sigaction(SIGTTIN, {SIG_DFL, [], SA_RESTORER, 0x7f690694f250}, NULL, 8) = 0
6753  04:39:40 rt_sigaction(SIGTTOU, {SIG_DFL, [], SA_RESTORER, 0x7f690694f250}, NULL, 8) = 0
6753  04:39:40 close(4)                 = 0
6753  04:39:40 write(3, "b>\303a\r\351I\4\312\177\216@c\333\266\274\223\ny\247\3\35Tz\216\215\221\245\225\377\337\351"..., 148) = 148
6753  04:39:40 select(4, [3], NULL, NULL, NULL) = 1 (in [3])
6753  04:39:40 read(3, "\30V\262x\222V\236\271xC\317Dw\200\341\374\237X\350\271b+'\321\25*\303\311", 8192) = 28
6753  04:39:40 dup(0)                   = 4
6753  04:39:40 dup(1)                   = 5
6753  04:39:40 dup(2)                   = 6
6753  04:39:40 ioctl(4, SNDCTL_TMR_TIMEBASE or SNDRV_TIMER_IOCTL_NEXT_DEVICE or TCGETS, {B38400 opost isig icanon echo ...}) = 0
6753  04:39:40 ioctl(5, SNDCTL_TMR_TIMEBASE or SNDRV_TIMER_IOCTL_NEXT_DEVICE or TCGETS, {B38400 opost isig icanon echo ...}) = 0
6753  04:39:40 ioctl(6, SNDCTL_TMR_TIMEBASE or SNDRV_TIMER_IOCTL_NEXT_DEVICE or TCGETS, {B38400 opost isig icanon echo ...}) = 0
6753  04:39:40 fcntl(4, F_SETFD, FD_CLOEXEC) = 0
6753  04:39:40 fcntl(5, F_SETFD, FD_CLOEXEC) = 0
6753  04:39:40 fcntl(6, F_SETFD, FD_CLOEXEC) = 0
6753  04:39:40 rt_sigaction(SIGHUP, NULL, {SIG_DFL, [], SA_RESTORER, 0x7f690694f250}, 8) = 0
6753  04:39:40 rt_sigaction(SIGHUP, {SIG_IGN, [], SA_RESTORER, 0x7f690694f250}, NULL, 8) = 0
6753  04:39:40 rt_sigaction(SIGHUP, NULL, {SIG_IGN, [], SA_RESTORER, 0x7f690694f250}, 8) = 0
6753  04:39:40 rt_sigaction(SIGHUP, {0x7f6907d689f0, [], SA_RESTORER, 0x7f690694f250}, NULL, 8) = 0
6753  04:39:40 rt_sigaction(SIGINT, NULL, {SIG_DFL, [], SA_RESTORER, 0x7f690694f250}, 8) = 0
6753  04:39:40 rt_sigaction(SIGINT, {SIG_IGN, [], SA_RESTORER, 0x7f690694f250}, NULL, 8) = 0
6753  04:39:40 rt_sigaction(SIGINT, NULL, {SIG_IGN, [], SA_RESTORER, 0x7f690694f250}, 8) = 0
6753  04:39:40 rt_sigaction(SIGINT, {0x7f6907d689f0, [], SA_RESTORER, 0x7f690694f250}, NULL, 8) = 0
6753  04:39:40 rt_sigaction(SIGQUIT, NULL, {SIG_DFL, [], SA_RESTORER, 0x7f690694f250}, 8) = 0
6753  04:39:40 rt_sigaction(SIGQUIT, {SIG_IGN, [], SA_RESTORER, 0x7f690694f250}, NULL, 8) = 0
6753  04:39:40 rt_sigaction(SIGQUIT, NULL, {SIG_IGN, [], SA_RESTORER, 0x7f690694f250}, 8) = 0
6753  04:39:40 rt_sigaction(SIGQUIT, {0x7f6907d689f0, [], SA_RESTORER, 0x7f690694f250}, NULL, 8) = 0
6753  04:39:40 rt_sigaction(SIGTERM, NULL, {SIG_DFL, [], SA_RESTORER, 0x7f690694f250}, 8) = 0
6753  04:39:40 rt_sigaction(SIGTERM, {SIG_IGN, [], SA_RESTORER, 0x7f690694f250}, NULL, 8) = 0
6753  04:39:40 rt_sigaction(SIGTERM, NULL, {SIG_IGN, [], SA_RESTORER, 0x7f690694f250}, 8) = 0
6753  04:39:40 rt_sigaction(SIGTERM, {0x7f6907d689f0, [], SA_RESTORER, 0x7f690694f250}, NULL, 8) = 0
6753  04:39:40 rt_sigaction(SIGWINCH, NULL, {SIG_DFL, [], 0}, 8) = 0
6753  04:39:40 rt_sigaction(SIGWINCH, {0x7f6907d68c80, [], SA_RESTORER, 0x7f690694f250}, NULL, 8) = 0
6753  04:39:40 ioctl(0, SNDCTL_TMR_TIMEBASE or SNDRV_TIMER_IOCTL_NEXT_DEVICE or TCGETS, {B38400 opost isig icanon echo ...}) = 0
6753  04:39:40 ioctl(0, SNDCTL_TMR_STOP or SNDRV_TIMER_IOCTL_GINFO or TCSETSW, {B38400 -opost -isig -icanon -echo ...}) = 0
6753  04:39:40 clock_gettime(0x7 /* CLOCK_??? */, {14809, 380467743}) = 0
6753  04:39:40 clock_gettime(0x7 /* CLOCK_??? */, {14809, 380484099}) = 0
6753  04:39:40 select(7, [3], [3], NULL, NULL) = 1 (out [3])
6753  04:39:40 clock_gettime(0x7 /* CLOCK_??? */, {14809, 380518106}) = 0
6753  04:39:40 write(3, "\363\303\31\3\1e8\223\325\202\330\347\305\206\30\16\272\33\f)\311\371\341\243\330+P\223\377\255\no"..., 112) = 112
6753  04:39:40 clock_gettime(0x7 /* CLOCK_??? */, {14809, 380650271}) = 0
6753  04:39:40 clock_gettime(0x7 /* CLOCK_??? */, {14809, 380665450}) = 0
6753  04:39:40 select(7, [3], [], NULL, NULL) = 1 (in [3])
6753  04:39:40 clock_gettime(0x7 /* CLOCK_??? */, {14809, 402872216}) = 0
6753  04:39:40 read(3, "V&\200)\306\26 \222\26E\230q`\206'8T?Wy\307\324\"\305]\324\317\30\202\240;`"..., 8192) = 44
6753  04:39:40 getsockopt(3, SOL_TCP, TCP_NODELAY, [0], [4]) = 0
6753  04:39:40 setsockopt(3, SOL_TCP, TCP_NODELAY, [1], 4) = 0
6753  04:39:40 getsockname(3, {sa_family=AF_INET, sin_port=htons(54212), sin_addr=inet_addr("192.168.47.139")}, [16]) = 0
6753  04:39:40 setsockopt(3, SOL_IP, IP_TOS, [16], 4) = 0
6753  04:39:40 ioctl(0, TIOCGWINSZ, {ws_row=39, ws_col=158, ws_xpixel=0, ws_ypixel=0}) = 0
6753  04:39:40 clock_gettime(0x7 /* CLOCK_??? */, {14809, 403040953}) = 0
6753  04:39:40 clock_gettime(0x7 /* CLOCK_??? */, {14809, 403055284}) = 0
6753  04:39:40 select(7, [3], [3], NULL, NULL) = 1 (out [3])
6753  04:39:40 clock_gettime(0x7 /* CLOCK_??? */, {14809, 403087692}) = 0
6753  04:39:40 write(3, "\304G\2224\360\4\240\305\\\211=`qM4\24m\t\202\250\222\270\\\5\213\365I~\21\231\342:"..., 376) = 376
6753  04:39:40 clock_gettime(0x7 /* CLOCK_??? */, {14809, 403206292}) = 0
6753  04:39:40 clock_gettime(0x7 /* CLOCK_??? */, {14809, 403221642}) = 0
6753  04:39:40 select(7, [3], [], NULL, NULL) = 1 (in [3])
6753  04:39:41 clock_gettime(0x7 /* CLOCK_??? */, {14809, 419181389}) = 0
6753  04:39:41 read(3, "^H\310 \376F\311\371\25W3\307\204\361\205\241\354\213\302V\220\230&.\274!\264\272N\16A."..., 8192) = 208
6753  04:39:41 clock_gettime(0x7 /* CLOCK_??? */, {14809, 419295792}) = 0
6753  04:39:41 clock_gettime(0x7 /* CLOCK_??? */, {14809, 419311136}) = 0
6753  04:39:41 select(7, [3 4], [5], NULL, NULL) = 1 (out [5])
6753  04:39:41 clock_gettime(0x7 /* CLOCK_??? */, {14809, 419369424}) = 0
6753  04:39:41 write(5, "Last login: Fri Aug 11 11:38:59 "..., 59) = 59
6753  04:39:41 clock_gettime(0x7 /* CLOCK_??? */, {14809, 419588936}) = 0
6753  04:39:41 clock_gettime(0x7 /* CLOCK_??? */, {14809, 419606742}) = 0
6753  04:39:41 select(7, [3 4], [], NULL, NULL) = 1 (in [3])
6753  04:39:41 clock_gettime(0x7 /* CLOCK_??? */, {14809, 517300419}) = 0
6753  04:39:41 read(3, "\361\v\314\2060\306\327\226\212\332\236\356\265wm\204v\302\"M\373\36\356l\333\217\214\270\226NU\203"..., 8192) = 84
6753  04:39:41 clock_gettime(0x7 /* CLOCK_??? */, {14809, 517338509}) = 0
6753  04:39:41 clock_gettime(0x7 /* CLOCK_??? */, {14809, 517349861}) = 0
6753  04:39:41 select(7, [3 4], [5], NULL, NULL) = 1 (out [5])
6753  04:39:41 clock_gettime(0x7 /* CLOCK_??? */, {14809, 517377048}) = 0
6753  04:39:41 write(5, "\33]0;jackboy@Jack:~\7\33[?1034h[jack"..., 45) = 45
6753  04:39:41 clock_gettime(0x7 /* CLOCK_??? */, {14809, 517543274}) = 0
6753  04:39:41 clock_gettime(0x7 /* CLOCK_??? */, {14809, 517555971}) = 0
6753  04:39:41 select(7, [3 4], [], NULL, NULL) = 1 (in [4])
6753  04:39:45 clock_gettime(0x7 /* CLOCK_??? */, {14814, 139902252}) = 0
6753  04:39:45 read(4, "e", 16384)      = 1
6753  04:39:45 clock_gettime(0x7 /* CLOCK_??? */, {14814, 140027493}) = 0
6753  04:39:45 clock_gettime(0x7 /* CLOCK_??? */, {14814, 140068089}) = 0
6753  04:39:45 select(7, [3 4], [3], NULL, NULL) = 1 (out [3])
6753  04:39:45 clock_gettime(0x7 /* CLOCK_??? */, {14814, 140160592}) = 0
6753  04:39:45 write(3, "\211u5a\245\237\25l\345\232\310\v\253G\231qK\332_T\10\231\321l{\335\320\324\242\0\243\33"..., 36) = 36
6753  04:39:45 clock_gettime(0x7 /* CLOCK_??? */, {14814, 140440377}) = 0
6753  04:39:45 clock_gettime(0x7 /* CLOCK_??? */, {14814, 140483289}) = 0
6753  04:39:45 select(7, [3 4], [], NULL, NULL) = 1 (in [3])
6753  04:39:45 clock_gettime(0x7 /* CLOCK_??? */, {14814, 141154196}) = 0
6753  04:39:45 read(3, "+M5\312\4H0\350\332\26\324\237L<\347\2671\345\272\334x\235\214z\245r,\34\240HJ\33"..., 8192) = 36
6753  04:39:45 clock_gettime(0x7 /* CLOCK_??? */, {14814, 141263474}) = 0
6753  04:39:45 clock_gettime(0x7 /* CLOCK_??? */, {14814, 141303672}) = 0
6753  04:39:45 select(7, [3 4], [5], NULL, NULL) = 1 (out [5])
6753  04:39:45 clock_gettime(0x7 /* CLOCK_??? */, {14814, 141396580}) = 0
6753  04:39:45 write(5, "e", 1)         = 1
6753  04:39:45 clock_gettime(0x7 /* CLOCK_??? */, {14814, 141783533}) = 0
6753  04:39:45 clock_gettime(0x7 /* CLOCK_??? */, {14814, 141826392}) = 0
6753  04:39:45 select(7, [3 4], [], NULL, NULL) = 1 (in [4])
6753  04:39:46 clock_gettime(0x7 /* CLOCK_??? */, {14814, 546545915}) = 0
6753  04:39:46 read(4, "x", 16384)      = 1
6753  04:39:46 clock_gettime(0x7 /* CLOCK_??? */, {14814, 546666628}) = 0
6753  04:39:46 clock_gettime(0x7 /* CLOCK_??? */, {14814, 546703314}) = 0
6753  04:39:46 select(7, [3 4], [3], NULL, NULL) = 1 (out [3])
6753  04:39:46 clock_gettime(0x7 /* CLOCK_??? */, {14814, 546788249}) = 0
6753  04:39:46 write(3, "+\315L\17\271\363(\354\353|\354\247\225\23\332\24F\240\373H\36\326cm\273\362\340\4\335}\274~"..., 36) = 36
6753  04:39:46 clock_gettime(0x7 /* CLOCK_??? */, {14814, 547013254}) = 0
6753  04:39:46 clock_gettime(0x7 /* CLOCK_??? */, {14814, 547052199}) = 0
6753  04:39:46 select(7, [3 4], [], NULL, NULL) = 1 (in [3])
6753  04:39:46 clock_gettime(0x7 /* CLOCK_??? */, {14814, 547613268}) = 0
6753  04:39:46 read(3, "\256\264\351\321\10\205.a#r\275\245\363\307W\23\302\321(\312\270l\307{\260e\302\335\332%+\7"..., 8192) = 36
6753  04:39:46 clock_gettime(0x7 /* CLOCK_??? */, {14814, 547713051}) = 0
6753  04:39:46 clock_gettime(0x7 /* CLOCK_??? */, {14814, 547748600}) = 0
6753  04:39:46 select(7, [3 4], [5], NULL, NULL) = 1 (out [5])
6753  04:39:46 clock_gettime(0x7 /* CLOCK_??? */, {14814, 547903279}) = 0
6753  04:39:46 write(5, "x", 1)         = 1
6753  04:39:46 clock_gettime(0x7 /* CLOCK_??? */, {14814, 548323972}) = 0
6753  04:39:46 clock_gettime(0x7 /* CLOCK_??? */, {14814, 548363886}) = 0
6753  04:39:46 select(7, [3 4], [], NULL, NULL) = 1 (in [4])
6753  04:39:46 clock_gettime(0x7 /* CLOCK_??? */, {14814, 782506346}) = 0
6753  04:39:46 read(4, "i", 16384)      = 1
6753  04:39:46 clock_gettime(0x7 /* CLOCK_??? */, {14814, 782610334}) = 0
6753  04:39:46 clock_gettime(0x7 /* CLOCK_??? */, {14814, 782646430}) = 0
6753  04:39:46 select(7, [3 4], [3], NULL, NULL) = 1 (out [3])
6753  04:39:46 clock_gettime(0x7 /* CLOCK_??? */, {14814, 782730426}) = 0
6753  04:39:46 write(3, "~\210\r>\316\33%\341\245a\247\23\234o$\31\273<-\225\372@\272\32%\16\216\27R\263\362\312"..., 36) = 36
6753  04:39:46 clock_gettime(0x7 /* CLOCK_??? */, {14814, 782962003}) = 0
6753  04:39:46 clock_gettime(0x7 /* CLOCK_??? */, {14814, 783000827}) = 0
6753  04:39:46 select(7, [3 4], [], NULL, NULL) = 1 (in [3])
6753  04:39:46 clock_gettime(0x7 /* CLOCK_??? */, {14814, 783713054}) = 0
6753  04:39:46 read(3, "Z\30\203k\33359\337vX8\345\361G\3252\275/\216i\323\36\324hm5\25\202kEQ\354"..., 8192) = 36
6753  04:39:46 clock_gettime(0x7 /* CLOCK_??? */, {14814, 783813538}) = 0
6753  04:39:46 clock_gettime(0x7 /* CLOCK_??? */, {14814, 783888369}) = 0
6753  04:39:46 select(7, [3 4], [5], NULL, NULL) = 1 (out [5])
6753  04:39:46 clock_gettime(0x7 /* CLOCK_??? */, {14814, 783976797}) = 0
6753  04:39:46 write(5, "i", 1)         = 1
6753  04:39:46 clock_gettime(0x7 /* CLOCK_??? */, {14814, 784357840}) = 0
6753  04:39:46 clock_gettime(0x7 /* CLOCK_??? */, {14814, 784397869}) = 0
6753  04:39:46 select(7, [3 4], [], NULL, NULL) = 1 (in [4])
6753  04:39:46 clock_gettime(0x7 /* CLOCK_??? */, {14814, 928742414}) = 0
6753  04:39:46 read(4, "r", 16384)      = 1
6753  04:39:46 clock_gettime(0x7 /* CLOCK_??? */, {14814, 928847410}) = 0
6753  04:39:46 clock_gettime(0x7 /* CLOCK_??? */, {14814, 928942849}) = 0
6753  04:39:46 select(7, [3 4], [3], NULL, NULL) = 1 (out [3])
6753  04:39:46 clock_gettime(0x7 /* CLOCK_??? */, {14814, 929030519}) = 0
6753  04:39:46 write(3, "Zs\232\3102\314\223\200\200\223kU\3601x\373kn\0\0168\177\326\2q\302\24\2370\276wL"..., 36) = 36
6753  04:39:46 clock_gettime(0x7 /* CLOCK_??? */, {14814, 929279168}) = 0
6753  04:39:46 clock_gettime(0x7 /* CLOCK_??? */, {14814, 929318227}) = 0
6753  04:39:46 select(7, [3 4], [], NULL, NULL) = 1 (in [3])
6753  04:39:46 clock_gettime(0x7 /* CLOCK_??? */, {14814, 929911394}) = 0
6753  04:39:46 read(3, "Ad\3\33\37\377\202=\312\350\265\25\37\217\\\"\270\5\261(\215\343\177\325ON\251\271\312\3739\312"..., 8192) = 36
6753  04:39:46 clock_gettime(0x7 /* CLOCK_??? */, {14814, 930014564}) = 0
6753  04:39:46 clock_gettime(0x7 /* CLOCK_??? */, {14814, 930050066}) = 0
6753  04:39:46 select(7, [3 4], [5], NULL, NULL) = 1 (out [5])
6753  04:39:46 clock_gettime(0x7 /* CLOCK_??? */, {14814, 930136087}) = 0
6753  04:39:46 write(5, "r", 1)         = 1
6753  04:39:46 clock_gettime(0x7 /* CLOCK_??? */, {14814, 930488640}) = 0
6753  04:39:46 clock_gettime(0x7 /* CLOCK_??? */, {14814, 930528486}) = 0
6753  04:39:46 select(7, [3 4], [], NULL, NULL) = 1 (in [4])
6753  04:39:46 clock_gettime(0x7 /* CLOCK_??? */, {14815, 355316720}) = 0
6753  04:39:46 read(4, "\10", 16384)    = 1
6753  04:39:46 clock_gettime(0x7 /* CLOCK_??? */, {14815, 355422126}) = 0
6753  04:39:46 clock_gettime(0x7 /* CLOCK_??? */, {14815, 355457679}) = 0
6753  04:39:46 select(7, [3 4], [3], NULL, NULL) = 1 (out [3])
6753  04:39:46 clock_gettime(0x7 /* CLOCK_??? */, {14815, 355542695}) = 0
6753  04:39:46 write(3, "wC\204'\0375\204\213Uk\355\1qH\221\357*Kx\220i;^w\222\217u\365\36(I\312"..., 36) = 36
6753  04:39:46 clock_gettime(0x7 /* CLOCK_??? */, {14815, 355796466}) = 0
6753  04:39:46 clock_gettime(0x7 /* CLOCK_??? */, {14815, 355835386}) = 0
6753  04:39:46 select(7, [3 4], [], NULL, NULL) = 1 (in [3])
6753  04:39:46 clock_gettime(0x7 /* CLOCK_??? */, {14815, 356388746}) = 0
6753  04:39:46 read(3, "{\360@\354\331\367\333\3518\0372\331/\307\32\327\360\340W\350\323\327\261\200c\243km\355\334]^"..., 8192) = 44
6753  04:39:46 clock_gettime(0x7 /* CLOCK_??? */, {14815, 356485319}) = 0
6753  04:39:46 clock_gettime(0x7 /* CLOCK_??? */, {14815, 356520812}) = 0
6753  04:39:46 select(7, [3 4], [5], NULL, NULL) = 1 (out [5])
6753  04:39:46 clock_gettime(0x7 /* CLOCK_??? */, {14815, 356602805}) = 0
6753  04:39:46 write(5, "\10\33[K", 4)  = 4
6753  04:39:46 clock_gettime(0x7 /* CLOCK_??? */, {14815, 356981597}) = 0
6753  04:39:46 clock_gettime(0x7 /* CLOCK_??? */, {14815, 357020970}) = 0
6753  04:39:46 select(7, [3 4], [], NULL, NULL) = 1 (in [4])
6753  04:39:47 clock_gettime(0x7 /* CLOCK_??? */, {14815, 538895148}) = 0
6753  04:39:47 read(4, "t", 16384)      = 1
6753  04:39:47 clock_gettime(0x7 /* CLOCK_??? */, {14815, 539009736}) = 0
6753  04:39:47 clock_gettime(0x7 /* CLOCK_??? */, {14815, 539048864}) = 0
6753  04:39:47 select(7, [3 4], [3], NULL, NULL) = 1 (out [3])
6753  04:39:47 clock_gettime(0x7 /* CLOCK_??? */, {14815, 539141097}) = 0
6753  04:39:47 write(3, ",\36) \222\371\34\374e\255\223/^\365\25\200\22\33\10\220\233:j\352U\251y\213\252\335\223\330"..., 36) = 36
6753  04:39:47 clock_gettime(0x7 /* CLOCK_??? */, {14815, 539409607}) = 0
6753  04:39:47 clock_gettime(0x7 /* CLOCK_??? */, {14815, 539452481}) = 0
6753  04:39:47 select(7, [3 4], [], NULL, NULL) = 1 (in [3])
6753  04:39:47 clock_gettime(0x7 /* CLOCK_??? */, {14815, 540108021}) = 0
6753  04:39:47 read(3, "\306\236z*\25\216\331\366NE\336\221J\21'\r\217L{\227R\343\246\350}\r\2001%C\336]"..., 8192) = 36
6753  04:39:47 clock_gettime(0x7 /* CLOCK_??? */, {14815, 540217225}) = 0
6753  04:39:47 clock_gettime(0x7 /* CLOCK_??? */, {14815, 540255904}) = 0
6753  04:39:47 select(7, [3 4], [5], NULL, NULL) = 1 (out [5])
6753  04:39:47 clock_gettime(0x7 /* CLOCK_??? */, {14815, 540348171}) = 0
6753  04:39:47 write(5, "t", 1)         = 1
6753  04:39:47 clock_gettime(0x7 /* CLOCK_??? */, {14815, 540751382}) = 0
6753  04:39:47 clock_gettime(0x7 /* CLOCK_??? */, {14815, 540794681}) = 0
6753  04:39:47 select(7, [3 4], [], NULL, NULL) = 1 (in [4])
6753  04:39:48 clock_gettime(0x7 /* CLOCK_??? */, {14816, 577406314}) = 0
6753  04:39:48 read(4, "\r", 16384)     = 1
6753  04:39:48 clock_gettime(0x7 /* CLOCK_??? */, {14816, 577449631}) = 0
6753  04:39:48 clock_gettime(0x7 /* CLOCK_??? */, {14816, 577462714}) = 0
6753  04:39:48 select(7, [3 4], [3], NULL, NULL) = 1 (out [3])
6753  04:39:48 clock_gettime(0x7 /* CLOCK_??? */, {14816, 577493716}) = 0
6753  04:39:48 write(3, "\272\312x\253s\356Y\2356\36\23&\333\210\337\263\236\357x\244b\321i\310\324\212Xk>\331Z\357"..., 36) = 36
6753  04:39:48 clock_gettime(0x7 /* CLOCK_??? */, {14816, 577581745}) = 0
6753  04:39:48 clock_gettime(0x7 /* CLOCK_??? */, {14816, 577595763}) = 0
6753  04:39:48 select(7, [3 4], [], NULL, NULL) = 1 (in [3])
6753  04:39:48 clock_gettime(0x7 /* CLOCK_??? */, {14816, 578238236}) = 0
6753  04:39:48 read(3, "\252\0018\"\252\366\0\216\333\223\3279\2720\272RZkM\23y\315\257\21L\27G\27\226\f\264`"..., 8192) = 220
6753  04:39:48 close(4)                 = 0
6753  04:39:48 clock_gettime(0x7 /* CLOCK_??? */, {14816, 578297789}) = 0
6753  04:39:48 clock_gettime(0x7 /* CLOCK_??? */, {14816, 578311391}) = 0
6753  04:39:48 select(7, [3], [5], NULL, NULL) = 1 (out [5])
6753  04:39:48 clock_gettime(0x7 /* CLOCK_??? */, {14816, 578340701}) = 0
6753  04:39:48 write(5, "\r\n\347\231\273\345\207\272\r\n", 10) = 10
6753  04:39:48 clock_gettime(0x7 /* CLOCK_??? */, {14816, 578513852}) = 0
6753  04:39:48 clock_gettime(0x7 /* CLOCK_??? */, {14816, 578541186}) = 0
6753  04:39:48 close(5)                 = 0
6753  04:39:48 ioctl(0, SNDCTL_TMR_STOP or SNDRV_TIMER_IOCTL_GINFO or TCSETSW, {B38400 opost isig icanon echo ...}) = 0
6753  04:39:48 close(6)                 = 0
6753  04:39:48 select(7, [3], [3], NULL, NULL) = 1 (out [3])
6753  04:39:48 clock_gettime(0x7 /* CLOCK_??? */, {14816, 578647197}) = 0
6753  04:39:48 write(3, "\346\364|\331\33#\342\360b\201\345\3465\352\374*\33&\f\207\235&Cw[\310\1d\203\251\24\210"..., 36) = 36
6753  04:39:48 rt_sigaction(SIGWINCH, NULL, {0x7f6907d68c80, [], SA_RESTORER, 0x7f690694f250}, 8) = 0
6753  04:39:48 rt_sigaction(SIGWINCH, {SIG_DFL, [], SA_RESTORER, 0x7f690694f250}, NULL, 8) = 0
6753  04:39:48 write(3, "\31\36D\22f\317a\211\223c\211\5;6y\4\257\303Up@\24\0\21\35i\24]\335%\226\35"..., 60) = 60
6753  04:39:48 ioctl(0, SNDCTL_TMR_TIMEBASE or SNDRV_TIMER_IOCTL_NEXT_DEVICE or TCGETS, {B38400 opost isig icanon echo ...}) = 0
6753  04:39:48 ioctl(1, SNDCTL_TMR_TIMEBASE or SNDRV_TIMER_IOCTL_NEXT_DEVICE or TCGETS, {B38400 opost isig icanon echo ...}) = 0
6753  04:39:48 ioctl(2, SNDCTL_TMR_TIMEBASE or SNDRV_TIMER_IOCTL_NEXT_DEVICE or TCGETS, {B38400 opost isig icanon echo ...}) = 0
6753  04:39:48 write(2, "Connection to 192.168.47.133 clo"..., 38) = 38
6753  04:39:48 shutdown(3, SHUT_RDWR)   = 0
6753  04:39:48 close(3)                 = 0
6753  04:39:48 write(1, "session_tag 3fa5lopcdn", 22) = 22
6753  04:39:48 exit_group(0)            = ?
6753  04:39:48 +++ exited with 0 +++
